Standard Commons Logging discovery in action with spring-jcl: please remove commons-logging.jar from classpath in order to avoid potential conflicts

  .   ____          _            __ _ _
 /\\ / ___'_ __ _ _(_)_ __  __ _ \ \ \ \
( ( )\___ | '_ | '_| | '_ \/ _` | \ \ \ \
 \\/  ___)| |_)| | | | | || (_| |  ) ) ) )
  '  |____| .__|_| |_|_| |_\__, | / / / /
 =========|_|==============|___/=/_/_/_/
[32m :: Spring Boot :: [39m             [2m (v3.2.12)[0;39m

[2m2026-06-03T01:51:43.599+05:30[0;39m [32m INFO[0;39m [35m3180[0;39m [2m---[0;39m [2m[service-registry] [           main][0;39m [2m[0;39m[36mc.h.s.ServiceRegistryApplication        [0;39m [2m:[0;39m Starting ServiceRegistryApplication v0.0.1-SNAPSHOT using Java 21.0.6 with PID 3180 (C:\Users\jagdish\Downloads\Telegram Desktop\spring-boot-projects\ecommerce-microservices-main\service-registry\target\service-registry-0.0.1-SNAPSHOT.jar started by jagdish in C:\Users\jagdish\Downloads\Telegram Desktop\spring-boot-projects\ecommerce-microservices-main)
[2m2026-06-03T01:51:43.615+05:30[0;39m [32m INFO[0;39m [35m3180[0;39m [2m---[0;39m [2m[service-registry] [           main][0;39m [2m[0;39m[36mc.h.s.ServiceRegistryApplication        [0;39m [2m:[0;39m No active profile set, falling back to 1 default profile: "default"
[2m2026-06-03T01:52:02.163+05:30[0;39m [32m INFO[0;39m [35m3180[0;39m [2m---[0;39m [2m[service-registry] [           main][0;39m [2m[0;39m[36mo.s.cloud.context.scope.GenericScope    [0;39m [2m:[0;39m BeanFactory id=5edf77d0-f109-334e-864c-34b2adad1fd9
[2m2026-06-03T01:52:03.806+05:30[0;39m [33m WARN[0;39m [35m3180[0;39m [2m---[0;39m [2m[service-registry] [           main][0;39m [2m[0;39m[36mtrationDelegate$BeanPostProcessorChecker[0;39m [2m:[0;39m Bean 'org.springframework.cloud.client.loadbalancer.LoadBalancerAutoConfiguration$DeferringLoadBalancerInterceptorConfig' of type [org.springframework.cloud.client.loadbalancer.LoadBalancerAutoConfiguration$DeferringLoadBalancerInterceptorConfig] is not eligible for getting processed by all BeanPostProcessors (for example: not eligible for auto-proxying). The currently created BeanPostProcessor [lbRestClientPostProcessor] is declared through a non-static factory method on that class; consider declaring it as static instead.
[2m2026-06-03T01:52:03.845+05:30[0;39m [33m WARN[0;39m [35m3180[0;39m [2m---[0;39m [2m[service-registry] [           main][0;39m [2m[0;39m[36mtrationDelegate$BeanPostProcessorChecker[0;39m [2m:[0;39m Bean 'deferringLoadBalancerInterceptor' of type [org.springframework.cloud.client.loadbalancer.DeferringLoadBalancerInterceptor] is not eligible for getting processed by all BeanPostProcessors (for example: not eligible for auto-proxying). Is this bean getting eagerly injected/applied to a currently created BeanPostProcessor [lbRestClientPostProcessor]? Check the corresponding BeanPostProcessor declaration and its dependencies/advisors. If this bean does not have to be post-processed, declare it with ROLE_INFRASTRUCTURE.
[2m2026-06-03T01:52:17.291+05:30[0;39m [32m INFO[0;39m [35m3180[0;39m [2m---[0;39m [2m[service-registry] [           main][0;39m [2m[0;39m[36mo.s.b.w.embedded.tomcat.TomcatWebServer [0;39m [2m:[0;39m Tomcat initialized with port 8761 (http)
[2m2026-06-03T01:52:17.333+05:30[0;39m [32m INFO[0;39m [35m3180[0;39m [2m---[0;39m [2m[service-registry] [           main][0;39m [2m[0;39m[36mo.apache.catalina.core.StandardService  [0;39m [2m:[0;39m Starting service [Tomcat]
[2m2026-06-03T01:52:17.333+05:30[0;39m [32m INFO[0;39m [35m3180[0;39m [2m---[0;39m [2m[service-registry] [           main][0;39m [2m[0;39m[36mo.apache.catalina.core.StandardEngine   [0;39m [2m:[0;39m Starting Servlet engine: [Apache Tomcat/10.1.33]
[2m2026-06-03T01:52:18.166+05:30[0;39m [32m INFO[0;39m [35m3180[0;39m [2m---[0;39m [2m[service-registry] [           main][0;39m [2m[0;39m[36mo.a.c.c.C.[Tomcat].[localhost].[/]      [0;39m [2m:[0;39m Initializing Spring embedded WebApplicationContext
[2m2026-06-03T01:52:18.169+05:30[0;39m [32m INFO[0;39m [35m3180[0;39m [2m---[0;39m [2m[service-registry] [           main][0;39m [2m[0;39m[36mw.s.c.ServletWebServerApplicationContext[0;39m [2m:[0;39m Root WebApplicationContext: initialization completed in 33682 ms
Standard Commons Logging discovery in action with spring-jcl: please remove commons-logging.jar from classpath in order to avoid potential conflicts
[2m2026-06-03T01:52:48.321+05:30[0;39m [32m INFO[0;39m [35m3180[0;39m [2m---[0;39m [2m[service-registry] [           main][0;39m [2m[0;39m[36mc.n.d.provider.DiscoveryJerseyProvider  [0;39m [2m:[0;39m Using JSON encoding codec LegacyJacksonJson
[2m2026-06-03T01:52:48.330+05:30[0;39m [32m INFO[0;39m [35m3180[0;39m [2m---[0;39m [2m[service-registry] [           main][0;39m [2m[0;39m[36mc.n.d.provider.DiscoveryJerseyProvider  [0;39m [2m:[0;39m Using JSON decoding codec LegacyJacksonJson
[2m2026-06-03T01:52:54.944+05:30[0;39m [32m INFO[0;39m [35m3180[0;39m [2m---[0;39m [2m[service-registry] [           main][0;39m [2m[0;39m[36mc.n.d.provider.DiscoveryJerseyProvider  [0;39m [2m:[0;39m Using XML encoding codec XStreamXml
[2m2026-06-03T01:52:54.953+05:30[0;39m [32m INFO[0;39m [35m3180[0;39m [2m---[0;39m [2m[service-registry] [           main][0;39m [2m[0;39m[36mc.n.d.provider.DiscoveryJerseyProvider  [0;39m [2m:[0;39m Using XML decoding codec XStreamXml
[2m2026-06-03T01:53:20.256+05:30[0;39m [32m INFO[0;39m [35m3180[0;39m [2m---[0;39m [2m[service-registry] [           main][0;39m [2m[0;39m[36mo.s.cloud.commons.util.InetUtils        [0;39m [2m:[0;39m Cannot determine local hostname
[2m2026-06-03T01:53:31.976+05:30[0;39m [32m INFO[0;39m [35m3180[0;39m [2m---[0;39m [2m[service-registry] [           main][0;39m [2m[0;39m[36mo.s.cloud.commons.util.InetUtils        [0;39m [2m:[0;39m Cannot determine local hostname
[2m2026-06-03T01:53:33.789+05:30[0;39m [33m WARN[0;39m [35m3180[0;39m [2m---[0;39m [2m[service-registry] [           main][0;39m [2m[0;39m[36miguration$LoadBalancerCaffeineWarnLogger[0;39m [2m:[0;39m Spring Cloud LoadBalancer is currently working with the default cache. While this cache implementation is useful for development and tests, it's recommended to use Caffeine cache in production.You can switch to using Caffeine cache, by adding it and org.springframework.cache.caffeine.CaffeineCacheManager to the classpath.
[2m2026-06-03T01:53:34.578+05:30[0;39m [32m INFO[0;39m [35m3180[0;39m [2m---[0;39m [2m[service-registry] [           main][0;39m [2m[0;39m[36mo.s.c.n.eureka.InstanceInfoFactory      [0;39m [2m:[0;39m Setting initial instance status as: STARTING
[2m2026-06-03T01:53:34.825+05:30[0;39m [32m INFO[0;39m [35m3180[0;39m [2m---[0;39m [2m[service-registry] [           main][0;39m [2m[0;39m[36mcom.netflix.discovery.DiscoveryClient   [0;39m [2m:[0;39m Initializing Eureka in region us-east-1
[2m2026-06-03T01:53:34.827+05:30[0;39m [32m INFO[0;39m [35m3180[0;39m [2m---[0;39m [2m[service-registry] [           main][0;39m [2m[0;39m[36mcom.netflix.discovery.DiscoveryClient   [0;39m [2m:[0;39m Client configured to neither register nor query for data.
[2m2026-06-03T01:53:34.905+05:30[0;39m [32m INFO[0;39m [35m3180[0;39m [2m---[0;39m [2m[service-registry] [           main][0;39m [2m[0;39m[36mcom.netflix.discovery.DiscoveryClient   [0;39m [2m:[0;39m Discovery Client initialized at timestamp 1780431814904 with initial instances count: 0
[2m2026-06-03T01:53:36.521+05:30[0;39m [32m INFO[0;39m [35m3180[0;39m [2m---[0;39m [2m[service-registry] [           main][0;39m [2m[0;39m[36mc.n.eureka.DefaultEurekaServerContext   [0;39m [2m:[0;39m Initializing ...
[2m2026-06-03T01:53:36.544+05:30[0;39m [33m WARN[0;39m [35m3180[0;39m [2m---[0;39m [2m[service-registry] [           main][0;39m [2m[0;39m[36mc.n.eureka.cluster.PeerEurekaNodes      [0;39m [2m:[0;39m The replica size seems to be empty. Check the route 53 DNS Registry
[2m2026-06-03T01:53:39.675+05:30[0;39m [32m INFO[0;39m [35m3180[0;39m [2m---[0;39m [2m[service-registry] [           main][0;39m [2m[0;39m[36mc.n.e.registry.AbstractInstanceRegistry [0;39m [2m:[0;39m Finished initializing remote region registries. All known remote regions: []
[2m2026-06-03T01:53:39.686+05:30[0;39m [32m INFO[0;39m [35m3180[0;39m [2m---[0;39m [2m[service-registry] [           main][0;39m [2m[0;39m[36mc.n.eureka.DefaultEurekaServerContext   [0;39m [2m:[0;39m Initialized
[2m2026-06-03T01:53:39.729+05:30[0;39m [32m INFO[0;39m [35m3180[0;39m [2m---[0;39m [2m[service-registry] [           main][0;39m [2m[0;39m[36mo.s.b.a.e.web.EndpointLinksResolver     [0;39m [2m:[0;39m Exposing 1 endpoint(s) beneath base path '/actuator'
[2m2026-06-03T01:53:40.019+05:30[0;39m [32m INFO[0;39m [35m3180[0;39m [2m---[0;39m [2m[service-registry] [           main][0;39m [2m[0;39m[36mo.s.c.n.e.s.EurekaServiceRegistry       [0;39m [2m:[0;39m Registering application SERVICE-REGISTRY with eureka with status UP
[2m2026-06-03T01:53:41.103+05:30[0;39m [32m INFO[0;39m [35m3180[0;39m [2m---[0;39m [2m[service-registry] [       Thread-9][0;39m [2m[0;39m[36mo.s.c.n.e.server.EurekaServerBootstrap  [0;39m [2m:[0;39m isAws returned false
[2m2026-06-03T01:53:41.105+05:30[0;39m [32m INFO[0;39m [35m3180[0;39m [2m---[0;39m [2m[service-registry] [       Thread-9][0;39m [2m[0;39m[36mo.s.c.n.e.server.EurekaServerBootstrap  [0;39m [2m:[0;39m Initialized server context
[2m2026-06-03T01:53:41.105+05:30[0;39m [32m INFO[0;39m [35m3180[0;39m [2m---[0;39m [2m[service-registry] [       Thread-9][0;39m [2m[0;39m[36mc.n.e.r.PeerAwareInstanceRegistryImpl   [0;39m [2m:[0;39m Got 1 instances from neighboring DS node
[2m2026-06-03T01:53:41.106+05:30[0;39m [32m INFO[0;39m [35m3180[0;39m [2m---[0;39m [2m[service-registry] [       Thread-9][0;39m [2m[0;39m[36mc.n.e.r.PeerAwareInstanceRegistryImpl   [0;39m [2m:[0;39m Renew threshold is: 1
[2m2026-06-03T01:53:41.111+05:30[0;39m [32m INFO[0;39m [35m3180[0;39m [2m---[0;39m [2m[service-registry] [       Thread-9][0;39m [2m[0;39m[36mc.n.e.r.PeerAwareInstanceRegistryImpl   [0;39m [2m:[0;39m Changing status to UP
[2m2026-06-03T01:53:42.510+05:30[0;39m [32m INFO[0;39m [35m3180[0;39m [2m---[0;39m [2m[service-registry] [       Thread-9][0;39m [2m[0;39m[36me.s.EurekaServerInitializerConfiguration[0;39m [2m:[0;39m Started Eureka Server
[2m2026-06-03T01:53:42.524+05:30[0;39m [32m INFO[0;39m [35m3180[0;39m [2m---[0;39m [2m[service-registry] [           main][0;39m [2m[0;39m[36mo.s.b.w.embedded.tomcat.TomcatWebServer [0;39m [2m:[0;39m Tomcat started on port 8761 (http) with context path ''
[2m2026-06-03T01:53:42.532+05:30[0;39m [32m INFO[0;39m [35m3180[0;39m [2m---[0;39m [2m[service-registry] [           main][0;39m [2m[0;39m[36m.s.c.n.e.s.EurekaAutoServiceRegistration[0;39m [2m:[0;39m Updating port to 8761
[2m2026-06-03T01:53:45.716+05:30[0;39m [32m INFO[0;39m [35m3180[0;39m [2m---[0;39m [2m[service-registry] [           main][0;39m [2m[0;39m[36mo.s.cloud.commons.util.InetUtils        [0;39m [2m:[0;39m Cannot determine local hostname
[2m2026-06-03T01:53:45.757+05:30[0;39m [32m INFO[0;39m [35m3180[0;39m [2m---[0;39m [2m[service-registry] [           main][0;39m [2m[0;39m[36mc.h.s.ServiceRegistryApplication        [0;39m [2m:[0;39m Started ServiceRegistryApplication in 127.82 seconds (process running for 130.825)
[2m2026-06-03T01:54:08.283+05:30[0;39m [32m INFO[0;39m [35m3180[0;39m [2m---[0;39m [2m[service-registry] [nio-8761-exec-2][0;39m [2m[0;39m[36mo.a.c.c.C.[Tomcat].[localhost].[/]      [0;39m [2m:[0;39m Initializing Spring DispatcherServlet 'dispatcherServlet'
[2m2026-06-03T01:54:08.284+05:30[0;39m [32m INFO[0;39m [35m3180[0;39m [2m---[0;39m [2m[service-registry] [nio-8761-exec-2][0;39m [2m[0;39m[36mo.s.web.servlet.DispatcherServlet       [0;39m [2m:[0;39m Initializing Servlet 'dispatcherServlet'
[2m2026-06-03T01:54:08.292+05:30[0;39m [32m INFO[0;39m [35m3180[0;39m [2m---[0;39m [2m[service-registry] [nio-8761-exec-2][0;39m [2m[0;39m[36mo.s.web.servlet.DispatcherServlet       [0;39m [2m:[0;39m Completed initialization in 5 ms
[2m2026-06-03T01:54:18.361+05:30[0;39m [32m INFO[0;39m [35m3180[0;39m [2m---[0;39m [2m[service-registry] [nio-8761-exec-1][0;39m [2m[0;39m[36mc.n.e.registry.AbstractInstanceRegistry [0;39m [2m:[0;39m Registered instance API-GATEWAY/localhost:api-gateway:8080 with status UP (replication=false)
[2m2026-06-03T01:54:41.115+05:30[0;39m [32m INFO[0;39m [35m3180[0;39m [2m---[0;39m [2m[service-registry] [a-EvictionTimer][0;39m [2m[0;39m[36mc.n.e.registry.AbstractInstanceRegistry [0;39m [2m:[0;39m Running the evict task with compensationTime 0ms
[2m2026-06-03T01:54:41.803+05:30[0;39m [32m INFO[0;39m [35m3180[0;39m [2m---[0;39m [2m[service-registry] [nio-8761-exec-4][0;39m [2m[0;39m[36mc.n.e.registry.AbstractInstanceRegistry [0;39m [2m:[0;39m Registered instance INVENTORY-SERVICE/localhost:inventory-service:8082 with status UP (replication=false)
[2m2026-06-03T01:54:49.579+05:30[0;39m [32m INFO[0;39m [35m3180[0;39m [2m---[0;39m [2m[service-registry] [nio-8761-exec-9][0;39m [2m[0;39m[36mc.n.e.registry.AbstractInstanceRegistry [0;39m [2m:[0;39m Registered instance CART-SERVICE/localhost:cart-service:8089 with status UP (replication=false)
[2m2026-06-03T01:54:49.811+05:30[0;39m [32m INFO[0;39m [35m3180[0;39m [2m---[0;39m [2m[service-registry] [io-8761-exec-10][0;39m [2m[0;39m[36mc.n.e.registry.AbstractInstanceRegistry [0;39m [2m:[0;39m Registered instance NOTIFICATION-SERVICE/GreyNinja:notification-service:8084 with status UP (replication=false)
[2m2026-06-03T01:55:41.122+05:30[0;39m [32m INFO[0;39m [35m3180[0;39m [2m---[0;39m [2m[service-registry] [a-EvictionTimer][0;39m [2m[0;39m[36mc.n.e.registry.AbstractInstanceRegistry [0;39m [2m:[0;39m Running the evict task with compensationTime 1ms
[2m2026-06-03T01:56:41.126+05:30[0;39m [32m INFO[0;39m [35m3180[0;39m [2m---[0;39m [2m[service-registry] [a-EvictionTimer][0;39m [2m[0;39m[36mc.n.e.registry.AbstractInstanceRegistry [0;39m [2m:[0;39m Running the evict task with compensationTime 1ms
[2m2026-06-03T01:57:41.372+05:30[0;39m [32m INFO[0;39m [35m3180[0;39m [2m---[0;39m [2m[service-registry] [a-EvictionTimer][0;39m [2m[0;39m[36mc.n.e.registry.AbstractInstanceRegistry [0;39m [2m:[0;39m Running the evict task with compensationTime 248ms
[2m2026-06-03T01:58:06.904+05:30[0;39m [32m INFO[0;39m [35m3180[0;39m [2m---[0;39m [2m[service-registry] [nio-8761-exec-1][0;39m [2m[0;39m[36mc.n.e.registry.AbstractInstanceRegistry [0;39m [2m:[0;39m Registered instance PAYMENT-SERVICE/localhost:payment-service:8083 with status UP (replication=false)
[2m2026-06-03T01:58:06.905+05:30[0;39m [32m INFO[0;39m [35m3180[0;39m [2m---[0;39m [2m[service-registry] [nio-8761-exec-3][0;39m [2m[0;39m[36mc.n.e.registry.AbstractInstanceRegistry [0;39m [2m:[0;39m Registered instance SHIPPING-SERVICE/localhost:shipping-service:8085 with status UP (replication=false)
[2m2026-06-03T01:58:14.604+05:30[0;39m [32m INFO[0;39m [35m3180[0;39m [2m---[0;39m [2m[service-registry] [nio-8761-exec-7][0;39m [2m[0;39m[36mc.n.e.registry.AbstractInstanceRegistry [0;39m [2m:[0;39m Registered instance USER-SERVICE/localhost:user-service:8087 with status UP (replication=false)
[2m2026-06-03T01:58:20.987+05:30[0;39m [32m INFO[0;39m [35m3180[0;39m [2m---[0;39m [2m[service-registry] [io-8761-exec-10][0;39m [2m[0;39m[36mc.n.e.registry.AbstractInstanceRegistry [0;39m [2m:[0;39m Registered instance PRODUCT-SERVICE/localhost:product-service:8088 with status UP (replication=false)
[2m2026-06-03T01:58:41.445+05:30[0;39m [32m INFO[0;39m [35m3180[0;39m [2m---[0;39m [2m[service-registry] [a-EvictionTimer][0;39m [2m[0;39m[36mc.n.e.registry.AbstractInstanceRegistry [0;39m [2m:[0;39m Running the evict task with compensationTime 28ms
[2m2026-06-03T01:59:16.838+05:30[0;39m [32m INFO[0;39m [35m3180[0;39m [2m---[0;39m [2m[service-registry] [nio-8761-exec-5][0;39m [2m[0;39m[36mc.n.e.registry.AbstractInstanceRegistry [0;39m [2m:[0;39m Registered instance AUTH-SERVICE/GreyNinja:auth-service:8086 with status UP (replication=false)
[2m2026-06-03T01:59:41.402+05:30[0;39m [32m INFO[0;39m [35m3180[0;39m [2m---[0;39m [2m[service-registry] [a-EvictionTimer][0;39m [2m[0;39m[36mc.n.e.registry.AbstractInstanceRegistry [0;39m [2m:[0;39m Running the evict task with compensationTime 1ms
[2m2026-06-03T02:00:41.405+05:30[0;39m [32m INFO[0;39m [35m3180[0;39m [2m---[0;39m [2m[service-registry] [a-EvictionTimer][0;39m [2m[0;39m[36mc.n.e.registry.AbstractInstanceRegistry [0;39m [2m:[0;39m Running the evict task with compensationTime 2ms
[2m2026-06-03T02:01:41.425+05:30[0;39m [32m INFO[0;39m [35m3180[0;39m [2m---[0;39m [2m[service-registry] [a-EvictionTimer][0;39m [2m[0;39m[36mc.n.e.registry.AbstractInstanceRegistry [0;39m [2m:[0;39m Running the evict task with compensationTime 16ms
[2m2026-06-03T02:02:41.472+05:30[0;39m [32m INFO[0;39m [35m3180[0;39m [2m---[0;39m [2m[service-registry] [a-EvictionTimer][0;39m [2m[0;39m[36mc.n.e.registry.AbstractInstanceRegistry [0;39m [2m:[0;39m Running the evict task with compensationTime 41ms
[2m2026-06-03T02:03:36.599+05:30[0;39m [33m WARN[0;39m [35m3180[0;39m [2m---[0;39m [2m[service-registry] [eerNodesUpdater][0;39m [2m[0;39m[36mc.n.eureka.cluster.PeerEurekaNodes      [0;39m [2m:[0;39m The replica size seems to be empty. Check the route 53 DNS Registry
[2m2026-06-03T02:03:41.468+05:30[0;39m [32m INFO[0;39m [35m3180[0;39m [2m---[0;39m [2m[service-registry] [a-EvictionTimer][0;39m [2m[0;39m[36mc.n.e.registry.AbstractInstanceRegistry [0;39m [2m:[0;39m Running the evict task with compensationTime 11ms
[2m2026-06-03T02:03:59.921+05:30[0;39m [33m WARN[0;39m [35m3180[0;39m [2m---[0;39m [2m[service-registry] [nio-8761-exec-2][0;39m [2m[0;39m[36mc.n.e.registry.AbstractInstanceRegistry [0;39m [2m:[0;39m DS: Registry: lease doesn't exist, registering resource: ORDER-SERVICE - order-service-5f8b956f99-2w8jm:order-service:8051
[2m2026-06-03T02:03:59.923+05:30[0;39m [33m WARN[0;39m [35m3180[0;39m [2m---[0;39m [2m[service-registry] [nio-8761-exec-2][0;39m [2m[0;39m[36mc.n.eureka.resources.InstanceResource   [0;39m [2m:[0;39m Not Found (Renew): ORDER-SERVICE - order-service-5f8b956f99-2w8jm:order-service:8051
[2m2026-06-03T02:04:02.389+05:30[0;39m [32m INFO[0;39m [35m3180[0;39m [2m---[0;39m [2m[service-registry] [io-8761-exec-10][0;39m [2m[0;39m[36mc.n.e.registry.AbstractInstanceRegistry [0;39m [2m:[0;39m Registered instance ORDER-SERVICE/order-service-5f8b956f99-2w8jm:order-service:8051 with status UP (replication=false)
[2m2026-06-03T02:04:41.509+05:30[0;39m [32m INFO[0;39m [35m3180[0;39m [2m---[0;39m [2m[service-registry] [a-EvictionTimer][0;39m [2m[0;39m[36mc.n.e.registry.AbstractInstanceRegistry [0;39m [2m:[0;39m Running the evict task with compensationTime 29ms
[2m2026-06-03T02:05:41.523+05:30[0;39m [32m INFO[0;39m [35m3180[0;39m [2m---[0;39m [2m[service-registry] [a-EvictionTimer][0;39m [2m[0;39m[36mc.n.e.registry.AbstractInstanceRegistry [0;39m [2m:[0;39m Running the evict task with compensationTime 13ms
[2m2026-06-03T02:06:41.546+05:30[0;39m [32m INFO[0;39m [35m3180[0;39m [2m---[0;39m [2m[service-registry] [a-EvictionTimer][0;39m [2m[0;39m[36mc.n.e.registry.AbstractInstanceRegistry [0;39m [2m:[0;39m Running the evict task with compensationTime 22ms
[2m2026-06-03T02:07:41.555+05:30[0;39m [32m INFO[0;39m [35m3180[0;39m [2m---[0;39m [2m[service-registry] [a-EvictionTimer][0;39m [2m[0;39m[36mc.n.e.registry.AbstractInstanceRegistry [0;39m [2m:[0;39m Running the evict task with compensationTime 17ms
[2m2026-06-03T02:08:39.804+05:30[0;39m [32m INFO[0;39m [35m3180[0;39m [2m---[0;39m [2m[service-registry] [hresholdUpdater][0;39m [2m[0;39m[36mc.n.e.r.PeerAwareInstanceRegistryImpl   [0;39m [2m:[0;39m Current renewal threshold is : 18
[2m2026-06-03T02:08:41.562+05:30[0;39m [32m INFO[0;39m [35m3180[0;39m [2m---[0;39m [2m[service-registry] [a-EvictionTimer][0;39m [2m[0;39m[36mc.n.e.registry.AbstractInstanceRegistry [0;39m [2m:[0;39m Running the evict task with compensationTime 12ms
[2m2026-06-03T02:09:41.587+05:30[0;39m [32m INFO[0;39m [35m3180[0;39m [2m---[0;39m [2m[service-registry] [a-EvictionTimer][0;39m [2m[0;39m[36mc.n.e.registry.AbstractInstanceRegistry [0;39m [2m:[0;39m Running the evict task with compensationTime 18ms
[2m2026-06-03T02:10:41.674+05:30[0;39m [32m INFO[0;39m [35m3180[0;39m [2m---[0;39m [2m[service-registry] [a-EvictionTimer][0;39m [2m[0;39m[36mc.n.e.registry.AbstractInstanceRegistry [0;39m [2m:[0;39m Running the evict task with compensationTime 18ms
[2m2026-06-03T02:11:41.613+05:30[0;39m [32m INFO[0;39m [35m3180[0;39m [2m---[0;39m [2m[service-registry] [a-EvictionTimer][0;39m [2m[0;39m[36mc.n.e.registry.AbstractInstanceRegistry [0;39m [2m:[0;39m Running the evict task with compensationTime 14ms
[2m2026-06-03T02:12:41.665+05:30[0;39m [32m INFO[0;39m [35m3180[0;39m [2m---[0;39m [2m[service-registry] [a-EvictionTimer][0;39m [2m[0;39m[36mc.n.e.registry.AbstractInstanceRegistry [0;39m [2m:[0;39m Running the evict task with compensationTime 23ms
[2m2026-06-03T02:13:36.666+05:30[0;39m [33m WARN[0;39m [35m3180[0;39m [2m---[0;39m [2m[service-registry] [eerNodesUpdater][0;39m [2m[0;39m[36mc.n.eureka.cluster.PeerEurekaNodes      [0;39m [2m:[0;39m The replica size seems to be empty. Check the route 53 DNS Registry
[2m2026-06-03T02:13:41.658+05:30[0;39m [32m INFO[0;39m [35m3180[0;39m [2m---[0;39m [2m[service-registry] [a-EvictionTimer][0;39m [2m[0;39m[36mc.n.e.registry.AbstractInstanceRegistry [0;39m [2m:[0;39m Running the evict task with compensationTime 22ms
[2m2026-06-03T02:14:41.678+05:30[0;39m [32m INFO[0;39m [35m3180[0;39m [2m---[0;39m [2m[service-registry] [a-EvictionTimer][0;39m [2m[0;39m[36mc.n.e.registry.AbstractInstanceRegistry [0;39m [2m:[0;39m Running the evict task with compensationTime 3ms
[2m2026-06-03T02:15:41.682+05:30[0;39m [32m INFO[0;39m [35m3180[0;39m [2m---[0;39m [2m[service-registry] [a-EvictionTimer][0;39m [2m[0;39m[36mc.n.e.registry.AbstractInstanceRegistry [0;39m [2m:[0;39m Running the evict task with compensationTime 15ms
[2m2026-06-03T02:16:41.701+05:30[0;39m [32m INFO[0;39m [35m3180[0;39m [2m---[0;39m [2m[service-registry] [a-EvictionTimer][0;39m [2m[0;39m[36mc.n.e.registry.AbstractInstanceRegistry [0;39m [2m:[0;39m Running the evict task with compensationTime 15ms
[2m2026-06-03T02:17:41.719+05:30[0;39m [32m INFO[0;39m [35m3180[0;39m [2m---[0;39m [2m[service-registry] [a-EvictionTimer][0;39m [2m[0;39m[36mc.n.e.registry.AbstractInstanceRegistry [0;39m [2m:[0;39m Running the evict task with compensationTime 20ms
[2m2026-06-03T02:18:41.716+05:30[0;39m [32m INFO[0;39m [35m3180[0;39m [2m---[0;39m [2m[service-registry] [a-EvictionTimer][0;39m [2m[0;39m[36mc.n.e.registry.AbstractInstanceRegistry [0;39m [2m:[0;39m Running the evict task with compensationTime 2ms
[2m2026-06-03T02:19:41.936+05:30[0;39m [32m INFO[0;39m [35m3180[0;39m [2m---[0;39m [2m[service-registry] [a-EvictionTimer][0;39m [2m[0;39m[36mc.n.e.registry.AbstractInstanceRegistry [0;39m [2m:[0;39m Running the evict task with compensationTime 27ms
[2m2026-06-03T02:20:41.743+05:30[0;39m [32m INFO[0;39m [35m3180[0;39m [2m---[0;39m [2m[service-registry] [a-EvictionTimer][0;39m [2m[0;39m[36mc.n.e.registry.AbstractInstanceRegistry [0;39m [2m:[0;39m Running the evict task with compensationTime 0ms
[2m2026-06-03T02:21:41.757+05:30[0;39m [32m INFO[0;39m [35m3180[0;39m [2m---[0;39m [2m[service-registry] [a-EvictionTimer][0;39m [2m[0;39m[36mc.n.e.registry.AbstractInstanceRegistry [0;39m [2m:[0;39m Running the evict task with compensationTime 9ms
[2m2026-06-03T02:22:41.772+05:30[0;39m [32m INFO[0;39m [35m3180[0;39m [2m---[0;39m [2m[service-registry] [a-EvictionTimer][0;39m [2m[0;39m[36mc.n.e.registry.AbstractInstanceRegistry [0;39m [2m:[0;39m Running the evict task with compensationTime 16ms
[2m2026-06-03T02:23:36.891+05:30[0;39m [33m WARN[0;39m [35m3180[0;39m [2m---[0;39m [2m[service-registry] [eerNodesUpdater][0;39m [2m[0;39m[36mc.n.eureka.cluster.PeerEurekaNodes      [0;39m [2m:[0;39m The replica size seems to be empty. Check the route 53 DNS Registry
[2m2026-06-03T02:23:40.076+05:30[0;39m [32m INFO[0;39m [35m3180[0;39m [2m---[0;39m [2m[service-registry] [hresholdUpdater][0;39m [2m[0;39m[36mc.n.e.r.PeerAwareInstanceRegistryImpl   [0;39m [2m:[0;39m Current renewal threshold is : 18
[2m2026-06-03T02:23:41.781+05:30[0;39m [32m INFO[0;39m [35m3180[0;39m [2m---[0;39m [2m[service-registry] [a-EvictionTimer][0;39m [2m[0;39m[36mc.n.e.registry.AbstractInstanceRegistry [0;39m [2m:[0;39m Running the evict task with compensationTime 16ms
[2m2026-06-03T02:24:41.808+05:30[0;39m [32m INFO[0;39m [35m3180[0;39m [2m---[0;39m [2m[service-registry] [a-EvictionTimer][0;39m [2m[0;39m[36mc.n.e.registry.AbstractInstanceRegistry [0;39m [2m:[0;39m Running the evict task with compensationTime 13ms
[2m2026-06-03T02:25:41.818+05:30[0;39m [32m INFO[0;39m [35m3180[0;39m [2m---[0;39m [2m[service-registry] [a-EvictionTimer][0;39m [2m[0;39m[36mc.n.e.registry.AbstractInstanceRegistry [0;39m [2m:[0;39m Running the evict task with compensationTime 16ms
[2m2026-06-03T02:26:41.981+05:30[0;39m [32m INFO[0;39m [35m3180[0;39m [2m---[0;39m [2m[service-registry] [a-EvictionTimer][0;39m [2m[0;39m[36mc.n.e.registry.AbstractInstanceRegistry [0;39m [2m:[0;39m Running the evict task with compensationTime 156ms
[2m2026-06-03T02:27:41.986+05:30[0;39m [32m INFO[0;39m [35m3180[0;39m [2m---[0;39m [2m[service-registry] [a-EvictionTimer][0;39m [2m[0;39m[36mc.n.e.registry.AbstractInstanceRegistry [0;39m [2m:[0;39m Running the evict task with compensationTime 13ms
[2m2026-06-03T02:28:42.006+05:30[0;39m [32m INFO[0;39m [35m3180[0;39m [2m---[0;39m [2m[service-registry] [a-EvictionTimer][0;39m [2m[0;39m[36mc.n.e.registry.AbstractInstanceRegistry [0;39m [2m:[0;39m Running the evict task with compensationTime 12ms
[2m2026-06-03T02:29:42.411+05:30[0;39m [32m INFO[0;39m [35m3180[0;39m [2m---[0;39m [2m[service-registry] [a-EvictionTimer][0;39m [2m[0;39m[36mc.n.e.registry.AbstractInstanceRegistry [0;39m [2m:[0;39m Running the evict task with compensationTime 67ms
[2m2026-06-03T02:30:42.076+05:30[0;39m [32m INFO[0;39m [35m3180[0;39m [2m---[0;39m [2m[service-registry] [a-EvictionTimer][0;39m [2m[0;39m[36mc.n.e.registry.AbstractInstanceRegistry [0;39m [2m:[0;39m Running the evict task with compensationTime 0ms
[2m2026-06-03T02:31:42.110+05:30[0;39m [32m INFO[0;39m [35m3180[0;39m [2m---[0;39m [2m[service-registry] [a-EvictionTimer][0;39m [2m[0;39m[36mc.n.e.registry.AbstractInstanceRegistry [0;39m [2m:[0;39m Running the evict task with compensationTime 12ms
[2m2026-06-03T02:32:42.110+05:30[0;39m [32m INFO[0;39m [35m3180[0;39m [2m---[0;39m [2m[service-registry] [a-EvictionTimer][0;39m [2m[0;39m[36mc.n.e.registry.AbstractInstanceRegistry [0;39m [2m:[0;39m Running the evict task with compensationTime 16ms
[2m2026-06-03T02:33:38.598+05:30[0;39m [33m WARN[0;39m [35m3180[0;39m [2m---[0;39m [2m[service-registry] [eerNodesUpdater][0;39m [2m[0;39m[36mc.n.eureka.cluster.PeerEurekaNodes      [0;39m [2m:[0;39m The replica size seems to be empty. Check the route 53 DNS Registry
[2m2026-06-03T02:33:42.104+05:30[0;39m [32m INFO[0;39m [35m3180[0;39m [2m---[0;39m [2m[service-registry] [a-EvictionTimer][0;39m [2m[0;39m[36mc.n.e.registry.AbstractInstanceRegistry [0;39m [2m:[0;39m Running the evict task with compensationTime 15ms
[2m2026-06-03T02:34:42.266+05:30[0;39m [32m INFO[0;39m [35m3180[0;39m [2m---[0;39m [2m[service-registry] [a-EvictionTimer][0;39m [2m[0;39m[36mc.n.e.registry.AbstractInstanceRegistry [0;39m [2m:[0;39m Running the evict task with compensationTime 139ms
[2m2026-06-03T02:35:42.269+05:30[0;39m [32m INFO[0;39m [35m3180[0;39m [2m---[0;39m [2m[service-registry] [a-EvictionTimer][0;39m [2m[0;39m[36mc.n.e.registry.AbstractInstanceRegistry [0;39m [2m:[0;39m Running the evict task with compensationTime 2ms
[2m2026-06-03T02:36:42.661+05:30[0;39m [32m INFO[0;39m [35m3180[0;39m [2m---[0;39m [2m[service-registry] [a-EvictionTimer][0;39m [2m[0;39m[36mc.n.e.registry.AbstractInstanceRegistry [0;39m [2m:[0;39m Running the evict task with compensationTime 44ms
[2m2026-06-03T02:37:42.487+05:30[0;39m [32m INFO[0;39m [35m3180[0;39m [2m---[0;39m [2m[service-registry] [a-EvictionTimer][0;39m [2m[0;39m[36mc.n.e.registry.AbstractInstanceRegistry [0;39m [2m:[0;39m Running the evict task with compensationTime 189ms
[2m2026-06-03T02:38:39.831+05:30[0;39m [32m INFO[0;39m [35m3180[0;39m [2m---[0;39m [2m[service-registry] [hresholdUpdater][0;39m [2m[0;39m[36mc.n.e.r.PeerAwareInstanceRegistryImpl   [0;39m [2m:[0;39m Current renewal threshold is : 18
[2m2026-06-03T02:38:42.490+05:30[0;39m [32m INFO[0;39m [35m3180[0;39m [2m---[0;39m [2m[service-registry] [a-EvictionTimer][0;39m [2m[0;39m[36mc.n.e.registry.AbstractInstanceRegistry [0;39m [2m:[0;39m Running the evict task with compensationTime 10ms
[2m2026-06-03T02:39:42.539+05:30[0;39m [32m INFO[0;39m [35m3180[0;39m [2m---[0;39m [2m[service-registry] [a-EvictionTimer][0;39m [2m[0;39m[36mc.n.e.registry.AbstractInstanceRegistry [0;39m [2m:[0;39m Running the evict task with compensationTime 21ms
[2m2026-06-03T02:40:42.538+05:30[0;39m [32m INFO[0;39m [35m3180[0;39m [2m---[0;39m [2m[service-registry] [a-EvictionTimer][0;39m [2m[0;39m[36mc.n.e.registry.AbstractInstanceRegistry [0;39m [2m:[0;39m Running the evict task with compensationTime 15ms
[2m2026-06-03T02:41:42.545+05:30[0;39m [32m INFO[0;39m [35m3180[0;39m [2m---[0;39m [2m[service-registry] [a-EvictionTimer][0;39m [2m[0;39m[36mc.n.e.registry.AbstractInstanceRegistry [0;39m [2m:[0;39m Running the evict task with compensationTime 9ms
[2m2026-06-03T02:42:42.572+05:30[0;39m [32m INFO[0;39m [35m3180[0;39m [2m---[0;39m [2m[service-registry] [a-EvictionTimer][0;39m [2m[0;39m[36mc.n.e.registry.AbstractInstanceRegistry [0;39m [2m:[0;39m Running the evict task with compensationTime 11ms
[2m2026-06-03T02:43:39.594+05:30[0;39m [33m WARN[0;39m [35m3180[0;39m [2m---[0;39m [2m[service-registry] [eerNodesUpdater][0;39m [2m[0;39m[36mc.n.eureka.cluster.PeerEurekaNodes      [0;39m [2m:[0;39m The replica size seems to be empty. Check the route 53 DNS Registry
[2m2026-06-03T02:43:43.083+05:30[0;39m [32m INFO[0;39m [35m3180[0;39m [2m---[0;39m [2m[service-registry] [a-EvictionTimer][0;39m [2m[0;39m[36mc.n.e.registry.AbstractInstanceRegistry [0;39m [2m:[0;39m Running the evict task with compensationTime 535ms
[2m2026-06-03T02:44:43.094+05:30[0;39m [32m INFO[0;39m [35m3180[0;39m [2m---[0;39m [2m[service-registry] [a-EvictionTimer][0;39m [2m[0;39m[36mc.n.e.registry.AbstractInstanceRegistry [0;39m [2m:[0;39m Running the evict task with compensationTime 4ms
[2m2026-06-03T02:45:43.111+05:30[0;39m [32m INFO[0;39m [35m3180[0;39m [2m---[0;39m [2m[service-registry] [a-EvictionTimer][0;39m [2m[0;39m[36mc.n.e.registry.AbstractInstanceRegistry [0;39m [2m:[0;39m Running the evict task with compensationTime 18ms
[2m2026-06-03T02:46:43.125+05:30[0;39m [32m INFO[0;39m [35m3180[0;39m [2m---[0;39m [2m[service-registry] [a-EvictionTimer][0;39m [2m[0;39m[36mc.n.e.registry.AbstractInstanceRegistry [0;39m [2m:[0;39m Running the evict task with compensationTime 12ms
[2m2026-06-03T02:47:43.132+05:30[0;39m [32m INFO[0;39m [35m3180[0;39m [2m---[0;39m [2m[service-registry] [a-EvictionTimer][0;39m [2m[0;39m[36mc.n.e.registry.AbstractInstanceRegistry [0;39m [2m:[0;39m Running the evict task with compensationTime 7ms
[2m2026-06-03T02:48:43.131+05:30[0;39m [32m INFO[0;39m [35m3180[0;39m [2m---[0;39m [2m[service-registry] [a-EvictionTimer][0;39m [2m[0;39m[36mc.n.e.registry.AbstractInstanceRegistry [0;39m [2m:[0;39m Running the evict task with compensationTime 7ms
[2m2026-06-03T02:49:43.136+05:30[0;39m [32m INFO[0;39m [35m3180[0;39m [2m---[0;39m [2m[service-registry] [a-EvictionTimer][0;39m [2m[0;39m[36mc.n.e.registry.AbstractInstanceRegistry [0;39m [2m:[0;39m Running the evict task with compensationTime 4ms
[2m2026-06-03T02:50:43.182+05:30[0;39m [32m INFO[0;39m [35m3180[0;39m [2m---[0;39m [2m[service-registry] [a-EvictionTimer][0;39m [2m[0;39m[36mc.n.e.registry.AbstractInstanceRegistry [0;39m [2m:[0;39m Running the evict task with compensationTime 18ms
[2m2026-06-03T02:51:43.248+05:30[0;39m [32m INFO[0;39m [35m3180[0;39m [2m---[0;39m [2m[service-registry] [a-EvictionTimer][0;39m [2m[0;39m[36mc.n.e.registry.AbstractInstanceRegistry [0;39m [2m:[0;39m Running the evict task with compensationTime 43ms
[2m2026-06-03T02:52:43.237+05:30[0;39m [32m INFO[0;39m [35m3180[0;39m [2m---[0;39m [2m[service-registry] [a-EvictionTimer][0;39m [2m[0;39m[36mc.n.e.registry.AbstractInstanceRegistry [0;39m [2m:[0;39m Running the evict task with compensationTime 16ms
[2m2026-06-03T02:53:40.745+05:30[0;39m [33m WARN[0;39m [35m3180[0;39m [2m---[0;39m [2m[service-registry] [eerNodesUpdater][0;39m [2m[0;39m[36mc.n.eureka.cluster.PeerEurekaNodes      [0;39m [2m:[0;39m The replica size seems to be empty. Check the route 53 DNS Registry
[2m2026-06-03T02:53:40.718+05:30[0;39m [32m INFO[0;39m [35m3180[0;39m [2m---[0;39m [2m[service-registry] [hresholdUpdater][0;39m [2m[0;39m[36mc.n.e.r.PeerAwareInstanceRegistryImpl   [0;39m [2m:[0;39m Current renewal threshold is : 18
[2m2026-06-03T02:53:43.261+05:30[0;39m [32m INFO[0;39m [35m3180[0;39m [2m---[0;39m [2m[service-registry] [a-EvictionTimer][0;39m [2m[0;39m[36mc.n.e.registry.AbstractInstanceRegistry [0;39m [2m:[0;39m Running the evict task with compensationTime 27ms
[2m2026-06-03T02:54:43.346+05:30[0;39m [32m INFO[0;39m [35m3180[0;39m [2m---[0;39m [2m[service-registry] [a-EvictionTimer][0;39m [2m[0;39m[36mc.n.e.registry.AbstractInstanceRegistry [0;39m [2m:[0;39m Running the evict task with compensationTime 22ms
[2m2026-06-03T02:55:43.593+05:30[0;39m [32m INFO[0;39m [35m3180[0;39m [2m---[0;39m [2m[service-registry] [a-EvictionTimer][0;39m [2m[0;39m[36mc.n.e.registry.AbstractInstanceRegistry [0;39m [2m:[0;39m Running the evict task with compensationTime 48ms
[2m2026-06-03T02:56:43.306+05:30[0;39m [32m INFO[0;39m [35m3180[0;39m [2m---[0;39m [2m[service-registry] [a-EvictionTimer][0;39m [2m[0;39m[36mc.n.e.registry.AbstractInstanceRegistry [0;39m [2m:[0;39m Running the evict task with compensationTime 0ms
[2m2026-06-03T02:57:43.317+05:30[0;39m [32m INFO[0;39m [35m3180[0;39m [2m---[0;39m [2m[service-registry] [a-EvictionTimer][0;39m [2m[0;39m[36mc.n.e.registry.AbstractInstanceRegistry [0;39m [2m:[0;39m Running the evict task with compensationTime 28ms
[2m2026-06-03T02:58:43.339+05:30[0;39m [32m INFO[0;39m [35m3180[0;39m [2m---[0;39m [2m[service-registry] [a-EvictionTimer][0;39m [2m[0;39m[36mc.n.e.registry.AbstractInstanceRegistry [0;39m [2m:[0;39m Running the evict task with compensationTime 16ms
[2m2026-06-03T02:59:43.338+05:30[0;39m [32m INFO[0;39m [35m3180[0;39m [2m---[0;39m [2m[service-registry] [a-EvictionTimer][0;39m [2m[0;39m[36mc.n.e.registry.AbstractInstanceRegistry [0;39m [2m:[0;39m Running the evict task with compensationTime 5ms
[2m2026-06-03T03:00:43.337+05:30[0;39m [32m INFO[0;39m [35m3180[0;39m [2m---[0;39m [2m[service-registry] [a-EvictionTimer][0;39m [2m[0;39m[36mc.n.e.registry.AbstractInstanceRegistry [0;39m [2m:[0;39m Running the evict task with compensationTime 0ms
[2m2026-06-03T03:01:43.373+05:30[0;39m [32m INFO[0;39m [35m3180[0;39m [2m---[0;39m [2m[service-registry] [a-EvictionTimer][0;39m [2m[0;39m[36mc.n.e.registry.AbstractInstanceRegistry [0;39m [2m:[0;39m Running the evict task with compensationTime 2ms
[2m2026-06-03T03:02:43.360+05:30[0;39m [32m INFO[0;39m [35m3180[0;39m [2m---[0;39m [2m[service-registry] [a-EvictionTimer][0;39m [2m[0;39m[36mc.n.e.registry.AbstractInstanceRegistry [0;39m [2m:[0;39m Running the evict task with compensationTime 7ms
[2m2026-06-03T03:03:42.211+05:30[0;39m [33m WARN[0;39m [35m3180[0;39m [2m---[0;39m [2m[service-registry] [eerNodesUpdater][0;39m [2m[0;39m[36mc.n.eureka.cluster.PeerEurekaNodes      [0;39m [2m:[0;39m The replica size seems to be empty. Check the route 53 DNS Registry
[2m2026-06-03T03:03:43.368+05:30[0;39m [32m INFO[0;39m [35m3180[0;39m [2m---[0;39m [2m[service-registry] [a-EvictionTimer][0;39m [2m[0;39m[36mc.n.e.registry.AbstractInstanceRegistry [0;39m [2m:[0;39m Running the evict task with compensationTime 10ms
[2m2026-06-03T03:04:43.473+05:30[0;39m [32m INFO[0;39m [35m3180[0;39m [2m---[0;39m [2m[service-registry] [a-EvictionTimer][0;39m [2m[0;39m[36mc.n.e.registry.AbstractInstanceRegistry [0;39m [2m:[0;39m Running the evict task with compensationTime 32ms
[2m2026-06-03T03:05:43.425+05:30[0;39m [32m INFO[0;39m [35m3180[0;39m [2m---[0;39m [2m[service-registry] [a-EvictionTimer][0;39m [2m[0;39m[36mc.n.e.registry.AbstractInstanceRegistry [0;39m [2m:[0;39m Running the evict task with compensationTime 19ms
[2m2026-06-03T03:06:43.429+05:30[0;39m [32m INFO[0;39m [35m3180[0;39m [2m---[0;39m [2m[service-registry] [a-EvictionTimer][0;39m [2m[0;39m[36mc.n.e.registry.AbstractInstanceRegistry [0;39m [2m:[0;39m Running the evict task with compensationTime 7ms
[2m2026-06-03T03:07:43.470+05:30[0;39m [32m INFO[0;39m [35m3180[0;39m [2m---[0;39m [2m[service-registry] [a-EvictionTimer][0;39m [2m[0;39m[36mc.n.e.registry.AbstractInstanceRegistry [0;39m [2m:[0;39m Running the evict task with compensationTime 16ms
[2m2026-06-03T03:08:39.821+05:30[0;39m [32m INFO[0;39m [35m3180[0;39m [2m---[0;39m [2m[service-registry] [hresholdUpdater][0;39m [2m[0;39m[36mc.n.e.r.PeerAwareInstanceRegistryImpl   [0;39m [2m:[0;39m Current renewal threshold is : 18
[2m2026-06-03T03:08:43.446+05:30[0;39m [32m INFO[0;39m [35m3180[0;39m [2m---[0;39m [2m[service-registry] [a-EvictionTimer][0;39m [2m[0;39m[36mc.n.e.registry.AbstractInstanceRegistry [0;39m [2m:[0;39m Running the evict task with compensationTime 12ms
[2m2026-06-03T03:09:43.467+05:30[0;39m [32m INFO[0;39m [35m3180[0;39m [2m---[0;39m [2m[service-registry] [a-EvictionTimer][0;39m [2m[0;39m[36mc.n.e.registry.AbstractInstanceRegistry [0;39m [2m:[0;39m Running the evict task with compensationTime 12ms
[2m2026-06-03T03:10:43.510+05:30[0;39m [32m INFO[0;39m [35m3180[0;39m [2m---[0;39m [2m[service-registry] [a-EvictionTimer][0;39m [2m[0;39m[36mc.n.e.registry.AbstractInstanceRegistry [0;39m [2m:[0;39m Running the evict task with compensationTime 32ms
[2m2026-06-03T03:11:43.598+05:30[0;39m [32m INFO[0;39m [35m3180[0;39m [2m---[0;39m [2m[service-registry] [a-EvictionTimer][0;39m [2m[0;39m[36mc.n.e.registry.AbstractInstanceRegistry [0;39m [2m:[0;39m Running the evict task with compensationTime 87ms
[2m2026-06-03T03:12:43.629+05:30[0;39m [32m INFO[0;39m [35m3180[0;39m [2m---[0;39m [2m[service-registry] [a-EvictionTimer][0;39m [2m[0;39m[36mc.n.e.registry.AbstractInstanceRegistry [0;39m [2m:[0;39m Running the evict task with compensationTime 13ms
[2m2026-06-03T03:13:43.072+05:30[0;39m [33m WARN[0;39m [35m3180[0;39m [2m---[0;39m [2m[service-registry] [eerNodesUpdater][0;39m [2m[0;39m[36mc.n.eureka.cluster.PeerEurekaNodes      [0;39m [2m:[0;39m The replica size seems to be empty. Check the route 53 DNS Registry
[2m2026-06-03T03:13:43.615+05:30[0;39m [32m INFO[0;39m [35m3180[0;39m [2m---[0;39m [2m[service-registry] [a-EvictionTimer][0;39m [2m[0;39m[36mc.n.e.registry.AbstractInstanceRegistry [0;39m [2m:[0;39m Running the evict task with compensationTime 14ms
[2m2026-06-03T03:14:43.658+05:30[0;39m [32m INFO[0;39m [35m3180[0;39m [2m---[0;39m [2m[service-registry] [a-EvictionTimer][0;39m [2m[0;39m[36mc.n.e.registry.AbstractInstanceRegistry [0;39m [2m:[0;39m Running the evict task with compensationTime 10ms
[2m2026-06-03T03:15:43.696+05:30[0;39m [32m INFO[0;39m [35m3180[0;39m [2m---[0;39m [2m[service-registry] [a-EvictionTimer][0;39m [2m[0;39m[36mc.n.e.registry.AbstractInstanceRegistry [0;39m [2m:[0;39m Running the evict task with compensationTime 40ms
[2m2026-06-03T03:16:43.868+05:30[0;39m [32m INFO[0;39m [35m3180[0;39m [2m---[0;39m [2m[service-registry] [a-EvictionTimer][0;39m [2m[0;39m[36mc.n.e.registry.AbstractInstanceRegistry [0;39m [2m:[0;39m Running the evict task with compensationTime 35ms
[2m2026-06-03T03:17:43.730+05:30[0;39m [32m INFO[0;39m [35m3180[0;39m [2m---[0;39m [2m[service-registry] [a-EvictionTimer][0;39m [2m[0;39m[36mc.n.e.registry.AbstractInstanceRegistry [0;39m [2m:[0;39m Running the evict task with compensationTime 7ms
[2m2026-06-03T03:18:44.741+05:30[0;39m [32m INFO[0;39m [35m3180[0;39m [2m---[0;39m [2m[service-registry] [a-EvictionTimer][0;39m [2m[0;39m[36mc.n.e.registry.AbstractInstanceRegistry [0;39m [2m:[0;39m Running the evict task with compensationTime 768ms
[2m2026-06-03T03:19:46.104+05:30[0;39m [32m INFO[0;39m [35m3180[0;39m [2m---[0;39m [2m[service-registry] [a-EvictionTimer][0;39m [2m[0;39m[36mc.n.e.registry.AbstractInstanceRegistry [0;39m [2m:[0;39m Running the evict task with compensationTime 1261ms
[2m2026-06-03T03:20:45.723+05:30[0;39m [32m INFO[0;39m [35m3180[0;39m [2m---[0;39m [2m[service-registry] [a-EvictionTimer][0;39m [2m[0;39m[36mc.n.e.registry.AbstractInstanceRegistry [0;39m [2m:[0;39m Running the evict task with compensationTime 0ms
[2m2026-06-03T03:21:45.826+05:30[0;39m [32m INFO[0;39m [35m3180[0;39m [2m---[0;39m [2m[service-registry] [a-EvictionTimer][0;39m [2m[0;39m[36mc.n.e.registry.AbstractInstanceRegistry [0;39m [2m:[0;39m Running the evict task with compensationTime 36ms
[2m2026-06-03T03:22:46.048+05:30[0;39m [32m INFO[0;39m [35m3180[0;39m [2m---[0;39m [2m[service-registry] [a-EvictionTimer][0;39m [2m[0;39m[36mc.n.e.registry.AbstractInstanceRegistry [0;39m [2m:[0;39m Running the evict task with compensationTime 37ms
[2m2026-06-03T03:24:09.619+05:30[0;39m [32m INFO[0;39m [35m3180[0;39m [2m---[0;39m [2m[service-registry] [a-EvictionTimer][0;39m [2m[0;39m[36mc.n.e.registry.AbstractInstanceRegistry [0;39m [2m:[0;39m Running the evict task with compensationTime 23788ms
[2m2026-06-03T03:23:39.970+05:30[0;39m [32m INFO[0;39m [35m3180[0;39m [2m---[0;39m [2m[service-registry] [hresholdUpdater][0;39m [2m[0;39m[36mc.n.e.r.PeerAwareInstanceRegistryImpl   [0;39m [2m:[0;39m Current renewal threshold is : 18
[2m2026-06-03T03:24:09.923+05:30[0;39m [33m WARN[0;39m [35m3180[0;39m [2m---[0;39m [2m[service-registry] [eerNodesUpdater][0;39m [2m[0;39m[36mc.n.eureka.cluster.PeerEurekaNodes      [0;39m [2m:[0;39m The replica size seems to be empty. Check the route 53 DNS Registry
[2m2026-06-03T03:25:09.592+05:30[0;39m [32m INFO[0;39m [35m3180[0;39m [2m---[0;39m [2m[service-registry] [a-EvictionTimer][0;39m [2m[0;39m[36mc.n.e.registry.AbstractInstanceRegistry [0;39m [2m:[0;39m Running the evict task with compensationTime 5ms
[2m2026-06-03T03:26:09.599+05:30[0;39m [32m INFO[0;39m [35m3180[0;39m [2m---[0;39m [2m[service-registry] [a-EvictionTimer][0;39m [2m[0;39m[36mc.n.e.registry.AbstractInstanceRegistry [0;39m [2m:[0;39m Running the evict task with compensationTime 3ms
[2m2026-06-03T03:27:09.612+05:30[0;39m [32m INFO[0;39m [35m3180[0;39m [2m---[0;39m [2m[service-registry] [a-EvictionTimer][0;39m [2m[0;39m[36mc.n.e.registry.AbstractInstanceRegistry [0;39m [2m:[0;39m Running the evict task with compensationTime 17ms
[2m2026-06-03T03:28:09.664+05:30[0;39m [32m INFO[0;39m [35m3180[0;39m [2m---[0;39m [2m[service-registry] [a-EvictionTimer][0;39m [2m[0;39m[36mc.n.e.registry.AbstractInstanceRegistry [0;39m [2m:[0;39m Running the evict task with compensationTime 34ms
[2m2026-06-03T03:29:09.653+05:30[0;39m [32m INFO[0;39m [35m3180[0;39m [2m---[0;39m [2m[service-registry] [a-EvictionTimer][0;39m [2m[0;39m[36mc.n.e.registry.AbstractInstanceRegistry [0;39m [2m:[0;39m Running the evict task with compensationTime 7ms
[2m2026-06-03T03:30:09.651+05:30[0;39m [32m INFO[0;39m [35m3180[0;39m [2m---[0;39m [2m[service-registry] [a-EvictionTimer][0;39m [2m[0;39m[36mc.n.e.registry.AbstractInstanceRegistry [0;39m [2m:[0;39m Running the evict task with compensationTime 1ms
[2m2026-06-03T03:31:09.665+05:30[0;39m [32m INFO[0;39m [35m3180[0;39m [2m---[0;39m [2m[service-registry] [a-EvictionTimer][0;39m [2m[0;39m[36mc.n.e.registry.AbstractInstanceRegistry [0;39m [2m:[0;39m Running the evict task with compensationTime 10ms
[2m2026-06-03T03:32:11.884+05:30[0;39m [32m INFO[0;39m [35m3180[0;39m [2m---[0;39m [2m[service-registry] [a-EvictionTimer][0;39m [2m[0;39m[36mc.n.e.registry.AbstractInstanceRegistry [0;39m [2m:[0;39m Running the evict task with compensationTime 2056ms
[2m2026-06-03T03:33:11.705+05:30[0;39m [32m INFO[0;39m [35m3180[0;39m [2m---[0;39m [2m[service-registry] [a-EvictionTimer][0;39m [2m[0;39m[36mc.n.e.registry.AbstractInstanceRegistry [0;39m [2m:[0;39m Running the evict task with compensationTime 0ms
[2m2026-06-03T03:34:10.020+05:30[0;39m [33m WARN[0;39m [35m3180[0;39m [2m---[0;39m [2m[service-registry] [eerNodesUpdater][0;39m [2m[0;39m[36mc.n.eureka.cluster.PeerEurekaNodes      [0;39m [2m:[0;39m The replica size seems to be empty. Check the route 53 DNS Registry
[2m2026-06-03T03:34:11.705+05:30[0;39m [32m INFO[0;39m [35m3180[0;39m [2m---[0;39m [2m[service-registry] [a-EvictionTimer][0;39m [2m[0;39m[36mc.n.e.registry.AbstractInstanceRegistry [0;39m [2m:[0;39m Running the evict task with compensationTime 14ms
[2m2026-06-03T03:35:11.713+05:30[0;39m [32m INFO[0;39m [35m3180[0;39m [2m---[0;39m [2m[service-registry] [a-EvictionTimer][0;39m [2m[0;39m[36mc.n.e.registry.AbstractInstanceRegistry [0;39m [2m:[0;39m Running the evict task with compensationTime 9ms
[2m2026-06-03T03:36:11.746+05:30[0;39m [32m INFO[0;39m [35m3180[0;39m [2m---[0;39m [2m[service-registry] [a-EvictionTimer][0;39m [2m[0;39m[36mc.n.e.registry.AbstractInstanceRegistry [0;39m [2m:[0;39m Running the evict task with compensationTime 32ms
[2m2026-06-03T03:37:11.848+05:30[0;39m [32m INFO[0;39m [35m3180[0;39m [2m---[0;39m [2m[service-registry] [a-EvictionTimer][0;39m [2m[0;39m[36mc.n.e.registry.AbstractInstanceRegistry [0;39m [2m:[0;39m Running the evict task with compensationTime 53ms
[2m2026-06-03T03:38:11.839+05:30[0;39m [32m INFO[0;39m [35m3180[0;39m [2m---[0;39m [2m[service-registry] [a-EvictionTimer][0;39m [2m[0;39m[36mc.n.e.registry.AbstractInstanceRegistry [0;39m [2m:[0;39m Running the evict task with compensationTime 12ms
[2m2026-06-03T03:38:39.862+05:30[0;39m [32m INFO[0;39m [35m3180[0;39m [2m---[0;39m [2m[service-registry] [hresholdUpdater][0;39m [2m[0;39m[36mc.n.e.r.PeerAwareInstanceRegistryImpl   [0;39m [2m:[0;39m Current renewal threshold is : 18
[2m2026-06-03T03:39:11.846+05:30[0;39m [32m INFO[0;39m [35m3180[0;39m [2m---[0;39m [2m[service-registry] [a-EvictionTimer][0;39m [2m[0;39m[36mc.n.e.registry.AbstractInstanceRegistry [0;39m [2m:[0;39m Running the evict task with compensationTime 7ms
[2m2026-06-03T03:40:11.824+05:30[0;39m [32m INFO[0;39m [35m3180[0;39m [2m---[0;39m [2m[service-registry] [a-EvictionTimer][0;39m [2m[0;39m[36mc.n.e.registry.AbstractInstanceRegistry [0;39m [2m:[0;39m Running the evict task with compensationTime 4ms
[2m2026-06-03T03:41:11.867+05:30[0;39m [32m INFO[0;39m [35m3180[0;39m [2m---[0;39m [2m[service-registry] [a-EvictionTimer][0;39m [2m[0;39m[36mc.n.e.registry.AbstractInstanceRegistry [0;39m [2m:[0;39m Running the evict task with compensationTime 21ms
[2m2026-06-03T03:42:11.887+05:30[0;39m [32m INFO[0;39m [35m3180[0;39m [2m---[0;39m [2m[service-registry] [a-EvictionTimer][0;39m [2m[0;39m[36mc.n.e.registry.AbstractInstanceRegistry [0;39m [2m:[0;39m Running the evict task with compensationTime 13ms
[2m2026-06-03T03:43:11.884+05:30[0;39m [32m INFO[0;39m [35m3180[0;39m [2m---[0;39m [2m[service-registry] [a-EvictionTimer][0;39m [2m[0;39m[36mc.n.e.registry.AbstractInstanceRegistry [0;39m [2m:[0;39m Running the evict task with compensationTime 10ms
[2m2026-06-03T03:44:10.189+05:30[0;39m [33m WARN[0;39m [35m3180[0;39m [2m---[0;39m [2m[service-registry] [eerNodesUpdater][0;39m [2m[0;39m[36mc.n.eureka.cluster.PeerEurekaNodes      [0;39m [2m:[0;39m The replica size seems to be empty. Check the route 53 DNS Registry
[2m2026-06-03T03:44:11.889+05:30[0;39m [32m INFO[0;39m [35m3180[0;39m [2m---[0;39m [2m[service-registry] [a-EvictionTimer][0;39m [2m[0;39m[36mc.n.e.registry.AbstractInstanceRegistry [0;39m [2m:[0;39m Running the evict task with compensationTime 17ms
[2m2026-06-03T03:45:11.923+05:30[0;39m [32m INFO[0;39m [35m3180[0;39m [2m---[0;39m [2m[service-registry] [a-EvictionTimer][0;39m [2m[0;39m[36mc.n.e.registry.AbstractInstanceRegistry [0;39m [2m:[0;39m Running the evict task with compensationTime 15ms
[2m2026-06-03T03:46:11.908+05:30[0;39m [32m INFO[0;39m [35m3180[0;39m [2m---[0;39m [2m[service-registry] [a-EvictionTimer][0;39m [2m[0;39m[36mc.n.e.registry.AbstractInstanceRegistry [0;39m [2m:[0;39m Running the evict task with compensationTime 5ms
[2m2026-06-03T03:47:12.200+05:30[0;39m [32m INFO[0;39m [35m3180[0;39m [2m---[0;39m [2m[service-registry] [a-EvictionTimer][0;39m [2m[0;39m[36mc.n.e.registry.AbstractInstanceRegistry [0;39m [2m:[0;39m Running the evict task with compensationTime 216ms
[2m2026-06-03T03:48:12.116+05:30[0;39m [32m INFO[0;39m [35m3180[0;39m [2m---[0;39m [2m[service-registry] [a-EvictionTimer][0;39m [2m[0;39m[36mc.n.e.registry.AbstractInstanceRegistry [0;39m [2m:[0;39m Running the evict task with compensationTime 0ms
[2m2026-06-03T03:49:12.163+05:30[0;39m [32m INFO[0;39m [35m3180[0;39m [2m---[0;39m [2m[service-registry] [a-EvictionTimer][0;39m [2m[0;39m[36mc.n.e.registry.AbstractInstanceRegistry [0;39m [2m:[0;39m Running the evict task with compensationTime 31ms
[2m2026-06-03T03:50:12.152+05:30[0;39m [32m INFO[0;39m [35m3180[0;39m [2m---[0;39m [2m[service-registry] [a-EvictionTimer][0;39m [2m[0;39m[36mc.n.e.registry.AbstractInstanceRegistry [0;39m [2m:[0;39m Running the evict task with compensationTime 13ms
[2m2026-06-03T03:51:12.178+05:30[0;39m [32m INFO[0;39m [35m3180[0;39m [2m---[0;39m [2m[service-registry] [a-EvictionTimer][0;39m [2m[0;39m[36mc.n.e.registry.AbstractInstanceRegistry [0;39m [2m:[0;39m Running the evict task with compensationTime 14ms
[2m2026-06-03T03:52:12.184+05:30[0;39m [32m INFO[0;39m [35m3180[0;39m [2m---[0;39m [2m[service-registry] [a-EvictionTimer][0;39m [2m[0;39m[36mc.n.e.registry.AbstractInstanceRegistry [0;39m [2m:[0;39m Running the evict task with compensationTime 9ms
[2m2026-06-03T03:53:12.187+05:30[0;39m [32m INFO[0;39m [35m3180[0;39m [2m---[0;39m [2m[service-registry] [a-EvictionTimer][0;39m [2m[0;39m[36mc.n.e.registry.AbstractInstanceRegistry [0;39m [2m:[0;39m Running the evict task with compensationTime 7ms
[2m2026-06-03T03:53:39.905+05:30[0;39m [32m INFO[0;39m [35m3180[0;39m [2m---[0;39m [2m[service-registry] [hresholdUpdater][0;39m [2m[0;39m[36mc.n.e.r.PeerAwareInstanceRegistryImpl   [0;39m [2m:[0;39m Current renewal threshold is : 18
[2m2026-06-03T03:54:10.425+05:30[0;39m [33m WARN[0;39m [35m3180[0;39m [2m---[0;39m [2m[service-registry] [eerNodesUpdater][0;39m [2m[0;39m[36mc.n.eureka.cluster.PeerEurekaNodes      [0;39m [2m:[0;39m The replica size seems to be empty. Check the route 53 DNS Registry
[2m2026-06-03T03:54:12.359+05:30[0;39m [32m INFO[0;39m [35m3180[0;39m [2m---[0;39m [2m[service-registry] [a-EvictionTimer][0;39m [2m[0;39m[36mc.n.e.registry.AbstractInstanceRegistry [0;39m [2m:[0;39m Running the evict task with compensationTime 67ms
[2m2026-06-03T03:55:12.275+05:30[0;39m [32m INFO[0;39m [35m3180[0;39m [2m---[0;39m [2m[service-registry] [a-EvictionTimer][0;39m [2m[0;39m[36mc.n.e.registry.AbstractInstanceRegistry [0;39m [2m:[0;39m Running the evict task with compensationTime 9ms
[2m2026-06-03T03:56:12.552+05:30[0;39m [32m INFO[0;39m [35m3180[0;39m [2m---[0;39m [2m[service-registry] [a-EvictionTimer][0;39m [2m[0;39m[36mc.n.e.registry.AbstractInstanceRegistry [0;39m [2m:[0;39m Running the evict task with compensationTime 9ms
[2m2026-06-03T03:57:12.277+05:30[0;39m [32m INFO[0;39m [35m3180[0;39m [2m---[0;39m [2m[service-registry] [a-EvictionTimer][0;39m [2m[0;39m[36mc.n.e.registry.AbstractInstanceRegistry [0;39m [2m:[0;39m Running the evict task with compensationTime 0ms
[2m2026-06-03T03:58:12.292+05:30[0;39m [32m INFO[0;39m [35m3180[0;39m [2m---[0;39m [2m[service-registry] [a-EvictionTimer][0;39m [2m[0;39m[36mc.n.e.registry.AbstractInstanceRegistry [0;39m [2m:[0;39m Running the evict task with compensationTime 13ms
[2m2026-06-03T03:59:12.293+05:30[0;39m [32m INFO[0;39m [35m3180[0;39m [2m---[0;39m [2m[service-registry] [a-EvictionTimer][0;39m [2m[0;39m[36mc.n.e.registry.AbstractInstanceRegistry [0;39m [2m:[0;39m Running the evict task with compensationTime 3ms
[2m2026-06-03T04:00:12.587+05:30[0;39m [32m INFO[0;39m [35m3180[0;39m [2m---[0;39m [2m[service-registry] [a-EvictionTimer][0;39m [2m[0;39m[36mc.n.e.registry.AbstractInstanceRegistry [0;39m [2m:[0;39m Running the evict task with compensationTime 64ms
[2m2026-06-03T04:01:12.359+05:30[0;39m [32m INFO[0;39m [35m3180[0;39m [2m---[0;39m [2m[service-registry] [a-EvictionTimer][0;39m [2m[0;39m[36mc.n.e.registry.AbstractInstanceRegistry [0;39m [2m:[0;39m Running the evict task with compensationTime 10ms
[2m2026-06-03T04:02:12.371+05:30[0;39m [32m INFO[0;39m [35m3180[0;39m [2m---[0;39m [2m[service-registry] [a-EvictionTimer][0;39m [2m[0;39m[36mc.n.e.registry.AbstractInstanceRegistry [0;39m [2m:[0;39m Running the evict task with compensationTime 6ms
[2m2026-06-03T04:03:12.386+05:30[0;39m [32m INFO[0;39m [35m3180[0;39m [2m---[0;39m [2m[service-registry] [a-EvictionTimer][0;39m [2m[0;39m[36mc.n.e.registry.AbstractInstanceRegistry [0;39m [2m:[0;39m Running the evict task with compensationTime 13ms
[2m2026-06-03T04:04:10.596+05:30[0;39m [33m WARN[0;39m [35m3180[0;39m [2m---[0;39m [2m[service-registry] [eerNodesUpdater][0;39m [2m[0;39m[36mc.n.eureka.cluster.PeerEurekaNodes      [0;39m [2m:[0;39m The replica size seems to be empty. Check the route 53 DNS Registry
[2m2026-06-03T04:04:12.386+05:30[0;39m [32m INFO[0;39m [35m3180[0;39m [2m---[0;39m [2m[service-registry] [a-EvictionTimer][0;39m [2m[0;39m[36mc.n.e.registry.AbstractInstanceRegistry [0;39m [2m:[0;39m Running the evict task with compensationTime 8ms
[2m2026-06-03T04:05:12.402+05:30[0;39m [32m INFO[0;39m [35m3180[0;39m [2m---[0;39m [2m[service-registry] [a-EvictionTimer][0;39m [2m[0;39m[36mc.n.e.registry.AbstractInstanceRegistry [0;39m [2m:[0;39m Running the evict task with compensationTime 15ms
[2m2026-06-03T04:06:12.409+05:30[0;39m [32m INFO[0;39m [35m3180[0;39m [2m---[0;39m [2m[service-registry] [a-EvictionTimer][0;39m [2m[0;39m[36mc.n.e.registry.AbstractInstanceRegistry [0;39m [2m:[0;39m Running the evict task with compensationTime 7ms
[2m2026-06-03T04:07:12.568+05:30[0;39m [32m INFO[0;39m [35m3180[0;39m [2m---[0;39m [2m[service-registry] [a-EvictionTimer][0;39m [2m[0;39m[36mc.n.e.registry.AbstractInstanceRegistry [0;39m [2m:[0;39m Running the evict task with compensationTime 30ms
[2m2026-06-03T04:08:12.450+05:30[0;39m [32m INFO[0;39m [35m3180[0;39m [2m---[0;39m [2m[service-registry] [a-EvictionTimer][0;39m [2m[0;39m[36mc.n.e.registry.AbstractInstanceRegistry [0;39m [2m:[0;39m Running the evict task with compensationTime 11ms
[2m2026-06-03T04:08:39.871+05:30[0;39m [32m INFO[0;39m [35m3180[0;39m [2m---[0;39m [2m[service-registry] [hresholdUpdater][0;39m [2m[0;39m[36mc.n.e.r.PeerAwareInstanceRegistryImpl   [0;39m [2m:[0;39m Current renewal threshold is : 18
[2m2026-06-03T04:09:12.460+05:30[0;39m [32m INFO[0;39m [35m3180[0;39m [2m---[0;39m [2m[service-registry] [a-EvictionTimer][0;39m [2m[0;39m[36mc.n.e.registry.AbstractInstanceRegistry [0;39m [2m:[0;39m Running the evict task with compensationTime 9ms
[2m2026-06-03T04:10:12.469+05:30[0;39m [32m INFO[0;39m [35m3180[0;39m [2m---[0;39m [2m[service-registry] [a-EvictionTimer][0;39m [2m[0;39m[36mc.n.e.registry.AbstractInstanceRegistry [0;39m [2m:[0;39m Running the evict task with compensationTime 8ms
[2m2026-06-03T04:11:12.468+05:30[0;39m [32m INFO[0;39m [35m3180[0;39m [2m---[0;39m [2m[service-registry] [a-EvictionTimer][0;39m [2m[0;39m[36mc.n.e.registry.AbstractInstanceRegistry [0;39m [2m:[0;39m Running the evict task with compensationTime 0ms
[2m2026-06-03T04:12:12.470+05:30[0;39m [32m INFO[0;39m [35m3180[0;39m [2m---[0;39m [2m[service-registry] [a-EvictionTimer][0;39m [2m[0;39m[36mc.n.e.registry.AbstractInstanceRegistry [0;39m [2m:[0;39m Running the evict task with compensationTime 1ms
[2m2026-06-03T04:13:12.471+05:30[0;39m [32m INFO[0;39m [35m3180[0;39m [2m---[0;39m [2m[service-registry] [a-EvictionTimer][0;39m [2m[0;39m[36mc.n.e.registry.AbstractInstanceRegistry [0;39m [2m:[0;39m Running the evict task with compensationTime 1ms
[2m2026-06-03T04:14:10.613+05:30[0;39m [33m WARN[0;39m [35m3180[0;39m [2m---[0;39m [2m[service-registry] [eerNodesUpdater][0;39m [2m[0;39m[36mc.n.eureka.cluster.PeerEurekaNodes      [0;39m [2m:[0;39m The replica size seems to be empty. Check the route 53 DNS Registry
[2m2026-06-03T04:14:12.505+05:30[0;39m [32m INFO[0;39m [35m3180[0;39m [2m---[0;39m [2m[service-registry] [a-EvictionTimer][0;39m [2m[0;39m[36mc.n.e.registry.AbstractInstanceRegistry [0;39m [2m:[0;39m Running the evict task with compensationTime 33ms
[2m2026-06-03T04:15:12.518+05:30[0;39m [32m INFO[0;39m [35m3180[0;39m [2m---[0;39m [2m[service-registry] [a-EvictionTimer][0;39m [2m[0;39m[36mc.n.e.registry.AbstractInstanceRegistry [0;39m [2m:[0;39m Running the evict task with compensationTime 12ms
[2m2026-06-03T04:16:12.529+05:30[0;39m [32m INFO[0;39m [35m3180[0;39m [2m---[0;39m [2m[service-registry] [a-EvictionTimer][0;39m [2m[0;39m[36mc.n.e.registry.AbstractInstanceRegistry [0;39m [2m:[0;39m Running the evict task with compensationTime 12ms
[2m2026-06-03T04:17:14.423+05:30[0;39m [32m INFO[0;39m [35m3180[0;39m [2m---[0;39m [2m[service-registry] [a-EvictionTimer][0;39m [2m[0;39m[36mc.n.e.registry.AbstractInstanceRegistry [0;39m [2m:[0;39m Running the evict task with compensationTime 1645ms
[2m2026-06-03T04:18:14.208+05:30[0;39m [32m INFO[0;39m [35m3180[0;39m [2m---[0;39m [2m[service-registry] [a-EvictionTimer][0;39m [2m[0;39m[36mc.n.e.registry.AbstractInstanceRegistry [0;39m [2m:[0;39m Running the evict task with compensationTime 8ms
[2m2026-06-03T04:19:14.217+05:30[0;39m [32m INFO[0;39m [35m3180[0;39m [2m---[0;39m [2m[service-registry] [a-EvictionTimer][0;39m [2m[0;39m[36mc.n.e.registry.AbstractInstanceRegistry [0;39m [2m:[0;39m Running the evict task with compensationTime 3ms
[2m2026-06-03T04:20:14.243+05:30[0;39m [32m INFO[0;39m [35m3180[0;39m [2m---[0;39m [2m[service-registry] [a-EvictionTimer][0;39m [2m[0;39m[36mc.n.e.registry.AbstractInstanceRegistry [0;39m [2m:[0;39m Running the evict task with compensationTime 11ms
[2m2026-06-03T04:21:14.198+05:30[0;39m [32m INFO[0;39m [35m3180[0;39m [2m---[0;39m [2m[service-registry] [a-EvictionTimer][0;39m [2m[0;39m[36mc.n.e.registry.AbstractInstanceRegistry [0;39m [2m:[0;39m Running the evict task with compensationTime 0ms
[2m2026-06-03T04:22:14.388+05:30[0;39m [32m INFO[0;39m [35m3180[0;39m [2m---[0;39m [2m[service-registry] [a-EvictionTimer][0;39m [2m[0;39m[36mc.n.e.registry.AbstractInstanceRegistry [0;39m [2m:[0;39m Running the evict task with compensationTime 25ms
[2m2026-06-03T04:23:14.264+05:30[0;39m [32m INFO[0;39m [35m3180[0;39m [2m---[0;39m [2m[service-registry] [a-EvictionTimer][0;39m [2m[0;39m[36mc.n.e.registry.AbstractInstanceRegistry [0;39m [2m:[0;39m Running the evict task with compensationTime 10ms
[2m2026-06-03T04:23:39.929+05:30[0;39m [32m INFO[0;39m [35m3180[0;39m [2m---[0;39m [2m[service-registry] [hresholdUpdater][0;39m [2m[0;39m[36mc.n.e.r.PeerAwareInstanceRegistryImpl   [0;39m [2m:[0;39m Current renewal threshold is : 18
[2m2026-06-03T04:24:20.350+05:30[0;39m [32m INFO[0;39m [35m3180[0;39m [2m---[0;39m [2m[service-registry] [a-EvictionTimer][0;39m [2m[0;39m[36mc.n.e.registry.AbstractInstanceRegistry [0;39m [2m:[0;39m Running the evict task with compensationTime 3610ms
[2m2026-06-03T04:24:25.962+05:30[0;39m [33m WARN[0;39m [35m3180[0;39m [2m---[0;39m [2m[service-registry] [eerNodesUpdater][0;39m [2m[0;39m[36mc.n.eureka.cluster.PeerEurekaNodes      [0;39m [2m:[0;39m The replica size seems to be empty. Check the route 53 DNS Registry
[2m2026-06-03T04:25:17.568+05:30[0;39m [32m INFO[0;39m [35m3180[0;39m [2m---[0;39m [2m[service-registry] [a-EvictionTimer][0;39m [2m[0;39m[36mc.n.e.registry.AbstractInstanceRegistry [0;39m [2m:[0;39m Running the evict task with compensationTime 0ms
[2m2026-06-03T04:26:17.811+05:30[0;39m [32m INFO[0;39m [35m3180[0;39m [2m---[0;39m [2m[service-registry] [a-EvictionTimer][0;39m [2m[0;39m[36mc.n.e.registry.AbstractInstanceRegistry [0;39m [2m:[0;39m Running the evict task with compensationTime 53ms
[2m2026-06-03T04:27:17.609+05:30[0;39m [32m INFO[0;39m [35m3180[0;39m [2m---[0;39m [2m[service-registry] [a-EvictionTimer][0;39m [2m[0;39m[36mc.n.e.registry.AbstractInstanceRegistry [0;39m [2m:[0;39m Running the evict task with compensationTime 0ms
[2m2026-06-03T04:28:17.611+05:30[0;39m [32m INFO[0;39m [35m3180[0;39m [2m---[0;39m [2m[service-registry] [a-EvictionTimer][0;39m [2m[0;39m[36mc.n.e.registry.AbstractInstanceRegistry [0;39m [2m:[0;39m Running the evict task with compensationTime 3ms
[2m2026-06-03T04:29:17.625+05:30[0;39m [32m INFO[0;39m [35m3180[0;39m [2m---[0;39m [2m[service-registry] [a-EvictionTimer][0;39m [2m[0;39m[36mc.n.e.registry.AbstractInstanceRegistry [0;39m [2m:[0;39m Running the evict task with compensationTime 12ms
[2m2026-06-03T04:30:17.733+05:30[0;39m [32m INFO[0;39m [35m3180[0;39m [2m---[0;39m [2m[service-registry] [a-EvictionTimer][0;39m [2m[0;39m[36mc.n.e.registry.AbstractInstanceRegistry [0;39m [2m:[0;39m Running the evict task with compensationTime 68ms
[2m2026-06-03T04:31:17.735+05:30[0;39m [32m INFO[0;39m [35m3180[0;39m [2m---[0;39m [2m[service-registry] [a-EvictionTimer][0;39m [2m[0;39m[36mc.n.e.registry.AbstractInstanceRegistry [0;39m [2m:[0;39m Running the evict task with compensationTime 3ms
