
  .   ____          _            __ _ _
 /\\ / ___'_ __ _ _(_)_ __  __ _ \ \ \ \
( ( )\___ | '_ | '_| | '_ \/ _` | \ \ \ \
 \\/  ___)| |_)| | | | | || (_| |  ) ) ) )
  '  |____| .__|_| |_|_| |_\__, | / / / /
 =========|_|==============|___/=/_/_/_/
 :: Spring Boot ::               (v3.2.12)

2026-06-03T01:36:22.861+05:30  INFO 9352 --- [api-gateway] [           main] c.h.apigateway.ApiGatewayApplication     : Starting ApiGatewayApplication v0.0.1-SNAPSHOT using Java 21.0.6 with PID 9352 (C:\Users\jagdish\Downloads\Telegram Desktop\spring-boot-projects\ecommerce-microservices-main\api-gateway\target\api-gateway-0.0.1-SNAPSHOT.jar started by jagdish in C:\Users\jagdish\Downloads\Telegram Desktop\spring-boot-projects\ecommerce-microservices-main)
2026-06-03T01:36:22.880+05:30  INFO 9352 --- [api-gateway] [           main] c.h.apigateway.ApiGatewayApplication     : No active profile set, falling back to 1 default profile: "default"
2026-06-03T01:36:57.033+05:30  INFO 9352 --- [api-gateway] [           main] o.s.cloud.context.scope.GenericScope     : BeanFactory id=c428a62a-3fbd-3570-bad4-d489363b8500
2026-06-03T01:36:59.175+05:30  WARN 9352 --- [api-gateway] [           main] trationDelegate$BeanPostProcessorChecker : Bean 'org.springframework.cloud.client.loadbalancer.LoadBalancerAutoConfiguration$DeferringLoadBalancerInterceptorConfig' of type [org.springframework.cloud.client.loadbalancer.LoadBalancerAutoConfiguration$DeferringLoadBalancerInterceptorConfig] is not eligible for getting processed by all BeanPostProcessors (for example: not eligible for auto-proxying). The currently created BeanPostProcessor [lbRestClientPostProcessor] is declared through a non-static factory method on that class; consider declaring it as static instead.
2026-06-03T01:36:59.192+05:30  WARN 9352 --- [api-gateway] [           main] trationDelegate$BeanPostProcessorChecker : Bean 'deferringLoadBalancerInterceptor' of type [org.springframework.cloud.client.loadbalancer.DeferringLoadBalancerInterceptor] is not eligible for getting processed by all BeanPostProcessors (for example: not eligible for auto-proxying). Is this bean getting eagerly injected/applied to a currently created BeanPostProcessor [lbRestClientPostProcessor]? Check the corresponding BeanPostProcessor declaration and its dependencies/advisors. If this bean does not have to be post-processed, declare it with ROLE_INFRASTRUCTURE.
2026-06-03T01:36:59.204+05:30  WARN 9352 --- [api-gateway] [           main] trationDelegate$BeanPostProcessorChecker : Bean 'org.springframework.cloud.client.loadbalancer.reactive.LoadBalancerBeanPostProcessorAutoConfiguration' of type [org.springframework.cloud.client.loadbalancer.reactive.LoadBalancerBeanPostProcessorAutoConfiguration] is not eligible for getting processed by all BeanPostProcessors (for example: not eligible for auto-proxying). The currently created BeanPostProcessor [loadBalancerWebClientBuilderBeanPostProcessor] is declared through a non-static factory method on that class; consider declaring it as static instead.
2026-06-03T01:36:59.209+05:30  WARN 9352 --- [api-gateway] [           main] trationDelegate$BeanPostProcessorChecker : Bean 'org.springframework.cloud.client.loadbalancer.reactive.LoadBalancerBeanPostProcessorAutoConfiguration$ReactorDeferringLoadBalancerFilterConfig' of type [org.springframework.cloud.client.loadbalancer.reactive.LoadBalancerBeanPostProcessorAutoConfiguration$ReactorDeferringLoadBalancerFilterConfig] is not eligible for getting processed by all BeanPostProcessors (for example: not eligible for auto-proxying). Is this bean getting eagerly injected/applied to a currently created BeanPostProcessor [loadBalancerWebClientBuilderBeanPostProcessor]? Check the corresponding BeanPostProcessor declaration and its dependencies/advisors. If this bean does not have to be post-processed, declare it with ROLE_INFRASTRUCTURE.
2026-06-03T01:36:59.216+05:30  WARN 9352 --- [api-gateway] [           main] trationDelegate$BeanPostProcessorChecker : Bean 'reactorDeferringLoadBalancerExchangeFilterFunction' of type [org.springframework.cloud.client.loadbalancer.reactive.DeferringLoadBalancerExchangeFilterFunction] is not eligible for getting processed by all BeanPostProcessors (for example: not eligible for auto-proxying). Is this bean getting eagerly injected/applied to a currently created BeanPostProcessor [loadBalancerWebClientBuilderBeanPostProcessor]? Check the corresponding BeanPostProcessor declaration and its dependencies/advisors. If this bean does not have to be post-processed, declare it with ROLE_INFRASTRUCTURE.
2026-06-03T01:37:22.460+05:30  INFO 9352 --- [api-gateway] [           main] o.s.cloud.commons.util.InetUtils         : Cannot determine local hostname
2026-06-03T01:37:37.703+05:30 DEBUG 9352 --- [api-gateway] [           main] o.s.c.gateway.config.GatewayProperties   : Routes supplied from Gateway Properties: [RouteDefinition{id='auth-service', predicates=[PredicateDefinition{name='Path', args={_genkey_0=/api/auth/**}}], filters=[], uri=lb://auth-service, order=0, metadata={}}, RouteDefinition{id='order-service', predicates=[PredicateDefinition{name='Path', args={_genkey_0=/api/orders/**}}], filters=[FilterDefinition{name='JwtAuthFilter', args={}}], uri=lb://order-service, order=0, metadata={}}, RouteDefinition{id='inventory-service', predicates=[PredicateDefinition{name='Path', args={_genkey_0=/api/inventory/**}}], filters=[FilterDefinition{name='JwtAuthFilter', args={}}], uri=lb://inventory-service, order=0, metadata={}}, RouteDefinition{id='payment-service', predicates=[PredicateDefinition{name='Path', args={_genkey_0=/api/payments/**}}], filters=[FilterDefinition{name='JwtAuthFilter', args={}}], uri=lb://payment-service, order=0, metadata={}}, RouteDefinition{id='shipping-service', predicates=[PredicateDefinition{name='Path', args={_genkey_0=/api/shipping/**}}], filters=[FilterDefinition{name='JwtAuthFilter', args={}}], uri=lb://shipping-service, order=0, metadata={}}, RouteDefinition{id='notification-service', predicates=[PredicateDefinition{name='Path', args={_genkey_0=/api/notifications/**}}], filters=[FilterDefinition{name='JwtAuthFilter', args={}}], uri=lb://notification-service, order=0, metadata={}}, RouteDefinition{id='user-service', predicates=[PredicateDefinition{name='Path', args={_genkey_0=/api/users/**}}], filters=[FilterDefinition{name='JwtAuthFilter', args={}}], uri=lb://user-service, order=0, metadata={}}, RouteDefinition{id='product-service', predicates=[PredicateDefinition{name='Path', args={_genkey_0=/api/products/**}}], filters=[FilterDefinition{name='JwtAuthFilter', args={}}], uri=lb://product-service, order=0, metadata={}}, RouteDefinition{id='cart-service', predicates=[PredicateDefinition{name='Path', args={_genkey_0=/api/cart/**}}], filters=[FilterDefinition{name='JwtAuthFilter', args={}}], uri=lb://cart-service, order=0, metadata={}}]
2026-06-03T01:37:44.596+05:30  INFO 9352 --- [api-gateway] [           main] o.s.c.g.r.RouteDefinitionRouteLocator    : Loaded RoutePredicateFactory [After]
2026-06-03T01:37:44.599+05:30  INFO 9352 --- [api-gateway] [           main] o.s.c.g.r.RouteDefinitionRouteLocator    : Loaded RoutePredicateFactory [Before]
2026-06-03T01:37:44.606+05:30  INFO 9352 --- [api-gateway] [           main] o.s.c.g.r.RouteDefinitionRouteLocator    : Loaded RoutePredicateFactory [Between]
2026-06-03T01:37:44.611+05:30  INFO 9352 --- [api-gateway] [           main] o.s.c.g.r.RouteDefinitionRouteLocator    : Loaded RoutePredicateFactory [Cookie]
2026-06-03T01:37:44.619+05:30  INFO 9352 --- [api-gateway] [           main] o.s.c.g.r.RouteDefinitionRouteLocator    : Loaded RoutePredicateFactory [Header]
2026-06-03T01:37:44.645+05:30  INFO 9352 --- [api-gateway] [           main] o.s.c.g.r.RouteDefinitionRouteLocator    : Loaded RoutePredicateFactory [Host]
2026-06-03T01:37:44.658+05:30  INFO 9352 --- [api-gateway] [           main] o.s.c.g.r.RouteDefinitionRouteLocator    : Loaded RoutePredicateFactory [Method]
2026-06-03T01:37:44.666+05:30  INFO 9352 --- [api-gateway] [           main] o.s.c.g.r.RouteDefinitionRouteLocator    : Loaded RoutePredicateFactory [Path]
2026-06-03T01:37:44.683+05:30  INFO 9352 --- [api-gateway] [           main] o.s.c.g.r.RouteDefinitionRouteLocator    : Loaded RoutePredicateFactory [Query]
2026-06-03T01:37:44.688+05:30  INFO 9352 --- [api-gateway] [           main] o.s.c.g.r.RouteDefinitionRouteLocator    : Loaded RoutePredicateFactory [ReadBody]
2026-06-03T01:37:44.690+05:30  INFO 9352 --- [api-gateway] [           main] o.s.c.g.r.RouteDefinitionRouteLocator    : Loaded RoutePredicateFactory [RemoteAddr]
2026-06-03T01:37:44.704+05:30  INFO 9352 --- [api-gateway] [           main] o.s.c.g.r.RouteDefinitionRouteLocator    : Loaded RoutePredicateFactory [XForwardedRemoteAddr]
2026-06-03T01:37:44.723+05:30  INFO 9352 --- [api-gateway] [           main] o.s.c.g.r.RouteDefinitionRouteLocator    : Loaded RoutePredicateFactory [Weight]
2026-06-03T01:37:44.753+05:30  INFO 9352 --- [api-gateway] [           main] o.s.c.g.r.RouteDefinitionRouteLocator    : Loaded RoutePredicateFactory [CloudFoundryRouteService]
2026-06-03T01:37:54.373+05:30  INFO 9352 --- [api-gateway] [           main] o.s.cloud.commons.util.InetUtils         : Cannot determine local hostname
2026-06-03T01:37:57.381+05:30  INFO 9352 --- [api-gateway] [           main] o.s.b.a.e.web.EndpointLinksResolver      : Exposing 1 endpoint(s) beneath base path '/actuator'
2026-06-03T01:38:03.927+05:30  INFO 9352 --- [api-gateway] [           main] DiscoveryClientOptionalArgsConfiguration : Eureka HTTP Client uses RestTemplate.
2026-06-03T01:38:04.004+05:30  WARN 9352 --- [api-gateway] [           main] iguration$LoadBalancerCaffeineWarnLogger : Spring Cloud LoadBalancer is currently working with the default cache. While this cache implementation is useful for development and tests, it's recommended to use Caffeine cache in production.You can switch to using Caffeine cache, by adding it and org.springframework.cache.caffeine.CaffeineCacheManager to the classpath.
2026-06-03T01:38:05.316+05:30  INFO 9352 --- [api-gateway] [           main] o.s.c.n.eureka.InstanceInfoFactory       : Setting initial instance status as: STARTING
2026-06-03T01:38:09.298+05:30  INFO 9352 --- [api-gateway] [           main] com.netflix.discovery.DiscoveryClient    : Initializing Eureka in region us-east-1
2026-06-03T01:38:09.317+05:30  INFO 9352 --- [api-gateway] [           main] c.n.d.s.r.aws.ConfigClusterResolver      : Resolving eureka endpoints via configuration
2026-06-03T01:38:09.407+05:30  INFO 9352 --- [api-gateway] [           main] com.netflix.discovery.DiscoveryClient    : Disable delta property : false
2026-06-03T01:38:09.416+05:30  INFO 9352 --- [api-gateway] [           main] com.netflix.discovery.DiscoveryClient    : Single vip registry refresh property : null
2026-06-03T01:38:09.424+05:30  INFO 9352 --- [api-gateway] [           main] com.netflix.discovery.DiscoveryClient    : Force full registry fetch : false
2026-06-03T01:38:09.426+05:30  INFO 9352 --- [api-gateway] [           main] com.netflix.discovery.DiscoveryClient    : Application is null : false
2026-06-03T01:38:09.433+05:30  INFO 9352 --- [api-gateway] [           main] com.netflix.discovery.DiscoveryClient    : Registered Applications size is zero : true
2026-06-03T01:38:09.434+05:30  INFO 9352 --- [api-gateway] [           main] com.netflix.discovery.DiscoveryClient    : Application version is -1: true
2026-06-03T01:38:09.437+05:30  INFO 9352 --- [api-gateway] [           main] com.netflix.discovery.DiscoveryClient    : Getting all instance registry info from the eureka server
2026-06-03T01:38:24.676+05:30  INFO 9352 --- [api-gateway] [           main] com.netflix.discovery.DiscoveryClient    : The response status is 200
2026-06-03T01:38:24.723+05:30  INFO 9352 --- [api-gateway] [           main] com.netflix.discovery.DiscoveryClient    : Starting heartbeat executor: renew interval is: 30
2026-06-03T01:38:24.735+05:30  INFO 9352 --- [api-gateway] [           main] c.n.discovery.InstanceInfoReplicator     : InstanceInfoReplicator onDemand update allowed rate per min is 4
2026-06-03T01:38:24.823+05:30  INFO 9352 --- [api-gateway] [           main] com.netflix.discovery.DiscoveryClient    : Discovery Client initialized at timestamp 1780430904819 with initial instances count: 1
2026-06-03T01:38:24.835+05:30  INFO 9352 --- [api-gateway] [           main] o.s.c.n.e.s.EurekaServiceRegistry        : Registering application API-GATEWAY with eureka with status UP
2026-06-03T01:38:24.850+05:30  INFO 9352 --- [api-gateway] [           main] com.netflix.discovery.DiscoveryClient    : Saw local status change event StatusChangeEvent [timestamp=1780430904844, current=UP, previous=STARTING]
2026-06-03T01:38:25.114+05:30  INFO 9352 --- [api-gateway] [nfoReplicator-0] com.netflix.discovery.DiscoveryClient    : DiscoveryClient_API-GATEWAY/localhost:api-gateway:8080: registering service...
2026-06-03T01:38:25.850+05:30 DEBUG 9352 --- [api-gateway] [           main] o.s.c.g.r.RouteDefinitionRouteLocator    : RouteDefinition ReactiveCompositeDiscoveryClient_ORDER-SERVICE applying {pattern=/order-service/**} to Path
2026-06-03T01:38:26.530+05:30 DEBUG 9352 --- [api-gateway] [           main] o.s.c.g.r.RouteDefinitionRouteLocator    : RouteDefinition ReactiveCompositeDiscoveryClient_ORDER-SERVICE applying filter {regexp=/order-service/?(?<remaining>.*), replacement=/${remaining}} to RewritePath
2026-06-03T01:38:26.644+05:30 DEBUG 9352 --- [api-gateway] [           main] o.s.c.g.r.RouteDefinitionRouteLocator    : RouteDefinition matched: ReactiveCompositeDiscoveryClient_ORDER-SERVICE
2026-06-03T01:38:26.650+05:30 DEBUG 9352 --- [api-gateway] [           main] o.s.c.g.r.RouteDefinitionRouteLocator    : RouteDefinition auth-service applying {_genkey_0=/api/auth/**} to Path
2026-06-03T01:38:26.684+05:30 DEBUG 9352 --- [api-gateway] [           main] o.s.c.g.r.RouteDefinitionRouteLocator    : RouteDefinition matched: auth-service
2026-06-03T01:38:26.686+05:30 DEBUG 9352 --- [api-gateway] [           main] o.s.c.g.r.RouteDefinitionRouteLocator    : RouteDefinition order-service applying {_genkey_0=/api/orders/**} to Path
2026-06-03T01:38:26.696+05:30 DEBUG 9352 --- [api-gateway] [           main] o.s.c.g.r.RouteDefinitionRouteLocator    : RouteDefinition order-service applying filter {} to JwtAuthFilter
2026-06-03T01:38:26.707+05:30 DEBUG 9352 --- [api-gateway] [           main] o.s.c.g.r.RouteDefinitionRouteLocator    : RouteDefinition matched: order-service
2026-06-03T01:38:26.708+05:30 DEBUG 9352 --- [api-gateway] [           main] o.s.c.g.r.RouteDefinitionRouteLocator    : RouteDefinition inventory-service applying {_genkey_0=/api/inventory/**} to Path
2026-06-03T01:38:26.712+05:30 DEBUG 9352 --- [api-gateway] [           main] o.s.c.g.r.RouteDefinitionRouteLocator    : RouteDefinition inventory-service applying filter {} to JwtAuthFilter
2026-06-03T01:38:26.724+05:30 DEBUG 9352 --- [api-gateway] [           main] o.s.c.g.r.RouteDefinitionRouteLocator    : RouteDefinition matched: inventory-service
2026-06-03T01:38:26.760+05:30 DEBUG 9352 --- [api-gateway] [           main] o.s.c.g.r.RouteDefinitionRouteLocator    : RouteDefinition payment-service applying {_genkey_0=/api/payments/**} to Path
2026-06-03T01:38:26.769+05:30 DEBUG 9352 --- [api-gateway] [           main] o.s.c.g.r.RouteDefinitionRouteLocator    : RouteDefinition payment-service applying filter {} to JwtAuthFilter
2026-06-03T01:38:26.772+05:30 DEBUG 9352 --- [api-gateway] [           main] o.s.c.g.r.RouteDefinitionRouteLocator    : RouteDefinition matched: payment-service
2026-06-03T01:38:26.774+05:30 DEBUG 9352 --- [api-gateway] [           main] o.s.c.g.r.RouteDefinitionRouteLocator    : RouteDefinition shipping-service applying {_genkey_0=/api/shipping/**} to Path
2026-06-03T01:38:26.788+05:30 DEBUG 9352 --- [api-gateway] [           main] o.s.c.g.r.RouteDefinitionRouteLocator    : RouteDefinition shipping-service applying filter {} to JwtAuthFilter
2026-06-03T01:38:26.791+05:30 DEBUG 9352 --- [api-gateway] [           main] o.s.c.g.r.RouteDefinitionRouteLocator    : RouteDefinition matched: shipping-service
2026-06-03T01:38:26.792+05:30 DEBUG 9352 --- [api-gateway] [           main] o.s.c.g.r.RouteDefinitionRouteLocator    : RouteDefinition notification-service applying {_genkey_0=/api/notifications/**} to Path
2026-06-03T01:38:26.803+05:30 DEBUG 9352 --- [api-gateway] [           main] o.s.c.g.r.RouteDefinitionRouteLocator    : RouteDefinition notification-service applying filter {} to JwtAuthFilter
2026-06-03T01:38:26.817+05:30 DEBUG 9352 --- [api-gateway] [           main] o.s.c.g.r.RouteDefinitionRouteLocator    : RouteDefinition matched: notification-service
2026-06-03T01:38:26.819+05:30 DEBUG 9352 --- [api-gateway] [           main] o.s.c.g.r.RouteDefinitionRouteLocator    : RouteDefinition user-service applying {_genkey_0=/api/users/**} to Path
2026-06-03T01:38:26.823+05:30 DEBUG 9352 --- [api-gateway] [           main] o.s.c.g.r.RouteDefinitionRouteLocator    : RouteDefinition user-service applying filter {} to JwtAuthFilter
2026-06-03T01:38:26.826+05:30 DEBUG 9352 --- [api-gateway] [           main] o.s.c.g.r.RouteDefinitionRouteLocator    : RouteDefinition matched: user-service
2026-06-03T01:38:26.827+05:30 DEBUG 9352 --- [api-gateway] [           main] o.s.c.g.r.RouteDefinitionRouteLocator    : RouteDefinition product-service applying {_genkey_0=/api/products/**} to Path
2026-06-03T01:38:26.835+05:30 DEBUG 9352 --- [api-gateway] [           main] o.s.c.g.r.RouteDefinitionRouteLocator    : RouteDefinition product-service applying filter {} to JwtAuthFilter
2026-06-03T01:38:26.838+05:30 DEBUG 9352 --- [api-gateway] [           main] o.s.c.g.r.RouteDefinitionRouteLocator    : RouteDefinition matched: product-service
2026-06-03T01:38:26.839+05:30 DEBUG 9352 --- [api-gateway] [           main] o.s.c.g.r.RouteDefinitionRouteLocator    : RouteDefinition cart-service applying {_genkey_0=/api/cart/**} to Path
2026-06-03T01:38:26.843+05:30 DEBUG 9352 --- [api-gateway] [           main] o.s.c.g.r.RouteDefinitionRouteLocator    : RouteDefinition cart-service applying filter {} to JwtAuthFilter
2026-06-03T01:38:26.846+05:30 DEBUG 9352 --- [api-gateway] [           main] o.s.c.g.r.RouteDefinitionRouteLocator    : RouteDefinition matched: cart-service
2026-06-03T01:38:26.872+05:30 DEBUG 9352 --- [api-gateway] [           main] o.s.c.g.filter.GatewayMetricsFilter      : New routes count: 10
2026-06-03T01:38:26.989+05:30  INFO 9352 --- [api-gateway] [nfoReplicator-0] com.netflix.discovery.DiscoveryClient    : DiscoveryClient_API-GATEWAY/localhost:api-gateway:8080 - registration status: 204
2026-06-03T01:38:33.546+05:30  INFO 9352 --- [api-gateway] [           main] o.s.b.web.embedded.netty.NettyWebServer  : Netty started on port 8080
2026-06-03T01:38:33.552+05:30  INFO 9352 --- [api-gateway] [           main] .s.c.n.e.s.EurekaAutoServiceRegistration : Updating port to 8080
2026-06-03T01:38:40.989+05:30 DEBUG 9352 --- [api-gateway] [           main] o.s.c.g.r.RouteDefinitionRouteLocator    : RouteDefinition ReactiveCompositeDiscoveryClient_ORDER-SERVICE applying {pattern=/order-service/**} to Path
2026-06-03T01:38:41.068+05:30 DEBUG 9352 --- [api-gateway] [           main] o.s.c.g.r.RouteDefinitionRouteLocator    : RouteDefinition ReactiveCompositeDiscoveryClient_ORDER-SERVICE applying filter {regexp=/order-service/?(?<remaining>.*), replacement=/${remaining}} to RewritePath
2026-06-03T01:38:41.111+05:30 DEBUG 9352 --- [api-gateway] [           main] o.s.c.g.r.RouteDefinitionRouteLocator    : RouteDefinition matched: ReactiveCompositeDiscoveryClient_ORDER-SERVICE
2026-06-03T01:38:41.115+05:30 DEBUG 9352 --- [api-gateway] [           main] o.s.c.g.r.RouteDefinitionRouteLocator    : RouteDefinition auth-service applying {_genkey_0=/api/auth/**} to Path
2026-06-03T01:38:41.123+05:30 DEBUG 9352 --- [api-gateway] [           main] o.s.c.g.r.RouteDefinitionRouteLocator    : RouteDefinition matched: auth-service
2026-06-03T01:38:41.125+05:30 DEBUG 9352 --- [api-gateway] [           main] o.s.c.g.r.RouteDefinitionRouteLocator    : RouteDefinition order-service applying {_genkey_0=/api/orders/**} to Path
2026-06-03T01:38:41.135+05:30 DEBUG 9352 --- [api-gateway] [           main] o.s.c.g.r.RouteDefinitionRouteLocator    : RouteDefinition order-service applying filter {} to JwtAuthFilter
2026-06-03T01:38:41.140+05:30 DEBUG 9352 --- [api-gateway] [           main] o.s.c.g.r.RouteDefinitionRouteLocator    : RouteDefinition matched: order-service
2026-06-03T01:38:41.151+05:30 DEBUG 9352 --- [api-gateway] [           main] o.s.c.g.r.RouteDefinitionRouteLocator    : RouteDefinition inventory-service applying {_genkey_0=/api/inventory/**} to Path
2026-06-03T01:38:41.184+05:30 DEBUG 9352 --- [api-gateway] [           main] o.s.c.g.r.RouteDefinitionRouteLocator    : RouteDefinition inventory-service applying filter {} to JwtAuthFilter
2026-06-03T01:38:41.195+05:30 DEBUG 9352 --- [api-gateway] [           main] o.s.c.g.r.RouteDefinitionRouteLocator    : RouteDefinition matched: inventory-service
2026-06-03T01:38:41.196+05:30 DEBUG 9352 --- [api-gateway] [           main] o.s.c.g.r.RouteDefinitionRouteLocator    : RouteDefinition payment-service applying {_genkey_0=/api/payments/**} to Path
2026-06-03T01:38:41.201+05:30 DEBUG 9352 --- [api-gateway] [           main] o.s.c.g.r.RouteDefinitionRouteLocator    : RouteDefinition payment-service applying filter {} to JwtAuthFilter
2026-06-03T01:38:41.204+05:30 DEBUG 9352 --- [api-gateway] [           main] o.s.c.g.r.RouteDefinitionRouteLocator    : RouteDefinition matched: payment-service
2026-06-03T01:38:41.206+05:30 DEBUG 9352 --- [api-gateway] [           main] o.s.c.g.r.RouteDefinitionRouteLocator    : RouteDefinition shipping-service applying {_genkey_0=/api/shipping/**} to Path
2026-06-03T01:38:41.209+05:30 DEBUG 9352 --- [api-gateway] [           main] o.s.c.g.r.RouteDefinitionRouteLocator    : RouteDefinition shipping-service applying filter {} to JwtAuthFilter
2026-06-03T01:38:41.212+05:30 DEBUG 9352 --- [api-gateway] [           main] o.s.c.g.r.RouteDefinitionRouteLocator    : RouteDefinition matched: shipping-service
2026-06-03T01:38:41.214+05:30 DEBUG 9352 --- [api-gateway] [           main] o.s.c.g.r.RouteDefinitionRouteLocator    : RouteDefinition notification-service applying {_genkey_0=/api/notifications/**} to Path
2026-06-03T01:38:41.217+05:30 DEBUG 9352 --- [api-gateway] [           main] o.s.c.g.r.RouteDefinitionRouteLocator    : RouteDefinition notification-service applying filter {} to JwtAuthFilter
2026-06-03T01:38:41.219+05:30 DEBUG 9352 --- [api-gateway] [           main] o.s.c.g.r.RouteDefinitionRouteLocator    : RouteDefinition matched: notification-service
2026-06-03T01:38:41.221+05:30 DEBUG 9352 --- [api-gateway] [           main] o.s.c.g.r.RouteDefinitionRouteLocator    : RouteDefinition user-service applying {_genkey_0=/api/users/**} to Path
2026-06-03T01:38:41.227+05:30 DEBUG 9352 --- [api-gateway] [           main] o.s.c.g.r.RouteDefinitionRouteLocator    : RouteDefinition user-service applying filter {} to JwtAuthFilter
2026-06-03T01:38:41.234+05:30 DEBUG 9352 --- [api-gateway] [           main] o.s.c.g.r.RouteDefinitionRouteLocator    : RouteDefinition matched: user-service
2026-06-03T01:38:41.236+05:30 DEBUG 9352 --- [api-gateway] [           main] o.s.c.g.r.RouteDefinitionRouteLocator    : RouteDefinition product-service applying {_genkey_0=/api/products/**} to Path
2026-06-03T01:38:41.241+05:30 DEBUG 9352 --- [api-gateway] [           main] o.s.c.g.r.RouteDefinitionRouteLocator    : RouteDefinition product-service applying filter {} to JwtAuthFilter
2026-06-03T01:38:41.243+05:30 DEBUG 9352 --- [api-gateway] [           main] o.s.c.g.r.RouteDefinitionRouteLocator    : RouteDefinition matched: product-service
2026-06-03T01:38:41.244+05:30 DEBUG 9352 --- [api-gateway] [           main] o.s.c.g.r.RouteDefinitionRouteLocator    : RouteDefinition cart-service applying {_genkey_0=/api/cart/**} to Path
2026-06-03T01:38:41.252+05:30 DEBUG 9352 --- [api-gateway] [           main] o.s.c.g.r.RouteDefinitionRouteLocator    : RouteDefinition cart-service applying filter {} to JwtAuthFilter
2026-06-03T01:38:41.259+05:30 DEBUG 9352 --- [api-gateway] [           main] o.s.c.g.r.RouteDefinitionRouteLocator    : RouteDefinition matched: cart-service
2026-06-03T01:38:41.267+05:30 DEBUG 9352 --- [api-gateway] [           main] o.s.c.g.filter.GatewayMetricsFilter      : New routes count: 10
2026-06-03T01:38:41.277+05:30  INFO 9352 --- [api-gateway] [           main] c.h.apigateway.ApiGatewayApplication     : Started ApiGatewayApplication in 150.118 seconds (process running for 157.015)
2026-06-03T01:38:56.504+05:30 DEBUG 9352 --- [api-gateway] [freshExecutor-0] o.s.c.g.r.RouteDefinitionRouteLocator    : RouteDefinition ReactiveCompositeDiscoveryClient_API-GATEWAY applying {pattern=/api-gateway/**} to Path
2026-06-03T01:38:56.517+05:30 DEBUG 9352 --- [api-gateway] [freshExecutor-0] o.s.c.g.r.RouteDefinitionRouteLocator    : RouteDefinition ReactiveCompositeDiscoveryClient_API-GATEWAY applying filter {regexp=/api-gateway/?(?<remaining>.*), replacement=/${remaining}} to RewritePath
2026-06-03T01:38:56.524+05:30 DEBUG 9352 --- [api-gateway] [freshExecutor-0] o.s.c.g.r.RouteDefinitionRouteLocator    : RouteDefinition matched: ReactiveCompositeDiscoveryClient_API-GATEWAY
2026-06-03T01:38:56.530+05:30 DEBUG 9352 --- [api-gateway] [freshExecutor-0] o.s.c.g.r.RouteDefinitionRouteLocator    : RouteDefinition ReactiveCompositeDiscoveryClient_ORDER-SERVICE applying {pattern=/order-service/**} to Path
2026-06-03T01:38:56.538+05:30 DEBUG 9352 --- [api-gateway] [freshExecutor-0] o.s.c.g.r.RouteDefinitionRouteLocator    : RouteDefinition ReactiveCompositeDiscoveryClient_ORDER-SERVICE applying filter {regexp=/order-service/?(?<remaining>.*), replacement=/${remaining}} to RewritePath
2026-06-03T01:38:56.544+05:30 DEBUG 9352 --- [api-gateway] [freshExecutor-0] o.s.c.g.r.RouteDefinitionRouteLocator    : RouteDefinition matched: ReactiveCompositeDiscoveryClient_ORDER-SERVICE
2026-06-03T01:38:56.548+05:30 DEBUG 9352 --- [api-gateway] [freshExecutor-0] o.s.c.g.r.RouteDefinitionRouteLocator    : RouteDefinition auth-service applying {_genkey_0=/api/auth/**} to Path
2026-06-03T01:38:56.555+05:30 DEBUG 9352 --- [api-gateway] [freshExecutor-0] o.s.c.g.r.RouteDefinitionRouteLocator    : RouteDefinition matched: auth-service
2026-06-03T01:38:56.558+05:30 DEBUG 9352 --- [api-gateway] [freshExecutor-0] o.s.c.g.r.RouteDefinitionRouteLocator    : RouteDefinition order-service applying {_genkey_0=/api/orders/**} to Path
2026-06-03T01:38:56.571+05:30 DEBUG 9352 --- [api-gateway] [freshExecutor-0] o.s.c.g.r.RouteDefinitionRouteLocator    : RouteDefinition order-service applying filter {} to JwtAuthFilter
2026-06-03T01:38:56.585+05:30 DEBUG 9352 --- [api-gateway] [freshExecutor-0] o.s.c.g.r.RouteDefinitionRouteLocator    : RouteDefinition matched: order-service
2026-06-03T01:38:56.587+05:30 DEBUG 9352 --- [api-gateway] [freshExecutor-0] o.s.c.g.r.RouteDefinitionRouteLocator    : RouteDefinition inventory-service applying {_genkey_0=/api/inventory/**} to Path
2026-06-03T01:38:56.594+05:30 DEBUG 9352 --- [api-gateway] [freshExecutor-0] o.s.c.g.r.RouteDefinitionRouteLocator    : RouteDefinition inventory-service applying filter {} to JwtAuthFilter
2026-06-03T01:38:56.599+05:30 DEBUG 9352 --- [api-gateway] [freshExecutor-0] o.s.c.g.r.RouteDefinitionRouteLocator    : RouteDefinition matched: inventory-service
2026-06-03T01:38:56.602+05:30 DEBUG 9352 --- [api-gateway] [freshExecutor-0] o.s.c.g.r.RouteDefinitionRouteLocator    : RouteDefinition payment-service applying {_genkey_0=/api/payments/**} to Path
2026-06-03T01:38:56.610+05:30 DEBUG 9352 --- [api-gateway] [freshExecutor-0] o.s.c.g.r.RouteDefinitionRouteLocator    : RouteDefinition payment-service applying filter {} to JwtAuthFilter
2026-06-03T01:38:56.615+05:30 DEBUG 9352 --- [api-gateway] [freshExecutor-0] o.s.c.g.r.RouteDefinitionRouteLocator    : RouteDefinition matched: payment-service
2026-06-03T01:38:56.616+05:30 DEBUG 9352 --- [api-gateway] [freshExecutor-0] o.s.c.g.r.RouteDefinitionRouteLocator    : RouteDefinition shipping-service applying {_genkey_0=/api/shipping/**} to Path
2026-06-03T01:38:56.621+05:30 DEBUG 9352 --- [api-gateway] [freshExecutor-0] o.s.c.g.r.RouteDefinitionRouteLocator    : RouteDefinition shipping-service applying filter {} to JwtAuthFilter
2026-06-03T01:38:56.627+05:30 DEBUG 9352 --- [api-gateway] [freshExecutor-0] o.s.c.g.r.RouteDefinitionRouteLocator    : RouteDefinition matched: shipping-service
2026-06-03T01:38:56.629+05:30 DEBUG 9352 --- [api-gateway] [freshExecutor-0] o.s.c.g.r.RouteDefinitionRouteLocator    : RouteDefinition notification-service applying {_genkey_0=/api/notifications/**} to Path
2026-06-03T01:38:56.632+05:30 DEBUG 9352 --- [api-gateway] [freshExecutor-0] o.s.c.g.r.RouteDefinitionRouteLocator    : RouteDefinition notification-service applying filter {} to JwtAuthFilter
2026-06-03T01:38:56.634+05:30 DEBUG 9352 --- [api-gateway] [freshExecutor-0] o.s.c.g.r.RouteDefinitionRouteLocator    : RouteDefinition matched: notification-service
2026-06-03T01:38:56.636+05:30 DEBUG 9352 --- [api-gateway] [freshExecutor-0] o.s.c.g.r.RouteDefinitionRouteLocator    : RouteDefinition user-service applying {_genkey_0=/api/users/**} to Path
2026-06-03T01:38:56.638+05:30 DEBUG 9352 --- [api-gateway] [freshExecutor-0] o.s.c.g.r.RouteDefinitionRouteLocator    : RouteDefinition user-service applying filter {} to JwtAuthFilter
2026-06-03T01:38:56.640+05:30 DEBUG 9352 --- [api-gateway] [freshExecutor-0] o.s.c.g.r.RouteDefinitionRouteLocator    : RouteDefinition matched: user-service
2026-06-03T01:38:56.641+05:30 DEBUG 9352 --- [api-gateway] [freshExecutor-0] o.s.c.g.r.RouteDefinitionRouteLocator    : RouteDefinition product-service applying {_genkey_0=/api/products/**} to Path
2026-06-03T01:38:56.645+05:30 DEBUG 9352 --- [api-gateway] [freshExecutor-0] o.s.c.g.r.RouteDefinitionRouteLocator    : RouteDefinition product-service applying filter {} to JwtAuthFilter
2026-06-03T01:38:56.646+05:30 DEBUG 9352 --- [api-gateway] [freshExecutor-0] o.s.c.g.r.RouteDefinitionRouteLocator    : RouteDefinition matched: product-service
2026-06-03T01:38:56.647+05:30 DEBUG 9352 --- [api-gateway] [freshExecutor-0] o.s.c.g.r.RouteDefinitionRouteLocator    : RouteDefinition cart-service applying {_genkey_0=/api/cart/**} to Path
2026-06-03T01:38:56.649+05:30 DEBUG 9352 --- [api-gateway] [freshExecutor-0] o.s.c.g.r.RouteDefinitionRouteLocator    : RouteDefinition cart-service applying filter {} to JwtAuthFilter
2026-06-03T01:38:56.650+05:30 DEBUG 9352 --- [api-gateway] [freshExecutor-0] o.s.c.g.r.RouteDefinitionRouteLocator    : RouteDefinition matched: cart-service
2026-06-03T01:38:56.657+05:30 DEBUG 9352 --- [api-gateway] [freshExecutor-0] o.s.c.g.filter.GatewayMetricsFilter      : New routes count: 11
2026-06-03T01:39:26.722+05:30 DEBUG 9352 --- [api-gateway] [freshExecutor-0] o.s.c.g.r.RouteDefinitionRouteLocator    : RouteDefinition ReactiveCompositeDiscoveryClient_API-GATEWAY applying {pattern=/api-gateway/**} to Path
2026-06-03T01:39:26.731+05:30 DEBUG 9352 --- [api-gateway] [freshExecutor-0] o.s.c.g.r.RouteDefinitionRouteLocator    : RouteDefinition ReactiveCompositeDiscoveryClient_API-GATEWAY applying filter {regexp=/api-gateway/?(?<remaining>.*), replacement=/${remaining}} to RewritePath
2026-06-03T01:39:26.734+05:30 DEBUG 9352 --- [api-gateway] [freshExecutor-0] o.s.c.g.r.RouteDefinitionRouteLocator    : RouteDefinition matched: ReactiveCompositeDiscoveryClient_API-GATEWAY
2026-06-03T01:39:26.736+05:30 DEBUG 9352 --- [api-gateway] [freshExecutor-0] o.s.c.g.r.RouteDefinitionRouteLocator    : RouteDefinition ReactiveCompositeDiscoveryClient_ORDER-SERVICE applying {pattern=/order-service/**} to Path
2026-06-03T01:39:26.739+05:30 DEBUG 9352 --- [api-gateway] [freshExecutor-0] o.s.c.g.r.RouteDefinitionRouteLocator    : RouteDefinition ReactiveCompositeDiscoveryClient_ORDER-SERVICE applying filter {regexp=/order-service/?(?<remaining>.*), replacement=/${remaining}} to RewritePath
2026-06-03T01:39:26.743+05:30 DEBUG 9352 --- [api-gateway] [freshExecutor-0] o.s.c.g.r.RouteDefinitionRouteLocator    : RouteDefinition matched: ReactiveCompositeDiscoveryClient_ORDER-SERVICE
2026-06-03T01:39:26.745+05:30 DEBUG 9352 --- [api-gateway] [freshExecutor-0] o.s.c.g.r.RouteDefinitionRouteLocator    : RouteDefinition ReactiveCompositeDiscoveryClient_INVENTORY-SERVICE applying {pattern=/inventory-service/**} to Path
2026-06-03T01:39:26.748+05:30 DEBUG 9352 --- [api-gateway] [freshExecutor-0] o.s.c.g.r.RouteDefinitionRouteLocator    : RouteDefinition ReactiveCompositeDiscoveryClient_INVENTORY-SERVICE applying filter {regexp=/inventory-service/?(?<remaining>.*), replacement=/${remaining}} to RewritePath
2026-06-03T01:39:26.753+05:30 DEBUG 9352 --- [api-gateway] [freshExecutor-0] o.s.c.g.r.RouteDefinitionRouteLocator    : RouteDefinition matched: ReactiveCompositeDiscoveryClient_INVENTORY-SERVICE
2026-06-03T01:39:26.754+05:30 DEBUG 9352 --- [api-gateway] [freshExecutor-0] o.s.c.g.r.RouteDefinitionRouteLocator    : RouteDefinition auth-service applying {_genkey_0=/api/auth/**} to Path
2026-06-03T01:39:26.756+05:30 DEBUG 9352 --- [api-gateway] [freshExecutor-0] o.s.c.g.r.RouteDefinitionRouteLocator    : RouteDefinition matched: auth-service
2026-06-03T01:39:26.757+05:30 DEBUG 9352 --- [api-gateway] [freshExecutor-0] o.s.c.g.r.RouteDefinitionRouteLocator    : RouteDefinition order-service applying {_genkey_0=/api/orders/**} to Path
2026-06-03T01:39:26.761+05:30 DEBUG 9352 --- [api-gateway] [freshExecutor-0] o.s.c.g.r.RouteDefinitionRouteLocator    : RouteDefinition order-service applying filter {} to JwtAuthFilter
2026-06-03T01:39:26.764+05:30 DEBUG 9352 --- [api-gateway] [freshExecutor-0] o.s.c.g.r.RouteDefinitionRouteLocator    : RouteDefinition matched: order-service
2026-06-03T01:39:26.764+05:30 DEBUG 9352 --- [api-gateway] [freshExecutor-0] o.s.c.g.r.RouteDefinitionRouteLocator    : RouteDefinition inventory-service applying {_genkey_0=/api/inventory/**} to Path
2026-06-03T01:39:26.767+05:30 DEBUG 9352 --- [api-gateway] [freshExecutor-0] o.s.c.g.r.RouteDefinitionRouteLocator    : RouteDefinition inventory-service applying filter {} to JwtAuthFilter
2026-06-03T01:39:26.771+05:30 DEBUG 9352 --- [api-gateway] [freshExecutor-0] o.s.c.g.r.RouteDefinitionRouteLocator    : RouteDefinition matched: inventory-service
2026-06-03T01:39:26.771+05:30 DEBUG 9352 --- [api-gateway] [freshExecutor-0] o.s.c.g.r.RouteDefinitionRouteLocator    : RouteDefinition payment-service applying {_genkey_0=/api/payments/**} to Path
2026-06-03T01:39:26.775+05:30 DEBUG 9352 --- [api-gateway] [freshExecutor-0] o.s.c.g.r.RouteDefinitionRouteLocator    : RouteDefinition payment-service applying filter {} to JwtAuthFilter
2026-06-03T01:39:26.777+05:30 DEBUG 9352 --- [api-gateway] [freshExecutor-0] o.s.c.g.r.RouteDefinitionRouteLocator    : RouteDefinition matched: payment-service
2026-06-03T01:39:26.778+05:30 DEBUG 9352 --- [api-gateway] [freshExecutor-0] o.s.c.g.r.RouteDefinitionRouteLocator    : RouteDefinition shipping-service applying {_genkey_0=/api/shipping/**} to Path
2026-06-03T01:39:26.782+05:30 DEBUG 9352 --- [api-gateway] [freshExecutor-0] o.s.c.g.r.RouteDefinitionRouteLocator    : RouteDefinition shipping-service applying filter {} to JwtAuthFilter
2026-06-03T01:39:26.787+05:30 DEBUG 9352 --- [api-gateway] [freshExecutor-0] o.s.c.g.r.RouteDefinitionRouteLocator    : RouteDefinition matched: shipping-service
2026-06-03T01:39:26.788+05:30 DEBUG 9352 --- [api-gateway] [freshExecutor-0] o.s.c.g.r.RouteDefinitionRouteLocator    : RouteDefinition notification-service applying {_genkey_0=/api/notifications/**} to Path
2026-06-03T01:39:26.790+05:30 DEBUG 9352 --- [api-gateway] [freshExecutor-0] o.s.c.g.r.RouteDefinitionRouteLocator    : RouteDefinition notification-service applying filter {} to JwtAuthFilter
2026-06-03T01:39:26.792+05:30 DEBUG 9352 --- [api-gateway] [freshExecutor-0] o.s.c.g.r.RouteDefinitionRouteLocator    : RouteDefinition matched: notification-service
2026-06-03T01:39:26.793+05:30 DEBUG 9352 --- [api-gateway] [freshExecutor-0] o.s.c.g.r.RouteDefinitionRouteLocator    : RouteDefinition user-service applying {_genkey_0=/api/users/**} to Path
2026-06-03T01:39:26.795+05:30 DEBUG 9352 --- [api-gateway] [freshExecutor-0] o.s.c.g.r.RouteDefinitionRouteLocator    : RouteDefinition user-service applying filter {} to JwtAuthFilter
2026-06-03T01:39:26.798+05:30 DEBUG 9352 --- [api-gateway] [freshExecutor-0] o.s.c.g.r.RouteDefinitionRouteLocator    : RouteDefinition matched: user-service
2026-06-03T01:39:26.798+05:30 DEBUG 9352 --- [api-gateway] [freshExecutor-0] o.s.c.g.r.RouteDefinitionRouteLocator    : RouteDefinition product-service applying {_genkey_0=/api/products/**} to Path
2026-06-03T01:39:26.802+05:30 DEBUG 9352 --- [api-gateway] [freshExecutor-0] o.s.c.g.r.RouteDefinitionRouteLocator    : RouteDefinition product-service applying filter {} to JwtAuthFilter
2026-06-03T01:39:26.806+05:30 DEBUG 9352 --- [api-gateway] [freshExecutor-0] o.s.c.g.r.RouteDefinitionRouteLocator    : RouteDefinition matched: product-service
2026-06-03T01:39:26.806+05:30 DEBUG 9352 --- [api-gateway] [freshExecutor-0] o.s.c.g.r.RouteDefinitionRouteLocator    : RouteDefinition cart-service applying {_genkey_0=/api/cart/**} to Path
2026-06-03T01:39:26.808+05:30 DEBUG 9352 --- [api-gateway] [freshExecutor-0] o.s.c.g.r.RouteDefinitionRouteLocator    : RouteDefinition cart-service applying filter {} to JwtAuthFilter
2026-06-03T01:39:26.811+05:30 DEBUG 9352 --- [api-gateway] [freshExecutor-0] o.s.c.g.r.RouteDefinitionRouteLocator    : RouteDefinition matched: cart-service
2026-06-03T01:39:26.814+05:30 DEBUG 9352 --- [api-gateway] [freshExecutor-0] o.s.c.g.filter.GatewayMetricsFilter      : New routes count: 12
2026-06-03T01:39:57.350+05:30 DEBUG 9352 --- [api-gateway] [freshExecutor-0] o.s.c.g.r.RouteDefinitionRouteLocator    : RouteDefinition ReactiveCompositeDiscoveryClient_API-GATEWAY applying {pattern=/api-gateway/**} to Path
2026-06-03T01:39:57.658+05:30 DEBUG 9352 --- [api-gateway] [freshExecutor-0] o.s.c.g.r.RouteDefinitionRouteLocator    : RouteDefinition ReactiveCompositeDiscoveryClient_API-GATEWAY applying filter {regexp=/api-gateway/?(?<remaining>.*), replacement=/${remaining}} to RewritePath
2026-06-03T01:39:57.867+05:30 DEBUG 9352 --- [api-gateway] [freshExecutor-0] o.s.c.g.r.RouteDefinitionRouteLocator    : RouteDefinition matched: ReactiveCompositeDiscoveryClient_API-GATEWAY
2026-06-03T01:39:57.869+05:30 DEBUG 9352 --- [api-gateway] [freshExecutor-0] o.s.c.g.r.RouteDefinitionRouteLocator    : RouteDefinition ReactiveCompositeDiscoveryClient_ORDER-SERVICE applying {pattern=/order-service/**} to Path
2026-06-03T01:39:57.881+05:30 DEBUG 9352 --- [api-gateway] [freshExecutor-0] o.s.c.g.r.RouteDefinitionRouteLocator    : RouteDefinition ReactiveCompositeDiscoveryClient_ORDER-SERVICE applying filter {regexp=/order-service/?(?<remaining>.*), replacement=/${remaining}} to RewritePath
2026-06-03T01:39:57.887+05:30 DEBUG 9352 --- [api-gateway] [freshExecutor-0] o.s.c.g.r.RouteDefinitionRouteLocator    : RouteDefinition matched: ReactiveCompositeDiscoveryClient_ORDER-SERVICE
2026-06-03T01:39:57.893+05:30 DEBUG 9352 --- [api-gateway] [freshExecutor-0] o.s.c.g.r.RouteDefinitionRouteLocator    : RouteDefinition ReactiveCompositeDiscoveryClient_CART-SERVICE applying {pattern=/cart-service/**} to Path
2026-06-03T01:39:57.907+05:30 DEBUG 9352 --- [api-gateway] [freshExecutor-0] o.s.c.g.r.RouteDefinitionRouteLocator    : RouteDefinition ReactiveCompositeDiscoveryClient_CART-SERVICE applying filter {regexp=/cart-service/?(?<remaining>.*), replacement=/${remaining}} to RewritePath
2026-06-03T01:39:57.911+05:30 DEBUG 9352 --- [api-gateway] [freshExecutor-0] o.s.c.g.r.RouteDefinitionRouteLocator    : RouteDefinition matched: ReactiveCompositeDiscoveryClient_CART-SERVICE
2026-06-03T01:39:57.921+05:30 DEBUG 9352 --- [api-gateway] [freshExecutor-0] o.s.c.g.r.RouteDefinitionRouteLocator    : RouteDefinition ReactiveCompositeDiscoveryClient_INVENTORY-SERVICE applying {pattern=/inventory-service/**} to Path
2026-06-03T01:39:57.932+05:30 DEBUG 9352 --- [api-gateway] [freshExecutor-0] o.s.c.g.r.RouteDefinitionRouteLocator    : RouteDefinition ReactiveCompositeDiscoveryClient_INVENTORY-SERVICE applying filter {regexp=/inventory-service/?(?<remaining>.*), replacement=/${remaining}} to RewritePath
2026-06-03T01:39:57.940+05:30 DEBUG 9352 --- [api-gateway] [freshExecutor-0] o.s.c.g.r.RouteDefinitionRouteLocator    : RouteDefinition matched: ReactiveCompositeDiscoveryClient_INVENTORY-SERVICE
2026-06-03T01:39:57.944+05:30 DEBUG 9352 --- [api-gateway] [freshExecutor-0] o.s.c.g.r.RouteDefinitionRouteLocator    : RouteDefinition auth-service applying {_genkey_0=/api/auth/**} to Path
2026-06-03T01:39:57.961+05:30 DEBUG 9352 --- [api-gateway] [freshExecutor-0] o.s.c.g.r.RouteDefinitionRouteLocator    : RouteDefinition matched: auth-service
2026-06-03T01:39:57.965+05:30 DEBUG 9352 --- [api-gateway] [freshExecutor-0] o.s.c.g.r.RouteDefinitionRouteLocator    : RouteDefinition order-service applying {_genkey_0=/api/orders/**} to Path
2026-06-03T01:39:57.972+05:30 DEBUG 9352 --- [api-gateway] [freshExecutor-0] o.s.c.g.r.RouteDefinitionRouteLocator    : RouteDefinition order-service applying filter {} to JwtAuthFilter
2026-06-03T01:39:57.977+05:30 DEBUG 9352 --- [api-gateway] [freshExecutor-0] o.s.c.g.r.RouteDefinitionRouteLocator    : RouteDefinition matched: order-service
2026-06-03T01:39:57.979+05:30 DEBUG 9352 --- [api-gateway] [freshExecutor-0] o.s.c.g.r.RouteDefinitionRouteLocator    : RouteDefinition inventory-service applying {_genkey_0=/api/inventory/**} to Path
2026-06-03T01:39:57.984+05:30 DEBUG 9352 --- [api-gateway] [freshExecutor-0] o.s.c.g.r.RouteDefinitionRouteLocator    : RouteDefinition inventory-service applying filter {} to JwtAuthFilter
2026-06-03T01:39:57.989+05:30 DEBUG 9352 --- [api-gateway] [freshExecutor-0] o.s.c.g.r.RouteDefinitionRouteLocator    : RouteDefinition matched: inventory-service
2026-06-03T01:39:57.990+05:30 DEBUG 9352 --- [api-gateway] [freshExecutor-0] o.s.c.g.r.RouteDefinitionRouteLocator    : RouteDefinition payment-service applying {_genkey_0=/api/payments/**} to Path
2026-06-03T01:39:57.998+05:30 DEBUG 9352 --- [api-gateway] [freshExecutor-0] o.s.c.g.r.RouteDefinitionRouteLocator    : RouteDefinition payment-service applying filter {} to JwtAuthFilter
2026-06-03T01:39:58.009+05:30 DEBUG 9352 --- [api-gateway] [freshExecutor-0] o.s.c.g.r.RouteDefinitionRouteLocator    : RouteDefinition matched: payment-service
2026-06-03T01:39:58.010+05:30 DEBUG 9352 --- [api-gateway] [freshExecutor-0] o.s.c.g.r.RouteDefinitionRouteLocator    : RouteDefinition shipping-service applying {_genkey_0=/api/shipping/**} to Path
2026-06-03T01:39:58.013+05:30 DEBUG 9352 --- [api-gateway] [freshExecutor-0] o.s.c.g.r.RouteDefinitionRouteLocator    : RouteDefinition shipping-service applying filter {} to JwtAuthFilter
2026-06-03T01:39:58.018+05:30 DEBUG 9352 --- [api-gateway] [freshExecutor-0] o.s.c.g.r.RouteDefinitionRouteLocator    : RouteDefinition matched: shipping-service
2026-06-03T01:39:58.021+05:30 DEBUG 9352 --- [api-gateway] [freshExecutor-0] o.s.c.g.r.RouteDefinitionRouteLocator    : RouteDefinition notification-service applying {_genkey_0=/api/notifications/**} to Path
2026-06-03T01:39:58.026+05:30 DEBUG 9352 --- [api-gateway] [freshExecutor-0] o.s.c.g.r.RouteDefinitionRouteLocator    : RouteDefinition notification-service applying filter {} to JwtAuthFilter
2026-06-03T01:39:58.029+05:30 DEBUG 9352 --- [api-gateway] [freshExecutor-0] o.s.c.g.r.RouteDefinitionRouteLocator    : RouteDefinition matched: notification-service
2026-06-03T01:39:58.030+05:30 DEBUG 9352 --- [api-gateway] [freshExecutor-0] o.s.c.g.r.RouteDefinitionRouteLocator    : RouteDefinition user-service applying {_genkey_0=/api/users/**} to Path
2026-06-03T01:39:58.034+05:30 DEBUG 9352 --- [api-gateway] [freshExecutor-0] o.s.c.g.r.RouteDefinitionRouteLocator    : RouteDefinition user-service applying filter {} to JwtAuthFilter
2026-06-03T01:39:58.039+05:30 DEBUG 9352 --- [api-gateway] [freshExecutor-0] o.s.c.g.r.RouteDefinitionRouteLocator    : RouteDefinition matched: user-service
2026-06-03T01:39:58.040+05:30 DEBUG 9352 --- [api-gateway] [freshExecutor-0] o.s.c.g.r.RouteDefinitionRouteLocator    : RouteDefinition product-service applying {_genkey_0=/api/products/**} to Path
2026-06-03T01:39:58.046+05:30 DEBUG 9352 --- [api-gateway] [freshExecutor-0] o.s.c.g.r.RouteDefinitionRouteLocator    : RouteDefinition product-service applying filter {} to JwtAuthFilter
2026-06-03T01:39:58.052+05:30 DEBUG 9352 --- [api-gateway] [freshExecutor-0] o.s.c.g.r.RouteDefinitionRouteLocator    : RouteDefinition matched: product-service
2026-06-03T01:39:58.055+05:30 DEBUG 9352 --- [api-gateway] [freshExecutor-0] o.s.c.g.r.RouteDefinitionRouteLocator    : RouteDefinition cart-service applying {_genkey_0=/api/cart/**} to Path
2026-06-03T01:39:58.059+05:30 DEBUG 9352 --- [api-gateway] [freshExecutor-0] o.s.c.g.r.RouteDefinitionRouteLocator    : RouteDefinition cart-service applying filter {} to JwtAuthFilter
2026-06-03T01:39:58.062+05:30 DEBUG 9352 --- [api-gateway] [freshExecutor-0] o.s.c.g.r.RouteDefinitionRouteLocator    : RouteDefinition matched: cart-service
2026-06-03T01:39:58.093+05:30 DEBUG 9352 --- [api-gateway] [freshExecutor-0] o.s.c.g.filter.GatewayMetricsFilter      : New routes count: 13
2026-06-03T01:40:28.453+05:30 DEBUG 9352 --- [api-gateway] [freshExecutor-0] o.s.c.g.r.RouteDefinitionRouteLocator    : RouteDefinition ReactiveCompositeDiscoveryClient_API-GATEWAY applying {pattern=/api-gateway/**} to Path
2026-06-03T01:40:28.663+05:30 DEBUG 9352 --- [api-gateway] [freshExecutor-0] o.s.c.g.r.RouteDefinitionRouteLocator    : RouteDefinition ReactiveCompositeDiscoveryClient_API-GATEWAY applying filter {regexp=/api-gateway/?(?<remaining>.*), replacement=/${remaining}} to RewritePath
2026-06-03T01:40:28.684+05:30 DEBUG 9352 --- [api-gateway] [freshExecutor-0] o.s.c.g.r.RouteDefinitionRouteLocator    : RouteDefinition matched: ReactiveCompositeDiscoveryClient_API-GATEWAY
2026-06-03T01:40:28.686+05:30 DEBUG 9352 --- [api-gateway] [freshExecutor-0] o.s.c.g.r.RouteDefinitionRouteLocator    : RouteDefinition ReactiveCompositeDiscoveryClient_ORDER-SERVICE applying {pattern=/order-service/**} to Path
2026-06-03T01:40:28.692+05:30 DEBUG 9352 --- [api-gateway] [freshExecutor-0] o.s.c.g.r.RouteDefinitionRouteLocator    : RouteDefinition ReactiveCompositeDiscoveryClient_ORDER-SERVICE applying filter {regexp=/order-service/?(?<remaining>.*), replacement=/${remaining}} to RewritePath
2026-06-03T01:40:28.696+05:30 DEBUG 9352 --- [api-gateway] [freshExecutor-0] o.s.c.g.r.RouteDefinitionRouteLocator    : RouteDefinition matched: ReactiveCompositeDiscoveryClient_ORDER-SERVICE
2026-06-03T01:40:28.698+05:30 DEBUG 9352 --- [api-gateway] [freshExecutor-0] o.s.c.g.r.RouteDefinitionRouteLocator    : RouteDefinition ReactiveCompositeDiscoveryClient_CART-SERVICE applying {pattern=/cart-service/**} to Path
2026-06-03T01:40:28.705+05:30 DEBUG 9352 --- [api-gateway] [freshExecutor-0] o.s.c.g.r.RouteDefinitionRouteLocator    : RouteDefinition ReactiveCompositeDiscoveryClient_CART-SERVICE applying filter {regexp=/cart-service/?(?<remaining>.*), replacement=/${remaining}} to RewritePath
2026-06-03T01:40:28.710+05:30 DEBUG 9352 --- [api-gateway] [freshExecutor-0] o.s.c.g.r.RouteDefinitionRouteLocator    : RouteDefinition matched: ReactiveCompositeDiscoveryClient_CART-SERVICE
2026-06-03T01:40:28.714+05:30 DEBUG 9352 --- [api-gateway] [freshExecutor-0] o.s.c.g.r.RouteDefinitionRouteLocator    : RouteDefinition ReactiveCompositeDiscoveryClient_INVENTORY-SERVICE applying {pattern=/inventory-service/**} to Path
2026-06-03T01:40:28.721+05:30 DEBUG 9352 --- [api-gateway] [freshExecutor-0] o.s.c.g.r.RouteDefinitionRouteLocator    : RouteDefinition ReactiveCompositeDiscoveryClient_INVENTORY-SERVICE applying filter {regexp=/inventory-service/?(?<remaining>.*), replacement=/${remaining}} to RewritePath
2026-06-03T01:40:28.724+05:30 DEBUG 9352 --- [api-gateway] [freshExecutor-0] o.s.c.g.r.RouteDefinitionRouteLocator    : RouteDefinition matched: ReactiveCompositeDiscoveryClient_INVENTORY-SERVICE
2026-06-03T01:40:28.726+05:30 DEBUG 9352 --- [api-gateway] [freshExecutor-0] o.s.c.g.r.RouteDefinitionRouteLocator    : RouteDefinition auth-service applying {_genkey_0=/api/auth/**} to Path
2026-06-03T01:40:28.731+05:30 DEBUG 9352 --- [api-gateway] [freshExecutor-0] o.s.c.g.r.RouteDefinitionRouteLocator    : RouteDefinition matched: auth-service
2026-06-03T01:40:28.732+05:30 DEBUG 9352 --- [api-gateway] [freshExecutor-0] o.s.c.g.r.RouteDefinitionRouteLocator    : RouteDefinition order-service applying {_genkey_0=/api/orders/**} to Path
2026-06-03T01:40:28.736+05:30 DEBUG 9352 --- [api-gateway] [freshExecutor-0] o.s.c.g.r.RouteDefinitionRouteLocator    : RouteDefinition order-service applying filter {} to JwtAuthFilter
2026-06-03T01:40:28.740+05:30 DEBUG 9352 --- [api-gateway] [freshExecutor-0] o.s.c.g.r.RouteDefinitionRouteLocator    : RouteDefinition matched: order-service
2026-06-03T01:40:28.742+05:30 DEBUG 9352 --- [api-gateway] [freshExecutor-0] o.s.c.g.r.RouteDefinitionRouteLocator    : RouteDefinition inventory-service applying {_genkey_0=/api/inventory/**} to Path
2026-06-03T01:40:28.747+05:30 DEBUG 9352 --- [api-gateway] [freshExecutor-0] o.s.c.g.r.RouteDefinitionRouteLocator    : RouteDefinition inventory-service applying filter {} to JwtAuthFilter
2026-06-03T01:40:28.751+05:30 DEBUG 9352 --- [api-gateway] [freshExecutor-0] o.s.c.g.r.RouteDefinitionRouteLocator    : RouteDefinition matched: inventory-service
2026-06-03T01:40:28.751+05:30 DEBUG 9352 --- [api-gateway] [freshExecutor-0] o.s.c.g.r.RouteDefinitionRouteLocator    : RouteDefinition payment-service applying {_genkey_0=/api/payments/**} to Path
2026-06-03T01:40:28.757+05:30 DEBUG 9352 --- [api-gateway] [freshExecutor-0] o.s.c.g.r.RouteDefinitionRouteLocator    : RouteDefinition payment-service applying filter {} to JwtAuthFilter
2026-06-03T01:40:28.760+05:30 DEBUG 9352 --- [api-gateway] [freshExecutor-0] o.s.c.g.r.RouteDefinitionRouteLocator    : RouteDefinition matched: payment-service
2026-06-03T01:40:28.762+05:30 DEBUG 9352 --- [api-gateway] [freshExecutor-0] o.s.c.g.r.RouteDefinitionRouteLocator    : RouteDefinition shipping-service applying {_genkey_0=/api/shipping/**} to Path
2026-06-03T01:40:28.768+05:30 DEBUG 9352 --- [api-gateway] [freshExecutor-0] o.s.c.g.r.RouteDefinitionRouteLocator    : RouteDefinition shipping-service applying filter {} to JwtAuthFilter
2026-06-03T01:40:28.773+05:30 DEBUG 9352 --- [api-gateway] [freshExecutor-0] o.s.c.g.r.RouteDefinitionRouteLocator    : RouteDefinition matched: shipping-service
2026-06-03T01:40:28.774+05:30 DEBUG 9352 --- [api-gateway] [freshExecutor-0] o.s.c.g.r.RouteDefinitionRouteLocator    : RouteDefinition notification-service applying {_genkey_0=/api/notifications/**} to Path
2026-06-03T01:40:28.778+05:30 DEBUG 9352 --- [api-gateway] [freshExecutor-0] o.s.c.g.r.RouteDefinitionRouteLocator    : RouteDefinition notification-service applying filter {} to JwtAuthFilter
2026-06-03T01:40:28.782+05:30 DEBUG 9352 --- [api-gateway] [freshExecutor-0] o.s.c.g.r.RouteDefinitionRouteLocator    : RouteDefinition matched: notification-service
2026-06-03T01:40:28.783+05:30 DEBUG 9352 --- [api-gateway] [freshExecutor-0] o.s.c.g.r.RouteDefinitionRouteLocator    : RouteDefinition user-service applying {_genkey_0=/api/users/**} to Path
2026-06-03T01:40:28.795+05:30 DEBUG 9352 --- [api-gateway] [freshExecutor-0] o.s.c.g.r.RouteDefinitionRouteLocator    : RouteDefinition user-service applying filter {} to JwtAuthFilter
2026-06-03T01:40:28.799+05:30 DEBUG 9352 --- [api-gateway] [freshExecutor-0] o.s.c.g.r.RouteDefinitionRouteLocator    : RouteDefinition matched: user-service
2026-06-03T01:40:28.800+05:30 DEBUG 9352 --- [api-gateway] [freshExecutor-0] o.s.c.g.r.RouteDefinitionRouteLocator    : RouteDefinition product-service applying {_genkey_0=/api/products/**} to Path
2026-06-03T01:40:28.813+05:30 DEBUG 9352 --- [api-gateway] [freshExecutor-0] o.s.c.g.r.RouteDefinitionRouteLocator    : RouteDefinition product-service applying filter {} to JwtAuthFilter
2026-06-03T01:40:28.817+05:30 DEBUG 9352 --- [api-gateway] [freshExecutor-0] o.s.c.g.r.RouteDefinitionRouteLocator    : RouteDefinition matched: product-service
2026-06-03T01:40:28.818+05:30 DEBUG 9352 --- [api-gateway] [freshExecutor-0] o.s.c.g.r.RouteDefinitionRouteLocator    : RouteDefinition cart-service applying {_genkey_0=/api/cart/**} to Path
2026-06-03T01:40:28.825+05:30 DEBUG 9352 --- [api-gateway] [freshExecutor-0] o.s.c.g.r.RouteDefinitionRouteLocator    : RouteDefinition cart-service applying filter {} to JwtAuthFilter
2026-06-03T01:40:28.829+05:30 DEBUG 9352 --- [api-gateway] [freshExecutor-0] o.s.c.g.r.RouteDefinitionRouteLocator    : RouteDefinition matched: cart-service
2026-06-03T01:40:28.843+05:30 DEBUG 9352 --- [api-gateway] [freshExecutor-0] o.s.c.g.filter.GatewayMetricsFilter      : New routes count: 13
2026-06-03T01:41:01.996+05:30 DEBUG 9352 --- [api-gateway] [freshExecutor-0] o.s.c.g.r.RouteDefinitionRouteLocator    : RouteDefinition ReactiveCompositeDiscoveryClient_API-GATEWAY applying {pattern=/api-gateway/**} to Path
2026-06-03T01:41:02.537+05:30 DEBUG 9352 --- [api-gateway] [freshExecutor-0] o.s.c.g.r.RouteDefinitionRouteLocator    : RouteDefinition ReactiveCompositeDiscoveryClient_API-GATEWAY applying filter {regexp=/api-gateway/?(?<remaining>.*), replacement=/${remaining}} to RewritePath
2026-06-03T01:41:02.571+05:30 DEBUG 9352 --- [api-gateway] [freshExecutor-0] o.s.c.g.r.RouteDefinitionRouteLocator    : RouteDefinition matched: ReactiveCompositeDiscoveryClient_API-GATEWAY
2026-06-03T01:41:02.573+05:30 DEBUG 9352 --- [api-gateway] [freshExecutor-0] o.s.c.g.r.RouteDefinitionRouteLocator    : RouteDefinition ReactiveCompositeDiscoveryClient_ORDER-SERVICE applying {pattern=/order-service/**} to Path
2026-06-03T01:41:02.595+05:30 DEBUG 9352 --- [api-gateway] [freshExecutor-0] o.s.c.g.r.RouteDefinitionRouteLocator    : RouteDefinition ReactiveCompositeDiscoveryClient_ORDER-SERVICE applying filter {regexp=/order-service/?(?<remaining>.*), replacement=/${remaining}} to RewritePath
2026-06-03T01:41:02.602+05:30 DEBUG 9352 --- [api-gateway] [freshExecutor-0] o.s.c.g.r.RouteDefinitionRouteLocator    : RouteDefinition matched: ReactiveCompositeDiscoveryClient_ORDER-SERVICE
2026-06-03T01:41:02.603+05:30 DEBUG 9352 --- [api-gateway] [freshExecutor-0] o.s.c.g.r.RouteDefinitionRouteLocator    : RouteDefinition ReactiveCompositeDiscoveryClient_CART-SERVICE applying {pattern=/cart-service/**} to Path
2026-06-03T01:41:02.608+05:30 DEBUG 9352 --- [api-gateway] [freshExecutor-0] o.s.c.g.r.RouteDefinitionRouteLocator    : RouteDefinition ReactiveCompositeDiscoveryClient_CART-SERVICE applying filter {regexp=/cart-service/?(?<remaining>.*), replacement=/${remaining}} to RewritePath
2026-06-03T01:41:02.613+05:30 DEBUG 9352 --- [api-gateway] [freshExecutor-0] o.s.c.g.r.RouteDefinitionRouteLocator    : RouteDefinition matched: ReactiveCompositeDiscoveryClient_CART-SERVICE
2026-06-03T01:41:02.624+05:30 DEBUG 9352 --- [api-gateway] [freshExecutor-0] o.s.c.g.r.RouteDefinitionRouteLocator    : RouteDefinition ReactiveCompositeDiscoveryClient_INVENTORY-SERVICE applying {pattern=/inventory-service/**} to Path
2026-06-03T01:41:02.628+05:30 DEBUG 9352 --- [api-gateway] [freshExecutor-0] o.s.c.g.r.RouteDefinitionRouteLocator    : RouteDefinition ReactiveCompositeDiscoveryClient_INVENTORY-SERVICE applying filter {regexp=/inventory-service/?(?<remaining>.*), replacement=/${remaining}} to RewritePath
2026-06-03T01:41:02.631+05:30 DEBUG 9352 --- [api-gateway] [freshExecutor-0] o.s.c.g.r.RouteDefinitionRouteLocator    : RouteDefinition matched: ReactiveCompositeDiscoveryClient_INVENTORY-SERVICE
2026-06-03T01:41:02.633+05:30 DEBUG 9352 --- [api-gateway] [freshExecutor-0] o.s.c.g.r.RouteDefinitionRouteLocator    : RouteDefinition auth-service applying {_genkey_0=/api/auth/**} to Path
2026-06-03T01:41:02.638+05:30 DEBUG 9352 --- [api-gateway] [freshExecutor-0] o.s.c.g.r.RouteDefinitionRouteLocator    : RouteDefinition matched: auth-service
2026-06-03T01:41:02.639+05:30 DEBUG 9352 --- [api-gateway] [freshExecutor-0] o.s.c.g.r.RouteDefinitionRouteLocator    : RouteDefinition order-service applying {_genkey_0=/api/orders/**} to Path
2026-06-03T01:41:02.643+05:30 DEBUG 9352 --- [api-gateway] [freshExecutor-0] o.s.c.g.r.RouteDefinitionRouteLocator    : RouteDefinition order-service applying filter {} to JwtAuthFilter
2026-06-03T01:41:02.658+05:30 DEBUG 9352 --- [api-gateway] [freshExecutor-0] o.s.c.g.r.RouteDefinitionRouteLocator    : RouteDefinition matched: order-service
2026-06-03T01:41:02.663+05:30 DEBUG 9352 --- [api-gateway] [freshExecutor-0] o.s.c.g.r.RouteDefinitionRouteLocator    : RouteDefinition inventory-service applying {_genkey_0=/api/inventory/**} to Path
2026-06-03T01:41:02.691+05:30 DEBUG 9352 --- [api-gateway] [freshExecutor-0] o.s.c.g.r.RouteDefinitionRouteLocator    : RouteDefinition inventory-service applying filter {} to JwtAuthFilter
2026-06-03T01:41:02.700+05:30 DEBUG 9352 --- [api-gateway] [freshExecutor-0] o.s.c.g.r.RouteDefinitionRouteLocator    : RouteDefinition matched: inventory-service
2026-06-03T01:41:02.701+05:30 DEBUG 9352 --- [api-gateway] [freshExecutor-0] o.s.c.g.r.RouteDefinitionRouteLocator    : RouteDefinition payment-service applying {_genkey_0=/api/payments/**} to Path
2026-06-03T01:41:02.725+05:30 DEBUG 9352 --- [api-gateway] [freshExecutor-0] o.s.c.g.r.RouteDefinitionRouteLocator    : RouteDefinition payment-service applying filter {} to JwtAuthFilter
2026-06-03T01:41:02.756+05:30 DEBUG 9352 --- [api-gateway] [freshExecutor-0] o.s.c.g.r.RouteDefinitionRouteLocator    : RouteDefinition matched: payment-service
2026-06-03T01:41:02.759+05:30 DEBUG 9352 --- [api-gateway] [freshExecutor-0] o.s.c.g.r.RouteDefinitionRouteLocator    : RouteDefinition shipping-service applying {_genkey_0=/api/shipping/**} to Path
2026-06-03T01:41:02.767+05:30 DEBUG 9352 --- [api-gateway] [freshExecutor-0] o.s.c.g.r.RouteDefinitionRouteLocator    : RouteDefinition shipping-service applying filter {} to JwtAuthFilter
2026-06-03T01:41:02.775+05:30 DEBUG 9352 --- [api-gateway] [freshExecutor-0] o.s.c.g.r.RouteDefinitionRouteLocator    : RouteDefinition matched: shipping-service
2026-06-03T01:41:02.776+05:30 DEBUG 9352 --- [api-gateway] [freshExecutor-0] o.s.c.g.r.RouteDefinitionRouteLocator    : RouteDefinition notification-service applying {_genkey_0=/api/notifications/**} to Path
2026-06-03T01:41:02.787+05:30 DEBUG 9352 --- [api-gateway] [freshExecutor-0] o.s.c.g.r.RouteDefinitionRouteLocator    : RouteDefinition notification-service applying filter {} to JwtAuthFilter
2026-06-03T01:41:02.793+05:30 DEBUG 9352 --- [api-gateway] [freshExecutor-0] o.s.c.g.r.RouteDefinitionRouteLocator    : RouteDefinition matched: notification-service
2026-06-03T01:41:02.798+05:30 DEBUG 9352 --- [api-gateway] [freshExecutor-0] o.s.c.g.r.RouteDefinitionRouteLocator    : RouteDefinition user-service applying {_genkey_0=/api/users/**} to Path
2026-06-03T01:41:02.805+05:30 DEBUG 9352 --- [api-gateway] [freshExecutor-0] o.s.c.g.r.RouteDefinitionRouteLocator    : RouteDefinition user-service applying filter {} to JwtAuthFilter
2026-06-03T01:41:02.807+05:30 DEBUG 9352 --- [api-gateway] [freshExecutor-0] o.s.c.g.r.RouteDefinitionRouteLocator    : RouteDefinition matched: user-service
2026-06-03T01:41:02.809+05:30 DEBUG 9352 --- [api-gateway] [freshExecutor-0] o.s.c.g.r.RouteDefinitionRouteLocator    : RouteDefinition product-service applying {_genkey_0=/api/products/**} to Path
2026-06-03T01:41:02.818+05:30 DEBUG 9352 --- [api-gateway] [freshExecutor-0] o.s.c.g.r.RouteDefinitionRouteLocator    : RouteDefinition product-service applying filter {} to JwtAuthFilter
2026-06-03T01:41:02.823+05:30 DEBUG 9352 --- [api-gateway] [freshExecutor-0] o.s.c.g.r.RouteDefinitionRouteLocator    : RouteDefinition matched: product-service
2026-06-03T01:41:02.830+05:30 DEBUG 9352 --- [api-gateway] [freshExecutor-0] o.s.c.g.r.RouteDefinitionRouteLocator    : RouteDefinition cart-service applying {_genkey_0=/api/cart/**} to Path
2026-06-03T01:41:02.842+05:30 DEBUG 9352 --- [api-gateway] [freshExecutor-0] o.s.c.g.r.RouteDefinitionRouteLocator    : RouteDefinition cart-service applying filter {} to JwtAuthFilter
2026-06-03T01:41:02.845+05:30 DEBUG 9352 --- [api-gateway] [freshExecutor-0] o.s.c.g.r.RouteDefinitionRouteLocator    : RouteDefinition matched: cart-service
2026-06-03T01:41:02.886+05:30 DEBUG 9352 --- [api-gateway] [freshExecutor-0] o.s.c.g.filter.GatewayMetricsFilter      : New routes count: 13
2026-06-03T01:41:32.955+05:30 DEBUG 9352 --- [api-gateway] [freshExecutor-0] o.s.c.g.r.RouteDefinitionRouteLocator    : RouteDefinition ReactiveCompositeDiscoveryClient_API-GATEWAY applying {pattern=/api-gateway/**} to Path
2026-06-03T01:41:32.960+05:30 DEBUG 9352 --- [api-gateway] [freshExecutor-0] o.s.c.g.r.RouteDefinitionRouteLocator    : RouteDefinition ReactiveCompositeDiscoveryClient_API-GATEWAY applying filter {regexp=/api-gateway/?(?<remaining>.*), replacement=/${remaining}} to RewritePath
2026-06-03T01:41:32.963+05:30 DEBUG 9352 --- [api-gateway] [freshExecutor-0] o.s.c.g.r.RouteDefinitionRouteLocator    : RouteDefinition matched: ReactiveCompositeDiscoveryClient_API-GATEWAY
2026-06-03T01:41:32.964+05:30 DEBUG 9352 --- [api-gateway] [freshExecutor-0] o.s.c.g.r.RouteDefinitionRouteLocator    : RouteDefinition ReactiveCompositeDiscoveryClient_PAYMENT-SERVICE applying {pattern=/payment-service/**} to Path
2026-06-03T01:41:32.968+05:30 DEBUG 9352 --- [api-gateway] [freshExecutor-0] o.s.c.g.r.RouteDefinitionRouteLocator    : RouteDefinition ReactiveCompositeDiscoveryClient_PAYMENT-SERVICE applying filter {regexp=/payment-service/?(?<remaining>.*), replacement=/${remaining}} to RewritePath
2026-06-03T01:41:32.970+05:30 DEBUG 9352 --- [api-gateway] [freshExecutor-0] o.s.c.g.r.RouteDefinitionRouteLocator    : RouteDefinition matched: ReactiveCompositeDiscoveryClient_PAYMENT-SERVICE
2026-06-03T01:41:32.975+05:30 DEBUG 9352 --- [api-gateway] [freshExecutor-0] o.s.c.g.r.RouteDefinitionRouteLocator    : RouteDefinition ReactiveCompositeDiscoveryClient_ORDER-SERVICE applying {pattern=/order-service/**} to Path
2026-06-03T01:41:32.978+05:30 DEBUG 9352 --- [api-gateway] [freshExecutor-0] o.s.c.g.r.RouteDefinitionRouteLocator    : RouteDefinition ReactiveCompositeDiscoveryClient_ORDER-SERVICE applying filter {regexp=/order-service/?(?<remaining>.*), replacement=/${remaining}} to RewritePath
2026-06-03T01:41:32.981+05:30 DEBUG 9352 --- [api-gateway] [freshExecutor-0] o.s.c.g.r.RouteDefinitionRouteLocator    : RouteDefinition matched: ReactiveCompositeDiscoveryClient_ORDER-SERVICE
2026-06-03T01:41:32.983+05:30 DEBUG 9352 --- [api-gateway] [freshExecutor-0] o.s.c.g.r.RouteDefinitionRouteLocator    : RouteDefinition ReactiveCompositeDiscoveryClient_CART-SERVICE applying {pattern=/cart-service/**} to Path
2026-06-03T01:41:32.986+05:30 DEBUG 9352 --- [api-gateway] [freshExecutor-0] o.s.c.g.r.RouteDefinitionRouteLocator    : RouteDefinition ReactiveCompositeDiscoveryClient_CART-SERVICE applying filter {regexp=/cart-service/?(?<remaining>.*), replacement=/${remaining}} to RewritePath
2026-06-03T01:41:32.988+05:30 DEBUG 9352 --- [api-gateway] [freshExecutor-0] o.s.c.g.r.RouteDefinitionRouteLocator    : RouteDefinition matched: ReactiveCompositeDiscoveryClient_CART-SERVICE
2026-06-03T01:41:33.025+05:30 DEBUG 9352 --- [api-gateway] [freshExecutor-0] o.s.c.g.r.RouteDefinitionRouteLocator    : RouteDefinition ReactiveCompositeDiscoveryClient_INVENTORY-SERVICE applying {pattern=/inventory-service/**} to Path
2026-06-03T01:41:33.028+05:30 DEBUG 9352 --- [api-gateway] [freshExecutor-0] o.s.c.g.r.RouteDefinitionRouteLocator    : RouteDefinition ReactiveCompositeDiscoveryClient_INVENTORY-SERVICE applying filter {regexp=/inventory-service/?(?<remaining>.*), replacement=/${remaining}} to RewritePath
2026-06-03T01:41:33.031+05:30 DEBUG 9352 --- [api-gateway] [freshExecutor-0] o.s.c.g.r.RouteDefinitionRouteLocator    : RouteDefinition matched: ReactiveCompositeDiscoveryClient_INVENTORY-SERVICE
2026-06-03T01:41:33.032+05:30 DEBUG 9352 --- [api-gateway] [freshExecutor-0] o.s.c.g.r.RouteDefinitionRouteLocator    : RouteDefinition ReactiveCompositeDiscoveryClient_SHIPPING-SERVICE applying {pattern=/shipping-service/**} to Path
2026-06-03T01:41:33.036+05:30 DEBUG 9352 --- [api-gateway] [freshExecutor-0] o.s.c.g.r.RouteDefinitionRouteLocator    : RouteDefinition ReactiveCompositeDiscoveryClient_SHIPPING-SERVICE applying filter {regexp=/shipping-service/?(?<remaining>.*), replacement=/${remaining}} to RewritePath
2026-06-03T01:41:33.041+05:30 DEBUG 9352 --- [api-gateway] [freshExecutor-0] o.s.c.g.r.RouteDefinitionRouteLocator    : RouteDefinition matched: ReactiveCompositeDiscoveryClient_SHIPPING-SERVICE
2026-06-03T01:41:33.042+05:30 DEBUG 9352 --- [api-gateway] [freshExecutor-0] o.s.c.g.r.RouteDefinitionRouteLocator    : RouteDefinition auth-service applying {_genkey_0=/api/auth/**} to Path
2026-06-03T01:41:33.045+05:30 DEBUG 9352 --- [api-gateway] [freshExecutor-0] o.s.c.g.r.RouteDefinitionRouteLocator    : RouteDefinition matched: auth-service
2026-06-03T01:41:33.046+05:30 DEBUG 9352 --- [api-gateway] [freshExecutor-0] o.s.c.g.r.RouteDefinitionRouteLocator    : RouteDefinition order-service applying {_genkey_0=/api/orders/**} to Path
2026-06-03T01:41:33.049+05:30 DEBUG 9352 --- [api-gateway] [freshExecutor-0] o.s.c.g.r.RouteDefinitionRouteLocator    : RouteDefinition order-service applying filter {} to JwtAuthFilter
2026-06-03T01:41:33.052+05:30 DEBUG 9352 --- [api-gateway] [freshExecutor-0] o.s.c.g.r.RouteDefinitionRouteLocator    : RouteDefinition matched: order-service
2026-06-03T01:41:33.052+05:30 DEBUG 9352 --- [api-gateway] [freshExecutor-0] o.s.c.g.r.RouteDefinitionRouteLocator    : RouteDefinition inventory-service applying {_genkey_0=/api/inventory/**} to Path
2026-06-03T01:41:33.055+05:30 DEBUG 9352 --- [api-gateway] [freshExecutor-0] o.s.c.g.r.RouteDefinitionRouteLocator    : RouteDefinition inventory-service applying filter {} to JwtAuthFilter
2026-06-03T01:41:33.057+05:30 DEBUG 9352 --- [api-gateway] [freshExecutor-0] o.s.c.g.r.RouteDefinitionRouteLocator    : RouteDefinition matched: inventory-service
2026-06-03T01:41:33.058+05:30 DEBUG 9352 --- [api-gateway] [freshExecutor-0] o.s.c.g.r.RouteDefinitionRouteLocator    : RouteDefinition payment-service applying {_genkey_0=/api/payments/**} to Path
2026-06-03T01:41:33.065+05:30 DEBUG 9352 --- [api-gateway] [freshExecutor-0] o.s.c.g.r.RouteDefinitionRouteLocator    : RouteDefinition payment-service applying filter {} to JwtAuthFilter
2026-06-03T01:41:33.067+05:30 DEBUG 9352 --- [api-gateway] [freshExecutor-0] o.s.c.g.r.RouteDefinitionRouteLocator    : RouteDefinition matched: payment-service
2026-06-03T01:41:33.069+05:30 DEBUG 9352 --- [api-gateway] [freshExecutor-0] o.s.c.g.r.RouteDefinitionRouteLocator    : RouteDefinition shipping-service applying {_genkey_0=/api/shipping/**} to Path
2026-06-03T01:41:33.071+05:30 DEBUG 9352 --- [api-gateway] [freshExecutor-0] o.s.c.g.r.RouteDefinitionRouteLocator    : RouteDefinition shipping-service applying filter {} to JwtAuthFilter
2026-06-03T01:41:33.075+05:30 DEBUG 9352 --- [api-gateway] [freshExecutor-0] o.s.c.g.r.RouteDefinitionRouteLocator    : RouteDefinition matched: shipping-service
2026-06-03T01:41:33.075+05:30 DEBUG 9352 --- [api-gateway] [freshExecutor-0] o.s.c.g.r.RouteDefinitionRouteLocator    : RouteDefinition notification-service applying {_genkey_0=/api/notifications/**} to Path
2026-06-03T01:41:33.078+05:30 DEBUG 9352 --- [api-gateway] [freshExecutor-0] o.s.c.g.r.RouteDefinitionRouteLocator    : RouteDefinition notification-service applying filter {} to JwtAuthFilter
2026-06-03T01:41:33.081+05:30 DEBUG 9352 --- [api-gateway] [freshExecutor-0] o.s.c.g.r.RouteDefinitionRouteLocator    : RouteDefinition matched: notification-service
2026-06-03T01:41:33.081+05:30 DEBUG 9352 --- [api-gateway] [freshExecutor-0] o.s.c.g.r.RouteDefinitionRouteLocator    : RouteDefinition user-service applying {_genkey_0=/api/users/**} to Path
2026-06-03T01:41:33.084+05:30 DEBUG 9352 --- [api-gateway] [freshExecutor-0] o.s.c.g.r.RouteDefinitionRouteLocator    : RouteDefinition user-service applying filter {} to JwtAuthFilter
2026-06-03T01:41:33.086+05:30 DEBUG 9352 --- [api-gateway] [freshExecutor-0] o.s.c.g.r.RouteDefinitionRouteLocator    : RouteDefinition matched: user-service
2026-06-03T01:41:33.086+05:30 DEBUG 9352 --- [api-gateway] [freshExecutor-0] o.s.c.g.r.RouteDefinitionRouteLocator    : RouteDefinition product-service applying {_genkey_0=/api/products/**} to Path
2026-06-03T01:41:33.088+05:30 DEBUG 9352 --- [api-gateway] [freshExecutor-0] o.s.c.g.r.RouteDefinitionRouteLocator    : RouteDefinition product-service applying filter {} to JwtAuthFilter
2026-06-03T01:41:33.091+05:30 DEBUG 9352 --- [api-gateway] [freshExecutor-0] o.s.c.g.r.RouteDefinitionRouteLocator    : RouteDefinition matched: product-service
2026-06-03T01:41:33.093+05:30 DEBUG 9352 --- [api-gateway] [freshExecutor-0] o.s.c.g.r.RouteDefinitionRouteLocator    : RouteDefinition cart-service applying {_genkey_0=/api/cart/**} to Path
2026-06-03T01:41:33.101+05:30 DEBUG 9352 --- [api-gateway] [freshExecutor-0] o.s.c.g.r.RouteDefinitionRouteLocator    : RouteDefinition cart-service applying filter {} to JwtAuthFilter
2026-06-03T01:41:33.103+05:30 DEBUG 9352 --- [api-gateway] [freshExecutor-0] o.s.c.g.r.RouteDefinitionRouteLocator    : RouteDefinition matched: cart-service
2026-06-03T01:41:33.112+05:30 DEBUG 9352 --- [api-gateway] [freshExecutor-0] o.s.c.g.filter.GatewayMetricsFilter      : New routes count: 15
2026-06-03T01:42:03.357+05:30 DEBUG 9352 --- [api-gateway] [freshExecutor-0] o.s.c.g.r.RouteDefinitionRouteLocator    : RouteDefinition ReactiveCompositeDiscoveryClient_API-GATEWAY applying {pattern=/api-gateway/**} to Path
2026-06-03T01:42:03.578+05:30 DEBUG 9352 --- [api-gateway] [freshExecutor-0] o.s.c.g.r.RouteDefinitionRouteLocator    : RouteDefinition ReactiveCompositeDiscoveryClient_API-GATEWAY applying filter {regexp=/api-gateway/?(?<remaining>.*), replacement=/${remaining}} to RewritePath
2026-06-03T01:42:03.612+05:30 DEBUG 9352 --- [api-gateway] [freshExecutor-0] o.s.c.g.r.RouteDefinitionRouteLocator    : RouteDefinition matched: ReactiveCompositeDiscoveryClient_API-GATEWAY
2026-06-03T01:42:03.613+05:30 DEBUG 9352 --- [api-gateway] [freshExecutor-0] o.s.c.g.r.RouteDefinitionRouteLocator    : RouteDefinition ReactiveCompositeDiscoveryClient_PAYMENT-SERVICE applying {pattern=/payment-service/**} to Path
2026-06-03T01:42:03.622+05:30 DEBUG 9352 --- [api-gateway] [freshExecutor-0] o.s.c.g.r.RouteDefinitionRouteLocator    : RouteDefinition ReactiveCompositeDiscoveryClient_PAYMENT-SERVICE applying filter {regexp=/payment-service/?(?<remaining>.*), replacement=/${remaining}} to RewritePath
2026-06-03T01:42:03.629+05:30 DEBUG 9352 --- [api-gateway] [freshExecutor-0] o.s.c.g.r.RouteDefinitionRouteLocator    : RouteDefinition matched: ReactiveCompositeDiscoveryClient_PAYMENT-SERVICE
2026-06-03T01:42:03.630+05:30 DEBUG 9352 --- [api-gateway] [freshExecutor-0] o.s.c.g.r.RouteDefinitionRouteLocator    : RouteDefinition ReactiveCompositeDiscoveryClient_ORDER-SERVICE applying {pattern=/order-service/**} to Path
2026-06-03T01:42:03.638+05:30 DEBUG 9352 --- [api-gateway] [freshExecutor-0] o.s.c.g.r.RouteDefinitionRouteLocator    : RouteDefinition ReactiveCompositeDiscoveryClient_ORDER-SERVICE applying filter {regexp=/order-service/?(?<remaining>.*), replacement=/${remaining}} to RewritePath
2026-06-03T01:42:03.649+05:30 DEBUG 9352 --- [api-gateway] [freshExecutor-0] o.s.c.g.r.RouteDefinitionRouteLocator    : RouteDefinition matched: ReactiveCompositeDiscoveryClient_ORDER-SERVICE
2026-06-03T01:42:03.652+05:30 DEBUG 9352 --- [api-gateway] [freshExecutor-0] o.s.c.g.r.RouteDefinitionRouteLocator    : RouteDefinition ReactiveCompositeDiscoveryClient_CART-SERVICE applying {pattern=/cart-service/**} to Path
2026-06-03T01:42:03.657+05:30 DEBUG 9352 --- [api-gateway] [freshExecutor-0] o.s.c.g.r.RouteDefinitionRouteLocator    : RouteDefinition ReactiveCompositeDiscoveryClient_CART-SERVICE applying filter {regexp=/cart-service/?(?<remaining>.*), replacement=/${remaining}} to RewritePath
2026-06-03T01:42:03.660+05:30 DEBUG 9352 --- [api-gateway] [freshExecutor-0] o.s.c.g.r.RouteDefinitionRouteLocator    : RouteDefinition matched: ReactiveCompositeDiscoveryClient_CART-SERVICE
2026-06-03T01:42:03.665+05:30 DEBUG 9352 --- [api-gateway] [freshExecutor-0] o.s.c.g.r.RouteDefinitionRouteLocator    : RouteDefinition ReactiveCompositeDiscoveryClient_INVENTORY-SERVICE applying {pattern=/inventory-service/**} to Path
2026-06-03T01:42:03.669+05:30 DEBUG 9352 --- [api-gateway] [freshExecutor-0] o.s.c.g.r.RouteDefinitionRouteLocator    : RouteDefinition ReactiveCompositeDiscoveryClient_INVENTORY-SERVICE applying filter {regexp=/inventory-service/?(?<remaining>.*), replacement=/${remaining}} to RewritePath
2026-06-03T01:42:03.672+05:30 DEBUG 9352 --- [api-gateway] [freshExecutor-0] o.s.c.g.r.RouteDefinitionRouteLocator    : RouteDefinition matched: ReactiveCompositeDiscoveryClient_INVENTORY-SERVICE
2026-06-03T01:42:03.675+05:30 DEBUG 9352 --- [api-gateway] [freshExecutor-0] o.s.c.g.r.RouteDefinitionRouteLocator    : RouteDefinition ReactiveCompositeDiscoveryClient_SHIPPING-SERVICE applying {pattern=/shipping-service/**} to Path
2026-06-03T01:42:03.681+05:30 DEBUG 9352 --- [api-gateway] [freshExecutor-0] o.s.c.g.r.RouteDefinitionRouteLocator    : RouteDefinition ReactiveCompositeDiscoveryClient_SHIPPING-SERVICE applying filter {regexp=/shipping-service/?(?<remaining>.*), replacement=/${remaining}} to RewritePath
2026-06-03T01:42:03.685+05:30 DEBUG 9352 --- [api-gateway] [freshExecutor-0] o.s.c.g.r.RouteDefinitionRouteLocator    : RouteDefinition matched: ReactiveCompositeDiscoveryClient_SHIPPING-SERVICE
2026-06-03T01:42:03.687+05:30 DEBUG 9352 --- [api-gateway] [freshExecutor-0] o.s.c.g.r.RouteDefinitionRouteLocator    : RouteDefinition auth-service applying {_genkey_0=/api/auth/**} to Path
2026-06-03T01:42:03.697+05:30 DEBUG 9352 --- [api-gateway] [freshExecutor-0] o.s.c.g.r.RouteDefinitionRouteLocator    : RouteDefinition matched: auth-service
2026-06-03T01:42:03.699+05:30 DEBUG 9352 --- [api-gateway] [freshExecutor-0] o.s.c.g.r.RouteDefinitionRouteLocator    : RouteDefinition order-service applying {_genkey_0=/api/orders/**} to Path
2026-06-03T01:42:03.705+05:30 DEBUG 9352 --- [api-gateway] [freshExecutor-0] o.s.c.g.r.RouteDefinitionRouteLocator    : RouteDefinition order-service applying filter {} to JwtAuthFilter
2026-06-03T01:42:03.710+05:30 DEBUG 9352 --- [api-gateway] [freshExecutor-0] o.s.c.g.r.RouteDefinitionRouteLocator    : RouteDefinition matched: order-service
2026-06-03T01:42:03.715+05:30 DEBUG 9352 --- [api-gateway] [freshExecutor-0] o.s.c.g.r.RouteDefinitionRouteLocator    : RouteDefinition inventory-service applying {_genkey_0=/api/inventory/**} to Path
2026-06-03T01:42:03.722+05:30 DEBUG 9352 --- [api-gateway] [freshExecutor-0] o.s.c.g.r.RouteDefinitionRouteLocator    : RouteDefinition inventory-service applying filter {} to JwtAuthFilter
2026-06-03T01:42:03.724+05:30 DEBUG 9352 --- [api-gateway] [freshExecutor-0] o.s.c.g.r.RouteDefinitionRouteLocator    : RouteDefinition matched: inventory-service
2026-06-03T01:42:03.724+05:30 DEBUG 9352 --- [api-gateway] [freshExecutor-0] o.s.c.g.r.RouteDefinitionRouteLocator    : RouteDefinition payment-service applying {_genkey_0=/api/payments/**} to Path
2026-06-03T01:42:03.729+05:30 DEBUG 9352 --- [api-gateway] [freshExecutor-0] o.s.c.g.r.RouteDefinitionRouteLocator    : RouteDefinition payment-service applying filter {} to JwtAuthFilter
2026-06-03T01:42:03.733+05:30 DEBUG 9352 --- [api-gateway] [freshExecutor-0] o.s.c.g.r.RouteDefinitionRouteLocator    : RouteDefinition matched: payment-service
2026-06-03T01:42:03.733+05:30 DEBUG 9352 --- [api-gateway] [freshExecutor-0] o.s.c.g.r.RouteDefinitionRouteLocator    : RouteDefinition shipping-service applying {_genkey_0=/api/shipping/**} to Path
2026-06-03T01:42:03.745+05:30 DEBUG 9352 --- [api-gateway] [freshExecutor-0] o.s.c.g.r.RouteDefinitionRouteLocator    : RouteDefinition shipping-service applying filter {} to JwtAuthFilter
2026-06-03T01:42:03.752+05:30 DEBUG 9352 --- [api-gateway] [freshExecutor-0] o.s.c.g.r.RouteDefinitionRouteLocator    : RouteDefinition matched: shipping-service
2026-06-03T01:42:03.753+05:30 DEBUG 9352 --- [api-gateway] [freshExecutor-0] o.s.c.g.r.RouteDefinitionRouteLocator    : RouteDefinition notification-service applying {_genkey_0=/api/notifications/**} to Path
2026-06-03T01:42:03.760+05:30 DEBUG 9352 --- [api-gateway] [freshExecutor-0] o.s.c.g.r.RouteDefinitionRouteLocator    : RouteDefinition notification-service applying filter {} to JwtAuthFilter
2026-06-03T01:42:03.767+05:30 DEBUG 9352 --- [api-gateway] [freshExecutor-0] o.s.c.g.r.RouteDefinitionRouteLocator    : RouteDefinition matched: notification-service
2026-06-03T01:42:03.769+05:30 DEBUG 9352 --- [api-gateway] [freshExecutor-0] o.s.c.g.r.RouteDefinitionRouteLocator    : RouteDefinition user-service applying {_genkey_0=/api/users/**} to Path
2026-06-03T01:42:03.787+05:30 DEBUG 9352 --- [api-gateway] [freshExecutor-0] o.s.c.g.r.RouteDefinitionRouteLocator    : RouteDefinition user-service applying filter {} to JwtAuthFilter
2026-06-03T01:42:03.790+05:30 DEBUG 9352 --- [api-gateway] [freshExecutor-0] o.s.c.g.r.RouteDefinitionRouteLocator    : RouteDefinition matched: user-service
2026-06-03T01:42:03.791+05:30 DEBUG 9352 --- [api-gateway] [freshExecutor-0] o.s.c.g.r.RouteDefinitionRouteLocator    : RouteDefinition product-service applying {_genkey_0=/api/products/**} to Path
2026-06-03T01:42:03.798+05:30 DEBUG 9352 --- [api-gateway] [freshExecutor-0] o.s.c.g.r.RouteDefinitionRouteLocator    : RouteDefinition product-service applying filter {} to JwtAuthFilter
2026-06-03T01:42:03.802+05:30 DEBUG 9352 --- [api-gateway] [freshExecutor-0] o.s.c.g.r.RouteDefinitionRouteLocator    : RouteDefinition matched: product-service
2026-06-03T01:42:03.803+05:30 DEBUG 9352 --- [api-gateway] [freshExecutor-0] o.s.c.g.r.RouteDefinitionRouteLocator    : RouteDefinition cart-service applying {_genkey_0=/api/cart/**} to Path
2026-06-03T01:42:03.818+05:30 DEBUG 9352 --- [api-gateway] [freshExecutor-0] o.s.c.g.r.RouteDefinitionRouteLocator    : RouteDefinition cart-service applying filter {} to JwtAuthFilter
2026-06-03T01:42:03.822+05:30 DEBUG 9352 --- [api-gateway] [freshExecutor-0] o.s.c.g.r.RouteDefinitionRouteLocator    : RouteDefinition matched: cart-service
2026-06-03T01:42:03.849+05:30 DEBUG 9352 --- [api-gateway] [freshExecutor-0] o.s.c.g.filter.GatewayMetricsFilter      : New routes count: 15
2026-06-03T01:42:34.175+05:30 DEBUG 9352 --- [api-gateway] [freshExecutor-0] o.s.c.g.r.RouteDefinitionRouteLocator    : RouteDefinition ReactiveCompositeDiscoveryClient_API-GATEWAY applying {pattern=/api-gateway/**} to Path
2026-06-03T01:42:34.988+05:30 DEBUG 9352 --- [api-gateway] [freshExecutor-0] o.s.c.g.r.RouteDefinitionRouteLocator    : RouteDefinition ReactiveCompositeDiscoveryClient_API-GATEWAY applying filter {regexp=/api-gateway/?(?<remaining>.*), replacement=/${remaining}} to RewritePath
2026-06-03T01:42:35.273+05:30 DEBUG 9352 --- [api-gateway] [freshExecutor-0] o.s.c.g.r.RouteDefinitionRouteLocator    : RouteDefinition matched: ReactiveCompositeDiscoveryClient_API-GATEWAY
2026-06-03T01:42:35.277+05:30 DEBUG 9352 --- [api-gateway] [freshExecutor-0] o.s.c.g.r.RouteDefinitionRouteLocator    : RouteDefinition ReactiveCompositeDiscoveryClient_PAYMENT-SERVICE applying {pattern=/payment-service/**} to Path
2026-06-03T01:42:35.311+05:30 DEBUG 9352 --- [api-gateway] [freshExecutor-0] o.s.c.g.r.RouteDefinitionRouteLocator    : RouteDefinition ReactiveCompositeDiscoveryClient_PAYMENT-SERVICE applying filter {regexp=/payment-service/?(?<remaining>.*), replacement=/${remaining}} to RewritePath
2026-06-03T01:42:35.319+05:30 DEBUG 9352 --- [api-gateway] [freshExecutor-0] o.s.c.g.r.RouteDefinitionRouteLocator    : RouteDefinition matched: ReactiveCompositeDiscoveryClient_PAYMENT-SERVICE
2026-06-03T01:42:35.335+05:30 DEBUG 9352 --- [api-gateway] [freshExecutor-0] o.s.c.g.r.RouteDefinitionRouteLocator    : RouteDefinition ReactiveCompositeDiscoveryClient_ORDER-SERVICE applying {pattern=/order-service/**} to Path
2026-06-03T01:42:35.366+05:30 DEBUG 9352 --- [api-gateway] [freshExecutor-0] o.s.c.g.r.RouteDefinitionRouteLocator    : RouteDefinition ReactiveCompositeDiscoveryClient_ORDER-SERVICE applying filter {regexp=/order-service/?(?<remaining>.*), replacement=/${remaining}} to RewritePath
2026-06-03T01:42:35.369+05:30 DEBUG 9352 --- [api-gateway] [freshExecutor-0] o.s.c.g.r.RouteDefinitionRouteLocator    : RouteDefinition matched: ReactiveCompositeDiscoveryClient_ORDER-SERVICE
2026-06-03T01:42:35.371+05:30 DEBUG 9352 --- [api-gateway] [freshExecutor-0] o.s.c.g.r.RouteDefinitionRouteLocator    : RouteDefinition ReactiveCompositeDiscoveryClient_CART-SERVICE applying {pattern=/cart-service/**} to Path
2026-06-03T01:42:35.374+05:30 DEBUG 9352 --- [api-gateway] [freshExecutor-0] o.s.c.g.r.RouteDefinitionRouteLocator    : RouteDefinition ReactiveCompositeDiscoveryClient_CART-SERVICE applying filter {regexp=/cart-service/?(?<remaining>.*), replacement=/${remaining}} to RewritePath
2026-06-03T01:42:35.377+05:30 DEBUG 9352 --- [api-gateway] [freshExecutor-0] o.s.c.g.r.RouteDefinitionRouteLocator    : RouteDefinition matched: ReactiveCompositeDiscoveryClient_CART-SERVICE
2026-06-03T01:42:35.382+05:30 DEBUG 9352 --- [api-gateway] [freshExecutor-0] o.s.c.g.r.RouteDefinitionRouteLocator    : RouteDefinition ReactiveCompositeDiscoveryClient_INVENTORY-SERVICE applying {pattern=/inventory-service/**} to Path
2026-06-03T01:42:35.385+05:30 DEBUG 9352 --- [api-gateway] [freshExecutor-0] o.s.c.g.r.RouteDefinitionRouteLocator    : RouteDefinition ReactiveCompositeDiscoveryClient_INVENTORY-SERVICE applying filter {regexp=/inventory-service/?(?<remaining>.*), replacement=/${remaining}} to RewritePath
2026-06-03T01:42:35.390+05:30 DEBUG 9352 --- [api-gateway] [freshExecutor-0] o.s.c.g.r.RouteDefinitionRouteLocator    : RouteDefinition matched: ReactiveCompositeDiscoveryClient_INVENTORY-SERVICE
2026-06-03T01:42:35.394+05:30 DEBUG 9352 --- [api-gateway] [freshExecutor-0] o.s.c.g.r.RouteDefinitionRouteLocator    : RouteDefinition ReactiveCompositeDiscoveryClient_SHIPPING-SERVICE applying {pattern=/shipping-service/**} to Path
2026-06-03T01:42:35.404+05:30 DEBUG 9352 --- [api-gateway] [freshExecutor-0] o.s.c.g.r.RouteDefinitionRouteLocator    : RouteDefinition ReactiveCompositeDiscoveryClient_SHIPPING-SERVICE applying filter {regexp=/shipping-service/?(?<remaining>.*), replacement=/${remaining}} to RewritePath
2026-06-03T01:42:35.409+05:30 DEBUG 9352 --- [api-gateway] [freshExecutor-0] o.s.c.g.r.RouteDefinitionRouteLocator    : RouteDefinition matched: ReactiveCompositeDiscoveryClient_SHIPPING-SERVICE
2026-06-03T01:42:35.414+05:30 DEBUG 9352 --- [api-gateway] [freshExecutor-0] o.s.c.g.r.RouteDefinitionRouteLocator    : RouteDefinition auth-service applying {_genkey_0=/api/auth/**} to Path
2026-06-03T01:42:35.420+05:30 DEBUG 9352 --- [api-gateway] [freshExecutor-0] o.s.c.g.r.RouteDefinitionRouteLocator    : RouteDefinition matched: auth-service
2026-06-03T01:42:35.421+05:30 DEBUG 9352 --- [api-gateway] [freshExecutor-0] o.s.c.g.r.RouteDefinitionRouteLocator    : RouteDefinition order-service applying {_genkey_0=/api/orders/**} to Path
2026-06-03T01:42:35.429+05:30 DEBUG 9352 --- [api-gateway] [freshExecutor-0] o.s.c.g.r.RouteDefinitionRouteLocator    : RouteDefinition order-service applying filter {} to JwtAuthFilter
2026-06-03T01:42:35.434+05:30 DEBUG 9352 --- [api-gateway] [freshExecutor-0] o.s.c.g.r.RouteDefinitionRouteLocator    : RouteDefinition matched: order-service
2026-06-03T01:42:35.434+05:30 DEBUG 9352 --- [api-gateway] [freshExecutor-0] o.s.c.g.r.RouteDefinitionRouteLocator    : RouteDefinition inventory-service applying {_genkey_0=/api/inventory/**} to Path
2026-06-03T01:42:35.442+05:30 DEBUG 9352 --- [api-gateway] [freshExecutor-0] o.s.c.g.r.RouteDefinitionRouteLocator    : RouteDefinition inventory-service applying filter {} to JwtAuthFilter
2026-06-03T01:42:35.445+05:30 DEBUG 9352 --- [api-gateway] [freshExecutor-0] o.s.c.g.r.RouteDefinitionRouteLocator    : RouteDefinition matched: inventory-service
2026-06-03T01:42:35.446+05:30 DEBUG 9352 --- [api-gateway] [freshExecutor-0] o.s.c.g.r.RouteDefinitionRouteLocator    : RouteDefinition payment-service applying {_genkey_0=/api/payments/**} to Path
2026-06-03T01:42:35.452+05:30 DEBUG 9352 --- [api-gateway] [freshExecutor-0] o.s.c.g.r.RouteDefinitionRouteLocator    : RouteDefinition payment-service applying filter {} to JwtAuthFilter
2026-06-03T01:42:35.456+05:30 DEBUG 9352 --- [api-gateway] [freshExecutor-0] o.s.c.g.r.RouteDefinitionRouteLocator    : RouteDefinition matched: payment-service
2026-06-03T01:42:35.458+05:30 DEBUG 9352 --- [api-gateway] [freshExecutor-0] o.s.c.g.r.RouteDefinitionRouteLocator    : RouteDefinition shipping-service applying {_genkey_0=/api/shipping/**} to Path
2026-06-03T01:42:35.465+05:30 DEBUG 9352 --- [api-gateway] [freshExecutor-0] o.s.c.g.r.RouteDefinitionRouteLocator    : RouteDefinition shipping-service applying filter {} to JwtAuthFilter
2026-06-03T01:42:35.468+05:30 DEBUG 9352 --- [api-gateway] [freshExecutor-0] o.s.c.g.r.RouteDefinitionRouteLocator    : RouteDefinition matched: shipping-service
2026-06-03T01:42:35.470+05:30 DEBUG 9352 --- [api-gateway] [freshExecutor-0] o.s.c.g.r.RouteDefinitionRouteLocator    : RouteDefinition notification-service applying {_genkey_0=/api/notifications/**} to Path
2026-06-03T01:42:35.479+05:30 DEBUG 9352 --- [api-gateway] [freshExecutor-0] o.s.c.g.r.RouteDefinitionRouteLocator    : RouteDefinition notification-service applying filter {} to JwtAuthFilter
2026-06-03T01:42:35.484+05:30 DEBUG 9352 --- [api-gateway] [freshExecutor-0] o.s.c.g.r.RouteDefinitionRouteLocator    : RouteDefinition matched: notification-service
2026-06-03T01:42:35.485+05:30 DEBUG 9352 --- [api-gateway] [freshExecutor-0] o.s.c.g.r.RouteDefinitionRouteLocator    : RouteDefinition user-service applying {_genkey_0=/api/users/**} to Path
2026-06-03T01:42:35.489+05:30 DEBUG 9352 --- [api-gateway] [freshExecutor-0] o.s.c.g.r.RouteDefinitionRouteLocator    : RouteDefinition user-service applying filter {} to JwtAuthFilter
2026-06-03T01:42:35.492+05:30 DEBUG 9352 --- [api-gateway] [freshExecutor-0] o.s.c.g.r.RouteDefinitionRouteLocator    : RouteDefinition matched: user-service
2026-06-03T01:42:35.494+05:30 DEBUG 9352 --- [api-gateway] [freshExecutor-0] o.s.c.g.r.RouteDefinitionRouteLocator    : RouteDefinition product-service applying {_genkey_0=/api/products/**} to Path
2026-06-03T01:42:35.500+05:30 DEBUG 9352 --- [api-gateway] [freshExecutor-0] o.s.c.g.r.RouteDefinitionRouteLocator    : RouteDefinition product-service applying filter {} to JwtAuthFilter
2026-06-03T01:42:35.501+05:30 DEBUG 9352 --- [api-gateway] [freshExecutor-0] o.s.c.g.r.RouteDefinitionRouteLocator    : RouteDefinition matched: product-service
2026-06-03T01:42:35.502+05:30 DEBUG 9352 --- [api-gateway] [freshExecutor-0] o.s.c.g.r.RouteDefinitionRouteLocator    : RouteDefinition cart-service applying {_genkey_0=/api/cart/**} to Path
2026-06-03T01:42:35.506+05:30 DEBUG 9352 --- [api-gateway] [freshExecutor-0] o.s.c.g.r.RouteDefinitionRouteLocator    : RouteDefinition cart-service applying filter {} to JwtAuthFilter
2026-06-03T01:42:35.508+05:30 DEBUG 9352 --- [api-gateway] [freshExecutor-0] o.s.c.g.r.RouteDefinitionRouteLocator    : RouteDefinition matched: cart-service
2026-06-03T01:42:35.522+05:30 DEBUG 9352 --- [api-gateway] [freshExecutor-0] o.s.c.g.filter.GatewayMetricsFilter      : New routes count: 15
