
  .   ____          _            __ _ _
 /\\ / ___'_ __ _ _(_)_ __  __ _ \ \ \ \
( ( )\___ | '_ | '_| | '_ \/ _` | \ \ \ \
 \\/  ___)| |_)| | | | | || (_| |  ) ) ) )
  '  |____| .__|_| |_|_| |_\__, | / / / /
 =========|_|==============|___/=/_/_/_/
 :: Spring Boot ::               (v3.2.12)

2026-06-02T20:06:42.690Z  INFO 26688 --- [payment-service] [           main] c.h.payment.PaymentServiceApplication    : Starting PaymentServiceApplication v0.0.1-SNAPSHOT using Java 21.0.6 with PID 26688 (C:\Users\jagdish\Downloads\Telegram Desktop\spring-boot-projects\ecommerce-microservices-main\payment-service\target\payment-service-0.0.1-SNAPSHOT.jar started by jagdish in C:\Users\jagdish\Downloads\Telegram Desktop\spring-boot-projects\ecommerce-microservices-main)
2026-06-02T20:06:42.696Z  INFO 26688 --- [payment-service] [           main] c.h.payment.PaymentServiceApplication    : No active profile set, falling back to 1 default profile: "default"
2026-06-02T20:07:26.924Z  INFO 26688 --- [payment-service] [           main] .s.d.r.c.RepositoryConfigurationDelegate : Bootstrapping Spring Data JPA repositories in DEFAULT mode.
2026-06-02T20:07:32.467Z  INFO 26688 --- [payment-service] [           main] .s.d.r.c.RepositoryConfigurationDelegate : Finished Spring Data repository scanning in 5343 ms. Found 1 JPA repository interface.
2026-06-02T20:07:40.547Z  INFO 26688 --- [payment-service] [           main] o.s.cloud.context.scope.GenericScope     : BeanFactory id=e9cc2471-8e7f-3071-9181-27d74d7c823b
2026-06-02T20:07:50.356Z  WARN 26688 --- [payment-service] [           main] trationDelegate$BeanPostProcessorChecker : Bean 'org.springframework.cloud.client.loadbalancer.LoadBalancerAutoConfiguration$DeferringLoadBalancerInterceptorConfig' of type [org.springframework.cloud.client.loadbalancer.LoadBalancerAutoConfiguration$DeferringLoadBalancerInterceptorConfig] is not eligible for getting processed by all BeanPostProcessors (for example: not eligible for auto-proxying). The currently created BeanPostProcessor [lbRestClientPostProcessor] is declared through a non-static factory method on that class; consider declaring it as static instead.
2026-06-02T20:07:50.398Z  WARN 26688 --- [payment-service] [           main] trationDelegate$BeanPostProcessorChecker : Bean 'deferringLoadBalancerInterceptor' of type [org.springframework.cloud.client.loadbalancer.DeferringLoadBalancerInterceptor] is not eligible for getting processed by all BeanPostProcessors (for example: not eligible for auto-proxying). Is this bean getting eagerly injected/applied to a currently created BeanPostProcessor [lbRestClientPostProcessor]? Check the corresponding BeanPostProcessor declaration and its dependencies/advisors. If this bean does not have to be post-processed, declare it with ROLE_INFRASTRUCTURE.
2026-06-02T20:08:03.007Z  INFO 26688 --- [payment-service] [           main] o.s.b.w.embedded.tomcat.TomcatWebServer  : Tomcat initialized with port 8083 (http)
2026-06-02T20:08:03.100Z  INFO 26688 --- [payment-service] [           main] o.apache.catalina.core.StandardService   : Starting service [Tomcat]
2026-06-02T20:08:03.101Z  INFO 26688 --- [payment-service] [           main] o.apache.catalina.core.StandardEngine    : Starting Servlet engine: [Apache Tomcat/10.1.33]
2026-06-02T20:08:03.713Z  INFO 26688 --- [payment-service] [           main] o.a.c.c.C.[Tomcat].[localhost].[/]       : Initializing Spring embedded WebApplicationContext
2026-06-02T20:08:03.718Z  INFO 26688 --- [payment-service] [           main] w.s.c.ServletWebServerApplicationContext : Root WebApplicationContext: initialization completed in 78640 ms
2026-06-02T20:08:30.957Z  INFO 26688 --- [payment-service] [           main] o.hibernate.jpa.internal.util.LogHelper  : HHH000204: Processing PersistenceUnitInfo [name: default]
2026-06-02T20:08:31.738Z  INFO 26688 --- [payment-service] [           main] org.hibernate.Version                    : HHH000412: Hibernate ORM core version 6.4.10.Final
2026-06-02T20:08:32.544Z  INFO 26688 --- [payment-service] [           main] o.h.c.internal.RegionFactoryInitiator    : HHH000026: Second-level cache disabled
2026-06-02T20:08:39.601Z  INFO 26688 --- [payment-service] [           main] o.s.o.j.p.SpringPersistenceUnitInfo      : No LoadTimeWeaver setup: ignoring JPA class transformer
2026-06-02T20:08:40.637Z  INFO 26688 --- [payment-service] [           main] com.zaxxer.hikari.HikariDataSource       : HikariPool-1 - Starting...
2026-06-02T20:10:02.253Z  INFO 26688 --- [payment-service] [           main] com.zaxxer.hikari.pool.HikariPool        : HikariPool-1 - Added connection org.postgresql.jdbc.PgConnection@4b99648a
2026-06-02T20:10:02.341Z  INFO 26688 --- [payment-service] [           main] com.zaxxer.hikari.HikariDataSource       : HikariPool-1 - Start completed.
2026-06-02T20:10:19.782Z  WARN 26688 --- [payment-service] [           main] org.hibernate.orm.deprecation            : HHH90000025: PostgreSQLDialect does not need to be specified explicitly using 'hibernate.dialect' (remove the property setting and it will be selected by default)
2026-06-02T20:10:28.405Z  INFO 26688 --- [payment-service] [           main] o.h.e.t.j.p.i.JtaPlatformInitiator       : HHH000489: No JTA platform available (set 'hibernate.transaction.jta.platform' to enable JTA platform integration)
Hibernate: 
    create table payments (
        id uuid not null,
        amount numeric(38,2),
        correlation_id uuid,
        created_at timestamp(6) with time zone,
        created_by varchar(255),
        customer_id uuid,
        order_id uuid,
        payment_date timestamp(6) with time zone,
        payment_method varchar(255),
        status varchar(255) check (status in ('PENDING','COMPLETED','FAILED','REFUNDED')),
        transaction_id varchar(255),
        primary key (id)
    )
2026-06-02T20:10:44.546Z  INFO 26688 --- [payment-service] [           main] j.LocalContainerEntityManagerFactoryBean : Initialized JPA EntityManagerFactory for persistence unit 'default'
2026-06-02T20:10:52.016Z  WARN 26688 --- [payment-service] [           main] JpaBaseConfiguration$JpaWebConfiguration : spring.jpa.open-in-view is enabled by default. Therefore, database queries may be performed during view rendering. Explicitly configure spring.jpa.open-in-view to disable this warning
2026-06-02T20:11:04.276Z  INFO 26688 --- [payment-service] [           main] o.s.cloud.commons.util.InetUtils         : Cannot determine local hostname
2026-06-02T20:11:07.967Z  INFO 26688 --- [payment-service] [           main] DiscoveryClientOptionalArgsConfiguration : Eureka HTTP Client uses RestTemplate.
2026-06-02T20:11:08.720Z  WARN 26688 --- [payment-service] [           main] iguration$LoadBalancerCaffeineWarnLogger : Spring Cloud LoadBalancer is currently working with the default cache. While this cache implementation is useful for development and tests, it's recommended to use Caffeine cache in production.You can switch to using Caffeine cache, by adding it and org.springframework.cache.caffeine.CaffeineCacheManager to the classpath.
2026-06-02T20:11:08.948Z  INFO 26688 --- [payment-service] [           main] o.s.b.a.e.web.EndpointLinksResolver      : Exposing 1 endpoint(s) beneath base path '/actuator'
2026-06-02T20:11:10.636Z  INFO 26688 --- [payment-service] [           main] o.s.c.n.eureka.InstanceInfoFactory       : Setting initial instance status as: STARTING
2026-06-02T20:11:11.323Z  INFO 26688 --- [payment-service] [           main] com.netflix.discovery.DiscoveryClient    : Initializing Eureka in region us-east-1
2026-06-02T20:11:11.353Z  INFO 26688 --- [payment-service] [           main] c.n.d.s.r.aws.ConfigClusterResolver      : Resolving eureka endpoints via configuration
2026-06-02T20:11:11.426Z  INFO 26688 --- [payment-service] [           main] com.netflix.discovery.DiscoveryClient    : Disable delta property : false
2026-06-02T20:11:11.428Z  INFO 26688 --- [payment-service] [           main] com.netflix.discovery.DiscoveryClient    : Single vip registry refresh property : null
2026-06-02T20:11:11.429Z  INFO 26688 --- [payment-service] [           main] com.netflix.discovery.DiscoveryClient    : Force full registry fetch : false
2026-06-02T20:11:11.429Z  INFO 26688 --- [payment-service] [           main] com.netflix.discovery.DiscoveryClient    : Application is null : false
2026-06-02T20:11:11.429Z  INFO 26688 --- [payment-service] [           main] com.netflix.discovery.DiscoveryClient    : Registered Applications size is zero : true
2026-06-02T20:11:11.430Z  INFO 26688 --- [payment-service] [           main] com.netflix.discovery.DiscoveryClient    : Application version is -1: true
2026-06-02T20:11:11.430Z  INFO 26688 --- [payment-service] [           main] com.netflix.discovery.DiscoveryClient    : Getting all instance registry info from the eureka server
2026-06-02T20:11:14.117Z  INFO 26688 --- [payment-service] [           main] com.netflix.discovery.DiscoveryClient    : The response status is 200
2026-06-02T20:11:14.140Z  INFO 26688 --- [payment-service] [           main] com.netflix.discovery.DiscoveryClient    : Starting heartbeat executor: renew interval is: 30
2026-06-02T20:11:14.176Z  INFO 26688 --- [payment-service] [           main] c.n.discovery.InstanceInfoReplicator     : InstanceInfoReplicator onDemand update allowed rate per min is 4
2026-06-02T20:11:14.338Z  INFO 26688 --- [payment-service] [           main] com.netflix.discovery.DiscoveryClient    : Discovery Client initialized at timestamp 1780431074337 with initial instances count: 4
2026-06-02T20:11:14.475Z  INFO 26688 --- [payment-service] [           main] o.s.c.n.e.s.EurekaServiceRegistry        : Registering application PAYMENT-SERVICE with eureka with status UP
2026-06-02T20:11:14.483Z  INFO 26688 --- [payment-service] [           main] com.netflix.discovery.DiscoveryClient    : Saw local status change event StatusChangeEvent [timestamp=1780431074483, current=UP, previous=STARTING]
2026-06-02T20:11:14.497Z  INFO 26688 --- [payment-service] [nfoReplicator-0] com.netflix.discovery.DiscoveryClient    : DiscoveryClient_PAYMENT-SERVICE/localhost:payment-service:8083: registering service...
2026-06-02T20:11:15.012Z  INFO 26688 --- [payment-service] [           main] o.s.b.w.embedded.tomcat.TomcatWebServer  : Tomcat started on port 8083 (http) with context path ''
2026-06-02T20:11:15.025Z  INFO 26688 --- [payment-service] [           main] .s.c.n.e.s.EurekaAutoServiceRegistration : Updating port to 8083
2026-06-02T20:11:15.037Z  INFO 26688 --- [payment-service] [nfoReplicator-0] com.netflix.discovery.DiscoveryClient    : DiscoveryClient_PAYMENT-SERVICE/localhost:payment-service:8083 - registration status: 204
2026-06-02T20:11:16.903Z  INFO 26688 --- [payment-service] [           main] o.a.k.clients.consumer.ConsumerConfig    : ConsumerConfig values: 
	allow.auto.create.topics = true
	auto.commit.interval.ms = 5000
	auto.include.jmx.reporter = true
	auto.offset.reset = earliest
	bootstrap.servers = [localhost:9092]
	check.crcs = true
	client.dns.lookup = use_all_dns_ips
	client.id = consumer-payment-service-group-1
	client.rack = 
	connections.max.idle.ms = 540000
	default.api.timeout.ms = 60000
	enable.auto.commit = false
	exclude.internal.topics = true
	fetch.max.bytes = 52428800
	fetch.max.wait.ms = 500
	fetch.min.bytes = 1
	group.id = payment-service-group
	group.instance.id = null
	heartbeat.interval.ms = 3000
	interceptor.classes = []
	internal.leave.group.on.close = true
	internal.throw.on.fetch.stable.offset.unsupported = false
	isolation.level = read_uncommitted
	key.deserializer = class org.apache.kafka.common.serialization.StringDeserializer
	max.partition.fetch.bytes = 1048576
	max.poll.interval.ms = 300000
	max.poll.records = 500
	metadata.max.age.ms = 300000
	metric.reporters = []
	metrics.num.samples = 2
	metrics.recording.level = INFO
	metrics.sample.window.ms = 30000
	partition.assignment.strategy = [class org.apache.kafka.clients.consumer.RangeAssignor, class org.apache.kafka.clients.consumer.CooperativeStickyAssignor]
	receive.buffer.bytes = 65536
	reconnect.backoff.max.ms = 1000
	reconnect.backoff.ms = 50
	request.timeout.ms = 30000
	retry.backoff.ms = 100
	sasl.client.callback.handler.class = null
	sasl.jaas.config = null
	sasl.kerberos.kinit.cmd = /usr/bin/kinit
	sasl.kerberos.min.time.before.relogin = 60000
	sasl.kerberos.service.name = null
	sasl.kerberos.ticket.renew.jitter = 0.05
	sasl.kerberos.ticket.renew.window.factor = 0.8
	sasl.login.callback.handler.class = null
	sasl.login.class = null
	sasl.login.connect.timeout.ms = null
	sasl.login.read.timeout.ms = null
	sasl.login.refresh.buffer.seconds = 300
	sasl.login.refresh.min.period.seconds = 60
	sasl.login.refresh.window.factor = 0.8
	sasl.login.refresh.window.jitter = 0.05
	sasl.login.retry.backoff.max.ms = 10000
	sasl.login.retry.backoff.ms = 100
	sasl.mechanism = GSSAPI
	sasl.oauthbearer.clock.skew.seconds = 30
	sasl.oauthbearer.expected.audience = null
	sasl.oauthbearer.expected.issuer = null
	sasl.oauthbearer.jwks.endpoint.refresh.ms = 3600000
	sasl.oauthbearer.jwks.endpoint.retry.backoff.max.ms = 10000
	sasl.oauthbearer.jwks.endpoint.retry.backoff.ms = 100
	sasl.oauthbearer.jwks.endpoint.url = null
	sasl.oauthbearer.scope.claim.name = scope
	sasl.oauthbearer.sub.claim.name = sub
	sasl.oauthbearer.token.endpoint.url = null
	security.protocol = PLAINTEXT
	security.providers = null
	send.buffer.bytes = 131072
	session.timeout.ms = 45000
	socket.connection.setup.timeout.max.ms = 30000
	socket.connection.setup.timeout.ms = 10000
	ssl.cipher.suites = null
	ssl.enabled.protocols = [TLSv1.2, TLSv1.3]
	ssl.endpoint.identification.algorithm = https
	ssl.engine.factory.class = null
	ssl.key.password = null
	ssl.keymanager.algorithm = SunX509
	ssl.keystore.certificate.chain = null
	ssl.keystore.key = null
	ssl.keystore.location = null
	ssl.keystore.password = null
	ssl.keystore.type = JKS
	ssl.protocol = TLSv1.3
	ssl.provider = null
	ssl.secure.random.implementation = null
	ssl.trustmanager.algorithm = PKIX
	ssl.truststore.certificates = null
	ssl.truststore.location = null
	ssl.truststore.password = null
	ssl.truststore.type = JKS
	value.deserializer = class org.springframework.kafka.support.serializer.JsonDeserializer

2026-06-02T20:11:17.975Z  INFO 26688 --- [payment-service] [           main] o.a.k.clients.consumer.ConsumerConfig    : These configurations '[spring.json.trusted.packages, spring.json.use.type.headers]' were supplied but are not used yet.
2026-06-02T20:11:17.986Z  INFO 26688 --- [payment-service] [           main] o.a.kafka.common.utils.AppInfoParser     : Kafka version: 3.6.2
2026-06-02T20:11:17.989Z  INFO 26688 --- [payment-service] [           main] o.a.kafka.common.utils.AppInfoParser     : Kafka commitId: c4deed513057c94e
2026-06-02T20:11:17.992Z  INFO 26688 --- [payment-service] [           main] o.a.kafka.common.utils.AppInfoParser     : Kafka startTimeMs: 1780431077979
2026-06-02T20:11:18.009Z  INFO 26688 --- [payment-service] [           main] fkaConsumerFactory$ExtendedKafkaConsumer : [Consumer clientId=consumer-payment-service-group-1, groupId=payment-service-group] Subscribed to topic(s): inventory-events
2026-06-02T20:11:18.145Z  INFO 26688 --- [payment-service] [           main] c.h.payment.PaymentServiceApplication    : Started PaymentServiceApplication in 292.468 seconds (process running for 304.16)
2026-06-02T20:11:50.323Z  WARN 26688 --- [payment-service] [ntainer#0-0-C-1] org.apache.kafka.clients.NetworkClient   : [Consumer clientId=consumer-payment-service-group-1, groupId=payment-service-group] Error while fetching metadata with correlation id 2 : {inventory-events=UNKNOWN_TOPIC_OR_PARTITION}
2026-06-02T20:11:50.335Z  INFO 26688 --- [payment-service] [ntainer#0-0-C-1] org.apache.kafka.clients.Metadata        : [Consumer clientId=consumer-payment-service-group-1, groupId=payment-service-group] Cluster ID: MkU3OEVBNTcwNTJENDM2Qg
2026-06-02T20:11:50.364Z  INFO 26688 --- [payment-service] [ntainer#0-0-C-1] o.a.k.c.c.internals.ConsumerCoordinator  : [Consumer clientId=consumer-payment-service-group-1, groupId=payment-service-group] Discovered group coordinator localhost:9092 (id: 2147483646 rack: null)
2026-06-02T20:11:50.375Z  INFO 26688 --- [payment-service] [ntainer#0-0-C-1] o.a.k.c.c.internals.ConsumerCoordinator  : [Consumer clientId=consumer-payment-service-group-1, groupId=payment-service-group] (Re-)joining group
2026-06-02T20:11:51.509Z  WARN 26688 --- [payment-service] [ntainer#0-0-C-1] org.apache.kafka.clients.NetworkClient   : [Consumer clientId=consumer-payment-service-group-1, groupId=payment-service-group] Error while fetching metadata with correlation id 6 : {inventory-events=UNKNOWN_TOPIC_OR_PARTITION}
2026-06-02T20:11:51.933Z  WARN 26688 --- [payment-service] [ntainer#0-0-C-1] org.apache.kafka.clients.NetworkClient   : [Consumer clientId=consumer-payment-service-group-1, groupId=payment-service-group] Error while fetching metadata with correlation id 7 : {inventory-events=UNKNOWN_TOPIC_OR_PARTITION}
2026-06-02T20:11:52.114Z  WARN 26688 --- [payment-service] [ntainer#0-0-C-1] org.apache.kafka.clients.NetworkClient   : [Consumer clientId=consumer-payment-service-group-1, groupId=payment-service-group] Error while fetching metadata with correlation id 8 : {inventory-events=UNKNOWN_TOPIC_OR_PARTITION}
2026-06-02T20:11:52.242Z  WARN 26688 --- [payment-service] [ntainer#0-0-C-1] org.apache.kafka.clients.NetworkClient   : [Consumer clientId=consumer-payment-service-group-1, groupId=payment-service-group] Error while fetching metadata with correlation id 9 : {inventory-events=UNKNOWN_TOPIC_OR_PARTITION}
2026-06-02T20:11:52.690Z  WARN 26688 --- [payment-service] [ntainer#0-0-C-1] org.apache.kafka.clients.NetworkClient   : [Consumer clientId=consumer-payment-service-group-1, groupId=payment-service-group] Error while fetching metadata with correlation id 10 : {inventory-events=UNKNOWN_TOPIC_OR_PARTITION}
2026-06-02T20:11:53.148Z  WARN 26688 --- [payment-service] [ntainer#0-0-C-1] org.apache.kafka.clients.NetworkClient   : [Consumer clientId=consumer-payment-service-group-1, groupId=payment-service-group] Error while fetching metadata with correlation id 11 : {inventory-events=UNKNOWN_TOPIC_OR_PARTITION}
2026-06-02T20:11:53.274Z  INFO 26688 --- [payment-service] [ntainer#0-0-C-1] o.a.k.c.c.internals.ConsumerCoordinator  : [Consumer clientId=consumer-payment-service-group-1, groupId=payment-service-group] Request joining group due to: need to re-join with the given member-id: consumer-payment-service-group-1-f3ac6952-8c80-412b-ba94-bc8ad05facf3
2026-06-02T20:11:53.275Z  INFO 26688 --- [payment-service] [ntainer#0-0-C-1] o.a.k.c.c.internals.ConsumerCoordinator  : [Consumer clientId=consumer-payment-service-group-1, groupId=payment-service-group] Request joining group due to: rebalance failed due to 'The group member needs to have a valid member id before actually entering a consumer group.' (MemberIdRequiredException)
2026-06-02T20:11:53.276Z  INFO 26688 --- [payment-service] [ntainer#0-0-C-1] o.a.k.c.c.internals.ConsumerCoordinator  : [Consumer clientId=consumer-payment-service-group-1, groupId=payment-service-group] (Re-)joining group
2026-06-02T20:11:53.705Z  WARN 26688 --- [payment-service] [ntainer#0-0-C-1] org.apache.kafka.clients.NetworkClient   : [Consumer clientId=consumer-payment-service-group-1, groupId=payment-service-group] Error while fetching metadata with correlation id 12 : {inventory-events=UNKNOWN_TOPIC_OR_PARTITION}
2026-06-02T20:11:54.415Z  WARN 26688 --- [payment-service] [ntainer#0-0-C-1] org.apache.kafka.clients.NetworkClient   : [Consumer clientId=consumer-payment-service-group-1, groupId=payment-service-group] Error while fetching metadata with correlation id 14 : {inventory-events=UNKNOWN_TOPIC_OR_PARTITION}
2026-06-02T20:11:54.984Z  WARN 26688 --- [payment-service] [ntainer#0-0-C-1] org.apache.kafka.clients.NetworkClient   : [Consumer clientId=consumer-payment-service-group-1, groupId=payment-service-group] Error while fetching metadata with correlation id 15 : {inventory-events=UNKNOWN_TOPIC_OR_PARTITION}
2026-06-02T20:11:55.102Z  WARN 26688 --- [payment-service] [ntainer#0-0-C-1] org.apache.kafka.clients.NetworkClient   : [Consumer clientId=consumer-payment-service-group-1, groupId=payment-service-group] Error while fetching metadata with correlation id 16 : {inventory-events=UNKNOWN_TOPIC_OR_PARTITION}
2026-06-02T20:11:55.812Z  WARN 26688 --- [payment-service] [ntainer#0-0-C-1] org.apache.kafka.clients.NetworkClient   : [Consumer clientId=consumer-payment-service-group-1, groupId=payment-service-group] Error while fetching metadata with correlation id 17 : {inventory-events=UNKNOWN_TOPIC_OR_PARTITION}
2026-06-02T20:11:56.061Z  WARN 26688 --- [payment-service] [ntainer#0-0-C-1] org.apache.kafka.clients.NetworkClient   : [Consumer clientId=consumer-payment-service-group-1, groupId=payment-service-group] Error while fetching metadata with correlation id 18 : {inventory-events=UNKNOWN_TOPIC_OR_PARTITION}
2026-06-02T20:11:56.366Z  WARN 26688 --- [payment-service] [ntainer#0-0-C-1] org.apache.kafka.clients.NetworkClient   : [Consumer clientId=consumer-payment-service-group-1, groupId=payment-service-group] Error while fetching metadata with correlation id 19 : {inventory-events=UNKNOWN_TOPIC_OR_PARTITION}
2026-06-02T20:11:56.490Z  WARN 26688 --- [payment-service] [ntainer#0-0-C-1] org.apache.kafka.clients.NetworkClient   : [Consumer clientId=consumer-payment-service-group-1, groupId=payment-service-group] Error while fetching metadata with correlation id 20 : {inventory-events=UNKNOWN_TOPIC_OR_PARTITION}
2026-06-02T20:11:56.840Z  WARN 26688 --- [payment-service] [ntainer#0-0-C-1] org.apache.kafka.clients.NetworkClient   : [Consumer clientId=consumer-payment-service-group-1, groupId=payment-service-group] Error while fetching metadata with correlation id 21 : {inventory-events=UNKNOWN_TOPIC_OR_PARTITION}
2026-06-02T20:11:56.953Z  WARN 26688 --- [payment-service] [ntainer#0-0-C-1] org.apache.kafka.clients.NetworkClient   : [Consumer clientId=consumer-payment-service-group-1, groupId=payment-service-group] Error while fetching metadata with correlation id 22 : {inventory-events=UNKNOWN_TOPIC_OR_PARTITION}
2026-06-02T20:11:57.123Z  WARN 26688 --- [payment-service] [ntainer#0-0-C-1] org.apache.kafka.clients.NetworkClient   : [Consumer clientId=consumer-payment-service-group-1, groupId=payment-service-group] Error while fetching metadata with correlation id 23 : {inventory-events=UNKNOWN_TOPIC_OR_PARTITION}
2026-06-02T20:11:57.317Z  WARN 26688 --- [payment-service] [ntainer#0-0-C-1] org.apache.kafka.clients.NetworkClient   : [Consumer clientId=consumer-payment-service-group-1, groupId=payment-service-group] Error while fetching metadata with correlation id 24 : {inventory-events=UNKNOWN_TOPIC_OR_PARTITION}
2026-06-02T20:11:57.570Z  WARN 26688 --- [payment-service] [ntainer#0-0-C-1] org.apache.kafka.clients.NetworkClient   : [Consumer clientId=consumer-payment-service-group-1, groupId=payment-service-group] Error while fetching metadata with correlation id 25 : {inventory-events=UNKNOWN_TOPIC_OR_PARTITION}
2026-06-02T20:11:57.806Z  WARN 26688 --- [payment-service] [ntainer#0-0-C-1] org.apache.kafka.clients.NetworkClient   : [Consumer clientId=consumer-payment-service-group-1, groupId=payment-service-group] Error while fetching metadata with correlation id 26 : {inventory-events=UNKNOWN_TOPIC_OR_PARTITION}
2026-06-02T20:11:58.089Z  WARN 26688 --- [payment-service] [ntainer#0-0-C-1] org.apache.kafka.clients.NetworkClient   : [Consumer clientId=consumer-payment-service-group-1, groupId=payment-service-group] Error while fetching metadata with correlation id 27 : {inventory-events=UNKNOWN_TOPIC_OR_PARTITION}
2026-06-02T20:11:58.230Z  WARN 26688 --- [payment-service] [ntainer#0-0-C-1] org.apache.kafka.clients.NetworkClient   : [Consumer clientId=consumer-payment-service-group-1, groupId=payment-service-group] Error while fetching metadata with correlation id 28 : {inventory-events=UNKNOWN_TOPIC_OR_PARTITION}
2026-06-02T20:11:58.401Z  WARN 26688 --- [payment-service] [ntainer#0-0-C-1] org.apache.kafka.clients.NetworkClient   : [Consumer clientId=consumer-payment-service-group-1, groupId=payment-service-group] Error while fetching metadata with correlation id 29 : {inventory-events=UNKNOWN_TOPIC_OR_PARTITION}
2026-06-02T20:11:58.592Z  WARN 26688 --- [payment-service] [ntainer#0-0-C-1] org.apache.kafka.clients.NetworkClient   : [Consumer clientId=consumer-payment-service-group-1, groupId=payment-service-group] Error while fetching metadata with correlation id 30 : {inventory-events=UNKNOWN_TOPIC_OR_PARTITION}
2026-06-02T20:11:58.782Z  WARN 26688 --- [payment-service] [ntainer#0-0-C-1] org.apache.kafka.clients.NetworkClient   : [Consumer clientId=consumer-payment-service-group-1, groupId=payment-service-group] Error while fetching metadata with correlation id 31 : {inventory-events=UNKNOWN_TOPIC_OR_PARTITION}
2026-06-02T20:11:58.975Z  WARN 26688 --- [payment-service] [ntainer#0-0-C-1] org.apache.kafka.clients.NetworkClient   : [Consumer clientId=consumer-payment-service-group-1, groupId=payment-service-group] Error while fetching metadata with correlation id 32 : {inventory-events=UNKNOWN_TOPIC_OR_PARTITION}
2026-06-02T20:11:59.141Z  WARN 26688 --- [payment-service] [ntainer#0-0-C-1] org.apache.kafka.clients.NetworkClient   : [Consumer clientId=consumer-payment-service-group-1, groupId=payment-service-group] Error while fetching metadata with correlation id 33 : {inventory-events=UNKNOWN_TOPIC_OR_PARTITION}
2026-06-02T20:11:59.272Z  WARN 26688 --- [payment-service] [ntainer#0-0-C-1] org.apache.kafka.clients.NetworkClient   : [Consumer clientId=consumer-payment-service-group-1, groupId=payment-service-group] Error while fetching metadata with correlation id 34 : {inventory-events=UNKNOWN_TOPIC_OR_PARTITION}
2026-06-02T20:11:59.412Z  WARN 26688 --- [payment-service] [ntainer#0-0-C-1] org.apache.kafka.clients.NetworkClient   : [Consumer clientId=consumer-payment-service-group-1, groupId=payment-service-group] Error while fetching metadata with correlation id 35 : {inventory-events=UNKNOWN_TOPIC_OR_PARTITION}
2026-06-02T20:12:01.998Z  WARN 26688 --- [payment-service] [ntainer#0-0-C-1] org.apache.kafka.clients.NetworkClient   : [Consumer clientId=consumer-payment-service-group-1, groupId=payment-service-group] Error while fetching metadata with correlation id 36 : {inventory-events=UNKNOWN_TOPIC_OR_PARTITION}
2026-06-02T20:12:02.238Z  WARN 26688 --- [payment-service] [ntainer#0-0-C-1] org.apache.kafka.clients.NetworkClient   : [Consumer clientId=consumer-payment-service-group-1, groupId=payment-service-group] Error while fetching metadata with correlation id 37 : {inventory-events=UNKNOWN_TOPIC_OR_PARTITION}
2026-06-02T20:12:02.439Z  WARN 26688 --- [payment-service] [ntainer#0-0-C-1] org.apache.kafka.clients.NetworkClient   : [Consumer clientId=consumer-payment-service-group-1, groupId=payment-service-group] Error while fetching metadata with correlation id 38 : {inventory-events=UNKNOWN_TOPIC_OR_PARTITION}
2026-06-02T20:12:02.628Z  WARN 26688 --- [payment-service] [ntainer#0-0-C-1] org.apache.kafka.clients.NetworkClient   : [Consumer clientId=consumer-payment-service-group-1, groupId=payment-service-group] Error while fetching metadata with correlation id 39 : {inventory-events=UNKNOWN_TOPIC_OR_PARTITION}
2026-06-02T20:12:02.798Z  WARN 26688 --- [payment-service] [ntainer#0-0-C-1] org.apache.kafka.clients.NetworkClient   : [Consumer clientId=consumer-payment-service-group-1, groupId=payment-service-group] Error while fetching metadata with correlation id 40 : {inventory-events=UNKNOWN_TOPIC_OR_PARTITION}
2026-06-02T20:12:03.288Z  INFO 26688 --- [payment-service] [ntainer#0-0-C-1] o.a.k.c.c.internals.ConsumerCoordinator  : [Consumer clientId=consumer-payment-service-group-1, groupId=payment-service-group] Successfully joined group with generation Generation{generationId=1, memberId='consumer-payment-service-group-1-f3ac6952-8c80-412b-ba94-bc8ad05facf3', protocol='range'}
2026-06-02T20:12:03.507Z  WARN 26688 --- [payment-service] [ntainer#0-0-C-1] org.apache.kafka.clients.NetworkClient   : [Consumer clientId=consumer-payment-service-group-1, groupId=payment-service-group] Error while fetching metadata with correlation id 41 : {inventory-events=UNKNOWN_TOPIC_OR_PARTITION}
2026-06-02T20:12:03.532Z  INFO 26688 --- [payment-service] [ntainer#0-0-C-1] o.a.k.c.c.internals.ConsumerCoordinator  : [Consumer clientId=consumer-payment-service-group-1, groupId=payment-service-group] Finished assignment for group at generation 1: {consumer-payment-service-group-1-f3ac6952-8c80-412b-ba94-bc8ad05facf3=Assignment(partitions=[])}
2026-06-02T20:12:03.782Z  WARN 26688 --- [payment-service] [ntainer#0-0-C-1] org.apache.kafka.clients.NetworkClient   : [Consumer clientId=consumer-payment-service-group-1, groupId=payment-service-group] Error while fetching metadata with correlation id 43 : {inventory-events=UNKNOWN_TOPIC_OR_PARTITION}
2026-06-02T20:12:04.192Z  WARN 26688 --- [payment-service] [ntainer#0-0-C-1] org.apache.kafka.clients.NetworkClient   : [Consumer clientId=consumer-payment-service-group-1, groupId=payment-service-group] Error while fetching metadata with correlation id 44 : {inventory-events=UNKNOWN_TOPIC_OR_PARTITION}
2026-06-02T20:12:04.671Z  WARN 26688 --- [payment-service] [ntainer#0-0-C-1] org.apache.kafka.clients.NetworkClient   : [Consumer clientId=consumer-payment-service-group-1, groupId=payment-service-group] Error while fetching metadata with correlation id 45 : {inventory-events=UNKNOWN_TOPIC_OR_PARTITION}
2026-06-02T20:12:24.886Z  INFO 26688 --- [payment-service] [ntainer#0-0-C-1] o.a.k.c.c.internals.ConsumerCoordinator  : [Consumer clientId=consumer-payment-service-group-1, groupId=payment-service-group] SyncGroup failed: The group began another rebalance. Need to re-join the group. Sent generation was Generation{generationId=1, memberId='consumer-payment-service-group-1-f3ac6952-8c80-412b-ba94-bc8ad05facf3', protocol='range'}
2026-06-02T20:12:24.890Z  INFO 26688 --- [payment-service] [ntainer#0-0-C-1] o.a.k.c.c.internals.ConsumerCoordinator  : [Consumer clientId=consumer-payment-service-group-1, groupId=payment-service-group] Request joining group due to: rebalance failed due to 'The group is rebalancing, so a rejoin is needed.' (RebalanceInProgressException)
2026-06-02T20:12:24.891Z  INFO 26688 --- [payment-service] [ntainer#0-0-C-1] o.a.k.c.c.internals.ConsumerCoordinator  : [Consumer clientId=consumer-payment-service-group-1, groupId=payment-service-group] (Re-)joining group
2026-06-02T20:12:27.989Z  INFO 26688 --- [payment-service] [ntainer#0-0-C-1] o.a.k.c.c.internals.ConsumerCoordinator  : [Consumer clientId=consumer-payment-service-group-1, groupId=payment-service-group] Attempt to heartbeat with Generation{generationId=1, memberId='consumer-payment-service-group-1-f3ac6952-8c80-412b-ba94-bc8ad05facf3', protocol='range'} and group instance id Optional.empty failed due to UNKNOWN_MEMBER_ID, resetting generation
2026-06-02T20:12:27.991Z  INFO 26688 --- [payment-service] [ntainer#0-0-C-1] o.a.k.c.c.internals.ConsumerCoordinator  : [Consumer clientId=consumer-payment-service-group-1, groupId=payment-service-group] Resetting generation and member id due to: encountered UNKNOWN_MEMBER_ID from HEARTBEAT response
2026-06-02T20:12:27.992Z  INFO 26688 --- [payment-service] [ntainer#0-0-C-1] o.a.k.c.c.internals.ConsumerCoordinator  : [Consumer clientId=consumer-payment-service-group-1, groupId=payment-service-group] Request joining group due to: encountered UNKNOWN_MEMBER_ID from HEARTBEAT response
2026-06-02T20:12:27.995Z  INFO 26688 --- [payment-service] [ntainer#0-0-C-1] o.a.k.c.c.internals.ConsumerCoordinator  : [Consumer clientId=consumer-payment-service-group-1, groupId=payment-service-group] Attempt to heartbeat with stale Generation{generationId=1, memberId='consumer-payment-service-group-1-f3ac6952-8c80-412b-ba94-bc8ad05facf3', protocol='range'} and group instance id Optional.empty failed due to UNKNOWN_MEMBER_ID, ignoring the error
2026-06-02T20:12:27.997Z  INFO 26688 --- [payment-service] [ntainer#0-0-C-1] o.a.k.c.c.internals.ConsumerCoordinator  : [Consumer clientId=consumer-payment-service-group-1, groupId=payment-service-group] Attempt to heartbeat with stale Generation{generationId=1, memberId='consumer-payment-service-group-1-f3ac6952-8c80-412b-ba94-bc8ad05facf3', protocol='range'} and group instance id Optional.empty failed due to UNKNOWN_MEMBER_ID, ignoring the error
2026-06-02T20:12:28.009Z  INFO 26688 --- [payment-service] [ntainer#0-0-C-1] o.a.k.c.c.internals.ConsumerCoordinator  : [Consumer clientId=consumer-payment-service-group-1, groupId=payment-service-group] Attempt to heartbeat with stale Generation{generationId=1, memberId='consumer-payment-service-group-1-f3ac6952-8c80-412b-ba94-bc8ad05facf3', protocol='range'} and group instance id Optional.empty failed due to UNKNOWN_MEMBER_ID, ignoring the error
2026-06-02T20:12:28.011Z  INFO 26688 --- [payment-service] [ntainer#0-0-C-1] o.a.k.c.c.internals.ConsumerCoordinator  : [Consumer clientId=consumer-payment-service-group-1, groupId=payment-service-group] Attempt to heartbeat with stale Generation{generationId=1, memberId='consumer-payment-service-group-1-f3ac6952-8c80-412b-ba94-bc8ad05facf3', protocol='range'} and group instance id Optional.empty failed due to UNKNOWN_MEMBER_ID, ignoring the error
2026-06-02T20:12:28.012Z  INFO 26688 --- [payment-service] [ntainer#0-0-C-1] o.a.k.c.c.internals.ConsumerCoordinator  : [Consumer clientId=consumer-payment-service-group-1, groupId=payment-service-group] Attempt to heartbeat with stale Generation{generationId=1, memberId='consumer-payment-service-group-1-f3ac6952-8c80-412b-ba94-bc8ad05facf3', protocol='range'} and group instance id Optional.empty failed due to UNKNOWN_MEMBER_ID, ignoring the error
2026-06-02T20:12:28.013Z  INFO 26688 --- [payment-service] [ntainer#0-0-C-1] o.a.k.c.c.internals.ConsumerCoordinator  : [Consumer clientId=consumer-payment-service-group-1, groupId=payment-service-group] Attempt to heartbeat with stale Generation{generationId=1, memberId='consumer-payment-service-group-1-f3ac6952-8c80-412b-ba94-bc8ad05facf3', protocol='range'} and group instance id Optional.empty failed due to UNKNOWN_MEMBER_ID, ignoring the error
2026-06-02T20:12:28.017Z  INFO 26688 --- [payment-service] [ntainer#0-0-C-1] o.a.k.c.c.internals.ConsumerCoordinator  : [Consumer clientId=consumer-payment-service-group-1, groupId=payment-service-group] JoinGroup failed: The coordinator is not aware of this member. Need to re-join the group. Sent generation was Generation{generationId=1, memberId='consumer-payment-service-group-1-f3ac6952-8c80-412b-ba94-bc8ad05facf3', protocol='range'}
2026-06-02T20:12:28.018Z  INFO 26688 --- [payment-service] [ntainer#0-0-C-1] o.a.k.c.c.internals.ConsumerCoordinator  : [Consumer clientId=consumer-payment-service-group-1, groupId=payment-service-group] Request joining group due to: rebalance failed due to 'The coordinator is not aware of this member.' (UnknownMemberIdException)
2026-06-02T20:12:28.018Z  INFO 26688 --- [payment-service] [ntainer#0-0-C-1] o.a.k.c.c.internals.ConsumerCoordinator  : [Consumer clientId=consumer-payment-service-group-1, groupId=payment-service-group] (Re-)joining group
2026-06-02T20:12:31.160Z  INFO 26688 --- [payment-service] [ntainer#0-0-C-1] o.a.k.c.c.internals.ConsumerCoordinator  : [Consumer clientId=consumer-payment-service-group-1, groupId=payment-service-group] Request joining group due to: need to re-join with the given member-id: consumer-payment-service-group-1-b33bf99b-ceb6-47cc-a94e-0c1a72359c1a
2026-06-02T20:12:31.161Z  INFO 26688 --- [payment-service] [ntainer#0-0-C-1] o.a.k.c.c.internals.ConsumerCoordinator  : [Consumer clientId=consumer-payment-service-group-1, groupId=payment-service-group] Request joining group due to: rebalance failed due to 'The group member needs to have a valid member id before actually entering a consumer group.' (MemberIdRequiredException)
2026-06-02T20:12:31.162Z  INFO 26688 --- [payment-service] [ntainer#0-0-C-1] o.a.k.c.c.internals.ConsumerCoordinator  : [Consumer clientId=consumer-payment-service-group-1, groupId=payment-service-group] (Re-)joining group
2026-06-02T20:12:31.731Z  INFO 26688 --- [payment-service] [ntainer#0-0-C-1] o.a.k.c.c.internals.ConsumerCoordinator  : [Consumer clientId=consumer-payment-service-group-1, groupId=payment-service-group] Successfully joined group with generation Generation{generationId=1, memberId='consumer-payment-service-group-1-b33bf99b-ceb6-47cc-a94e-0c1a72359c1a', protocol='range'}
2026-06-02T20:12:31.794Z  INFO 26688 --- [payment-service] [ntainer#0-0-C-1] o.a.k.c.c.internals.ConsumerCoordinator  : [Consumer clientId=consumer-payment-service-group-1, groupId=payment-service-group] Finished assignment for group at generation 1: {consumer-payment-service-group-1-b33bf99b-ceb6-47cc-a94e-0c1a72359c1a=Assignment(partitions=[inventory-events-0])}
