
  .   ____          _            __ _ _
 /\\ / ___'_ __ _ _(_)_ __  __ _ \ \ \ \
( ( )\___ | '_ | '_| | '_ \/ _` | \ \ \ \
 \\/  ___)| |_)| | | | | || (_| |  ) ) ) )
  '  |____| .__|_| |_|_| |_\__, | / / / /
 =========|_|==============|___/=/_/_/_/
 :: Spring Boot ::               (v3.2.12)

2026-06-02T20:06:53.340Z  INFO 27124 --- [shipping-service] [           main] c.h.shipping.ShippingServiceApplication  : Starting ShippingServiceApplication v0.0.1-SNAPSHOT using Java 21.0.6 with PID 27124 (C:\Users\jagdish\Downloads\Telegram Desktop\spring-boot-projects\ecommerce-microservices-main\shipping-service\target\shipping-service-0.0.1-SNAPSHOT.jar started by jagdish in C:\Users\jagdish\Downloads\Telegram Desktop\spring-boot-projects\ecommerce-microservices-main)
2026-06-02T20:06:53.416Z  INFO 27124 --- [shipping-service] [           main] c.h.shipping.ShippingServiceApplication  : No active profile set, falling back to 1 default profile: "default"
2026-06-02T20:07:35.765Z  INFO 27124 --- [shipping-service] [           main] .s.d.r.c.RepositoryConfigurationDelegate : Bootstrapping Spring Data JPA repositories in DEFAULT mode.
2026-06-02T20:07:40.623Z  INFO 27124 --- [shipping-service] [           main] .s.d.r.c.RepositoryConfigurationDelegate : Finished Spring Data repository scanning in 4715 ms. Found 1 JPA repository interface.
2026-06-02T20:07:51.526Z  INFO 27124 --- [shipping-service] [           main] o.s.cloud.context.scope.GenericScope     : BeanFactory id=2696f2d4-4ac1-3c9d-87e1-e2bb34bb20c8
2026-06-02T20:08:07.561Z  WARN 27124 --- [shipping-service] [           main] trationDelegate$BeanPostProcessorChecker : Bean 'org.springframework.cloud.client.loadbalancer.LoadBalancerAutoConfiguration$DeferringLoadBalancerInterceptorConfig' of type [org.springframework.cloud.client.loadbalancer.LoadBalancerAutoConfiguration$DeferringLoadBalancerInterceptorConfig] is not eligible for getting processed by all BeanPostProcessors (for example: not eligible for auto-proxying). The currently created BeanPostProcessor [lbRestClientPostProcessor] is declared through a non-static factory method on that class; consider declaring it as static instead.
2026-06-02T20:08:07.573Z  WARN 27124 --- [shipping-service] [           main] trationDelegate$BeanPostProcessorChecker : Bean 'deferringLoadBalancerInterceptor' of type [org.springframework.cloud.client.loadbalancer.DeferringLoadBalancerInterceptor] is not eligible for getting processed by all BeanPostProcessors (for example: not eligible for auto-proxying). Is this bean getting eagerly injected/applied to a currently created BeanPostProcessor [lbRestClientPostProcessor]? Check the corresponding BeanPostProcessor declaration and its dependencies/advisors. If this bean does not have to be post-processed, declare it with ROLE_INFRASTRUCTURE.
2026-06-02T20:08:18.818Z  INFO 27124 --- [shipping-service] [           main] o.s.b.w.embedded.tomcat.TomcatWebServer  : Tomcat initialized with port 8085 (http)
2026-06-02T20:08:18.859Z  INFO 27124 --- [shipping-service] [           main] o.apache.catalina.core.StandardService   : Starting service [Tomcat]
2026-06-02T20:08:18.860Z  INFO 27124 --- [shipping-service] [           main] o.apache.catalina.core.StandardEngine    : Starting Servlet engine: [Apache Tomcat/10.1.33]
2026-06-02T20:08:19.652Z  INFO 27124 --- [shipping-service] [           main] o.a.c.c.C.[Tomcat].[localhost].[/]       : Initializing Spring embedded WebApplicationContext
2026-06-02T20:08:19.655Z  INFO 27124 --- [shipping-service] [           main] w.s.c.ServletWebServerApplicationContext : Root WebApplicationContext: initialization completed in 83688 ms
2026-06-02T20:08:39.054Z  INFO 27124 --- [shipping-service] [           main] o.hibernate.jpa.internal.util.LogHelper  : HHH000204: Processing PersistenceUnitInfo [name: default]
2026-06-02T20:08:40.517Z  INFO 27124 --- [shipping-service] [           main] org.hibernate.Version                    : HHH000412: Hibernate ORM core version 6.4.10.Final
2026-06-02T20:08:41.108Z  INFO 27124 --- [shipping-service] [           main] o.h.c.internal.RegionFactoryInitiator    : HHH000026: Second-level cache disabled
2026-06-02T20:08:44.278Z  INFO 27124 --- [shipping-service] [           main] o.s.o.j.p.SpringPersistenceUnitInfo      : No LoadTimeWeaver setup: ignoring JPA class transformer
2026-06-02T20:08:44.402Z  INFO 27124 --- [shipping-service] [           main] com.zaxxer.hikari.HikariDataSource       : HikariPool-1 - Starting...
2026-06-02T20:10:02.129Z  INFO 27124 --- [shipping-service] [           main] com.zaxxer.hikari.pool.HikariPool        : HikariPool-1 - Added connection org.postgresql.jdbc.PgConnection@142918a0
2026-06-02T20:10:02.204Z  INFO 27124 --- [shipping-service] [           main] com.zaxxer.hikari.HikariDataSource       : HikariPool-1 - Start completed.
2026-06-02T20:10:19.929Z  WARN 27124 --- [shipping-service] [           main] org.hibernate.orm.deprecation            : HHH90000025: PostgreSQLDialect does not need to be specified explicitly using 'hibernate.dialect' (remove the property setting and it will be selected by default)
2026-06-02T20:10:28.184Z  INFO 27124 --- [shipping-service] [           main] o.h.e.t.j.p.i.JtaPlatformInitiator       : HHH000489: No JTA platform available (set 'hibernate.transaction.jta.platform' to enable JTA platform integration)
Hibernate: 
    create table shipments (
        id uuid not null,
        carrier_name varchar(255),
        correlation_id uuid,
        created_at timestamp(6) with time zone,
        created_by varchar(255),
        customer_id uuid,
        estimated_delivery_date timestamp(6) with time zone,
        last_modified_at timestamp(6) with time zone,
        last_modified_by varchar(255),
        order_id uuid,
        recipient_name varchar(255),
        recipient_phone varchar(255),
        shipped_date timestamp(6) with time zone,
        shipping_address varchar(255),
        status varchar(255) check (status in ('PENDING','PROCESSING','SHIPPED','DELIVERED','CANCELLED')),
        tracking_number varchar(255),
        primary key (id)
    )
2026-06-02T20:10:41.921Z  INFO 27124 --- [shipping-service] [           main] j.LocalContainerEntityManagerFactoryBean : Initialized JPA EntityManagerFactory for persistence unit 'default'
2026-06-02T20:10:47.680Z  WARN 27124 --- [shipping-service] [           main] JpaBaseConfiguration$JpaWebConfiguration : spring.jpa.open-in-view is enabled by default. Therefore, database queries may be performed during view rendering. Explicitly configure spring.jpa.open-in-view to disable this warning
2026-06-02T20:10:57.886Z  INFO 27124 --- [shipping-service] [           main] o.s.cloud.commons.util.InetUtils         : Cannot determine local hostname
2026-06-02T20:11:04.893Z  INFO 27124 --- [shipping-service] [           main] o.s.cloud.commons.util.InetUtils         : Cannot determine local hostname
2026-06-02T20:11:05.049Z  INFO 27124 --- [shipping-service] [           main] DiscoveryClientOptionalArgsConfiguration : Eureka HTTP Client uses RestTemplate.
2026-06-02T20:11:05.619Z  WARN 27124 --- [shipping-service] [           main] iguration$LoadBalancerCaffeineWarnLogger : Spring Cloud LoadBalancer is currently working with the default cache. While this cache implementation is useful for development and tests, it's recommended to use Caffeine cache in production.You can switch to using Caffeine cache, by adding it and org.springframework.cache.caffeine.CaffeineCacheManager to the classpath.
2026-06-02T20:11:05.667Z  INFO 27124 --- [shipping-service] [           main] o.s.b.a.e.web.EndpointLinksResolver      : Exposing 1 endpoint(s) beneath base path '/actuator'
2026-06-02T20:11:06.207Z  INFO 27124 --- [shipping-service] [           main] o.s.c.n.eureka.InstanceInfoFactory       : Setting initial instance status as: STARTING
2026-06-02T20:11:06.784Z  INFO 27124 --- [shipping-service] [           main] com.netflix.discovery.DiscoveryClient    : Initializing Eureka in region us-east-1
2026-06-02T20:11:06.806Z  INFO 27124 --- [shipping-service] [           main] c.n.d.s.r.aws.ConfigClusterResolver      : Resolving eureka endpoints via configuration
2026-06-02T20:11:06.890Z  INFO 27124 --- [shipping-service] [           main] com.netflix.discovery.DiscoveryClient    : Disable delta property : false
2026-06-02T20:11:06.891Z  INFO 27124 --- [shipping-service] [           main] com.netflix.discovery.DiscoveryClient    : Single vip registry refresh property : null
2026-06-02T20:11:06.892Z  INFO 27124 --- [shipping-service] [           main] com.netflix.discovery.DiscoveryClient    : Force full registry fetch : false
2026-06-02T20:11:06.892Z  INFO 27124 --- [shipping-service] [           main] com.netflix.discovery.DiscoveryClient    : Application is null : false
2026-06-02T20:11:06.893Z  INFO 27124 --- [shipping-service] [           main] com.netflix.discovery.DiscoveryClient    : Registered Applications size is zero : true
2026-06-02T20:11:06.893Z  INFO 27124 --- [shipping-service] [           main] com.netflix.discovery.DiscoveryClient    : Application version is -1: true
2026-06-02T20:11:06.893Z  INFO 27124 --- [shipping-service] [           main] com.netflix.discovery.DiscoveryClient    : Getting all instance registry info from the eureka server
2026-06-02T20:11:11.444Z  INFO 27124 --- [shipping-service] [           main] com.netflix.discovery.DiscoveryClient    : The response status is 200
2026-06-02T20:11:11.449Z  INFO 27124 --- [shipping-service] [           main] com.netflix.discovery.DiscoveryClient    : Starting heartbeat executor: renew interval is: 30
2026-06-02T20:11:11.464Z  INFO 27124 --- [shipping-service] [           main] c.n.discovery.InstanceInfoReplicator     : InstanceInfoReplicator onDemand update allowed rate per min is 4
2026-06-02T20:11:11.481Z  INFO 27124 --- [shipping-service] [           main] com.netflix.discovery.DiscoveryClient    : Discovery Client initialized at timestamp 1780431071478 with initial instances count: 4
2026-06-02T20:11:11.504Z  INFO 27124 --- [shipping-service] [           main] o.s.c.n.e.s.EurekaServiceRegistry        : Registering application SHIPPING-SERVICE with eureka with status UP
2026-06-02T20:11:11.507Z  INFO 27124 --- [shipping-service] [           main] com.netflix.discovery.DiscoveryClient    : Saw local status change event StatusChangeEvent [timestamp=1780431071507, current=UP, previous=STARTING]
2026-06-02T20:11:11.529Z  INFO 27124 --- [shipping-service] [nfoReplicator-0] com.netflix.discovery.DiscoveryClient    : DiscoveryClient_SHIPPING-SERVICE/localhost:shipping-service:8085: registering service...
2026-06-02T20:11:11.632Z  INFO 27124 --- [shipping-service] [           main] o.s.b.w.embedded.tomcat.TomcatWebServer  : Tomcat started on port 8085 (http) with context path ''
2026-06-02T20:11:11.638Z  INFO 27124 --- [shipping-service] [           main] .s.c.n.e.s.EurekaAutoServiceRegistration : Updating port to 8085
2026-06-02T20:11:12.189Z  INFO 27124 --- [shipping-service] [nfoReplicator-0] com.netflix.discovery.DiscoveryClient    : DiscoveryClient_SHIPPING-SERVICE/localhost:shipping-service:8085 - registration status: 204
2026-06-02T20:11:12.673Z  INFO 27124 --- [shipping-service] [           main] o.s.cloud.commons.util.InetUtils         : Cannot determine local hostname
2026-06-02T20:11:12.933Z  INFO 27124 --- [shipping-service] [           main] o.a.k.clients.consumer.ConsumerConfig    : ConsumerConfig values: 
	allow.auto.create.topics = true
	auto.commit.interval.ms = 5000
	auto.include.jmx.reporter = true
	auto.offset.reset = earliest
	bootstrap.servers = [localhost:9093]
	check.crcs = true
	client.dns.lookup = use_all_dns_ips
	client.id = consumer-shipping-service-group-1
	client.rack = 
	connections.max.idle.ms = 540000
	default.api.timeout.ms = 60000
	enable.auto.commit = false
	exclude.internal.topics = true
	fetch.max.bytes = 52428800
	fetch.max.wait.ms = 500
	fetch.min.bytes = 1
	group.id = shipping-service-group
	group.instance.id = null
	heartbeat.interval.ms = 3000
	interceptor.classes = []
	internal.leave.group.on.close = true
	internal.throw.on.fetch.stable.offset.unsupported = false
	isolation.level = read_uncommitted
	key.deserializer = class org.apache.kafka.common.serialization.StringDeserializer
	max.partition.fetch.bytes = 1048576
	max.poll.interval.ms = 300000
	max.poll.records = 500
	metadata.max.age.ms = 300000
	metric.reporters = []
	metrics.num.samples = 2
	metrics.recording.level = INFO
	metrics.sample.window.ms = 30000
	partition.assignment.strategy = [class org.apache.kafka.clients.consumer.RangeAssignor, class org.apache.kafka.clients.consumer.CooperativeStickyAssignor]
	receive.buffer.bytes = 65536
	reconnect.backoff.max.ms = 1000
	reconnect.backoff.ms = 50
	request.timeout.ms = 30000
	retry.backoff.ms = 100
	sasl.client.callback.handler.class = null
	sasl.jaas.config = null
	sasl.kerberos.kinit.cmd = /usr/bin/kinit
	sasl.kerberos.min.time.before.relogin = 60000
	sasl.kerberos.service.name = null
	sasl.kerberos.ticket.renew.jitter = 0.05
	sasl.kerberos.ticket.renew.window.factor = 0.8
	sasl.login.callback.handler.class = null
	sasl.login.class = null
	sasl.login.connect.timeout.ms = null
	sasl.login.read.timeout.ms = null
	sasl.login.refresh.buffer.seconds = 300
	sasl.login.refresh.min.period.seconds = 60
	sasl.login.refresh.window.factor = 0.8
	sasl.login.refresh.window.jitter = 0.05
	sasl.login.retry.backoff.max.ms = 10000
	sasl.login.retry.backoff.ms = 100
	sasl.mechanism = GSSAPI
	sasl.oauthbearer.clock.skew.seconds = 30
	sasl.oauthbearer.expected.audience = null
	sasl.oauthbearer.expected.issuer = null
	sasl.oauthbearer.jwks.endpoint.refresh.ms = 3600000
	sasl.oauthbearer.jwks.endpoint.retry.backoff.max.ms = 10000
	sasl.oauthbearer.jwks.endpoint.retry.backoff.ms = 100
	sasl.oauthbearer.jwks.endpoint.url = null
	sasl.oauthbearer.scope.claim.name = scope
	sasl.oauthbearer.sub.claim.name = sub
	sasl.oauthbearer.token.endpoint.url = null
	security.protocol = PLAINTEXT
	security.providers = null
	send.buffer.bytes = 131072
	session.timeout.ms = 45000
	socket.connection.setup.timeout.max.ms = 30000
	socket.connection.setup.timeout.ms = 10000
	ssl.cipher.suites = null
	ssl.enabled.protocols = [TLSv1.2, TLSv1.3]
	ssl.endpoint.identification.algorithm = https
	ssl.engine.factory.class = null
	ssl.key.password = null
	ssl.keymanager.algorithm = SunX509
	ssl.keystore.certificate.chain = null
	ssl.keystore.key = null
	ssl.keystore.location = null
	ssl.keystore.password = null
	ssl.keystore.type = JKS
	ssl.protocol = TLSv1.3
	ssl.provider = null
	ssl.secure.random.implementation = null
	ssl.trustmanager.algorithm = PKIX
	ssl.truststore.certificates = null
	ssl.truststore.location = null
	ssl.truststore.password = null
	ssl.truststore.type = JKS
	value.deserializer = class org.springframework.kafka.support.serializer.JsonDeserializer

2026-06-02T20:11:13.892Z  INFO 27124 --- [shipping-service] [           main] o.a.k.clients.consumer.ConsumerConfig    : These configurations '[spring.json.trusted.packages, spring.json.use.type.headers]' were supplied but are not used yet.
2026-06-02T20:11:13.972Z  INFO 27124 --- [shipping-service] [           main] o.a.kafka.common.utils.AppInfoParser     : Kafka version: 3.6.2
2026-06-02T20:11:13.982Z  INFO 27124 --- [shipping-service] [           main] o.a.kafka.common.utils.AppInfoParser     : Kafka commitId: c4deed513057c94e
2026-06-02T20:11:13.985Z  INFO 27124 --- [shipping-service] [           main] o.a.kafka.common.utils.AppInfoParser     : Kafka startTimeMs: 1780431073947
2026-06-02T20:11:14.007Z  INFO 27124 --- [shipping-service] [           main] fkaConsumerFactory$ExtendedKafkaConsumer : [Consumer clientId=consumer-shipping-service-group-1, groupId=shipping-service-group] Subscribed to topic(s): payment-events
2026-06-02T20:11:14.439Z  INFO 27124 --- [shipping-service] [           main] c.h.shipping.ShippingServiceApplication  : Started ShippingServiceApplication in 283.883 seconds (process running for 294.086)
2026-06-02T20:11:54.765Z  WARN 27124 --- [shipping-service] [ntainer#0-0-C-1] org.apache.kafka.clients.NetworkClient   : [Consumer clientId=consumer-shipping-service-group-1, groupId=shipping-service-group] Error while fetching metadata with correlation id 2 : {payment-events=UNKNOWN_TOPIC_OR_PARTITION}
2026-06-02T20:11:54.798Z  INFO 27124 --- [shipping-service] [ntainer#0-0-C-1] org.apache.kafka.clients.Metadata        : [Consumer clientId=consumer-shipping-service-group-1, groupId=shipping-service-group] Cluster ID: NkU4OEVBNTcwNTJENDM2Qg
2026-06-02T20:11:55.255Z  WARN 27124 --- [shipping-service] [ntainer#0-0-C-1] org.apache.kafka.clients.NetworkClient   : [Consumer clientId=consumer-shipping-service-group-1, groupId=shipping-service-group] Error while fetching metadata with correlation id 4 : {payment-events=UNKNOWN_TOPIC_OR_PARTITION}
2026-06-02T20:11:55.546Z  WARN 27124 --- [shipping-service] [ntainer#0-0-C-1] org.apache.kafka.clients.NetworkClient   : [Consumer clientId=consumer-shipping-service-group-1, groupId=shipping-service-group] Error while fetching metadata with correlation id 5 : {payment-events=UNKNOWN_TOPIC_OR_PARTITION}
2026-06-02T20:11:55.687Z  WARN 27124 --- [shipping-service] [ntainer#0-0-C-1] org.apache.kafka.clients.NetworkClient   : [Consumer clientId=consumer-shipping-service-group-1, groupId=shipping-service-group] Error while fetching metadata with correlation id 6 : {payment-events=UNKNOWN_TOPIC_OR_PARTITION}
2026-06-02T20:11:55.826Z  WARN 27124 --- [shipping-service] [ntainer#0-0-C-1] org.apache.kafka.clients.NetworkClient   : [Consumer clientId=consumer-shipping-service-group-1, groupId=shipping-service-group] Error while fetching metadata with correlation id 7 : {payment-events=UNKNOWN_TOPIC_OR_PARTITION}
2026-06-02T20:11:55.945Z  WARN 27124 --- [shipping-service] [ntainer#0-0-C-1] org.apache.kafka.clients.NetworkClient   : [Consumer clientId=consumer-shipping-service-group-1, groupId=shipping-service-group] Error while fetching metadata with correlation id 8 : {payment-events=UNKNOWN_TOPIC_OR_PARTITION}
2026-06-02T20:11:56.107Z  WARN 27124 --- [shipping-service] [ntainer#0-0-C-1] org.apache.kafka.clients.NetworkClient   : [Consumer clientId=consumer-shipping-service-group-1, groupId=shipping-service-group] Error while fetching metadata with correlation id 9 : {payment-events=UNKNOWN_TOPIC_OR_PARTITION}
2026-06-02T20:11:56.335Z  WARN 27124 --- [shipping-service] [ntainer#0-0-C-1] org.apache.kafka.clients.NetworkClient   : [Consumer clientId=consumer-shipping-service-group-1, groupId=shipping-service-group] Error while fetching metadata with correlation id 11 : {payment-events=UNKNOWN_TOPIC_OR_PARTITION}
2026-06-02T20:11:56.460Z  WARN 27124 --- [shipping-service] [ntainer#0-0-C-1] org.apache.kafka.clients.NetworkClient   : [Consumer clientId=consumer-shipping-service-group-1, groupId=shipping-service-group] Error while fetching metadata with correlation id 13 : {payment-events=UNKNOWN_TOPIC_OR_PARTITION}
2026-06-02T20:11:56.594Z  WARN 27124 --- [shipping-service] [ntainer#0-0-C-1] org.apache.kafka.clients.NetworkClient   : [Consumer clientId=consumer-shipping-service-group-1, groupId=shipping-service-group] Error while fetching metadata with correlation id 15 : {payment-events=UNKNOWN_TOPIC_OR_PARTITION}
2026-06-02T20:11:56.753Z  WARN 27124 --- [shipping-service] [ntainer#0-0-C-1] org.apache.kafka.clients.NetworkClient   : [Consumer clientId=consumer-shipping-service-group-1, groupId=shipping-service-group] Error while fetching metadata with correlation id 17 : {payment-events=UNKNOWN_TOPIC_OR_PARTITION}
2026-06-02T20:11:56.887Z  WARN 27124 --- [shipping-service] [ntainer#0-0-C-1] org.apache.kafka.clients.NetworkClient   : [Consumer clientId=consumer-shipping-service-group-1, groupId=shipping-service-group] Error while fetching metadata with correlation id 19 : {payment-events=UNKNOWN_TOPIC_OR_PARTITION}
2026-06-02T20:11:57.135Z  WARN 27124 --- [shipping-service] [ntainer#0-0-C-1] org.apache.kafka.clients.NetworkClient   : [Consumer clientId=consumer-shipping-service-group-1, groupId=shipping-service-group] Error while fetching metadata with correlation id 21 : {payment-events=UNKNOWN_TOPIC_OR_PARTITION}
2026-06-02T20:11:57.365Z  WARN 27124 --- [shipping-service] [ntainer#0-0-C-1] org.apache.kafka.clients.NetworkClient   : [Consumer clientId=consumer-shipping-service-group-1, groupId=shipping-service-group] Error while fetching metadata with correlation id 23 : {payment-events=UNKNOWN_TOPIC_OR_PARTITION}
2026-06-02T20:11:57.535Z  WARN 27124 --- [shipping-service] [ntainer#0-0-C-1] org.apache.kafka.clients.NetworkClient   : [Consumer clientId=consumer-shipping-service-group-1, groupId=shipping-service-group] Error while fetching metadata with correlation id 25 : {payment-events=UNKNOWN_TOPIC_OR_PARTITION}
2026-06-02T20:11:57.659Z  WARN 27124 --- [shipping-service] [ntainer#0-0-C-1] org.apache.kafka.clients.NetworkClient   : [Consumer clientId=consumer-shipping-service-group-1, groupId=shipping-service-group] Error while fetching metadata with correlation id 27 : {payment-events=UNKNOWN_TOPIC_OR_PARTITION}
2026-06-02T20:11:57.845Z  WARN 27124 --- [shipping-service] [ntainer#0-0-C-1] org.apache.kafka.clients.NetworkClient   : [Consumer clientId=consumer-shipping-service-group-1, groupId=shipping-service-group] Error while fetching metadata with correlation id 29 : {payment-events=UNKNOWN_TOPIC_OR_PARTITION}
2026-06-02T20:11:57.992Z  WARN 27124 --- [shipping-service] [ntainer#0-0-C-1] org.apache.kafka.clients.NetworkClient   : [Consumer clientId=consumer-shipping-service-group-1, groupId=shipping-service-group] Error while fetching metadata with correlation id 31 : {payment-events=UNKNOWN_TOPIC_OR_PARTITION}
2026-06-02T20:11:58.143Z  WARN 27124 --- [shipping-service] [ntainer#0-0-C-1] org.apache.kafka.clients.NetworkClient   : [Consumer clientId=consumer-shipping-service-group-1, groupId=shipping-service-group] Error while fetching metadata with correlation id 33 : {payment-events=UNKNOWN_TOPIC_OR_PARTITION}
2026-06-02T20:11:58.302Z  WARN 27124 --- [shipping-service] [ntainer#0-0-C-1] org.apache.kafka.clients.NetworkClient   : [Consumer clientId=consumer-shipping-service-group-1, groupId=shipping-service-group] Error while fetching metadata with correlation id 35 : {payment-events=UNKNOWN_TOPIC_OR_PARTITION}
2026-06-02T20:11:58.444Z  WARN 27124 --- [shipping-service] [ntainer#0-0-C-1] org.apache.kafka.clients.NetworkClient   : [Consumer clientId=consumer-shipping-service-group-1, groupId=shipping-service-group] Error while fetching metadata with correlation id 37 : {payment-events=UNKNOWN_TOPIC_OR_PARTITION}
2026-06-02T20:11:58.588Z  WARN 27124 --- [shipping-service] [ntainer#0-0-C-1] org.apache.kafka.clients.NetworkClient   : [Consumer clientId=consumer-shipping-service-group-1, groupId=shipping-service-group] Error while fetching metadata with correlation id 39 : {payment-events=UNKNOWN_TOPIC_OR_PARTITION}
2026-06-02T20:11:58.708Z  WARN 27124 --- [shipping-service] [ntainer#0-0-C-1] org.apache.kafka.clients.NetworkClient   : [Consumer clientId=consumer-shipping-service-group-1, groupId=shipping-service-group] Error while fetching metadata with correlation id 41 : {payment-events=UNKNOWN_TOPIC_OR_PARTITION}
2026-06-02T20:12:00.688Z  WARN 27124 --- [shipping-service] [ntainer#0-0-C-1] org.apache.kafka.clients.NetworkClient   : [Consumer clientId=consumer-shipping-service-group-1, groupId=shipping-service-group] Error while fetching metadata with correlation id 43 : {payment-events=UNKNOWN_TOPIC_OR_PARTITION}
2026-06-02T20:12:00.924Z  WARN 27124 --- [shipping-service] [ntainer#0-0-C-1] org.apache.kafka.clients.NetworkClient   : [Consumer clientId=consumer-shipping-service-group-1, groupId=shipping-service-group] Error while fetching metadata with correlation id 45 : {payment-events=UNKNOWN_TOPIC_OR_PARTITION}
2026-06-02T20:12:33.896Z  INFO 27124 --- [shipping-service] [ntainer#0-0-C-1] o.a.k.c.c.internals.ConsumerCoordinator  : [Consumer clientId=consumer-shipping-service-group-1, groupId=shipping-service-group] Discovered group coordinator localhost:9093 (id: 2147483646 rack: null)
2026-06-02T20:12:34.134Z  INFO 27124 --- [shipping-service] [ntainer#0-0-C-1] o.a.k.c.c.internals.ConsumerCoordinator  : [Consumer clientId=consumer-shipping-service-group-1, groupId=shipping-service-group] (Re-)joining group
2026-06-02T20:12:43.784Z  INFO 27124 --- [shipping-service] [ntainer#0-0-C-1] o.a.k.c.c.internals.ConsumerCoordinator  : [Consumer clientId=consumer-shipping-service-group-1, groupId=shipping-service-group] JoinGroup failed: Coordinator localhost:9093 (id: 2147483646 rack: null) is loading the group.
2026-06-02T20:12:43.792Z  INFO 27124 --- [shipping-service] [ntainer#0-0-C-1] o.a.k.c.c.internals.ConsumerCoordinator  : [Consumer clientId=consumer-shipping-service-group-1, groupId=shipping-service-group] Request joining group due to: rebalance failed due to 'The coordinator is loading and hence can't process requests.' (CoordinatorLoadInProgressException)
2026-06-02T20:12:43.907Z  INFO 27124 --- [shipping-service] [ntainer#0-0-C-1] o.a.k.c.c.internals.ConsumerCoordinator  : [Consumer clientId=consumer-shipping-service-group-1, groupId=shipping-service-group] (Re-)joining group
2026-06-02T20:12:43.948Z  INFO 27124 --- [shipping-service] [ntainer#0-0-C-1] o.a.k.c.c.internals.ConsumerCoordinator  : [Consumer clientId=consumer-shipping-service-group-1, groupId=shipping-service-group] JoinGroup failed: Coordinator localhost:9093 (id: 2147483646 rack: null) is loading the group.
2026-06-02T20:12:43.951Z  INFO 27124 --- [shipping-service] [ntainer#0-0-C-1] o.a.k.c.c.internals.ConsumerCoordinator  : [Consumer clientId=consumer-shipping-service-group-1, groupId=shipping-service-group] Request joining group due to: rebalance failed due to 'The coordinator is loading and hence can't process requests.' (CoordinatorLoadInProgressException)
2026-06-02T20:12:44.063Z  INFO 27124 --- [shipping-service] [ntainer#0-0-C-1] o.a.k.c.c.internals.ConsumerCoordinator  : [Consumer clientId=consumer-shipping-service-group-1, groupId=shipping-service-group] (Re-)joining group
