
  .   ____          _            __ _ _
 /\\ / ___'_ __ _ _(_)_ __  __ _ \ \ \ \
( ( )\___ | '_ | '_| | '_ \/ _` | \ \ \ \
 \\/  ___)| |_)| | | | | || (_| |  ) ) ) )
  '  |____| .__|_| |_|_| |_\__, | / / / /
 =========|_|==============|___/=/_/_/_/
 :: Spring Boot ::               (v3.2.12)

2026-06-02T20:14:29.898Z  INFO 22660 --- [payment-service] [           main] c.h.payment.PaymentServiceApplication    : Starting PaymentServiceApplication v0.0.1-SNAPSHOT using Java 21.0.6 with PID 22660 (C:\Users\jagdish\Downloads\Telegram Desktop\spring-boot-projects\ecommerce-microservices-main\payment-service\target\payment-service-0.0.1-SNAPSHOT.jar started by jagdish in C:\Users\jagdish\Downloads\Telegram Desktop\spring-boot-projects\ecommerce-microservices-main)
2026-06-02T20:14:29.908Z  INFO 22660 --- [payment-service] [           main] c.h.payment.PaymentServiceApplication    : No active profile set, falling back to 1 default profile: "default"
2026-06-02T20:15:04.549Z  INFO 22660 --- [payment-service] [           main] .s.d.r.c.RepositoryConfigurationDelegate : Bootstrapping Spring Data JPA repositories in DEFAULT mode.
2026-06-02T20:15:10.739Z  INFO 22660 --- [payment-service] [           main] .s.d.r.c.RepositoryConfigurationDelegate : Finished Spring Data repository scanning in 6092 ms. Found 1 JPA repository interface.
2026-06-02T20:15:22.255Z  INFO 22660 --- [payment-service] [           main] o.s.cloud.context.scope.GenericScope     : BeanFactory id=e9cc2471-8e7f-3071-9181-27d74d7c823b
2026-06-02T20:15:36.019Z  WARN 22660 --- [payment-service] [           main] trationDelegate$BeanPostProcessorChecker : Bean 'org.springframework.cloud.client.loadbalancer.LoadBalancerAutoConfiguration$DeferringLoadBalancerInterceptorConfig' of type [org.springframework.cloud.client.loadbalancer.LoadBalancerAutoConfiguration$DeferringLoadBalancerInterceptorConfig] is not eligible for getting processed by all BeanPostProcessors (for example: not eligible for auto-proxying). The currently created BeanPostProcessor [lbRestClientPostProcessor] is declared through a non-static factory method on that class; consider declaring it as static instead.
2026-06-02T20:15:36.042Z  WARN 22660 --- [payment-service] [           main] trationDelegate$BeanPostProcessorChecker : Bean 'deferringLoadBalancerInterceptor' of type [org.springframework.cloud.client.loadbalancer.DeferringLoadBalancerInterceptor] is not eligible for getting processed by all BeanPostProcessors (for example: not eligible for auto-proxying). Is this bean getting eagerly injected/applied to a currently created BeanPostProcessor [lbRestClientPostProcessor]? Check the corresponding BeanPostProcessor declaration and its dependencies/advisors. If this bean does not have to be post-processed, declare it with ROLE_INFRASTRUCTURE.
2026-06-02T20:15:52.637Z  INFO 22660 --- [payment-service] [           main] o.s.b.w.embedded.tomcat.TomcatWebServer  : Tomcat initialized with port 8083 (http)
2026-06-02T20:15:52.696Z  INFO 22660 --- [payment-service] [           main] o.apache.catalina.core.StandardService   : Starting service [Tomcat]
2026-06-02T20:15:52.700Z  INFO 22660 --- [payment-service] [           main] o.apache.catalina.core.StandardEngine    : Starting Servlet engine: [Apache Tomcat/10.1.33]
2026-06-02T20:15:53.710Z  INFO 22660 --- [payment-service] [           main] o.a.c.c.C.[Tomcat].[localhost].[/]       : Initializing Spring embedded WebApplicationContext
2026-06-02T20:15:53.715Z  INFO 22660 --- [payment-service] [           main] w.s.c.ServletWebServerApplicationContext : Root WebApplicationContext: initialization completed in 81976 ms
2026-06-02T20:16:18.948Z  INFO 22660 --- [payment-service] [           main] o.hibernate.jpa.internal.util.LogHelper  : HHH000204: Processing PersistenceUnitInfo [name: default]
2026-06-02T20:16:20.147Z  INFO 22660 --- [payment-service] [           main] org.hibernate.Version                    : HHH000412: Hibernate ORM core version 6.4.10.Final
2026-06-02T20:16:21.032Z  INFO 22660 --- [payment-service] [           main] o.h.c.internal.RegionFactoryInitiator    : HHH000026: Second-level cache disabled
2026-06-02T20:16:25.814Z  INFO 22660 --- [payment-service] [           main] o.s.o.j.p.SpringPersistenceUnitInfo      : No LoadTimeWeaver setup: ignoring JPA class transformer
2026-06-02T20:16:25.993Z  INFO 22660 --- [payment-service] [           main] com.zaxxer.hikari.HikariDataSource       : HikariPool-1 - Starting...
2026-06-02T20:17:13.414Z  INFO 22660 --- [payment-service] [           main] com.zaxxer.hikari.pool.HikariPool        : HikariPool-1 - Added connection org.postgresql.jdbc.PgConnection@4b99648a
2026-06-02T20:17:13.464Z  INFO 22660 --- [payment-service] [           main] com.zaxxer.hikari.HikariDataSource       : HikariPool-1 - Start completed.
2026-06-02T20:17:16.936Z  WARN 22660 --- [payment-service] [           main] org.hibernate.orm.deprecation            : HHH90000025: PostgreSQLDialect does not need to be specified explicitly using 'hibernate.dialect' (remove the property setting and it will be selected by default)
2026-06-02T20:17:22.229Z  INFO 22660 --- [payment-service] [           main] o.h.e.t.j.p.i.JtaPlatformInitiator       : HHH000489: No JTA platform available (set 'hibernate.transaction.jta.platform' to enable JTA platform integration)
2026-06-02T20:17:31.753Z  INFO 22660 --- [payment-service] [           main] j.LocalContainerEntityManagerFactoryBean : Initialized JPA EntityManagerFactory for persistence unit 'default'
2026-06-02T20:17:38.707Z  WARN 22660 --- [payment-service] [           main] JpaBaseConfiguration$JpaWebConfiguration : spring.jpa.open-in-view is enabled by default. Therefore, database queries may be performed during view rendering. Explicitly configure spring.jpa.open-in-view to disable this warning
2026-06-02T20:17:45.166Z  INFO 22660 --- [payment-service] [           main] o.s.cloud.commons.util.InetUtils         : Cannot determine local hostname
2026-06-02T20:17:48.862Z  INFO 22660 --- [payment-service] [           main] DiscoveryClientOptionalArgsConfiguration : Eureka HTTP Client uses RestTemplate.
2026-06-02T20:17:49.478Z  WARN 22660 --- [payment-service] [           main] iguration$LoadBalancerCaffeineWarnLogger : Spring Cloud LoadBalancer is currently working with the default cache. While this cache implementation is useful for development and tests, it's recommended to use Caffeine cache in production.You can switch to using Caffeine cache, by adding it and org.springframework.cache.caffeine.CaffeineCacheManager to the classpath.
2026-06-02T20:17:49.524Z  INFO 22660 --- [payment-service] [           main] o.s.b.a.e.web.EndpointLinksResolver      : Exposing 1 endpoint(s) beneath base path '/actuator'
2026-06-02T20:17:50.492Z  INFO 22660 --- [payment-service] [           main] o.s.c.n.eureka.InstanceInfoFactory       : Setting initial instance status as: STARTING
2026-06-02T20:17:52.151Z  INFO 22660 --- [payment-service] [           main] com.netflix.discovery.DiscoveryClient    : Initializing Eureka in region us-east-1
2026-06-02T20:17:52.222Z  INFO 22660 --- [payment-service] [           main] c.n.d.s.r.aws.ConfigClusterResolver      : Resolving eureka endpoints via configuration
2026-06-02T20:17:52.829Z  INFO 22660 --- [payment-service] [           main] com.netflix.discovery.DiscoveryClient    : Disable delta property : false
2026-06-02T20:17:52.830Z  INFO 22660 --- [payment-service] [           main] com.netflix.discovery.DiscoveryClient    : Single vip registry refresh property : null
2026-06-02T20:17:52.833Z  INFO 22660 --- [payment-service] [           main] com.netflix.discovery.DiscoveryClient    : Force full registry fetch : false
2026-06-02T20:17:52.833Z  INFO 22660 --- [payment-service] [           main] com.netflix.discovery.DiscoveryClient    : Application is null : false
2026-06-02T20:17:52.835Z  INFO 22660 --- [payment-service] [           main] com.netflix.discovery.DiscoveryClient    : Registered Applications size is zero : true
2026-06-02T20:17:52.835Z  INFO 22660 --- [payment-service] [           main] com.netflix.discovery.DiscoveryClient    : Application version is -1: true
2026-06-02T20:17:52.836Z  INFO 22660 --- [payment-service] [           main] com.netflix.discovery.DiscoveryClient    : Getting all instance registry info from the eureka server
2026-06-02T20:17:58.397Z  INFO 22660 --- [payment-service] [           main] com.netflix.discovery.DiscoveryClient    : The response status is 200
2026-06-02T20:17:58.448Z  INFO 22660 --- [payment-service] [           main] com.netflix.discovery.DiscoveryClient    : Starting heartbeat executor: renew interval is: 30
2026-06-02T20:17:58.474Z  INFO 22660 --- [payment-service] [           main] c.n.discovery.InstanceInfoReplicator     : InstanceInfoReplicator onDemand update allowed rate per min is 4
2026-06-02T20:17:58.499Z  INFO 22660 --- [payment-service] [           main] com.netflix.discovery.DiscoveryClient    : Discovery Client initialized at timestamp 1780431478494 with initial instances count: 3
2026-06-02T20:17:58.549Z  INFO 22660 --- [payment-service] [           main] o.s.c.n.e.s.EurekaServiceRegistry        : Registering application PAYMENT-SERVICE with eureka with status UP
2026-06-02T20:17:58.555Z  INFO 22660 --- [payment-service] [           main] com.netflix.discovery.DiscoveryClient    : Saw local status change event StatusChangeEvent [timestamp=1780431478554, current=UP, previous=STARTING]
2026-06-02T20:17:58.565Z  INFO 22660 --- [payment-service] [nfoReplicator-0] com.netflix.discovery.DiscoveryClient    : DiscoveryClient_PAYMENT-SERVICE/localhost:payment-service:8083: registering service...
2026-06-02T20:17:58.785Z  INFO 22660 --- [payment-service] [           main] o.s.b.w.embedded.tomcat.TomcatWebServer  : Tomcat started on port 8083 (http) with context path ''
2026-06-02T20:17:58.791Z  INFO 22660 --- [payment-service] [           main] .s.c.n.e.s.EurekaAutoServiceRegistration : Updating port to 8083
2026-06-02T20:17:58.832Z  INFO 22660 --- [payment-service] [nfoReplicator-0] com.netflix.discovery.DiscoveryClient    : DiscoveryClient_PAYMENT-SERVICE/localhost:payment-service:8083 - registration status: 204
2026-06-02T20:17:59.899Z  INFO 22660 --- [payment-service] [           main] o.s.cloud.commons.util.InetUtils         : Cannot determine local hostname
2026-06-02T20:18:00.306Z  INFO 22660 --- [payment-service] [           main] o.a.k.clients.consumer.ConsumerConfig    : ConsumerConfig values: 
	allow.auto.create.topics = true
	auto.commit.interval.ms = 5000
	auto.include.jmx.reporter = true
	auto.offset.reset = earliest
	bootstrap.servers = [localhost:9092]
	check.crcs = true
	client.dns.lookup = use_all_dns_ips
	client.id = consumer-payment-service-group-1
	client.rack = 
	connections.max.idle.ms = 540000
	default.api.timeout.ms = 60000
	enable.auto.commit = false
	exclude.internal.topics = true
	fetch.max.bytes = 52428800
	fetch.max.wait.ms = 500
	fetch.min.bytes = 1
	group.id = payment-service-group
	group.instance.id = null
	heartbeat.interval.ms = 3000
	interceptor.classes = []
	internal.leave.group.on.close = true
	internal.throw.on.fetch.stable.offset.unsupported = false
	isolation.level = read_uncommitted
	key.deserializer = class org.apache.kafka.common.serialization.StringDeserializer
	max.partition.fetch.bytes = 1048576
	max.poll.interval.ms = 300000
	max.poll.records = 500
	metadata.max.age.ms = 300000
	metric.reporters = []
	metrics.num.samples = 2
	metrics.recording.level = INFO
	metrics.sample.window.ms = 30000
	partition.assignment.strategy = [class org.apache.kafka.clients.consumer.RangeAssignor, class org.apache.kafka.clients.consumer.CooperativeStickyAssignor]
	receive.buffer.bytes = 65536
	reconnect.backoff.max.ms = 1000
	reconnect.backoff.ms = 50
	request.timeout.ms = 30000
	retry.backoff.ms = 100
	sasl.client.callback.handler.class = null
	sasl.jaas.config = null
	sasl.kerberos.kinit.cmd = /usr/bin/kinit
	sasl.kerberos.min.time.before.relogin = 60000
	sasl.kerberos.service.name = null
	sasl.kerberos.ticket.renew.jitter = 0.05
	sasl.kerberos.ticket.renew.window.factor = 0.8
	sasl.login.callback.handler.class = null
	sasl.login.class = null
	sasl.login.connect.timeout.ms = null
	sasl.login.read.timeout.ms = null
	sasl.login.refresh.buffer.seconds = 300
	sasl.login.refresh.min.period.seconds = 60
	sasl.login.refresh.window.factor = 0.8
	sasl.login.refresh.window.jitter = 0.05
	sasl.login.retry.backoff.max.ms = 10000
	sasl.login.retry.backoff.ms = 100
	sasl.mechanism = GSSAPI
	sasl.oauthbearer.clock.skew.seconds = 30
	sasl.oauthbearer.expected.audience = null
	sasl.oauthbearer.expected.issuer = null
	sasl.oauthbearer.jwks.endpoint.refresh.ms = 3600000
	sasl.oauthbearer.jwks.endpoint.retry.backoff.max.ms = 10000
	sasl.oauthbearer.jwks.endpoint.retry.backoff.ms = 100
	sasl.oauthbearer.jwks.endpoint.url = null
	sasl.oauthbearer.scope.claim.name = scope
	sasl.oauthbearer.sub.claim.name = sub
	sasl.oauthbearer.token.endpoint.url = null
	security.protocol = PLAINTEXT
	security.providers = null
	send.buffer.bytes = 131072
	session.timeout.ms = 45000
	socket.connection.setup.timeout.max.ms = 30000
	socket.connection.setup.timeout.ms = 10000
	ssl.cipher.suites = null
	ssl.enabled.protocols = [TLSv1.2, TLSv1.3]
	ssl.endpoint.identification.algorithm = https
	ssl.engine.factory.class = null
	ssl.key.password = null
	ssl.keymanager.algorithm = SunX509
	ssl.keystore.certificate.chain = null
	ssl.keystore.key = null
	ssl.keystore.location = null
	ssl.keystore.password = null
	ssl.keystore.type = JKS
	ssl.protocol = TLSv1.3
	ssl.provider = null
	ssl.secure.random.implementation = null
	ssl.trustmanager.algorithm = PKIX
	ssl.truststore.certificates = null
	ssl.truststore.location = null
	ssl.truststore.password = null
	ssl.truststore.type = JKS
	value.deserializer = class org.springframework.kafka.support.serializer.JsonDeserializer

2026-06-02T20:18:00.836Z  INFO 22660 --- [payment-service] [           main] o.a.k.clients.consumer.ConsumerConfig    : These configurations '[spring.json.trusted.packages, spring.json.use.type.headers]' were supplied but are not used yet.
2026-06-02T20:18:00.840Z  INFO 22660 --- [payment-service] [           main] o.a.kafka.common.utils.AppInfoParser     : Kafka version: 3.6.2
2026-06-02T20:18:00.842Z  INFO 22660 --- [payment-service] [           main] o.a.kafka.common.utils.AppInfoParser     : Kafka commitId: c4deed513057c94e
2026-06-02T20:18:00.843Z  INFO 22660 --- [payment-service] [           main] o.a.kafka.common.utils.AppInfoParser     : Kafka startTimeMs: 1780431480836
2026-06-02T20:18:00.855Z  INFO 22660 --- [payment-service] [           main] fkaConsumerFactory$ExtendedKafkaConsumer : [Consumer clientId=consumer-payment-service-group-1, groupId=payment-service-group] Subscribed to topic(s): inventory-events
2026-06-02T20:18:01.085Z  INFO 22660 --- [payment-service] [           main] c.h.payment.PaymentServiceApplication    : Started PaymentServiceApplication in 228.207 seconds (process running for 249.293)
2026-06-02T20:18:09.414Z  INFO 22660 --- [payment-service] [ntainer#0-0-C-1] org.apache.kafka.clients.Metadata        : [Consumer clientId=consumer-payment-service-group-1, groupId=payment-service-group] Cluster ID: MkU3OEVBNTcwNTJENDM2Qg
2026-06-02T20:18:10.133Z  INFO 22660 --- [payment-service] [ntainer#0-0-C-1] o.a.k.c.c.internals.ConsumerCoordinator  : [Consumer clientId=consumer-payment-service-group-1, groupId=payment-service-group] Discovered group coordinator localhost:9092 (id: 2147483646 rack: null)
2026-06-02T20:18:10.142Z  INFO 22660 --- [payment-service] [ntainer#0-0-C-1] o.a.k.c.c.internals.ConsumerCoordinator  : [Consumer clientId=consumer-payment-service-group-1, groupId=payment-service-group] (Re-)joining group
2026-06-02T20:18:19.891Z  INFO 22660 --- [payment-service] [ntainer#0-0-C-1] o.a.k.c.c.internals.ConsumerCoordinator  : [Consumer clientId=consumer-payment-service-group-1, groupId=payment-service-group] Request joining group due to: need to re-join with the given member-id: consumer-payment-service-group-1-7e4d6c40-920f-47e0-8f94-a0881dd4178f
2026-06-02T20:18:19.893Z  INFO 22660 --- [payment-service] [ntainer#0-0-C-1] o.a.k.c.c.internals.ConsumerCoordinator  : [Consumer clientId=consumer-payment-service-group-1, groupId=payment-service-group] Request joining group due to: rebalance failed due to 'The group member needs to have a valid member id before actually entering a consumer group.' (MemberIdRequiredException)
2026-06-02T20:18:19.894Z  INFO 22660 --- [payment-service] [ntainer#0-0-C-1] o.a.k.c.c.internals.ConsumerCoordinator  : [Consumer clientId=consumer-payment-service-group-1, groupId=payment-service-group] (Re-)joining group
2026-06-02T20:18:49.527Z  INFO 22660 --- [payment-service] [ntainer#0-0-C-1] o.a.k.c.c.internals.ConsumerCoordinator  : [Consumer clientId=consumer-payment-service-group-1, groupId=payment-service-group] Successfully joined group with generation Generation{generationId=2, memberId='consumer-payment-service-group-1-7e4d6c40-920f-47e0-8f94-a0881dd4178f', protocol='range'}
2026-06-02T20:18:49.726Z  INFO 22660 --- [payment-service] [ntainer#0-0-C-1] o.a.k.c.c.internals.ConsumerCoordinator  : [Consumer clientId=consumer-payment-service-group-1, groupId=payment-service-group] Finished assignment for group at generation 2: {consumer-payment-service-group-1-7e4d6c40-920f-47e0-8f94-a0881dd4178f=Assignment(partitions=[inventory-events-0])}
2026-06-02T20:18:51.227Z  INFO 22660 --- [payment-service] [ntainer#0-0-C-1] o.a.k.c.c.internals.ConsumerCoordinator  : [Consumer clientId=consumer-payment-service-group-1, groupId=payment-service-group] SyncGroup failed: This is not the correct coordinator. Marking coordinator unknown. Sent generation was Generation{generationId=2, memberId='consumer-payment-service-group-1-7e4d6c40-920f-47e0-8f94-a0881dd4178f', protocol='range'}
2026-06-02T20:18:51.233Z  INFO 22660 --- [payment-service] [ntainer#0-0-C-1] o.a.k.c.c.internals.ConsumerCoordinator  : [Consumer clientId=consumer-payment-service-group-1, groupId=payment-service-group] Group coordinator localhost:9092 (id: 2147483646 rack: null) is unavailable or invalid due to cause: error response NOT_COORDINATOR. isDisconnected: false. Rediscovery will be attempted.
2026-06-02T20:18:51.234Z  INFO 22660 --- [payment-service] [ntainer#0-0-C-1] o.a.k.c.c.internals.ConsumerCoordinator  : [Consumer clientId=consumer-payment-service-group-1, groupId=payment-service-group] Requesting disconnect from last known coordinator localhost:9092 (id: 2147483646 rack: null)
2026-06-02T20:18:51.237Z  INFO 22660 --- [payment-service] [ntainer#0-0-C-1] org.apache.kafka.clients.NetworkClient   : [Consumer clientId=consumer-payment-service-group-1, groupId=payment-service-group] Client requested disconnect from node 2147483646
2026-06-02T20:18:56.877Z  INFO 22660 --- [payment-service] [ntainer#0-0-C-1] o.a.k.c.c.internals.ConsumerCoordinator  : [Consumer clientId=consumer-payment-service-group-1, groupId=payment-service-group] Discovered group coordinator localhost:9092 (id: 2147483646 rack: null)
2026-06-02T20:18:56.898Z  INFO 22660 --- [payment-service] [ntainer#0-0-C-1] o.a.k.c.c.internals.ConsumerCoordinator  : [Consumer clientId=consumer-payment-service-group-1, groupId=payment-service-group] Request joining group due to: rebalance failed due to 'This is not the correct coordinator.' (NotCoordinatorException)
2026-06-02T20:18:57.013Z  INFO 22660 --- [payment-service] [ntainer#0-0-C-1] o.a.k.c.c.internals.ConsumerCoordinator  : [Consumer clientId=consumer-payment-service-group-1, groupId=payment-service-group] (Re-)joining group
2026-06-02T20:18:57.515Z  INFO 22660 --- [payment-service] [ntainer#0-0-C-1] o.a.k.c.c.internals.ConsumerCoordinator  : [Consumer clientId=consumer-payment-service-group-1, groupId=payment-service-group] Attempt to heartbeat failed since coordinator localhost:9092 (id: 2147483646 rack: null) is either not started or not valid
2026-06-02T20:18:57.518Z  INFO 22660 --- [payment-service] [ntainer#0-0-C-1] o.a.k.c.c.internals.ConsumerCoordinator  : [Consumer clientId=consumer-payment-service-group-1, groupId=payment-service-group] Group coordinator localhost:9092 (id: 2147483646 rack: null) is unavailable or invalid due to cause: error response NOT_COORDINATOR. isDisconnected: false. Rediscovery will be attempted.
2026-06-02T20:18:57.520Z  INFO 22660 --- [payment-service] [ntainer#0-0-C-1] o.a.k.c.c.internals.ConsumerCoordinator  : [Consumer clientId=consumer-payment-service-group-1, groupId=payment-service-group] Requesting disconnect from last known coordinator localhost:9092 (id: 2147483646 rack: null)
2026-06-02T20:18:57.530Z  INFO 22660 --- [payment-service] [ntainer#0-0-C-1] org.apache.kafka.clients.NetworkClient   : [Consumer clientId=consumer-payment-service-group-1, groupId=payment-service-group] Client requested disconnect from node 2147483646
2026-06-02T20:18:57.546Z  INFO 22660 --- [payment-service] [ntainer#0-0-C-1] org.apache.kafka.clients.NetworkClient   : [Consumer clientId=consumer-payment-service-group-1, groupId=payment-service-group] Cancelled in-flight JOIN_GROUP request with correlation id 24 due to node 2147483646 being disconnected (elapsed time since creation: 526ms, elapsed time since send: 464ms, request timeout: 305000ms)
2026-06-02T20:19:01.548Z  INFO 22660 --- [payment-service] [ntainer#0-0-C-1] o.a.k.c.c.internals.ConsumerCoordinator  : [Consumer clientId=consumer-payment-service-group-1, groupId=payment-service-group] Discovered group coordinator localhost:9092 (id: 2147483646 rack: null)
2026-06-02T20:19:01.554Z  INFO 22660 --- [payment-service] [ntainer#0-0-C-1] o.a.k.c.c.internals.ConsumerCoordinator  : [Consumer clientId=consumer-payment-service-group-1, groupId=payment-service-group] Request joining group due to: rebalance failed due to 'null' (DisconnectException)
2026-06-02T20:19:01.555Z  INFO 22660 --- [payment-service] [ntainer#0-0-C-1] o.a.k.c.c.internals.ConsumerCoordinator  : [Consumer clientId=consumer-payment-service-group-1, groupId=payment-service-group] (Re-)joining group
2026-06-02T20:19:01.945Z  INFO 22660 --- [payment-service] [ntainer#0-0-C-1] o.a.k.c.c.internals.ConsumerCoordinator  : [Consumer clientId=consumer-payment-service-group-1, groupId=payment-service-group] Group coordinator localhost:9092 (id: 2147483646 rack: null) is unavailable or invalid due to cause: error response NOT_COORDINATOR. isDisconnected: false. Rediscovery will be attempted.
2026-06-02T20:19:01.946Z  INFO 22660 --- [payment-service] [ntainer#0-0-C-1] o.a.k.c.c.internals.ConsumerCoordinator  : [Consumer clientId=consumer-payment-service-group-1, groupId=payment-service-group] Requesting disconnect from last known coordinator localhost:9092 (id: 2147483646 rack: null)
2026-06-02T20:19:01.946Z  INFO 22660 --- [payment-service] [ntainer#0-0-C-1] o.a.k.c.c.internals.ConsumerCoordinator  : [Consumer clientId=consumer-payment-service-group-1, groupId=payment-service-group] JoinGroup failed: This is not the correct coordinator. Marking coordinator unknown. Sent generation was Generation{generationId=2, memberId='consumer-payment-service-group-1-7e4d6c40-920f-47e0-8f94-a0881dd4178f', protocol='range'}
2026-06-02T20:19:01.948Z  INFO 22660 --- [payment-service] [ntainer#0-0-C-1] org.apache.kafka.clients.NetworkClient   : [Consumer clientId=consumer-payment-service-group-1, groupId=payment-service-group] Client requested disconnect from node 2147483646
2026-06-02T20:19:02.132Z  INFO 22660 --- [payment-service] [ntainer#0-0-C-1] o.a.k.c.c.internals.ConsumerCoordinator  : [Consumer clientId=consumer-payment-service-group-1, groupId=payment-service-group] Discovered group coordinator localhost:9092 (id: 2147483646 rack: null)
2026-06-02T20:19:02.135Z  INFO 22660 --- [payment-service] [ntainer#0-0-C-1] o.a.k.c.c.internals.ConsumerCoordinator  : [Consumer clientId=consumer-payment-service-group-1, groupId=payment-service-group] Request joining group due to: rebalance failed due to 'This is not the correct coordinator.' (NotCoordinatorException)
2026-06-02T20:19:02.136Z  INFO 22660 --- [payment-service] [ntainer#0-0-C-1] o.a.k.c.c.internals.ConsumerCoordinator  : [Consumer clientId=consumer-payment-service-group-1, groupId=payment-service-group] (Re-)joining group
2026-06-02T20:19:02.587Z  INFO 22660 --- [payment-service] [ntainer#0-0-C-1] o.a.k.c.c.internals.ConsumerCoordinator  : [Consumer clientId=consumer-payment-service-group-1, groupId=payment-service-group] Group coordinator localhost:9092 (id: 2147483646 rack: null) is unavailable or invalid due to cause: error response NOT_COORDINATOR. isDisconnected: false. Rediscovery will be attempted.
2026-06-02T20:19:02.587Z  INFO 22660 --- [payment-service] [ntainer#0-0-C-1] o.a.k.c.c.internals.ConsumerCoordinator  : [Consumer clientId=consumer-payment-service-group-1, groupId=payment-service-group] Requesting disconnect from last known coordinator localhost:9092 (id: 2147483646 rack: null)
2026-06-02T20:19:02.588Z  INFO 22660 --- [payment-service] [ntainer#0-0-C-1] o.a.k.c.c.internals.ConsumerCoordinator  : [Consumer clientId=consumer-payment-service-group-1, groupId=payment-service-group] JoinGroup failed: This is not the correct coordinator. Marking coordinator unknown. Sent generation was Generation{generationId=2, memberId='consumer-payment-service-group-1-7e4d6c40-920f-47e0-8f94-a0881dd4178f', protocol='range'}
2026-06-02T20:19:02.589Z  INFO 22660 --- [payment-service] [ntainer#0-0-C-1] org.apache.kafka.clients.NetworkClient   : [Consumer clientId=consumer-payment-service-group-1, groupId=payment-service-group] Client requested disconnect from node 2147483646
2026-06-02T20:19:02.697Z  INFO 22660 --- [payment-service] [ntainer#0-0-C-1] o.a.k.c.c.internals.ConsumerCoordinator  : [Consumer clientId=consumer-payment-service-group-1, groupId=payment-service-group] Discovered group coordinator localhost:9092 (id: 2147483646 rack: null)
2026-06-02T20:19:02.700Z  INFO 22660 --- [payment-service] [ntainer#0-0-C-1] o.a.k.c.c.internals.ConsumerCoordinator  : [Consumer clientId=consumer-payment-service-group-1, groupId=payment-service-group] Request joining group due to: rebalance failed due to 'This is not the correct coordinator.' (NotCoordinatorException)
2026-06-02T20:19:02.701Z  INFO 22660 --- [payment-service] [ntainer#0-0-C-1] o.a.k.c.c.internals.ConsumerCoordinator  : [Consumer clientId=consumer-payment-service-group-1, groupId=payment-service-group] (Re-)joining group
2026-06-02T20:19:02.792Z  INFO 22660 --- [payment-service] [ntainer#0-0-C-1] o.a.k.c.c.internals.ConsumerCoordinator  : [Consumer clientId=consumer-payment-service-group-1, groupId=payment-service-group] Group coordinator localhost:9092 (id: 2147483646 rack: null) is unavailable or invalid due to cause: error response NOT_COORDINATOR. isDisconnected: false. Rediscovery will be attempted.
2026-06-02T20:19:02.792Z  INFO 22660 --- [payment-service] [ntainer#0-0-C-1] o.a.k.c.c.internals.ConsumerCoordinator  : [Consumer clientId=consumer-payment-service-group-1, groupId=payment-service-group] Requesting disconnect from last known coordinator localhost:9092 (id: 2147483646 rack: null)
2026-06-02T20:19:02.795Z  INFO 22660 --- [payment-service] [ntainer#0-0-C-1] o.a.k.c.c.internals.ConsumerCoordinator  : [Consumer clientId=consumer-payment-service-group-1, groupId=payment-service-group] JoinGroup failed: This is not the correct coordinator. Marking coordinator unknown. Sent generation was Generation{generationId=2, memberId='consumer-payment-service-group-1-7e4d6c40-920f-47e0-8f94-a0881dd4178f', protocol='range'}
2026-06-02T20:19:02.796Z  INFO 22660 --- [payment-service] [ntainer#0-0-C-1] org.apache.kafka.clients.NetworkClient   : [Consumer clientId=consumer-payment-service-group-1, groupId=payment-service-group] Client requested disconnect from node 2147483646
2026-06-02T20:19:03.052Z  INFO 22660 --- [payment-service] [ntainer#0-0-C-1] o.a.k.c.c.internals.ConsumerCoordinator  : [Consumer clientId=consumer-payment-service-group-1, groupId=payment-service-group] Discovered group coordinator localhost:9092 (id: 2147483646 rack: null)
2026-06-02T20:19:03.054Z  INFO 22660 --- [payment-service] [ntainer#0-0-C-1] o.a.k.c.c.internals.ConsumerCoordinator  : [Consumer clientId=consumer-payment-service-group-1, groupId=payment-service-group] Request joining group due to: rebalance failed due to 'This is not the correct coordinator.' (NotCoordinatorException)
2026-06-02T20:19:03.055Z  INFO 22660 --- [payment-service] [ntainer#0-0-C-1] o.a.k.c.c.internals.ConsumerCoordinator  : [Consumer clientId=consumer-payment-service-group-1, groupId=payment-service-group] (Re-)joining group
2026-06-02T20:19:03.644Z  INFO 22660 --- [payment-service] [ntainer#0-0-C-1] o.a.k.c.c.internals.ConsumerCoordinator  : [Consumer clientId=consumer-payment-service-group-1, groupId=payment-service-group] Group coordinator localhost:9092 (id: 2147483646 rack: null) is unavailable or invalid due to cause: error response NOT_COORDINATOR. isDisconnected: false. Rediscovery will be attempted.
2026-06-02T20:19:03.645Z  INFO 22660 --- [payment-service] [ntainer#0-0-C-1] o.a.k.c.c.internals.ConsumerCoordinator  : [Consumer clientId=consumer-payment-service-group-1, groupId=payment-service-group] Requesting disconnect from last known coordinator localhost:9092 (id: 2147483646 rack: null)
2026-06-02T20:19:03.645Z  INFO 22660 --- [payment-service] [ntainer#0-0-C-1] o.a.k.c.c.internals.ConsumerCoordinator  : [Consumer clientId=consumer-payment-service-group-1, groupId=payment-service-group] JoinGroup failed: This is not the correct coordinator. Marking coordinator unknown. Sent generation was Generation{generationId=2, memberId='consumer-payment-service-group-1-7e4d6c40-920f-47e0-8f94-a0881dd4178f', protocol='range'}
2026-06-02T20:19:03.646Z  INFO 22660 --- [payment-service] [ntainer#0-0-C-1] org.apache.kafka.clients.NetworkClient   : [Consumer clientId=consumer-payment-service-group-1, groupId=payment-service-group] Client requested disconnect from node 2147483646
2026-06-02T20:19:03.673Z  INFO 22660 --- [payment-service] [ntainer#0-0-C-1] o.a.k.c.c.internals.ConsumerCoordinator  : [Consumer clientId=consumer-payment-service-group-1, groupId=payment-service-group] Discovered group coordinator localhost:9092 (id: 2147483646 rack: null)
2026-06-02T20:19:03.673Z  INFO 22660 --- [payment-service] [ntainer#0-0-C-1] o.a.k.c.c.internals.ConsumerCoordinator  : [Consumer clientId=consumer-payment-service-group-1, groupId=payment-service-group] Group coordinator localhost:9092 (id: 2147483646 rack: null) is unavailable or invalid due to cause: coordinator unavailable. isDisconnected: false. Rediscovery will be attempted.
2026-06-02T20:19:03.676Z  INFO 22660 --- [payment-service] [ntainer#0-0-C-1] o.a.k.c.c.internals.ConsumerCoordinator  : [Consumer clientId=consumer-payment-service-group-1, groupId=payment-service-group] Requesting disconnect from last known coordinator localhost:9092 (id: 2147483646 rack: null)
2026-06-02T20:19:03.890Z  INFO 22660 --- [payment-service] [ntainer#0-0-C-1] o.a.k.c.c.internals.ConsumerCoordinator  : [Consumer clientId=consumer-payment-service-group-1, groupId=payment-service-group] Discovered group coordinator localhost:9092 (id: 2147483646 rack: null)
2026-06-02T20:19:03.892Z  INFO 22660 --- [payment-service] [ntainer#0-0-C-1] o.a.k.c.c.internals.ConsumerCoordinator  : [Consumer clientId=consumer-payment-service-group-1, groupId=payment-service-group] Request joining group due to: rebalance failed due to 'This is not the correct coordinator.' (NotCoordinatorException)
2026-06-02T20:19:03.896Z  INFO 22660 --- [payment-service] [ntainer#0-0-C-1] o.a.k.c.c.internals.ConsumerCoordinator  : [Consumer clientId=consumer-payment-service-group-1, groupId=payment-service-group] (Re-)joining group
2026-06-02T20:19:04.492Z  INFO 22660 --- [payment-service] [ntainer#0-0-C-1] o.a.k.c.c.internals.ConsumerCoordinator  : [Consumer clientId=consumer-payment-service-group-1, groupId=payment-service-group] JoinGroup failed: Coordinator localhost:9092 (id: 2147483646 rack: null) is loading the group.
2026-06-02T20:19:04.493Z  INFO 22660 --- [payment-service] [ntainer#0-0-C-1] o.a.k.c.c.internals.ConsumerCoordinator  : [Consumer clientId=consumer-payment-service-group-1, groupId=payment-service-group] Request joining group due to: rebalance failed due to 'The coordinator is loading and hence can't process requests.' (CoordinatorLoadInProgressException)
2026-06-02T20:19:04.607Z  INFO 22660 --- [payment-service] [ntainer#0-0-C-1] o.a.k.c.c.internals.ConsumerCoordinator  : [Consumer clientId=consumer-payment-service-group-1, groupId=payment-service-group] (Re-)joining group
2026-06-02T20:19:04.670Z  INFO 22660 --- [payment-service] [ntainer#0-0-C-1] o.a.k.c.c.internals.ConsumerCoordinator  : [Consumer clientId=consumer-payment-service-group-1, groupId=payment-service-group] JoinGroup failed: Coordinator localhost:9092 (id: 2147483646 rack: null) is loading the group.
2026-06-02T20:19:04.670Z  INFO 22660 --- [payment-service] [ntainer#0-0-C-1] o.a.k.c.c.internals.ConsumerCoordinator  : [Consumer clientId=consumer-payment-service-group-1, groupId=payment-service-group] Request joining group due to: rebalance failed due to 'The coordinator is loading and hence can't process requests.' (CoordinatorLoadInProgressException)
2026-06-02T20:19:04.776Z  INFO 22660 --- [payment-service] [ntainer#0-0-C-1] o.a.k.c.c.internals.ConsumerCoordinator  : [Consumer clientId=consumer-payment-service-group-1, groupId=payment-service-group] (Re-)joining group
2026-06-02T20:19:04.818Z  INFO 22660 --- [payment-service] [ntainer#0-0-C-1] o.a.k.c.c.internals.ConsumerCoordinator  : [Consumer clientId=consumer-payment-service-group-1, groupId=payment-service-group] JoinGroup failed: Coordinator localhost:9092 (id: 2147483646 rack: null) is loading the group.
2026-06-02T20:19:04.819Z  INFO 22660 --- [payment-service] [ntainer#0-0-C-1] o.a.k.c.c.internals.ConsumerCoordinator  : [Consumer clientId=consumer-payment-service-group-1, groupId=payment-service-group] Request joining group due to: rebalance failed due to 'The coordinator is loading and hence can't process requests.' (CoordinatorLoadInProgressException)
2026-06-02T20:19:04.931Z  INFO 22660 --- [payment-service] [ntainer#0-0-C-1] o.a.k.c.c.internals.ConsumerCoordinator  : [Consumer clientId=consumer-payment-service-group-1, groupId=payment-service-group] (Re-)joining group
2026-06-02T20:19:04.980Z  INFO 22660 --- [payment-service] [ntainer#0-0-C-1] o.a.k.c.c.internals.ConsumerCoordinator  : [Consumer clientId=consumer-payment-service-group-1, groupId=payment-service-group] JoinGroup failed: Coordinator localhost:9092 (id: 2147483646 rack: null) is loading the group.
2026-06-02T20:19:04.980Z  INFO 22660 --- [payment-service] [ntainer#0-0-C-1] o.a.k.c.c.internals.ConsumerCoordinator  : [Consumer clientId=consumer-payment-service-group-1, groupId=payment-service-group] Request joining group due to: rebalance failed due to 'The coordinator is loading and hence can't process requests.' (CoordinatorLoadInProgressException)
2026-06-02T20:19:05.083Z  INFO 22660 --- [payment-service] [ntainer#0-0-C-1] o.a.k.c.c.internals.ConsumerCoordinator  : [Consumer clientId=consumer-payment-service-group-1, groupId=payment-service-group] (Re-)joining group
2026-06-02T20:19:05.131Z  INFO 22660 --- [payment-service] [ntainer#0-0-C-1] o.a.k.c.c.internals.ConsumerCoordinator  : [Consumer clientId=consumer-payment-service-group-1, groupId=payment-service-group] JoinGroup failed: Coordinator localhost:9092 (id: 2147483646 rack: null) is loading the group.
2026-06-02T20:19:05.132Z  INFO 22660 --- [payment-service] [ntainer#0-0-C-1] o.a.k.c.c.internals.ConsumerCoordinator  : [Consumer clientId=consumer-payment-service-group-1, groupId=payment-service-group] Request joining group due to: rebalance failed due to 'The coordinator is loading and hence can't process requests.' (CoordinatorLoadInProgressException)
2026-06-02T20:19:05.238Z  INFO 22660 --- [payment-service] [ntainer#0-0-C-1] o.a.k.c.c.internals.ConsumerCoordinator  : [Consumer clientId=consumer-payment-service-group-1, groupId=payment-service-group] (Re-)joining group
2026-06-02T20:19:05.346Z  INFO 22660 --- [payment-service] [ntainer#0-0-C-1] o.a.k.c.c.internals.ConsumerCoordinator  : [Consumer clientId=consumer-payment-service-group-1, groupId=payment-service-group] JoinGroup failed: The coordinator is not aware of this member. Need to re-join the group. Sent generation was Generation{generationId=2, memberId='consumer-payment-service-group-1-7e4d6c40-920f-47e0-8f94-a0881dd4178f', protocol='range'}
2026-06-02T20:19:05.350Z  INFO 22660 --- [payment-service] [ntainer#0-0-C-1] o.a.k.c.c.internals.ConsumerCoordinator  : [Consumer clientId=consumer-payment-service-group-1, groupId=payment-service-group] Resetting generation and member id due to: encountered UNKNOWN_MEMBER_ID from JOIN_GROUP response
2026-06-02T20:19:05.351Z  INFO 22660 --- [payment-service] [ntainer#0-0-C-1] o.a.k.c.c.internals.ConsumerCoordinator  : [Consumer clientId=consumer-payment-service-group-1, groupId=payment-service-group] Request joining group due to: encountered UNKNOWN_MEMBER_ID from JOIN_GROUP response
2026-06-02T20:19:05.356Z  INFO 22660 --- [payment-service] [ntainer#0-0-C-1] o.a.k.c.c.internals.ConsumerCoordinator  : [Consumer clientId=consumer-payment-service-group-1, groupId=payment-service-group] Request joining group due to: rebalance failed due to 'The coordinator is not aware of this member.' (UnknownMemberIdException)
2026-06-02T20:19:05.360Z  INFO 22660 --- [payment-service] [ntainer#0-0-C-1] o.a.k.c.c.internals.ConsumerCoordinator  : [Consumer clientId=consumer-payment-service-group-1, groupId=payment-service-group] (Re-)joining group
2026-06-02T20:19:05.447Z  INFO 22660 --- [payment-service] [ntainer#0-0-C-1] o.a.k.c.c.internals.ConsumerCoordinator  : [Consumer clientId=consumer-payment-service-group-1, groupId=payment-service-group] Request joining group due to: need to re-join with the given member-id: consumer-payment-service-group-1-0b35a859-55b8-48af-8366-d6d644103ec4
2026-06-02T20:19:05.449Z  INFO 22660 --- [payment-service] [ntainer#0-0-C-1] o.a.k.c.c.internals.ConsumerCoordinator  : [Consumer clientId=consumer-payment-service-group-1, groupId=payment-service-group] Request joining group due to: rebalance failed due to 'The group member needs to have a valid member id before actually entering a consumer group.' (MemberIdRequiredException)
2026-06-02T20:19:05.449Z  INFO 22660 --- [payment-service] [ntainer#0-0-C-1] o.a.k.c.c.internals.ConsumerCoordinator  : [Consumer clientId=consumer-payment-service-group-1, groupId=payment-service-group] (Re-)joining group
2026-06-02T20:19:54.184Z  INFO 22660 --- [payment-service] [ntainer#0-0-C-1] o.a.k.c.c.internals.ConsumerCoordinator  : [Consumer clientId=consumer-payment-service-group-1, groupId=payment-service-group] Successfully joined group with generation Generation{generationId=2, memberId='consumer-payment-service-group-1-0b35a859-55b8-48af-8366-d6d644103ec4', protocol='range'}
2026-06-02T20:19:54.218Z  INFO 22660 --- [payment-service] [ntainer#0-0-C-1] o.a.k.c.c.internals.ConsumerCoordinator  : [Consumer clientId=consumer-payment-service-group-1, groupId=payment-service-group] Finished assignment for group at generation 2: {consumer-payment-service-group-1-0b35a859-55b8-48af-8366-d6d644103ec4=Assignment(partitions=[inventory-events-0])}
2026-06-02T20:19:55.306Z  INFO 22660 --- [payment-service] [ntainer#0-0-C-1] o.a.k.c.c.internals.ConsumerCoordinator  : [Consumer clientId=consumer-payment-service-group-1, groupId=payment-service-group] Successfully synced group in generation Generation{generationId=2, memberId='consumer-payment-service-group-1-0b35a859-55b8-48af-8366-d6d644103ec4', protocol='range'}
2026-06-02T20:19:55.319Z  INFO 22660 --- [payment-service] [ntainer#0-0-C-1] o.a.k.c.c.internals.ConsumerCoordinator  : [Consumer clientId=consumer-payment-service-group-1, groupId=payment-service-group] Notifying assignor about the new Assignment(partitions=[inventory-events-0])
2026-06-02T20:19:55.694Z  INFO 22660 --- [payment-service] [ntainer#0-0-C-1] o.a.k.c.c.internals.ConsumerCoordinator  : [Consumer clientId=consumer-payment-service-group-1, groupId=payment-service-group] Adding newly assigned partitions: inventory-events-0
