
  .   ____          _            __ _ _
 /\\ / ___'_ __ _ _(_)_ __  __ _ \ \ \ \
( ( )\___ | '_ | '_| | '_ \/ _` | \ \ \ \
 \\/  ___)| |_)| | | | | || (_| |  ) ) ) )
  '  |____| .__|_| |_|_| |_\__, | / / / /
 =========|_|==============|___/=/_/_/_/
 :: Spring Boot ::               (v3.2.12)

2026-06-03T01:22:17.908+05:30  INFO 22048 --- [inventory-service] [           main] c.h.i.InventoryServiceApplication        : Starting InventoryServiceApplication v0.0.1-SNAPSHOT using Java 25.0.2 with PID 22048 (C:\Users\jagdish\Downloads\Telegram Desktop\spring-boot-projects\ecommerce-microservices-main\inventory-service\target\inventory-service-0.0.1-SNAPSHOT.jar started by jagdish in C:\Users\jagdish\Downloads\Telegram Desktop\spring-boot-projects\ecommerce-microservices-main)
2026-06-03T01:22:18.496+05:30  INFO 22048 --- [inventory-service] [           main] c.h.i.InventoryServiceApplication        : No active profile set, falling back to 1 default profile: "default"
2026-06-03T01:22:50.697+05:30  INFO 22048 --- [inventory-service] [           main] .s.d.r.c.RepositoryConfigurationDelegate : Bootstrapping Spring Data MongoDB repositories in DEFAULT mode.
2026-06-03T01:22:52.488+05:30  INFO 22048 --- [inventory-service] [           main] .s.d.r.c.RepositoryConfigurationDelegate : Finished Spring Data repository scanning in 1772 ms. Found 2 MongoDB repository interfaces.
2026-06-03T01:22:57.587+05:30  INFO 22048 --- [inventory-service] [           main] o.s.cloud.context.scope.GenericScope     : BeanFactory id=e73ad6c6-cee0-32d4-9afa-7dca7566a286
2026-06-03T01:23:01.227+05:30  WARN 22048 --- [inventory-service] [           main] trationDelegate$BeanPostProcessorChecker : Bean 'org.springframework.cloud.client.loadbalancer.LoadBalancerAutoConfiguration$DeferringLoadBalancerInterceptorConfig' of type [org.springframework.cloud.client.loadbalancer.LoadBalancerAutoConfiguration$DeferringLoadBalancerInterceptorConfig] is not eligible for getting processed by all BeanPostProcessors (for example: not eligible for auto-proxying). The currently created BeanPostProcessor [lbRestClientPostProcessor] is declared through a non-static factory method on that class; consider declaring it as static instead.
2026-06-03T01:23:01.244+05:30  WARN 22048 --- [inventory-service] [           main] trationDelegate$BeanPostProcessorChecker : Bean 'deferringLoadBalancerInterceptor' of type [org.springframework.cloud.client.loadbalancer.DeferringLoadBalancerInterceptor] is not eligible for getting processed by all BeanPostProcessors (for example: not eligible for auto-proxying). Is this bean getting eagerly injected/applied to a currently created BeanPostProcessor [lbRestClientPostProcessor]? Check the corresponding BeanPostProcessor declaration and its dependencies/advisors. If this bean does not have to be post-processed, declare it with ROLE_INFRASTRUCTURE.
2026-06-03T01:23:15.218+05:30  INFO 22048 --- [inventory-service] [           main] o.s.b.w.embedded.tomcat.TomcatWebServer  : Tomcat initialized with port 8082 (http)
2026-06-03T01:23:15.459+05:30  INFO 22048 --- [inventory-service] [           main] o.apache.catalina.core.StandardService   : Starting service [Tomcat]
2026-06-03T01:23:15.461+05:30  INFO 22048 --- [inventory-service] [           main] o.apache.catalina.core.StandardEngine    : Starting Servlet engine: [Apache Tomcat/10.1.33]
2026-06-03T01:23:15.798+05:30  INFO 22048 --- [inventory-service] [           main] o.a.c.c.C.[Tomcat].[localhost].[/]       : Initializing Spring embedded WebApplicationContext
2026-06-03T01:23:15.800+05:30  INFO 22048 --- [inventory-service] [           main] w.s.c.ServletWebServerApplicationContext : Root WebApplicationContext: initialization completed in 53028 ms
2026-06-03T01:23:42.614+05:30  INFO 22048 --- [inventory-service] [           main] org.mongodb.driver.client                : MongoClient with metadata {"driver": {"name": "mongo-java-driver|sync|spring-boot", "version": "4.11.5"}, "os": {"type": "Windows", "name": "Windows 11", "architecture": "amd64", "version": "10.0"}, "platform": "Java/Eclipse Adoptium/25.0.2+10-LTS"} created with settings MongoClientSettings{readPreference=primary, writeConcern=WriteConcern{w=null, wTimeout=null ms, journal=null}, retryWrites=true, retryReads=true, readConcern=ReadConcern{level=null}, credential=null, transportSettings=null, streamFactoryFactory=null, commandListeners=[io.micrometer.core.instrument.binder.mongodb.MongoMetricsCommandListener@18907af2], codecRegistry=ProvidersCodecRegistry{codecProviders=[ValueCodecProvider{}, BsonValueCodecProvider{}, DBRefCodecProvider{}, DBObjectCodecProvider{}, DocumentCodecProvider{}, CollectionCodecProvider{}, IterableCodecProvider{}, MapCodecProvider{}, GeoJsonCodecProvider{}, GridFSFileCodecProvider{}, Jsr310CodecProvider{}, JsonObjectCodecProvider{}, BsonCodecProvider{}, EnumCodecProvider{}, com.mongodb.client.model.mql.ExpressionCodecProvider@658e7ead, com.mongodb.Jep395RecordCodecProvider@cfd5cd2, com.mongodb.KotlinCodecProvider@762bf32d]}, loggerSettings=LoggerSettings{maxDocumentLength=1000}, clusterSettings={hosts=[localhost:27017], srvServiceName=mongodb, mode=SINGLE, requiredClusterType=UNKNOWN, requiredReplicaSetName='null', serverSelector='null', clusterListeners='[]', serverSelectionTimeout='30000 ms', localThreshold='15 ms'}, socketSettings=SocketSettings{connectTimeoutMS=10000, readTimeoutMS=0, receiveBufferSize=0, proxySettings=ProxySettings{host=null, port=null, username=null, password=null}}, heartbeatSocketSettings=SocketSettings{connectTimeoutMS=10000, readTimeoutMS=10000, receiveBufferSize=0, proxySettings=ProxySettings{host=null, port=null, username=null, password=null}}, connectionPoolSettings=ConnectionPoolSettings{maxSize=100, minSize=0, maxWaitTimeMS=120000, maxConnectionLifeTimeMS=0, maxConnectionIdleTimeMS=0, maintenanceInitialDelayMS=0, maintenanceFrequencyMS=60000, connectionPoolListeners=[io.micrometer.core.instrument.binder.mongodb.MongoMetricsConnectionPoolListener@6d7740f0], maxConnecting=2}, serverSettings=ServerSettings{heartbeatFrequencyMS=10000, minHeartbeatFrequencyMS=500, serverListeners='[]', serverMonitorListeners='[]'}, sslSettings=SslSettings{enabled=false, invalidHostNameAllowed=false, context=null}, applicationName='null', compressorList=[], uuidRepresentation=JAVA_LEGACY, serverApi=null, autoEncryptionSettings=null, dnsClient=null, inetAddressResolver=null, contextProvider=null}
2026-06-03T01:23:51.445+05:30  INFO 22048 --- [inventory-service] [           main] o.s.cloud.commons.util.InetUtils         : Cannot determine local hostname
2026-06-03T01:23:52.819+05:30  INFO 22048 --- [inventory-service] [localhost:27017] org.mongodb.driver.cluster               : Exception in monitor thread while connecting to server localhost:27017

com.mongodb.MongoSocketReadTimeoutException: Timeout while receiving message
	at com.mongodb.internal.connection.InternalStreamConnection.translateReadException(InternalStreamConnection.java:728) ~[mongodb-driver-core-4.11.5.jar!/:na]
	at com.mongodb.internal.connection.InternalStreamConnection.receiveMessageWithAdditionalTimeout(InternalStreamConnection.java:606) ~[mongodb-driver-core-4.11.5.jar!/:na]
	at com.mongodb.internal.connection.InternalStreamConnection.receiveCommandMessageResponse(InternalStreamConnection.java:451) ~[mongodb-driver-core-4.11.5.jar!/:na]
	at com.mongodb.internal.connection.InternalStreamConnection.sendAndReceive(InternalStreamConnection.java:372) ~[mongodb-driver-core-4.11.5.jar!/:na]
	at com.mongodb.internal.connection.CommandHelper.sendAndReceive(CommandHelper.java:92) ~[mongodb-driver-core-4.11.5.jar!/:na]
	at com.mongodb.internal.connection.CommandHelper.executeCommand(CommandHelper.java:48) ~[mongodb-driver-core-4.11.5.jar!/:na]
	at com.mongodb.internal.connection.InternalStreamConnectionInitializer.initializeConnectionDescription(InternalStreamConnectionInitializer.java:130) ~[mongodb-driver-core-4.11.5.jar!/:na]
	at com.mongodb.internal.connection.InternalStreamConnectionInitializer.startHandshake(InternalStreamConnectionInitializer.java:78) ~[mongodb-driver-core-4.11.5.jar!/:na]
	at com.mongodb.internal.connection.InternalStreamConnection.open(InternalStreamConnection.java:213) ~[mongodb-driver-core-4.11.5.jar!/:na]
	at com.mongodb.internal.connection.DefaultServerMonitor$ServerMonitorRunnable.lookupServerDescription(DefaultServerMonitor.java:193) ~[mongodb-driver-core-4.11.5.jar!/:na]
	at com.mongodb.internal.connection.DefaultServerMonitor$ServerMonitorRunnable.run(DefaultServerMonitor.java:153) ~[mongodb-driver-core-4.11.5.jar!/:na]
	at java.base/java.lang.Thread.run(Thread.java:1474) ~[na:na]
Caused by: java.net.SocketTimeoutException: Read timed out
	at java.base/sun.nio.ch.NioSocketImpl.timedRead(NioSocketImpl.java:277) ~[na:na]
	at java.base/sun.nio.ch.NioSocketImpl.implRead(NioSocketImpl.java:302) ~[na:na]
	at java.base/sun.nio.ch.NioSocketImpl.read(NioSocketImpl.java:354) ~[na:na]
	at java.base/sun.nio.ch.NioSocketImpl$1.read(NioSocketImpl.java:798) ~[na:na]
	at java.base/java.net.Socket$SocketInputStream.implRead(Socket.java:974) ~[na:na]
	at java.base/java.net.Socket$SocketInputStream.read(Socket.java:964) ~[na:na]
	at com.mongodb.internal.connection.SocketStream.read(SocketStream.java:175) ~[mongodb-driver-core-4.11.5.jar!/:na]
	at com.mongodb.internal.connection.SocketStream.read(SocketStream.java:200) ~[mongodb-driver-core-4.11.5.jar!/:na]
	at com.mongodb.internal.connection.InternalStreamConnection.receiveResponseBuffers(InternalStreamConnection.java:739) ~[mongodb-driver-core-4.11.5.jar!/:na]
	at com.mongodb.internal.connection.InternalStreamConnection.receiveMessageWithAdditionalTimeout(InternalStreamConnection.java:603) ~[mongodb-driver-core-4.11.5.jar!/:na]
	... 10 common frames omitted

2026-06-03T01:23:59.732+05:30  INFO 22048 --- [inventory-service] [           main] DiscoveryClientOptionalArgsConfiguration : Eureka HTTP Client uses RestTemplate.
2026-06-03T01:24:00.411+05:30  WARN 22048 --- [inventory-service] [           main] iguration$LoadBalancerCaffeineWarnLogger : Spring Cloud LoadBalancer is currently working with the default cache. While this cache implementation is useful for development and tests, it's recommended to use Caffeine cache in production.You can switch to using Caffeine cache, by adding it and org.springframework.cache.caffeine.CaffeineCacheManager to the classpath.
2026-06-03T01:24:00.434+05:30  INFO 22048 --- [inventory-service] [           main] o.s.b.a.e.web.EndpointLinksResolver      : Exposing 1 endpoint(s) beneath base path '/actuator'
2026-06-03T01:24:01.738+05:30  INFO 22048 --- [inventory-service] [           main] o.s.c.n.eureka.InstanceInfoFactory       : Setting initial instance status as: STARTING
2026-06-03T01:24:02.756+05:30  INFO 22048 --- [inventory-service] [           main] com.netflix.discovery.DiscoveryClient    : Initializing Eureka in region us-east-1
2026-06-03T01:24:02.796+05:30  INFO 22048 --- [inventory-service] [           main] c.n.d.s.r.aws.ConfigClusterResolver      : Resolving eureka endpoints via configuration
2026-06-03T01:24:02.933+05:30  INFO 22048 --- [inventory-service] [           main] com.netflix.discovery.DiscoveryClient    : Disable delta property : false
2026-06-03T01:24:02.935+05:30  INFO 22048 --- [inventory-service] [           main] com.netflix.discovery.DiscoveryClient    : Single vip registry refresh property : null
2026-06-03T01:24:02.935+05:30  INFO 22048 --- [inventory-service] [           main] com.netflix.discovery.DiscoveryClient    : Force full registry fetch : false
2026-06-03T01:24:02.936+05:30  INFO 22048 --- [inventory-service] [           main] com.netflix.discovery.DiscoveryClient    : Application is null : false
2026-06-03T01:24:02.936+05:30  INFO 22048 --- [inventory-service] [           main] com.netflix.discovery.DiscoveryClient    : Registered Applications size is zero : true
2026-06-03T01:24:02.936+05:30  INFO 22048 --- [inventory-service] [           main] com.netflix.discovery.DiscoveryClient    : Application version is -1: true
2026-06-03T01:24:02.936+05:30  INFO 22048 --- [inventory-service] [           main] com.netflix.discovery.DiscoveryClient    : Getting all instance registry info from the eureka server
2026-06-03T01:24:07.721+05:30  INFO 22048 --- [inventory-service] [           main] com.netflix.discovery.DiscoveryClient    : The response status is 200
2026-06-03T01:24:07.734+05:30  INFO 22048 --- [inventory-service] [           main] com.netflix.discovery.DiscoveryClient    : Starting heartbeat executor: renew interval is: 30
2026-06-03T01:24:07.741+05:30  INFO 22048 --- [inventory-service] [           main] c.n.discovery.InstanceInfoReplicator     : InstanceInfoReplicator onDemand update allowed rate per min is 4
2026-06-03T01:24:07.752+05:30  INFO 22048 --- [inventory-service] [           main] com.netflix.discovery.DiscoveryClient    : Discovery Client initialized at timestamp 1780430047751 with initial instances count: 3
2026-06-03T01:24:07.758+05:30  INFO 22048 --- [inventory-service] [           main] o.s.c.n.e.s.EurekaServiceRegistry        : Registering application INVENTORY-SERVICE with eureka with status UP
2026-06-03T01:24:07.761+05:30  INFO 22048 --- [inventory-service] [           main] com.netflix.discovery.DiscoveryClient    : Saw local status change event StatusChangeEvent [timestamp=1780430047761, current=UP, previous=STARTING]
2026-06-03T01:24:07.769+05:30  INFO 22048 --- [inventory-service] [nfoReplicator-0] com.netflix.discovery.DiscoveryClient    : DiscoveryClient_INVENTORY-SERVICE/localhost:inventory-service:8082: registering service...
2026-06-03T01:24:07.832+05:30  INFO 22048 --- [inventory-service] [           main] o.s.b.w.embedded.tomcat.TomcatWebServer  : Tomcat started on port 8082 (http) with context path ''
2026-06-03T01:24:07.836+05:30  INFO 22048 --- [inventory-service] [           main] .s.c.n.e.s.EurekaAutoServiceRegistration : Updating port to 8082
2026-06-03T01:24:07.925+05:30  INFO 22048 --- [inventory-service] [nfoReplicator-0] com.netflix.discovery.DiscoveryClient    : DiscoveryClient_INVENTORY-SERVICE/localhost:inventory-service:8082 - registration status: 204
2026-06-03T01:24:09.053+05:30  INFO 22048 --- [inventory-service] [           main] o.s.cloud.commons.util.InetUtils         : Cannot determine local hostname
2026-06-03T01:24:09.240+05:30  INFO 22048 --- [inventory-service] [           main] o.a.k.clients.consumer.ConsumerConfig    : ConsumerConfig values: 
	allow.auto.create.topics = true
	auto.commit.interval.ms = 5000
	auto.include.jmx.reporter = true
	auto.offset.reset = earliest
	bootstrap.servers = [localhost:9092]
	check.crcs = true
	client.dns.lookup = use_all_dns_ips
	client.id = consumer-inventory-service-group-1
	client.rack = 
	connections.max.idle.ms = 540000
	default.api.timeout.ms = 60000
	enable.auto.commit = false
	exclude.internal.topics = true
	fetch.max.bytes = 52428800
	fetch.max.wait.ms = 500
	fetch.min.bytes = 1
	group.id = inventory-service-group
	group.instance.id = null
	heartbeat.interval.ms = 3000
	interceptor.classes = []
	internal.leave.group.on.close = true
	internal.throw.on.fetch.stable.offset.unsupported = false
	isolation.level = read_uncommitted
	key.deserializer = class org.apache.kafka.common.serialization.StringDeserializer
	max.partition.fetch.bytes = 1048576
	max.poll.interval.ms = 300000
	max.poll.records = 500
	metadata.max.age.ms = 300000
	metric.reporters = []
	metrics.num.samples = 2
	metrics.recording.level = INFO
	metrics.sample.window.ms = 30000
	partition.assignment.strategy = [class org.apache.kafka.clients.consumer.RangeAssignor, class org.apache.kafka.clients.consumer.CooperativeStickyAssignor]
	receive.buffer.bytes = 65536
	reconnect.backoff.max.ms = 1000
	reconnect.backoff.ms = 50
	request.timeout.ms = 30000
	retry.backoff.ms = 100
	sasl.client.callback.handler.class = null
	sasl.jaas.config = null
	sasl.kerberos.kinit.cmd = /usr/bin/kinit
	sasl.kerberos.min.time.before.relogin = 60000
	sasl.kerberos.service.name = null
	sasl.kerberos.ticket.renew.jitter = 0.05
	sasl.kerberos.ticket.renew.window.factor = 0.8
	sasl.login.callback.handler.class = null
	sasl.login.class = null
	sasl.login.connect.timeout.ms = null
	sasl.login.read.timeout.ms = null
	sasl.login.refresh.buffer.seconds = 300
	sasl.login.refresh.min.period.seconds = 60
	sasl.login.refresh.window.factor = 0.8
	sasl.login.refresh.window.jitter = 0.05
	sasl.login.retry.backoff.max.ms = 10000
	sasl.login.retry.backoff.ms = 100
	sasl.mechanism = GSSAPI
	sasl.oauthbearer.clock.skew.seconds = 30
	sasl.oauthbearer.expected.audience = null
	sasl.oauthbearer.expected.issuer = null
	sasl.oauthbearer.jwks.endpoint.refresh.ms = 3600000
	sasl.oauthbearer.jwks.endpoint.retry.backoff.max.ms = 10000
	sasl.oauthbearer.jwks.endpoint.retry.backoff.ms = 100
	sasl.oauthbearer.jwks.endpoint.url = null
	sasl.oauthbearer.scope.claim.name = scope
	sasl.oauthbearer.sub.claim.name = sub
	sasl.oauthbearer.token.endpoint.url = null
	security.protocol = PLAINTEXT
	security.providers = null
	send.buffer.bytes = 131072
	session.timeout.ms = 45000
	socket.connection.setup.timeout.max.ms = 30000
	socket.connection.setup.timeout.ms = 10000
	ssl.cipher.suites = null
	ssl.enabled.protocols = [TLSv1.2, TLSv1.3]
	ssl.endpoint.identification.algorithm = https
	ssl.engine.factory.class = null
	ssl.key.password = null
	ssl.keymanager.algorithm = SunX509
	ssl.keystore.certificate.chain = null
	ssl.keystore.key = null
	ssl.keystore.location = null
	ssl.keystore.password = null
	ssl.keystore.type = JKS
	ssl.protocol = TLSv1.3
	ssl.provider = null
	ssl.secure.random.implementation = null
	ssl.trustmanager.algorithm = PKIX
	ssl.truststore.certificates = null
	ssl.truststore.location = null
	ssl.truststore.password = null
	ssl.truststore.type = JKS
	value.deserializer = class org.springframework.kafka.support.serializer.JsonDeserializer

2026-06-03T01:24:09.652+05:30  INFO 22048 --- [inventory-service] [           main] o.a.k.clients.consumer.ConsumerConfig    : These configurations '[spring.json.trusted.packages, spring.json.use.type.headers]' were supplied but are not used yet.
2026-06-03T01:24:09.657+05:30  INFO 22048 --- [inventory-service] [           main] o.a.kafka.common.utils.AppInfoParser     : Kafka version: 3.6.2
2026-06-03T01:24:09.658+05:30  INFO 22048 --- [inventory-service] [           main] o.a.kafka.common.utils.AppInfoParser     : Kafka commitId: c4deed513057c94e
2026-06-03T01:24:09.660+05:30  INFO 22048 --- [inventory-service] [           main] o.a.kafka.common.utils.AppInfoParser     : Kafka startTimeMs: 1780430049653
2026-06-03T01:24:09.666+05:30  INFO 22048 --- [inventory-service] [           main] fkaConsumerFactory$ExtendedKafkaConsumer : [Consumer clientId=consumer-inventory-service-group-1, groupId=inventory-service-group] Subscribed to topic(s): order-events
2026-06-03T01:24:09.722+05:30  INFO 22048 --- [inventory-service] [           main] c.h.i.InventoryServiceApplication        : Started InventoryServiceApplication in 129.308 seconds (process running for 163.853)
2026-06-03T01:24:42.784+05:30  INFO 22048 --- [inventory-service] [ntainer#0-0-C-1] org.apache.kafka.clients.NetworkClient   : [Consumer clientId=consumer-inventory-service-group-1, groupId=inventory-service-group] Disconnecting from node -1 due to request timeout.
2026-06-03T01:24:42.829+05:30  INFO 22048 --- [inventory-service] [ntainer#0-0-C-1] org.apache.kafka.clients.NetworkClient   : [Consumer clientId=consumer-inventory-service-group-1, groupId=inventory-service-group] Cancelled in-flight API_VERSIONS request with correlation id 1 due to node -1 being disconnected (elapsed time since creation: 31952ms, elapsed time since send: 31952ms, request timeout: 30000ms)
2026-06-03T01:24:42.835+05:30  WARN 22048 --- [inventory-service] [ntainer#0-0-C-1] org.apache.kafka.clients.NetworkClient   : [Consumer clientId=consumer-inventory-service-group-1, groupId=inventory-service-group] Bootstrap broker localhost:9092 (id: -1 rack: null) disconnected
2026-06-03T01:24:43.533+05:30  INFO 22048 --- [inventory-service] [localhost:27017] org.mongodb.driver.cluster               : Monitor thread successfully connected to server with description ServerDescription{address=localhost:27017, type=STANDALONE, state=CONNECTED, ok=true, minWireVersion=0, maxWireVersion=27, maxDocumentSize=16777216, logicalSessionTimeoutMinutes=30, roundTripTimeNanos=622791200}
2026-06-03T01:25:03.565+05:30  INFO 22048 --- [inventory-service] [localhost:27017] org.mongodb.driver.cluster               : Exception in monitor thread while connecting to server localhost:27017

com.mongodb.MongoSocketReadTimeoutException: Timeout while receiving message
	at com.mongodb.internal.connection.InternalStreamConnection.translateReadException(InternalStreamConnection.java:728) ~[mongodb-driver-core-4.11.5.jar!/:na]
	at com.mongodb.internal.connection.InternalStreamConnection.receiveMessageWithAdditionalTimeout(InternalStreamConnection.java:606) ~[mongodb-driver-core-4.11.5.jar!/:na]
	at com.mongodb.internal.connection.InternalStreamConnection.receiveCommandMessageResponse(InternalStreamConnection.java:451) ~[mongodb-driver-core-4.11.5.jar!/:na]
	at com.mongodb.internal.connection.InternalStreamConnection.receive(InternalStreamConnection.java:404) ~[mongodb-driver-core-4.11.5.jar!/:na]
	at com.mongodb.internal.connection.DefaultServerMonitor$ServerMonitorRunnable.lookupServerDescription(DefaultServerMonitor.java:221) ~[mongodb-driver-core-4.11.5.jar!/:na]
	at com.mongodb.internal.connection.DefaultServerMonitor$ServerMonitorRunnable.run(DefaultServerMonitor.java:153) ~[mongodb-driver-core-4.11.5.jar!/:na]
	at java.base/java.lang.Thread.run(Thread.java:1474) ~[na:na]
Caused by: java.net.SocketTimeoutException: Read timed out
	at java.base/sun.nio.ch.NioSocketImpl.timedRead(NioSocketImpl.java:277) ~[na:na]
	at java.base/sun.nio.ch.NioSocketImpl.implRead(NioSocketImpl.java:302) ~[na:na]
	at java.base/sun.nio.ch.NioSocketImpl.read(NioSocketImpl.java:354) ~[na:na]
	at java.base/sun.nio.ch.NioSocketImpl$1.read(NioSocketImpl.java:798) ~[na:na]
	at java.base/java.net.Socket$SocketInputStream.implRead(Socket.java:974) ~[na:na]
	at java.base/java.net.Socket$SocketInputStream.read(Socket.java:964) ~[na:na]
	at com.mongodb.internal.connection.SocketStream.read(SocketStream.java:175) ~[mongodb-driver-core-4.11.5.jar!/:na]
	at com.mongodb.internal.connection.SocketStream.read(SocketStream.java:200) ~[mongodb-driver-core-4.11.5.jar!/:na]
	at com.mongodb.internal.connection.InternalStreamConnection.receiveResponseBuffers(InternalStreamConnection.java:739) ~[mongodb-driver-core-4.11.5.jar!/:na]
	at com.mongodb.internal.connection.InternalStreamConnection.receiveMessageWithAdditionalTimeout(InternalStreamConnection.java:603) ~[mongodb-driver-core-4.11.5.jar!/:na]
	... 5 common frames omitted

2026-06-03T01:25:12.915+05:30  INFO 22048 --- [inventory-service] [ntainer#0-0-C-1] org.apache.kafka.clients.NetworkClient   : [Consumer clientId=consumer-inventory-service-group-1, groupId=inventory-service-group] Disconnecting from node -1 due to request timeout.
2026-06-03T01:25:12.918+05:30  INFO 22048 --- [inventory-service] [ntainer#0-0-C-1] org.apache.kafka.clients.NetworkClient   : [Consumer clientId=consumer-inventory-service-group-1, groupId=inventory-service-group] Cancelled in-flight API_VERSIONS request with correlation id 2 due to node -1 being disconnected (elapsed time since creation: 30012ms, elapsed time since send: 30012ms, request timeout: 30000ms)
2026-06-03T01:25:12.920+05:30  WARN 22048 --- [inventory-service] [ntainer#0-0-C-1] org.apache.kafka.clients.NetworkClient   : [Consumer clientId=consumer-inventory-service-group-1, groupId=inventory-service-group] Bootstrap broker localhost:9092 (id: -1 rack: null) disconnected
2026-06-03T01:25:44.429+05:30  INFO 22048 --- [inventory-service] [ntainer#0-0-C-1] org.apache.kafka.clients.NetworkClient   : [Consumer clientId=consumer-inventory-service-group-1, groupId=inventory-service-group] Disconnecting from node -1 due to request timeout.
2026-06-03T01:25:44.431+05:30  INFO 22048 --- [inventory-service] [ntainer#0-0-C-1] org.apache.kafka.clients.NetworkClient   : [Consumer clientId=consumer-inventory-service-group-1, groupId=inventory-service-group] Cancelled in-flight API_VERSIONS request with correlation id 4 due to node -1 being disconnected (elapsed time since creation: 31390ms, elapsed time since send: 31390ms, request timeout: 30000ms)
2026-06-03T01:25:44.433+05:30  WARN 22048 --- [inventory-service] [ntainer#0-0-C-1] org.apache.kafka.clients.NetworkClient   : [Consumer clientId=consumer-inventory-service-group-1, groupId=inventory-service-group] Bootstrap broker localhost:9092 (id: -1 rack: null) disconnected
2026-06-03T01:26:15.883+05:30  INFO 22048 --- [inventory-service] [ntainer#0-0-C-1] org.apache.kafka.clients.NetworkClient   : [Consumer clientId=consumer-inventory-service-group-1, groupId=inventory-service-group] Disconnecting from node -1 due to request timeout.
2026-06-03T01:26:15.903+05:30  INFO 22048 --- [inventory-service] [ntainer#0-0-C-1] org.apache.kafka.clients.NetworkClient   : [Consumer clientId=consumer-inventory-service-group-1, groupId=inventory-service-group] Cancelled in-flight API_VERSIONS request with correlation id 6 due to node -1 being disconnected (elapsed time since creation: 30982ms, elapsed time since send: 30982ms, request timeout: 30000ms)
2026-06-03T01:26:15.905+05:30  WARN 22048 --- [inventory-service] [ntainer#0-0-C-1] org.apache.kafka.clients.NetworkClient   : [Consumer clientId=consumer-inventory-service-group-1, groupId=inventory-service-group] Bootstrap broker localhost:9092 (id: -1 rack: null) disconnected
2026-06-03T01:26:49.371+05:30  INFO 22048 --- [inventory-service] [ntainer#0-0-C-1] org.apache.kafka.clients.NetworkClient   : [Consumer clientId=consumer-inventory-service-group-1, groupId=inventory-service-group] Disconnecting from node -1 due to request timeout.
2026-06-03T01:26:49.447+05:30  INFO 22048 --- [inventory-service] [ntainer#0-0-C-1] org.apache.kafka.clients.NetworkClient   : [Consumer clientId=consumer-inventory-service-group-1, groupId=inventory-service-group] Cancelled in-flight API_VERSIONS request with correlation id 8 due to node -1 being disconnected (elapsed time since creation: 32688ms, elapsed time since send: 32688ms, request timeout: 30000ms)
2026-06-03T01:26:49.463+05:30  WARN 22048 --- [inventory-service] [ntainer#0-0-C-1] org.apache.kafka.clients.NetworkClient   : [Consumer clientId=consumer-inventory-service-group-1, groupId=inventory-service-group] Bootstrap broker localhost:9092 (id: -1 rack: null) disconnected
2026-06-03T01:27:22.676+05:30  INFO 22048 --- [inventory-service] [ntainer#0-0-C-1] org.apache.kafka.clients.NetworkClient   : [Consumer clientId=consumer-inventory-service-group-1, groupId=inventory-service-group] Disconnecting from node -1 due to request timeout.
2026-06-03T01:27:22.756+05:30  INFO 22048 --- [inventory-service] [ntainer#0-0-C-1] org.apache.kafka.clients.NetworkClient   : [Consumer clientId=consumer-inventory-service-group-1, groupId=inventory-service-group] Cancelled in-flight API_VERSIONS request with correlation id 10 due to node -1 being disconnected (elapsed time since creation: 31814ms, elapsed time since send: 31814ms, request timeout: 30000ms)
2026-06-03T01:27:22.757+05:30  WARN 22048 --- [inventory-service] [ntainer#0-0-C-1] org.apache.kafka.clients.NetworkClient   : [Consumer clientId=consumer-inventory-service-group-1, groupId=inventory-service-group] Bootstrap broker localhost:9092 (id: -1 rack: null) disconnected
2026-06-03T01:27:33.617+05:30  INFO 22048 --- [inventory-service] [nio-8082-exec-1] o.a.c.c.C.[Tomcat].[localhost].[/]       : Initializing Spring DispatcherServlet 'dispatcherServlet'
2026-06-03T01:27:33.634+05:30  INFO 22048 --- [inventory-service] [nio-8082-exec-1] o.s.web.servlet.DispatcherServlet        : Initializing Servlet 'dispatcherServlet'
2026-06-03T01:27:34.422+05:30  INFO 22048 --- [inventory-service] [nio-8082-exec-1] o.s.web.servlet.DispatcherServlet        : Completed initialization in 786 ms
2026-06-03T01:27:40.423+05:30  INFO 22048 --- [inventory-service] [nio-8082-exec-1] org.mongodb.driver.cluster               : No server chosen by ReadPreferenceServerSelector{readPreference=primary} from cluster description ClusterDescription{type=UNKNOWN, connectionMode=SINGLE, serverDescriptions=[ServerDescription{address=localhost:27017, type=UNKNOWN, state=CONNECTING, exception={com.mongodb.MongoSocketReadTimeoutException: Timeout while receiving message}, caused by {java.net.SocketTimeoutException: Read timed out}}]}. Waiting for 30000 ms before timing out
2026-06-03T01:27:56.698+05:30  INFO 22048 --- [inventory-service] [ntainer#0-0-C-1] org.apache.kafka.clients.NetworkClient   : [Consumer clientId=consumer-inventory-service-group-1, groupId=inventory-service-group] Disconnecting from node -1 due to request timeout.
2026-06-03T01:27:56.702+05:30  INFO 22048 --- [inventory-service] [ntainer#0-0-C-1] org.apache.kafka.clients.NetworkClient   : [Consumer clientId=consumer-inventory-service-group-1, groupId=inventory-service-group] Cancelled in-flight API_VERSIONS request with correlation id 12 due to node -1 being disconnected (elapsed time since creation: 32812ms, elapsed time since send: 32812ms, request timeout: 30000ms)
2026-06-03T01:27:56.704+05:30  WARN 22048 --- [inventory-service] [ntainer#0-0-C-1] org.apache.kafka.clients.NetworkClient   : [Consumer clientId=consumer-inventory-service-group-1, groupId=inventory-service-group] Bootstrap broker localhost:9092 (id: -1 rack: null) disconnected
2026-06-03T01:28:10.444+05:30  WARN 22048 --- [inventory-service] [nio-8082-exec-1] o.s.b.a.data.mongo.MongoHealthIndicator  : MongoDB health check failed

org.springframework.dao.DataAccessResourceFailureException: Timed out after 30000 ms while waiting for a server that matches ReadPreferenceServerSelector{readPreference=primary}. Client view of cluster state is {type=UNKNOWN, servers=[{address=localhost:27017, type=UNKNOWN, state=CONNECTING, exception={com.mongodb.MongoSocketReadTimeoutException: Timeout while receiving message}, caused by {java.net.SocketTimeoutException: Read timed out}}]
	at org.springframework.data.mongodb.core.MongoExceptionTranslator.translateExceptionIfPossible(MongoExceptionTranslator.java:88) ~[spring-data-mongodb-4.2.12.jar!/:4.2.12]
	at org.springframework.data.mongodb.core.MongoTemplate.potentiallyConvertRuntimeException(MongoTemplate.java:3002) ~[spring-data-mongodb-4.2.12.jar!/:4.2.12]
	at org.springframework.data.mongodb.core.MongoTemplate.execute(MongoTemplate.java:582) ~[spring-data-mongodb-4.2.12.jar!/:4.2.12]
	at org.springframework.data.mongodb.core.MongoTemplate.executeCommand(MongoTemplate.java:514) ~[spring-data-mongodb-4.2.12.jar!/:4.2.12]
	at org.springframework.boot.actuate.data.mongo.MongoHealthIndicator.doHealthCheck(MongoHealthIndicator.java:46) ~[spring-boot-actuator-3.2.12.jar!/:3.2.12]
	at org.springframework.boot.actuate.health.AbstractHealthIndicator.health(AbstractHealthIndicator.java:82) ~[spring-boot-actuator-3.2.12.jar!/:3.2.12]
	at org.springframework.boot.actuate.health.HealthIndicator.getHealth(HealthIndicator.java:37) ~[spring-boot-actuator-3.2.12.jar!/:3.2.12]
	at org.springframework.boot.actuate.health.HealthEndpointWebExtension.getHealth(HealthEndpointWebExtension.java:94) ~[spring-boot-actuator-3.2.12.jar!/:3.2.12]
	at org.springframework.boot.actuate.health.HealthEndpointWebExtension.getHealth(HealthEndpointWebExtension.java:47) ~[spring-boot-actuator-3.2.12.jar!/:3.2.12]
	at org.springframework.boot.actuate.health.HealthEndpointSupport.getLoggedHealth(HealthEndpointSupport.java:172) ~[spring-boot-actuator-3.2.12.jar!/:3.2.12]
	at org.springframework.boot.actuate.health.HealthEndpointSupport.getContribution(HealthEndpointSupport.java:145) ~[spring-boot-actuator-3.2.12.jar!/:3.2.12]
	at org.springframework.boot.actuate.health.HealthEndpointSupport.getAggregateContribution(HealthEndpointSupport.java:156) ~[spring-boot-actuator-3.2.12.jar!/:3.2.12]
	at org.springframework.boot.actuate.health.HealthEndpointSupport.getContribution(HealthEndpointSupport.java:141) ~[spring-boot-actuator-3.2.12.jar!/:3.2.12]
	at org.springframework.boot.actuate.health.HealthEndpointSupport.getHealth(HealthEndpointSupport.java:110) ~[spring-boot-actuator-3.2.12.jar!/:3.2.12]
	at org.springframework.boot.actuate.health.HealthEndpointSupport.getHealth(HealthEndpointSupport.java:81) ~[spring-boot-actuator-3.2.12.jar!/:3.2.12]
	at org.springframework.boot.actuate.health.HealthEndpointWebExtension.health(HealthEndpointWebExtension.java:80) ~[spring-boot-actuator-3.2.12.jar!/:3.2.12]
	at org.springframework.boot.actuate.health.HealthEndpointWebExtension.health(HealthEndpointWebExtension.java:69) ~[spring-boot-actuator-3.2.12.jar!/:3.2.12]
	at java.base/jdk.internal.reflect.DirectMethodHandleAccessor.invoke(DirectMethodHandleAccessor.java:104) ~[na:na]
	at java.base/java.lang.reflect.Method.invoke(Method.java:565) ~[na:na]
	at org.springframework.util.ReflectionUtils.invokeMethod(ReflectionUtils.java:281) ~[spring-core-6.1.15.jar!/:6.1.15]
	at org.springframework.boot.actuate.endpoint.invoke.reflect.ReflectiveOperationInvoker.invoke(ReflectiveOperationInvoker.java:74) ~[spring-boot-actuator-3.2.12.jar!/:3.2.12]
	at org.springframework.boot.actuate.endpoint.annotation.AbstractDiscoveredOperation.invoke(AbstractDiscoveredOperation.java:60) ~[spring-boot-actuator-3.2.12.jar!/:3.2.12]
	at org.springframework.boot.actuate.endpoint.web.servlet.AbstractWebMvcEndpointHandlerMapping$ServletWebOperationAdapter.handle(AbstractWebMvcEndpointHandlerMapping.java:327) ~[spring-boot-actuator-3.2.12.jar!/:3.2.12]
	at org.springframework.boot.actuate.endpoint.web.servlet.AbstractWebMvcEndpointHandlerMapping$OperationHandler.handle(AbstractWebMvcEndpointHandlerMapping.java:434) ~[spring-boot-actuator-3.2.12.jar!/:3.2.12]
	at java.base/jdk.internal.reflect.DirectMethodHandleAccessor.invoke(DirectMethodHandleAccessor.java:104) ~[na:na]
	at java.base/java.lang.reflect.Method.invoke(Method.java:565) ~[na:na]
	at org.springframework.web.method.support.InvocableHandlerMethod.doInvoke(InvocableHandlerMethod.java:255) ~[spring-web-6.1.15.jar!/:6.1.15]
	at org.springframework.web.method.support.InvocableHandlerMethod.invokeForRequest(InvocableHandlerMethod.java:188) ~[spring-web-6.1.15.jar!/:6.1.15]
	at org.springframework.web.servlet.mvc.method.annotation.ServletInvocableHandlerMethod.invokeAndHandle(ServletInvocableHandlerMethod.java:118) ~[spring-webmvc-6.1.15.jar!/:6.1.15]
	at org.springframework.web.servlet.mvc.method.annotation.RequestMappingHandlerAdapter.invokeHandlerMethod(RequestMappingHandlerAdapter.java:926) ~[spring-webmvc-6.1.15.jar!/:6.1.15]
	at org.springframework.web.servlet.mvc.method.annotation.RequestMappingHandlerAdapter.handleInternal(RequestMappingHandlerAdapter.java:831) ~[spring-webmvc-6.1.15.jar!/:6.1.15]
	at org.springframework.web.servlet.mvc.method.AbstractHandlerMethodAdapter.handle(AbstractHandlerMethodAdapter.java:87) ~[spring-webmvc-6.1.15.jar!/:6.1.15]
	at org.springframework.web.servlet.DispatcherServlet.doDispatch(DispatcherServlet.java:1089) ~[spring-webmvc-6.1.15.jar!/:6.1.15]
	at org.springframework.web.servlet.DispatcherServlet.doService(DispatcherServlet.java:979) ~[spring-webmvc-6.1.15.jar!/:6.1.15]
	at org.springframework.web.servlet.FrameworkServlet.processRequest(FrameworkServlet.java:1014) ~[spring-webmvc-6.1.15.jar!/:6.1.15]
	at org.springframework.web.servlet.FrameworkServlet.doGet(FrameworkServlet.java:903) ~[spring-webmvc-6.1.15.jar!/:6.1.15]
	at jakarta.servlet.http.HttpServlet.service(HttpServlet.java:564) ~[tomcat-embed-core-10.1.33.jar!/:na]
	at org.springframework.web.servlet.FrameworkServlet.service(FrameworkServlet.java:885) ~[spring-webmvc-6.1.15.jar!/:6.1.15]
	at jakarta.servlet.http.HttpServlet.service(HttpServlet.java:658) ~[tomcat-embed-core-10.1.33.jar!/:na]
	at org.apache.catalina.core.ApplicationFilterChain.internalDoFilter(ApplicationFilterChain.java:195) ~[tomcat-embed-core-10.1.33.jar!/:na]
	at org.apache.catalina.core.ApplicationFilterChain.doFilter(ApplicationFilterChain.java:140) ~[tomcat-embed-core-10.1.33.jar!/:na]
	at org.apache.tomcat.websocket.server.WsFilter.doFilter(WsFilter.java:51) ~[tomcat-embed-websocket-10.1.33.jar!/:na]
	at org.apache.catalina.core.ApplicationFilterChain.internalDoFilter(ApplicationFilterChain.java:164) ~[tomcat-embed-core-10.1.33.jar!/:na]
	at org.apache.catalina.core.ApplicationFilterChain.doFilter(ApplicationFilterChain.java:140) ~[tomcat-embed-core-10.1.33.jar!/:na]
	at org.springframework.web.filter.RequestContextFilter.doFilterInternal(RequestContextFilter.java:100) ~[spring-web-6.1.15.jar!/:6.1.15]
	at org.springframework.web.filter.OncePerRequestFilter.doFilter(OncePerRequestFilter.java:116) ~[spring-web-6.1.15.jar!/:6.1.15]
	at org.apache.catalina.core.ApplicationFilterChain.internalDoFilter(ApplicationFilterChain.java:164) ~[tomcat-embed-core-10.1.33.jar!/:na]
	at org.apache.catalina.core.ApplicationFilterChain.doFilter(ApplicationFilterChain.java:140) ~[tomcat-embed-core-10.1.33.jar!/:na]
	at org.springframework.web.filter.FormContentFilter.doFilterInternal(FormContentFilter.java:93) ~[spring-web-6.1.15.jar!/:6.1.15]
	at org.springframework.web.filter.OncePerRequestFilter.doFilter(OncePerRequestFilter.java:116) ~[spring-web-6.1.15.jar!/:6.1.15]
	at org.apache.catalina.core.ApplicationFilterChain.internalDoFilter(ApplicationFilterChain.java:164) ~[tomcat-embed-core-10.1.33.jar!/:na]
	at org.apache.catalina.core.ApplicationFilterChain.doFilter(ApplicationFilterChain.java:140) ~[tomcat-embed-core-10.1.33.jar!/:na]
	at org.springframework.web.filter.ServerHttpObservationFilter.doFilterInternal(ServerHttpObservationFilter.java:113) ~[spring-web-6.1.15.jar!/:6.1.15]
	at org.springframework.web.filter.OncePerRequestFilter.doFilter(OncePerRequestFilter.java:116) ~[spring-web-6.1.15.jar!/:6.1.15]
	at org.apache.catalina.core.ApplicationFilterChain.internalDoFilter(ApplicationFilterChain.java:164) ~[tomcat-embed-core-10.1.33.jar!/:na]
	at org.apache.catalina.core.ApplicationFilterChain.doFilter(ApplicationFilterChain.java:140) ~[tomcat-embed-core-10.1.33.jar!/:na]
	at org.springframework.web.filter.CharacterEncodingFilter.doFilterInternal(CharacterEncodingFilter.java:201) ~[spring-web-6.1.15.jar!/:6.1.15]
	at org.springframework.web.filter.OncePerRequestFilter.doFilter(OncePerRequestFilter.java:116) ~[spring-web-6.1.15.jar!/:6.1.15]
	at org.apache.catalina.core.ApplicationFilterChain.internalDoFilter(ApplicationFilterChain.java:164) ~[tomcat-embed-core-10.1.33.jar!/:na]
	at org.apache.catalina.core.ApplicationFilterChain.doFilter(ApplicationFilterChain.java:140) ~[tomcat-embed-core-10.1.33.jar!/:na]
	at org.apache.catalina.core.StandardWrapperValve.invoke(StandardWrapperValve.java:167) ~[tomcat-embed-core-10.1.33.jar!/:na]
	at org.apache.catalina.core.StandardContextValve.invoke(StandardContextValve.java:90) ~[tomcat-embed-core-10.1.33.jar!/:na]
	at org.apache.catalina.authenticator.AuthenticatorBase.invoke(AuthenticatorBase.java:483) ~[tomcat-embed-core-10.1.33.jar!/:na]
	at org.apache.catalina.core.StandardHostValve.invoke(StandardHostValve.java:115) ~[tomcat-embed-core-10.1.33.jar!/:na]
	at org.apache.catalina.valves.ErrorReportValve.invoke(ErrorReportValve.java:93) ~[tomcat-embed-core-10.1.33.jar!/:na]
	at org.apache.catalina.core.StandardEngineValve.invoke(StandardEngineValve.java:74) ~[tomcat-embed-core-10.1.33.jar!/:na]
	at org.apache.catalina.connector.CoyoteAdapter.service(CoyoteAdapter.java:344) ~[tomcat-embed-core-10.1.33.jar!/:na]
	at org.apache.coyote.http11.Http11Processor.service(Http11Processor.java:397) ~[tomcat-embed-core-10.1.33.jar!/:na]
	at org.apache.coyote.AbstractProcessorLight.process(AbstractProcessorLight.java:63) ~[tomcat-embed-core-10.1.33.jar!/:na]
	at org.apache.coyote.AbstractProtocol$ConnectionHandler.process(AbstractProtocol.java:905) ~[tomcat-embed-core-10.1.33.jar!/:na]
	at org.apache.tomcat.util.net.NioEndpoint$SocketProcessor.doRun(NioEndpoint.java:1741) ~[tomcat-embed-core-10.1.33.jar!/:na]
	at org.apache.tomcat.util.net.SocketProcessorBase.run(SocketProcessorBase.java:52) ~[tomcat-embed-core-10.1.33.jar!/:na]
	at org.apache.tomcat.util.threads.ThreadPoolExecutor.runWorker(ThreadPoolExecutor.java:1190) ~[tomcat-embed-core-10.1.33.jar!/:na]
	at org.apache.tomcat.util.threads.ThreadPoolExecutor$Worker.run(ThreadPoolExecutor.java:659) ~[tomcat-embed-core-10.1.33.jar!/:na]
	at org.apache.tomcat.util.threads.TaskThread$WrappingRunnable.run(TaskThread.java:63) ~[tomcat-embed-core-10.1.33.jar!/:na]
	at java.base/java.lang.Thread.run(Thread.java:1474) ~[na:na]
Caused by: com.mongodb.MongoTimeoutException: Timed out after 30000 ms while waiting for a server that matches ReadPreferenceServerSelector{readPreference=primary}. Client view of cluster state is {type=UNKNOWN, servers=[{address=localhost:27017, type=UNKNOWN, state=CONNECTING, exception={com.mongodb.MongoSocketReadTimeoutException: Timeout while receiving message}, caused by {java.net.SocketTimeoutException: Read timed out}}]
	at com.mongodb.internal.connection.BaseCluster.createTimeoutException(BaseCluster.java:380) ~[mongodb-driver-core-4.11.5.jar!/:na]
	at com.mongodb.internal.connection.BaseCluster.selectServer(BaseCluster.java:125) ~[mongodb-driver-core-4.11.5.jar!/:na]
	at com.mongodb.internal.connection.SingleServerCluster.selectServer(SingleServerCluster.java:46) ~[mongodb-driver-core-4.11.5.jar!/:na]
	at com.mongodb.internal.binding.ClusterBinding.getReadConnectionSource(ClusterBinding.java:116) ~[mongodb-driver-core-4.11.5.jar!/:na]
	at com.mongodb.client.internal.ClientSessionBinding.getConnectionSource(ClientSessionBinding.java:128) ~[mongodb-driver-sync-4.11.5.jar!/:na]
	at com.mongodb.client.internal.ClientSessionBinding.getReadConnectionSource(ClientSessionBinding.java:92) ~[mongodb-driver-sync-4.11.5.jar!/:na]
	at com.mongodb.internal.operation.SyncOperationHelper.withSuppliedResource(SyncOperationHelper.java:144) ~[mongodb-driver-core-4.11.5.jar!/:na]
	at com.mongodb.internal.operation.SyncOperationHelper.withSourceAndConnection(SyncOperationHelper.java:125) ~[mongodb-driver-core-4.11.5.jar!/:na]
	at com.mongodb.internal.operation.SyncOperationHelper.lambda$executeRetryableRead$4(SyncOperationHelper.java:189) ~[mongodb-driver-core-4.11.5.jar!/:na]
	at com.mongodb.internal.operation.SyncOperationHelper.lambda$decorateReadWithRetries$12(SyncOperationHelper.java:292) ~[mongodb-driver-core-4.11.5.jar!/:na]
	at com.mongodb.internal.async.function.RetryingSyncSupplier.get(RetryingSyncSupplier.java:67) ~[mongodb-driver-core-4.11.5.jar!/:na]
	at com.mongodb.internal.operation.SyncOperationHelper.executeRetryableRead(SyncOperationHelper.java:194) ~[mongodb-driver-core-4.11.5.jar!/:na]
	at com.mongodb.internal.operation.SyncOperationHelper.executeRetryableRead(SyncOperationHelper.java:176) ~[mongodb-driver-core-4.11.5.jar!/:na]
	at com.mongodb.internal.operation.CommandReadOperation.execute(CommandReadOperation.java:48) ~[mongodb-driver-core-4.11.5.jar!/:na]
	at com.mongodb.client.internal.MongoClientDelegate$DelegateOperationExecutor.execute(MongoClientDelegate.java:153) ~[mongodb-driver-sync-4.11.5.jar!/:na]
	at com.mongodb.client.internal.MongoDatabaseImpl.executeCommand(MongoDatabaseImpl.java:196) ~[mongodb-driver-sync-4.11.5.jar!/:na]
	at com.mongodb.client.internal.MongoDatabaseImpl.runCommand(MongoDatabaseImpl.java:165) ~[mongodb-driver-sync-4.11.5.jar!/:na]
	at com.mongodb.client.internal.MongoDatabaseImpl.runCommand(MongoDatabaseImpl.java:160) ~[mongodb-driver-sync-4.11.5.jar!/:na]
	at org.springframework.data.mongodb.core.MongoTemplate.lambda$executeCommand$3(MongoTemplate.java:514) ~[spring-data-mongodb-4.2.12.jar!/:4.2.12]
	at org.springframework.data.mongodb.core.MongoTemplate.execute(MongoTemplate.java:580) ~[spring-data-mongodb-4.2.12.jar!/:4.2.12]
	... 73 common frames omitted

2026-06-03T01:28:10.756+05:30  WARN 22048 --- [inventory-service] [nio-8082-exec-1] o.s.b.a.health.HealthEndpointSupport     : Health contributor org.springframework.boot.actuate.data.mongo.MongoHealthIndicator (mongo) took 33613ms to respond
2026-06-03T01:28:21.488+05:30  INFO 22048 --- [inventory-service] [localhost:27017] org.mongodb.driver.cluster               : Monitor thread successfully connected to server with description ServerDescription{address=localhost:27017, type=STANDALONE, state=CONNECTED, ok=true, minWireVersion=0, maxWireVersion=27, maxDocumentSize=16777216, logicalSessionTimeoutMinutes=30, roundTripTimeNanos=30273100}
2026-06-03T01:28:28.790+05:30  INFO 22048 --- [inventory-service] [ntainer#0-0-C-1] org.apache.kafka.clients.NetworkClient   : [Consumer clientId=consumer-inventory-service-group-1, groupId=inventory-service-group] Disconnecting from node -1 due to request timeout.
2026-06-03T01:28:28.796+05:30  INFO 22048 --- [inventory-service] [ntainer#0-0-C-1] org.apache.kafka.clients.NetworkClient   : [Consumer clientId=consumer-inventory-service-group-1, groupId=inventory-service-group] Cancelled in-flight API_VERSIONS request with correlation id 14 due to node -1 being disconnected (elapsed time since creation: 30929ms, elapsed time since send: 30929ms, request timeout: 30000ms)
2026-06-03T01:28:28.797+05:30  WARN 22048 --- [inventory-service] [ntainer#0-0-C-1] org.apache.kafka.clients.NetworkClient   : [Consumer clientId=consumer-inventory-service-group-1, groupId=inventory-service-group] Bootstrap broker localhost:9092 (id: -1 rack: null) disconnected
2026-06-03T01:28:49.354+05:30  WARN 22048 --- [inventory-service] [ntainer#0-0-C-1] org.apache.kafka.clients.NetworkClient   : [Consumer clientId=consumer-inventory-service-group-1, groupId=inventory-service-group] Error while fetching metadata with correlation id 18 : {order-events=UNKNOWN_TOPIC_OR_PARTITION}
2026-06-03T01:28:49.382+05:30  INFO 22048 --- [inventory-service] [ntainer#0-0-C-1] org.apache.kafka.clients.Metadata        : [Consumer clientId=consumer-inventory-service-group-1, groupId=inventory-service-group] Cluster ID: MkU3OEVBNTcwNTJENDM2Qg
2026-06-03T01:28:51.638+05:30  WARN 22048 --- [inventory-service] [ntainer#0-0-C-1] org.apache.kafka.clients.NetworkClient   : [Consumer clientId=consumer-inventory-service-group-1, groupId=inventory-service-group] Error while fetching metadata with correlation id 20 : {order-events=UNKNOWN_TOPIC_OR_PARTITION}
2026-06-03T01:28:52.156+05:30  WARN 22048 --- [inventory-service] [ntainer#0-0-C-1] org.apache.kafka.clients.NetworkClient   : [Consumer clientId=consumer-inventory-service-group-1, groupId=inventory-service-group] Error while fetching metadata with correlation id 21 : {order-events=UNKNOWN_TOPIC_OR_PARTITION}
2026-06-03T01:28:54.082+05:30  WARN 22048 --- [inventory-service] [ntainer#0-0-C-1] org.apache.kafka.clients.NetworkClient   : [Consumer clientId=consumer-inventory-service-group-1, groupId=inventory-service-group] Error while fetching metadata with correlation id 22 : {order-events=UNKNOWN_TOPIC_OR_PARTITION}
2026-06-03T01:28:54.214+05:30  WARN 22048 --- [inventory-service] [ntainer#0-0-C-1] org.apache.kafka.clients.NetworkClient   : [Consumer clientId=consumer-inventory-service-group-1, groupId=inventory-service-group] Error while fetching metadata with correlation id 23 : {order-events=UNKNOWN_TOPIC_OR_PARTITION}
2026-06-03T01:28:54.492+05:30  WARN 22048 --- [inventory-service] [ntainer#0-0-C-1] org.apache.kafka.clients.NetworkClient   : [Consumer clientId=consumer-inventory-service-group-1, groupId=inventory-service-group] Error while fetching metadata with correlation id 24 : {order-events=UNKNOWN_TOPIC_OR_PARTITION}
2026-06-03T01:28:56.168+05:30  WARN 22048 --- [inventory-service] [ntainer#0-0-C-1] org.apache.kafka.clients.NetworkClient   : [Consumer clientId=consumer-inventory-service-group-1, groupId=inventory-service-group] Error while fetching metadata with correlation id 25 : {order-events=UNKNOWN_TOPIC_OR_PARTITION}
2026-06-03T01:28:56.317+05:30  WARN 22048 --- [inventory-service] [ntainer#0-0-C-1] org.apache.kafka.clients.NetworkClient   : [Consumer clientId=consumer-inventory-service-group-1, groupId=inventory-service-group] Error while fetching metadata with correlation id 26 : {order-events=UNKNOWN_TOPIC_OR_PARTITION}
2026-06-03T01:29:03.838+05:30  INFO 22048 --- [inventory-service] [trap-executor-0] c.n.d.s.r.aws.ConfigClusterResolver      : Resolving eureka endpoints via configuration
2026-06-03T01:29:06.966+05:30  INFO 22048 --- [inventory-service] [ntainer#0-0-C-1] org.apache.kafka.clients.NetworkClient   : [Consumer clientId=consumer-inventory-service-group-1, groupId=inventory-service-group] Disconnecting from node -1 due to request timeout.
2026-06-03T01:29:06.998+05:30  INFO 22048 --- [inventory-service] [ntainer#0-0-C-1] org.apache.kafka.clients.NetworkClient   : [Consumer clientId=consumer-inventory-service-group-1, groupId=inventory-service-group] Cancelled in-flight FIND_COORDINATOR request with correlation id 17 due to node -1 being disconnected (elapsed time since creation: 33092ms, elapsed time since send: 31294ms, request timeout: 30000ms)
2026-06-03T01:29:09.382+05:30  WARN 22048 --- [inventory-service] [ntainer#0-0-C-1] org.apache.kafka.clients.NetworkClient   : [Consumer clientId=consumer-inventory-service-group-1, groupId=inventory-service-group] Error while fetching metadata with correlation id 27 : {order-events=UNKNOWN_TOPIC_OR_PARTITION}
2026-06-03T01:29:23.027+05:30  WARN 22048 --- [inventory-service] [ntainer#0-0-C-1] org.apache.kafka.clients.NetworkClient   : [Consumer clientId=consumer-inventory-service-group-1, groupId=inventory-service-group] Error while fetching metadata with correlation id 29 : {order-events=UNKNOWN_TOPIC_OR_PARTITION}
2026-06-03T01:29:23.231+05:30  WARN 22048 --- [inventory-service] [ntainer#0-0-C-1] org.apache.kafka.clients.NetworkClient   : [Consumer clientId=consumer-inventory-service-group-1, groupId=inventory-service-group] Error while fetching metadata with correlation id 31 : {order-events=UNKNOWN_TOPIC_OR_PARTITION}
2026-06-03T01:29:24.331+05:30  WARN 22048 --- [inventory-service] [ntainer#0-0-C-1] org.apache.kafka.clients.NetworkClient   : [Consumer clientId=consumer-inventory-service-group-1, groupId=inventory-service-group] Error while fetching metadata with correlation id 33 : {order-events=UNKNOWN_TOPIC_OR_PARTITION}
2026-06-03T01:29:24.490+05:30  WARN 22048 --- [inventory-service] [ntainer#0-0-C-1] org.apache.kafka.clients.NetworkClient   : [Consumer clientId=consumer-inventory-service-group-1, groupId=inventory-service-group] Error while fetching metadata with correlation id 35 : {order-events=UNKNOWN_TOPIC_OR_PARTITION}
2026-06-03T01:29:25.055+05:30  WARN 22048 --- [inventory-service] [ntainer#0-0-C-1] org.apache.kafka.clients.NetworkClient   : [Consumer clientId=consumer-inventory-service-group-1, groupId=inventory-service-group] Error while fetching metadata with correlation id 37 : {order-events=UNKNOWN_TOPIC_OR_PARTITION}
2026-06-03T01:29:25.136+05:30  WARN 22048 --- [inventory-service] [ntainer#0-0-C-1] org.apache.kafka.clients.NetworkClient   : [Consumer clientId=consumer-inventory-service-group-1, groupId=inventory-service-group] Error while fetching metadata with correlation id 39 : {order-events=UNKNOWN_TOPIC_OR_PARTITION}
2026-06-03T01:29:25.309+05:30  WARN 22048 --- [inventory-service] [ntainer#0-0-C-1] org.apache.kafka.clients.NetworkClient   : [Consumer clientId=consumer-inventory-service-group-1, groupId=inventory-service-group] Error while fetching metadata with correlation id 41 : {order-events=UNKNOWN_TOPIC_OR_PARTITION}
2026-06-03T01:29:25.448+05:30  WARN 22048 --- [inventory-service] [ntainer#0-0-C-1] org.apache.kafka.clients.NetworkClient   : [Consumer clientId=consumer-inventory-service-group-1, groupId=inventory-service-group] Error while fetching metadata with correlation id 43 : {order-events=UNKNOWN_TOPIC_OR_PARTITION}
2026-06-03T01:29:25.593+05:30  WARN 22048 --- [inventory-service] [ntainer#0-0-C-1] org.apache.kafka.clients.NetworkClient   : [Consumer clientId=consumer-inventory-service-group-1, groupId=inventory-service-group] Error while fetching metadata with correlation id 45 : {order-events=UNKNOWN_TOPIC_OR_PARTITION}
2026-06-03T01:29:25.708+05:30  WARN 22048 --- [inventory-service] [ntainer#0-0-C-1] org.apache.kafka.clients.NetworkClient   : [Consumer clientId=consumer-inventory-service-group-1, groupId=inventory-service-group] Error while fetching metadata with correlation id 47 : {order-events=UNKNOWN_TOPIC_OR_PARTITION}
2026-06-03T01:29:25.891+05:30  WARN 22048 --- [inventory-service] [ntainer#0-0-C-1] org.apache.kafka.clients.NetworkClient   : [Consumer clientId=consumer-inventory-service-group-1, groupId=inventory-service-group] Error while fetching metadata with correlation id 49 : {order-events=UNKNOWN_TOPIC_OR_PARTITION}
2026-06-03T01:29:26.021+05:30  WARN 22048 --- [inventory-service] [ntainer#0-0-C-1] org.apache.kafka.clients.NetworkClient   : [Consumer clientId=consumer-inventory-service-group-1, groupId=inventory-service-group] Error while fetching metadata with correlation id 51 : {order-events=UNKNOWN_TOPIC_OR_PARTITION}
2026-06-03T01:29:26.168+05:30  WARN 22048 --- [inventory-service] [ntainer#0-0-C-1] org.apache.kafka.clients.NetworkClient   : [Consumer clientId=consumer-inventory-service-group-1, groupId=inventory-service-group] Error while fetching metadata with correlation id 53 : {order-events=UNKNOWN_TOPIC_OR_PARTITION}
2026-06-03T01:29:26.315+05:30  WARN 22048 --- [inventory-service] [ntainer#0-0-C-1] org.apache.kafka.clients.NetworkClient   : [Consumer clientId=consumer-inventory-service-group-1, groupId=inventory-service-group] Error while fetching metadata with correlation id 55 : {order-events=UNKNOWN_TOPIC_OR_PARTITION}
2026-06-03T01:29:26.436+05:30  WARN 22048 --- [inventory-service] [ntainer#0-0-C-1] org.apache.kafka.clients.NetworkClient   : [Consumer clientId=consumer-inventory-service-group-1, groupId=inventory-service-group] Error while fetching metadata with correlation id 57 : {order-events=UNKNOWN_TOPIC_OR_PARTITION}
2026-06-03T01:29:26.547+05:30  WARN 22048 --- [inventory-service] [ntainer#0-0-C-1] org.apache.kafka.clients.NetworkClient   : [Consumer clientId=consumer-inventory-service-group-1, groupId=inventory-service-group] Error while fetching metadata with correlation id 59 : {order-events=UNKNOWN_TOPIC_OR_PARTITION}
2026-06-03T01:29:26.709+05:30  WARN 22048 --- [inventory-service] [ntainer#0-0-C-1] org.apache.kafka.clients.NetworkClient   : [Consumer clientId=consumer-inventory-service-group-1, groupId=inventory-service-group] Error while fetching metadata with correlation id 61 : {order-events=UNKNOWN_TOPIC_OR_PARTITION}
2026-06-03T01:29:26.823+05:30  WARN 22048 --- [inventory-service] [ntainer#0-0-C-1] org.apache.kafka.clients.NetworkClient   : [Consumer clientId=consumer-inventory-service-group-1, groupId=inventory-service-group] Error while fetching metadata with correlation id 63 : {order-events=UNKNOWN_TOPIC_OR_PARTITION}
2026-06-03T01:29:28.563+05:30  WARN 22048 --- [inventory-service] [ntainer#0-0-C-1] org.apache.kafka.clients.NetworkClient   : [Consumer clientId=consumer-inventory-service-group-1, groupId=inventory-service-group] Error while fetching metadata with correlation id 65 : {order-events=UNKNOWN_TOPIC_OR_PARTITION}
2026-06-03T01:29:28.668+05:30  WARN 22048 --- [inventory-service] [ntainer#0-0-C-1] org.apache.kafka.clients.NetworkClient   : [Consumer clientId=consumer-inventory-service-group-1, groupId=inventory-service-group] Error while fetching metadata with correlation id 67 : {order-events=UNKNOWN_TOPIC_OR_PARTITION}
2026-06-03T01:29:28.810+05:30  WARN 22048 --- [inventory-service] [ntainer#0-0-C-1] org.apache.kafka.clients.NetworkClient   : [Consumer clientId=consumer-inventory-service-group-1, groupId=inventory-service-group] Error while fetching metadata with correlation id 69 : {order-events=UNKNOWN_TOPIC_OR_PARTITION}
2026-06-03T01:29:28.993+05:30  WARN 22048 --- [inventory-service] [ntainer#0-0-C-1] org.apache.kafka.clients.NetworkClient   : [Consumer clientId=consumer-inventory-service-group-1, groupId=inventory-service-group] Error while fetching metadata with correlation id 72 : {order-events=UNKNOWN_TOPIC_OR_PARTITION}
2026-06-03T01:29:38.797+05:30  INFO 22048 --- [inventory-service] [ntainer#0-0-C-1] o.a.k.c.c.internals.ConsumerCoordinator  : [Consumer clientId=consumer-inventory-service-group-1, groupId=inventory-service-group] Discovered group coordinator localhost:9092 (id: 2147483646 rack: null)
2026-06-03T01:29:38.935+05:30  INFO 22048 --- [inventory-service] [ntainer#0-0-C-1] o.a.k.c.c.internals.ConsumerCoordinator  : [Consumer clientId=consumer-inventory-service-group-1, groupId=inventory-service-group] (Re-)joining group
2026-06-03T01:29:40.315+05:30  INFO 22048 --- [inventory-service] [ntainer#0-0-C-1] o.a.k.c.c.internals.ConsumerCoordinator  : [Consumer clientId=consumer-inventory-service-group-1, groupId=inventory-service-group] JoinGroup failed: Coordinator localhost:9092 (id: 2147483646 rack: null) is loading the group.
2026-06-03T01:29:40.353+05:30  INFO 22048 --- [inventory-service] [ntainer#0-0-C-1] o.a.k.c.c.internals.ConsumerCoordinator  : [Consumer clientId=consumer-inventory-service-group-1, groupId=inventory-service-group] Request joining group due to: rebalance failed due to 'The coordinator is loading and hence can't process requests.' (CoordinatorLoadInProgressException)
2026-06-03T01:29:40.465+05:30  INFO 22048 --- [inventory-service] [ntainer#0-0-C-1] o.a.k.c.c.internals.ConsumerCoordinator  : [Consumer clientId=consumer-inventory-service-group-1, groupId=inventory-service-group] (Re-)joining group
2026-06-03T01:29:40.996+05:30  INFO 22048 --- [inventory-service] [ntainer#0-0-C-1] o.a.k.c.c.internals.ConsumerCoordinator  : [Consumer clientId=consumer-inventory-service-group-1, groupId=inventory-service-group] JoinGroup failed: Coordinator localhost:9092 (id: 2147483646 rack: null) is loading the group.
2026-06-03T01:29:40.999+05:30  INFO 22048 --- [inventory-service] [ntainer#0-0-C-1] o.a.k.c.c.internals.ConsumerCoordinator  : [Consumer clientId=consumer-inventory-service-group-1, groupId=inventory-service-group] Request joining group due to: rebalance failed due to 'The coordinator is loading and hence can't process requests.' (CoordinatorLoadInProgressException)
2026-06-03T01:29:41.099+05:30  INFO 22048 --- [inventory-service] [ntainer#0-0-C-1] o.a.k.c.c.internals.ConsumerCoordinator  : [Consumer clientId=consumer-inventory-service-group-1, groupId=inventory-service-group] (Re-)joining group
2026-06-03T01:29:41.132+05:30  INFO 22048 --- [inventory-service] [ntainer#0-0-C-1] o.a.k.c.c.internals.ConsumerCoordinator  : [Consumer clientId=consumer-inventory-service-group-1, groupId=inventory-service-group] JoinGroup failed: Coordinator localhost:9092 (id: 2147483646 rack: null) is loading the group.
2026-06-03T01:29:41.133+05:30  INFO 22048 --- [inventory-service] [ntainer#0-0-C-1] o.a.k.c.c.internals.ConsumerCoordinator  : [Consumer clientId=consumer-inventory-service-group-1, groupId=inventory-service-group] Request joining group due to: rebalance failed due to 'The coordinator is loading and hence can't process requests.' (CoordinatorLoadInProgressException)
2026-06-03T01:29:41.236+05:30  INFO 22048 --- [inventory-service] [ntainer#0-0-C-1] o.a.k.c.c.internals.ConsumerCoordinator  : [Consumer clientId=consumer-inventory-service-group-1, groupId=inventory-service-group] (Re-)joining group
2026-06-03T01:29:53.496+05:30  INFO 22048 --- [inventory-service] [ntainer#0-0-C-1] o.a.k.c.c.internals.ConsumerCoordinator  : [Consumer clientId=consumer-inventory-service-group-1, groupId=inventory-service-group] Request joining group due to: need to re-join with the given member-id: consumer-inventory-service-group-1-9698a72a-432f-4a89-b783-146ba95ba585
2026-06-03T01:29:53.498+05:30  INFO 22048 --- [inventory-service] [ntainer#0-0-C-1] o.a.k.c.c.internals.ConsumerCoordinator  : [Consumer clientId=consumer-inventory-service-group-1, groupId=inventory-service-group] Request joining group due to: rebalance failed due to 'The group member needs to have a valid member id before actually entering a consumer group.' (MemberIdRequiredException)
2026-06-03T01:29:53.499+05:30  INFO 22048 --- [inventory-service] [ntainer#0-0-C-1] o.a.k.c.c.internals.ConsumerCoordinator  : [Consumer clientId=consumer-inventory-service-group-1, groupId=inventory-service-group] (Re-)joining group
2026-06-03T01:30:10.611+05:30  INFO 22048 --- [inventory-service] [localhost:27017] org.mongodb.driver.cluster               : Exception in monitor thread while connecting to server localhost:27017

com.mongodb.MongoSocketReadTimeoutException: Timeout while receiving message
	at com.mongodb.internal.connection.InternalStreamConnection.translateReadException(InternalStreamConnection.java:728) ~[mongodb-driver-core-4.11.5.jar!/:na]
	at com.mongodb.internal.connection.InternalStreamConnection.receiveMessageWithAdditionalTimeout(InternalStreamConnection.java:606) ~[mongodb-driver-core-4.11.5.jar!/:na]
	at com.mongodb.internal.connection.InternalStreamConnection.receiveCommandMessageResponse(InternalStreamConnection.java:451) ~[mongodb-driver-core-4.11.5.jar!/:na]
	at com.mongodb.internal.connection.InternalStreamConnection.receive(InternalStreamConnection.java:404) ~[mongodb-driver-core-4.11.5.jar!/:na]
	at com.mongodb.internal.connection.DefaultServerMonitor$ServerMonitorRunnable.lookupServerDescription(DefaultServerMonitor.java:221) ~[mongodb-driver-core-4.11.5.jar!/:na]
	at com.mongodb.internal.connection.DefaultServerMonitor$ServerMonitorRunnable.run(DefaultServerMonitor.java:153) ~[mongodb-driver-core-4.11.5.jar!/:na]
	at java.base/java.lang.Thread.run(Thread.java:1474) ~[na:na]
Caused by: java.net.SocketTimeoutException: Read timed out
	at java.base/sun.nio.ch.NioSocketImpl.timedRead(NioSocketImpl.java:277) ~[na:na]
	at java.base/sun.nio.ch.NioSocketImpl.implRead(NioSocketImpl.java:302) ~[na:na]
	at java.base/sun.nio.ch.NioSocketImpl.read(NioSocketImpl.java:354) ~[na:na]
	at java.base/sun.nio.ch.NioSocketImpl$1.read(NioSocketImpl.java:798) ~[na:na]
	at java.base/java.net.Socket$SocketInputStream.implRead(Socket.java:974) ~[na:na]
	at java.base/java.net.Socket$SocketInputStream.read(Socket.java:964) ~[na:na]
	at com.mongodb.internal.connection.SocketStream.read(SocketStream.java:175) ~[mongodb-driver-core-4.11.5.jar!/:na]
	at com.mongodb.internal.connection.SocketStream.read(SocketStream.java:200) ~[mongodb-driver-core-4.11.5.jar!/:na]
	at com.mongodb.internal.connection.InternalStreamConnection.receiveResponseBuffers(InternalStreamConnection.java:739) ~[mongodb-driver-core-4.11.5.jar!/:na]
	at com.mongodb.internal.connection.InternalStreamConnection.receiveMessageWithAdditionalTimeout(InternalStreamConnection.java:603) ~[mongodb-driver-core-4.11.5.jar!/:na]
	... 5 common frames omitted

2026-06-03T01:31:42.186+05:30  INFO 22048 --- [inventory-service] [localhost:27017] org.mongodb.driver.cluster               : Monitor thread successfully connected to server with description ServerDescription{address=localhost:27017, type=STANDALONE, state=CONNECTED, ok=true, minWireVersion=0, maxWireVersion=27, maxDocumentSize=16777216, logicalSessionTimeoutMinutes=30, roundTripTimeNanos=8317586000}
