Standard Commons Logging discovery in action with spring-jcl: please remove commons-logging.jar from classpath in order to avoid potential conflicts

  .   ____          _            __ _ _
 /\\ / ___'_ __ _ _(_)_ __  __ _ \ \ \ \
( ( )\___ | '_ | '_| | '_ \/ _` | \ \ \ \
 \\/  ___)| |_)| | | | | || (_| |  ) ) ) )
  '  |____| .__|_| |_|_| |_\__, | / / / /
 =========|_|==============|___/=/_/_/_/
[32m :: Spring Boot :: [39m             [2m (v3.2.12)[0;39m

[2m2026-06-03T01:20:44.038+05:30[0;39m [32m INFO[0;39m [35m15656[0;39m [2m---[0;39m [2m[service-registry] [           main][0;39m [2m[0;39m[36mc.h.s.ServiceRegistryApplication        [0;39m [2m:[0;39m Starting ServiceRegistryApplication v0.0.1-SNAPSHOT using Java 25.0.2 with PID 15656 (C:\Users\jagdish\Downloads\Telegram Desktop\spring-boot-projects\ecommerce-microservices-main\service-registry\target\service-registry-0.0.1-SNAPSHOT.jar started by jagdish in C:\Users\jagdish\Downloads\Telegram Desktop\spring-boot-projects\ecommerce-microservices-main)
[2m2026-06-03T01:20:44.045+05:30[0;39m [32m INFO[0;39m [35m15656[0;39m [2m---[0;39m [2m[service-registry] [           main][0;39m [2m[0;39m[36mc.h.s.ServiceRegistryApplication        [0;39m [2m:[0;39m No active profile set, falling back to 1 default profile: "default"
[2m2026-06-03T01:20:49.947+05:30[0;39m [32m INFO[0;39m [35m15656[0;39m [2m---[0;39m [2m[service-registry] [           main][0;39m [2m[0;39m[36mo.s.cloud.context.scope.GenericScope    [0;39m [2m:[0;39m BeanFactory id=5edf77d0-f109-334e-864c-34b2adad1fd9
[2m2026-06-03T01:20:50.224+05:30[0;39m [33m WARN[0;39m [35m15656[0;39m [2m---[0;39m [2m[service-registry] [           main][0;39m [2m[0;39m[36mtrationDelegate$BeanPostProcessorChecker[0;39m [2m:[0;39m Bean 'org.springframework.cloud.client.loadbalancer.LoadBalancerAutoConfiguration$DeferringLoadBalancerInterceptorConfig' of type [org.springframework.cloud.client.loadbalancer.LoadBalancerAutoConfiguration$DeferringLoadBalancerInterceptorConfig] is not eligible for getting processed by all BeanPostProcessors (for example: not eligible for auto-proxying). The currently created BeanPostProcessor [lbRestClientPostProcessor] is declared through a non-static factory method on that class; consider declaring it as static instead.
[2m2026-06-03T01:20:50.237+05:30[0;39m [33m WARN[0;39m [35m15656[0;39m [2m---[0;39m [2m[service-registry] [           main][0;39m [2m[0;39m[36mtrationDelegate$BeanPostProcessorChecker[0;39m [2m:[0;39m Bean 'deferringLoadBalancerInterceptor' of type [org.springframework.cloud.client.loadbalancer.DeferringLoadBalancerInterceptor] is not eligible for getting processed by all BeanPostProcessors (for example: not eligible for auto-proxying). Is this bean getting eagerly injected/applied to a currently created BeanPostProcessor [lbRestClientPostProcessor]? Check the corresponding BeanPostProcessor declaration and its dependencies/advisors. If this bean does not have to be post-processed, declare it with ROLE_INFRASTRUCTURE.
[2m2026-06-03T01:20:51.681+05:30[0;39m [32m INFO[0;39m [35m15656[0;39m [2m---[0;39m [2m[service-registry] [           main][0;39m [2m[0;39m[36mo.s.b.w.embedded.tomcat.TomcatWebServer [0;39m [2m:[0;39m Tomcat initialized with port 8761 (http)
[2m2026-06-03T01:20:51.724+05:30[0;39m [32m INFO[0;39m [35m15656[0;39m [2m---[0;39m [2m[service-registry] [           main][0;39m [2m[0;39m[36mo.apache.catalina.core.StandardService  [0;39m [2m:[0;39m Starting service [Tomcat]
[2m2026-06-03T01:20:51.725+05:30[0;39m [32m INFO[0;39m [35m15656[0;39m [2m---[0;39m [2m[service-registry] [           main][0;39m [2m[0;39m[36mo.apache.catalina.core.StandardEngine   [0;39m [2m:[0;39m Starting Servlet engine: [Apache Tomcat/10.1.33]
[2m2026-06-03T01:20:51.835+05:30[0;39m [32m INFO[0;39m [35m15656[0;39m [2m---[0;39m [2m[service-registry] [           main][0;39m [2m[0;39m[36mo.a.c.c.C.[Tomcat].[localhost].[/]      [0;39m [2m:[0;39m Initializing Spring embedded WebApplicationContext
[2m2026-06-03T01:20:51.837+05:30[0;39m [32m INFO[0;39m [35m15656[0;39m [2m---[0;39m [2m[service-registry] [           main][0;39m [2m[0;39m[36mw.s.c.ServletWebServerApplicationContext[0;39m [2m:[0;39m Root WebApplicationContext: initialization completed in 7408 ms
Standard Commons Logging discovery in action with spring-jcl: please remove commons-logging.jar from classpath in order to avoid potential conflicts
[2m2026-06-03T01:20:57.660+05:30[0;39m [32m INFO[0;39m [35m15656[0;39m [2m---[0;39m [2m[service-registry] [           main][0;39m [2m[0;39m[36mc.n.d.provider.DiscoveryJerseyProvider  [0;39m [2m:[0;39m Using JSON encoding codec LegacyJacksonJson
[2m2026-06-03T01:20:57.665+05:30[0;39m [32m INFO[0;39m [35m15656[0;39m [2m---[0;39m [2m[service-registry] [           main][0;39m [2m[0;39m[36mc.n.d.provider.DiscoveryJerseyProvider  [0;39m [2m:[0;39m Using JSON decoding codec LegacyJacksonJson
[2m2026-06-03T01:20:58.809+05:30[0;39m [32m INFO[0;39m [35m15656[0;39m [2m---[0;39m [2m[service-registry] [           main][0;39m [2m[0;39m[36mc.n.d.provider.DiscoveryJerseyProvider  [0;39m [2m:[0;39m Using XML encoding codec XStreamXml
[2m2026-06-03T01:20:58.809+05:30[0;39m [32m INFO[0;39m [35m15656[0;39m [2m---[0;39m [2m[service-registry] [           main][0;39m [2m[0;39m[36mc.n.d.provider.DiscoveryJerseyProvider  [0;39m [2m:[0;39m Using XML decoding codec XStreamXml
[2m2026-06-03T01:21:02.169+05:30[0;39m [32m INFO[0;39m [35m15656[0;39m [2m---[0;39m [2m[service-registry] [           main][0;39m [2m[0;39m[36mo.s.cloud.commons.util.InetUtils        [0;39m [2m:[0;39m Cannot determine local hostname
[2m2026-06-03T01:21:04.552+05:30[0;39m [33m WARN[0;39m [35m15656[0;39m [2m---[0;39m [2m[service-registry] [           main][0;39m [2m[0;39m[36miguration$LoadBalancerCaffeineWarnLogger[0;39m [2m:[0;39m Spring Cloud LoadBalancer is currently working with the default cache. While this cache implementation is useful for development and tests, it's recommended to use Caffeine cache in production.You can switch to using Caffeine cache, by adding it and org.springframework.cache.caffeine.CaffeineCacheManager to the classpath.
[2m2026-06-03T01:21:04.773+05:30[0;39m [32m INFO[0;39m [35m15656[0;39m [2m---[0;39m [2m[service-registry] [           main][0;39m [2m[0;39m[36mo.s.c.n.eureka.InstanceInfoFactory      [0;39m [2m:[0;39m Setting initial instance status as: STARTING
[2m2026-06-03T01:21:04.865+05:30[0;39m [32m INFO[0;39m [35m15656[0;39m [2m---[0;39m [2m[service-registry] [           main][0;39m [2m[0;39m[36mcom.netflix.discovery.DiscoveryClient   [0;39m [2m:[0;39m Initializing Eureka in region us-east-1
[2m2026-06-03T01:21:04.866+05:30[0;39m [32m INFO[0;39m [35m15656[0;39m [2m---[0;39m [2m[service-registry] [           main][0;39m [2m[0;39m[36mcom.netflix.discovery.DiscoveryClient   [0;39m [2m:[0;39m Client configured to neither register nor query for data.
[2m2026-06-03T01:21:04.891+05:30[0;39m [32m INFO[0;39m [35m15656[0;39m [2m---[0;39m [2m[service-registry] [           main][0;39m [2m[0;39m[36mcom.netflix.discovery.DiscoveryClient   [0;39m [2m:[0;39m Discovery Client initialized at timestamp 1780429864890 with initial instances count: 0
[2m2026-06-03T01:21:05.102+05:30[0;39m [32m INFO[0;39m [35m15656[0;39m [2m---[0;39m [2m[service-registry] [           main][0;39m [2m[0;39m[36mc.n.eureka.DefaultEurekaServerContext   [0;39m [2m:[0;39m Initializing ...
[2m2026-06-03T01:21:05.109+05:30[0;39m [33m WARN[0;39m [35m15656[0;39m [2m---[0;39m [2m[service-registry] [           main][0;39m [2m[0;39m[36mc.n.eureka.cluster.PeerEurekaNodes      [0;39m [2m:[0;39m The replica size seems to be empty. Check the route 53 DNS Registry
[2m2026-06-03T01:21:05.584+05:30[0;39m [32m INFO[0;39m [35m15656[0;39m [2m---[0;39m [2m[service-registry] [           main][0;39m [2m[0;39m[36mc.n.e.registry.AbstractInstanceRegistry [0;39m [2m:[0;39m Finished initializing remote region registries. All known remote regions: []
[2m2026-06-03T01:21:05.587+05:30[0;39m [32m INFO[0;39m [35m15656[0;39m [2m---[0;39m [2m[service-registry] [           main][0;39m [2m[0;39m[36mc.n.eureka.DefaultEurekaServerContext   [0;39m [2m:[0;39m Initialized
[2m2026-06-03T01:21:05.633+05:30[0;39m [32m INFO[0;39m [35m15656[0;39m [2m---[0;39m [2m[service-registry] [           main][0;39m [2m[0;39m[36mo.s.b.a.e.web.EndpointLinksResolver     [0;39m [2m:[0;39m Exposing 1 endpoint(s) beneath base path '/actuator'
[2m2026-06-03T01:21:05.883+05:30[0;39m [32m INFO[0;39m [35m15656[0;39m [2m---[0;39m [2m[service-registry] [           main][0;39m [2m[0;39m[36mo.s.c.n.e.s.EurekaServiceRegistry       [0;39m [2m:[0;39m Registering application SERVICE-REGISTRY with eureka with status UP
[2m2026-06-03T01:21:05.945+05:30[0;39m [32m INFO[0;39m [35m15656[0;39m [2m---[0;39m [2m[service-registry] [       Thread-9][0;39m [2m[0;39m[36mo.s.c.n.e.server.EurekaServerBootstrap  [0;39m [2m:[0;39m isAws returned false
[2m2026-06-03T01:21:05.947+05:30[0;39m [32m INFO[0;39m [35m15656[0;39m [2m---[0;39m [2m[service-registry] [       Thread-9][0;39m [2m[0;39m[36mo.s.c.n.e.server.EurekaServerBootstrap  [0;39m [2m:[0;39m Initialized server context
[2m2026-06-03T01:21:05.947+05:30[0;39m [32m INFO[0;39m [35m15656[0;39m [2m---[0;39m [2m[service-registry] [       Thread-9][0;39m [2m[0;39m[36mc.n.e.r.PeerAwareInstanceRegistryImpl   [0;39m [2m:[0;39m Got 1 instances from neighboring DS node
[2m2026-06-03T01:21:05.949+05:30[0;39m [32m INFO[0;39m [35m15656[0;39m [2m---[0;39m [2m[service-registry] [       Thread-9][0;39m [2m[0;39m[36mc.n.e.r.PeerAwareInstanceRegistryImpl   [0;39m [2m:[0;39m Renew threshold is: 1
[2m2026-06-03T01:21:05.949+05:30[0;39m [32m INFO[0;39m [35m15656[0;39m [2m---[0;39m [2m[service-registry] [       Thread-9][0;39m [2m[0;39m[36mc.n.e.r.PeerAwareInstanceRegistryImpl   [0;39m [2m:[0;39m Changing status to UP
[2m2026-06-03T01:21:05.985+05:30[0;39m [32m INFO[0;39m [35m15656[0;39m [2m---[0;39m [2m[service-registry] [       Thread-9][0;39m [2m[0;39m[36me.s.EurekaServerInitializerConfiguration[0;39m [2m:[0;39m Started Eureka Server
[2m2026-06-03T01:21:06.038+05:30[0;39m [32m INFO[0;39m [35m15656[0;39m [2m---[0;39m [2m[service-registry] [           main][0;39m [2m[0;39m[36mo.s.b.w.embedded.tomcat.TomcatWebServer [0;39m [2m:[0;39m Tomcat started on port 8761 (http) with context path ''
[2m2026-06-03T01:21:06.040+05:30[0;39m [32m INFO[0;39m [35m15656[0;39m [2m---[0;39m [2m[service-registry] [           main][0;39m [2m[0;39m[36m.s.c.n.e.s.EurekaAutoServiceRegistration[0;39m [2m:[0;39m Updating port to 8761
[2m2026-06-03T01:21:07.077+05:30[0;39m [32m INFO[0;39m [35m15656[0;39m [2m---[0;39m [2m[service-registry] [           main][0;39m [2m[0;39m[36mc.h.s.ServiceRegistryApplication        [0;39m [2m:[0;39m Started ServiceRegistryApplication in 26.889 seconds (process running for 31.352)
[2m2026-06-03T01:21:23.068+05:30[0;39m [32m INFO[0;39m [35m15656[0;39m [2m---[0;39m [2m[service-registry] [nio-8761-exec-3][0;39m [2m[0;39m[36mo.a.c.c.C.[Tomcat].[localhost].[/]      [0;39m [2m:[0;39m Initializing Spring DispatcherServlet 'dispatcherServlet'
[2m2026-06-03T01:21:23.070+05:30[0;39m [32m INFO[0;39m [35m15656[0;39m [2m---[0;39m [2m[service-registry] [nio-8761-exec-3][0;39m [2m[0;39m[36mo.s.web.servlet.DispatcherServlet       [0;39m [2m:[0;39m Initializing Servlet 'dispatcherServlet'
[2m2026-06-03T01:21:23.072+05:30[0;39m [32m INFO[0;39m [35m15656[0;39m [2m---[0;39m [2m[service-registry] [nio-8761-exec-3][0;39m [2m[0;39m[36mo.s.web.servlet.DispatcherServlet       [0;39m [2m:[0;39m Completed initialization in 1 ms
[2m2026-06-03T01:21:23.666+05:30[0;39m [33m WARN[0;39m [35m15656[0;39m [2m---[0;39m [2m[service-registry] [nio-8761-exec-2][0;39m [2m[0;39m[36mc.n.e.registry.AbstractInstanceRegistry [0;39m [2m:[0;39m DS: Registry: lease doesn't exist, registering resource: ORDER-SERVICE - order-service-5f8b956f99-2w8jm:order-service:8051
[2m2026-06-03T01:21:23.668+05:30[0;39m [33m WARN[0;39m [35m15656[0;39m [2m---[0;39m [2m[service-registry] [nio-8761-exec-2][0;39m [2m[0;39m[36mc.n.eureka.resources.InstanceResource   [0;39m [2m:[0;39m Not Found (Renew): ORDER-SERVICE - order-service-5f8b956f99-2w8jm:order-service:8051
[2m2026-06-03T01:21:24.312+05:30[0;39m [32m INFO[0;39m [35m15656[0;39m [2m---[0;39m [2m[service-registry] [nio-8761-exec-3][0;39m [2m[0;39m[36mc.n.e.registry.AbstractInstanceRegistry [0;39m [2m:[0;39m Registered instance ORDER-SERVICE/order-service-5f8b956f99-2w8jm:order-service:8051 with status UP (replication=false)
[2m2026-06-03T01:22:06.918+05:30[0;39m [32m INFO[0;39m [35m15656[0;39m [2m---[0;39m [2m[service-registry] [a-EvictionTimer][0;39m [2m[0;39m[36mc.n.e.registry.AbstractInstanceRegistry [0;39m [2m:[0;39m Running the evict task with compensationTime 0ms
[2m2026-06-03T01:23:06.942+05:30[0;39m [32m INFO[0;39m [35m15656[0;39m [2m---[0;39m [2m[service-registry] [a-EvictionTimer][0;39m [2m[0;39m[36mc.n.e.registry.AbstractInstanceRegistry [0;39m [2m:[0;39m Running the evict task with compensationTime 273ms
[2m2026-06-03T01:23:56.866+05:30[0;39m [32m INFO[0;39m [35m15656[0;39m [2m---[0;39m [2m[service-registry] [nio-8761-exec-8][0;39m [2m[0;39m[36mc.n.e.registry.AbstractInstanceRegistry [0;39m [2m:[0;39m Registered instance API-GATEWAY/localhost:api-gateway:8080 with status UP (replication=false)
[2m2026-06-03T01:24:00.511+05:30[0;39m [32m INFO[0;39m [35m15656[0;39m [2m---[0;39m [2m[service-registry] [io-8761-exec-10][0;39m [2m[0;39m[36mc.n.e.registry.AbstractInstanceRegistry [0;39m [2m:[0;39m Registered instance CART-SERVICE/localhost:cart-service:8089 with status UP (replication=false)
[2m2026-06-03T01:24:06.533+05:30[0;39m [32m INFO[0;39m [35m15656[0;39m [2m---[0;39m [2m[service-registry] [a-EvictionTimer][0;39m [2m[0;39m[36mc.n.e.registry.AbstractInstanceRegistry [0;39m [2m:[0;39m Running the evict task with compensationTime 3ms
[2m2026-06-03T01:24:07.918+05:30[0;39m [32m INFO[0;39m [35m15656[0;39m [2m---[0;39m [2m[service-registry] [nio-8761-exec-1][0;39m [2m[0;39m[36mc.n.e.registry.AbstractInstanceRegistry [0;39m [2m:[0;39m Registered instance INVENTORY-SERVICE/localhost:inventory-service:8082 with status UP (replication=false)
[2m2026-06-03T01:24:24.632+05:30[0;39m [32m INFO[0;39m [35m15656[0;39m [2m---[0;39m [2m[service-registry] [nio-8761-exec-6][0;39m [2m[0;39m[36mc.n.e.registry.AbstractInstanceRegistry [0;39m [2m:[0;39m Registered instance API-GATEWAY/GreyNinja:api-gateway:8080 with status UP (replication=false)
[2m2026-06-03T01:24:27.193+05:30[0;39m [32m INFO[0;39m [35m15656[0;39m [2m---[0;39m [2m[service-registry] [nio-8761-exec-7][0;39m [2m[0;39m[36mc.n.e.registry.AbstractInstanceRegistry [0;39m [2m:[0;39m Registered instance API-GATEWAY/GreyNinja:api-gateway:8080 with status DOWN (replication=false)
[2m2026-06-03T01:24:27.220+05:30[0;39m [32m INFO[0;39m [35m15656[0;39m [2m---[0;39m [2m[service-registry] [nio-8761-exec-8][0;39m [2m[0;39m[36mc.n.e.registry.AbstractInstanceRegistry [0;39m [2m:[0;39m Cancelled instance API-GATEWAY/GreyNinja:api-gateway:8080 (replication=false)
[2m2026-06-03T01:25:06.618+05:30[0;39m [32m INFO[0;39m [35m15656[0;39m [2m---[0;39m [2m[service-registry] [a-EvictionTimer][0;39m [2m[0;39m[36mc.n.e.registry.AbstractInstanceRegistry [0;39m [2m:[0;39m Running the evict task with compensationTime 82ms
[2m2026-06-03T01:26:06.657+05:30[0;39m [32m INFO[0;39m [35m15656[0;39m [2m---[0;39m [2m[service-registry] [a-EvictionTimer][0;39m [2m[0;39m[36mc.n.e.registry.AbstractInstanceRegistry [0;39m [2m:[0;39m Running the evict task with compensationTime 43ms
[2m2026-06-03T01:27:07.052+05:30[0;39m [32m INFO[0;39m [35m15656[0;39m [2m---[0;39m [2m[service-registry] [a-EvictionTimer][0;39m [2m[0;39m[36mc.n.e.registry.AbstractInstanceRegistry [0;39m [2m:[0;39m Running the evict task with compensationTime 380ms
[2m2026-06-03T01:28:07.058+05:30[0;39m [32m INFO[0;39m [35m15656[0;39m [2m---[0;39m [2m[service-registry] [a-EvictionTimer][0;39m [2m[0;39m[36mc.n.e.registry.AbstractInstanceRegistry [0;39m [2m:[0;39m Running the evict task with compensationTime 15ms
[2m2026-06-03T01:29:07.474+05:30[0;39m [32m INFO[0;39m [35m15656[0;39m [2m---[0;39m [2m[service-registry] [a-EvictionTimer][0;39m [2m[0;39m[36mc.n.e.registry.AbstractInstanceRegistry [0;39m [2m:[0;39m Running the evict task with compensationTime 29ms
[2m2026-06-03T01:30:07.354+05:30[0;39m [32m INFO[0;39m [35m15656[0;39m [2m---[0;39m [2m[service-registry] [a-EvictionTimer][0;39m [2m[0;39m[36mc.n.e.registry.AbstractInstanceRegistry [0;39m [2m:[0;39m Running the evict task with compensationTime 252ms
[2m2026-06-03T01:31:05.438+05:30[0;39m [33m WARN[0;39m [35m15656[0;39m [2m---[0;39m [2m[service-registry] [eerNodesUpdater][0;39m [2m[0;39m[36mc.n.eureka.cluster.PeerEurekaNodes      [0;39m [2m:[0;39m The replica size seems to be empty. Check the route 53 DNS Registry
[2m2026-06-03T01:31:07.555+05:30[0;39m [32m INFO[0;39m [35m15656[0;39m [2m---[0;39m [2m[service-registry] [a-EvictionTimer][0;39m [2m[0;39m[36mc.n.e.registry.AbstractInstanceRegistry [0;39m [2m:[0;39m Running the evict task with compensationTime 203ms
[2m2026-06-03T01:32:07.560+05:30[0;39m [32m INFO[0;39m [35m15656[0;39m [2m---[0;39m [2m[service-registry] [a-EvictionTimer][0;39m [2m[0;39m[36mc.n.e.registry.AbstractInstanceRegistry [0;39m [2m:[0;39m Running the evict task with compensationTime 24ms
[2m2026-06-03T01:33:00.226+05:30[0;39m [32m INFO[0;39m [35m15656[0;39m [2m---[0;39m [2m[service-registry] [nio-8761-exec-4][0;39m [2m[0;39m[36mc.n.e.registry.AbstractInstanceRegistry [0;39m [2m:[0;39m Registered instance ORDER-SERVICE/order-service-5f8b956f99-2w8jm:order-service:8051 with status UP (replication=false)
[2m2026-06-03T01:33:07.562+05:30[0;39m [32m INFO[0;39m [35m15656[0;39m [2m---[0;39m [2m[service-registry] [a-EvictionTimer][0;39m [2m[0;39m[36mc.n.e.registry.AbstractInstanceRegistry [0;39m [2m:[0;39m Running the evict task with compensationTime 1ms
